:: loading settings :: url = jar:file:/opt/spark/jars/ivy-2.5.1.jar!/org/apache/ivy/core/settings/ivysettings.xml
Ivy Default Cache set to: /home/zengyuyang1999/.ivy2/cache
The jars for the packages stored in: /home/zengyuyang1999/.ivy2/jars
org.apache.spark#spark-graphx_2.12 added as a dependency
graphframes#graphframes added as a dependency
:: resolving dependencies :: org.apache.spark#spark-submit-parent-a05c0481-9897-4886-9fea-23e376b7fe96;1.0
	confs: [default]
	found graphframes#graphframes;0.8.3-spark3.4-s_2.12 in spark-packages
	found org.slf4j#slf4j-api;1.7.16 in central
:: resolution report :: resolve 211ms :: artifacts dl 7ms
	:: modules in use:
	graphframes#graphframes;0.8.3-spark3.4-s_2.12 from spark-packages in [default]
	org.slf4j#slf4j-api;1.7.16 from central in [default]
	---------------------------------------------------------------------
	|                  |            modules            ||   artifacts   |
	|       conf       | number| search|dwnlded|evicted|| number|dwnlded|
	---------------------------------------------------------------------
	|      default     |   2   |   0   |   0   |   0   ||   2   |   0   |
	---------------------------------------------------------------------
:: retrieving :: org.apache.spark#spark-submit-parent-a05c0481-9897-4886-9fea-23e376b7fe96
	confs: [default]
	0 artifacts copied, 2 already retrieved (0kB/7ms)
24/12/15 05:35:33 WARN NativeCodeLoader: Unable to load native-hadoop library for your platform... using builtin-java classes where applicable
24/12/15 05:35:33 INFO SparkContext: Running Spark version 3.4.4
24/12/15 05:35:33 INFO ResourceUtils: ==============================================================
24/12/15 05:35:33 INFO ResourceUtils: No custom resources configured for spark.driver.
24/12/15 05:35:33 INFO ResourceUtils: ==============================================================
24/12/15 05:35:33 INFO SparkContext: Submitted application: TwitterGraphBFS
24/12/15 05:35:33 INFO ResourceProfile: Default ResourceProfile created, executor resources: Map(cores -> name: cores, amount: 1, script: , vendor: , memory -> name: memory, amount: 1024, script: , vendor: , offHeap -> name: offHeap, amount: 0, script: , vendor: ), task resources: Map(cpus -> name: cpus, amount: 1.0)
24/12/15 05:35:33 INFO ResourceProfile: Limiting resource is cpu
24/12/15 05:35:33 INFO ResourceProfileManager: Added ResourceProfile id: 0
24/12/15 05:35:33 INFO SecurityManager: Changing view acls to: zengyuyang1999
24/12/15 05:35:33 INFO SecurityManager: Changing modify acls to: zengyuyang1999
24/12/15 05:35:33 INFO SecurityManager: Changing view acls groups to: 
24/12/15 05:35:33 INFO SecurityManager: Changing modify acls groups to: 
24/12/15 05:35:33 INFO SecurityManager: SecurityManager: authentication disabled; ui acls disabled; users with view permissions: zengyuyang1999; groups with view permissions: EMPTY; users with modify permissions: zengyuyang1999; groups with modify permissions: EMPTY
24/12/15 05:35:34 INFO Utils: Successfully started service 'sparkDriver' on port 42775.
24/12/15 05:35:34 INFO SparkEnv: Registering MapOutputTracker
24/12/15 05:35:34 INFO SparkEnv: Registering BlockManagerMaster
24/12/15 05:35:34 INFO BlockManagerMasterEndpoint: Using org.apache.spark.storage.DefaultTopologyMapper for getting topology information
24/12/15 05:35:34 INFO BlockManagerMasterEndpoint: BlockManagerMasterEndpoint up
24/12/15 05:35:34 INFO SparkEnv: Registering BlockManagerMasterHeartbeat
24/12/15 05:35:34 INFO DiskBlockManager: Created local directory at /tmp/blockmgr-498ee5ed-453a-4580-b20a-1b27a8efa05a
24/12/15 05:35:34 INFO MemoryStore: MemoryStore started with capacity 1048.8 MiB
24/12/15 05:35:34 INFO SparkEnv: Registering OutputCommitCoordinator
24/12/15 05:35:34 INFO JettyUtils: Start Jetty 0.0.0.0:4040 for SparkUI
24/12/15 05:35:34 INFO Utils: Successfully started service 'SparkUI' on port 4040.
24/12/15 05:35:34 INFO SparkContext: Added JAR file:///home/zengyuyang1999/.ivy2/jars/graphframes_graphframes-0.8.3-spark3.4-s_2.12.jar at spark://google-vm1.northamerica-northeast2-a.c.ece1724-project.internal:42775/jars/graphframes_graphframes-0.8.3-spark3.4-s_2.12.jar with timestamp 1734240933364
24/12/15 05:35:34 INFO SparkContext: Added JAR file:///home/zengyuyang1999/.ivy2/jars/org.slf4j_slf4j-api-1.7.16.jar at spark://google-vm1.northamerica-northeast2-a.c.ece1724-project.internal:42775/jars/org.slf4j_slf4j-api-1.7.16.jar with timestamp 1734240933364
24/12/15 05:35:34 INFO SparkContext: Added JAR file:/home/zengyuyang1999/ece1724-group-project-f24/ece1724-project/graphxTwitterBFS.jar at spark://google-vm1.northamerica-northeast2-a.c.ece1724-project.internal:42775/jars/graphxTwitterBFS.jar with timestamp 1734240933364
24/12/15 05:35:34 INFO Executor: Starting executor ID driver on host google-vm1.northamerica-northeast2-a.c.ece1724-project.internal
24/12/15 05:35:34 INFO Executor: Starting executor with user classpath (userClassPathFirst = false): ''
24/12/15 05:35:34 INFO Executor: Fetching spark://google-vm1.northamerica-northeast2-a.c.ece1724-project.internal:42775/jars/graphframes_graphframes-0.8.3-spark3.4-s_2.12.jar with timestamp 1734240933364
24/12/15 05:35:34 INFO TransportClientFactory: Successfully created connection to google-vm1.northamerica-northeast2-a.c.ece1724-project.internal/10.188.0.2:42775 after 39 ms (0 ms spent in bootstraps)
24/12/15 05:35:34 INFO Utils: Fetching spark://google-vm1.northamerica-northeast2-a.c.ece1724-project.internal:42775/jars/graphframes_graphframes-0.8.3-spark3.4-s_2.12.jar to /tmp/spark-cbe81728-72bf-4c49-9033-4607a1ff45da/userFiles-fea651ad-be2d-4650-9672-17c92e6a3111/fetchFileTemp11195602350086833001.tmp
24/12/15 05:35:34 INFO Executor: Adding file:/tmp/spark-cbe81728-72bf-4c49-9033-4607a1ff45da/userFiles-fea651ad-be2d-4650-9672-17c92e6a3111/graphframes_graphframes-0.8.3-spark3.4-s_2.12.jar to class loader
24/12/15 05:35:34 INFO Executor: Fetching spark://google-vm1.northamerica-northeast2-a.c.ece1724-project.internal:42775/jars/org.slf4j_slf4j-api-1.7.16.jar with timestamp 1734240933364
24/12/15 05:35:34 INFO Utils: Fetching spark://google-vm1.northamerica-northeast2-a.c.ece1724-project.internal:42775/jars/org.slf4j_slf4j-api-1.7.16.jar to /tmp/spark-cbe81728-72bf-4c49-9033-4607a1ff45da/userFiles-fea651ad-be2d-4650-9672-17c92e6a3111/fetchFileTemp1578854830988931763.tmp
24/12/15 05:35:34 INFO Executor: Adding file:/tmp/spark-cbe81728-72bf-4c49-9033-4607a1ff45da/userFiles-fea651ad-be2d-4650-9672-17c92e6a3111/org.slf4j_slf4j-api-1.7.16.jar to class loader
24/12/15 05:35:34 INFO Executor: Fetching spark://google-vm1.northamerica-northeast2-a.c.ece1724-project.internal:42775/jars/graphxTwitterBFS.jar with timestamp 1734240933364
24/12/15 05:35:34 INFO Utils: Fetching spark://google-vm1.northamerica-northeast2-a.c.ece1724-project.internal:42775/jars/graphxTwitterBFS.jar to /tmp/spark-cbe81728-72bf-4c49-9033-4607a1ff45da/userFiles-fea651ad-be2d-4650-9672-17c92e6a3111/fetchFileTemp9584681147644719821.tmp
24/12/15 05:35:34 INFO Executor: Adding file:/tmp/spark-cbe81728-72bf-4c49-9033-4607a1ff45da/userFiles-fea651ad-be2d-4650-9672-17c92e6a3111/graphxTwitterBFS.jar to class loader
24/12/15 05:35:34 INFO Utils: Successfully started service 'org.apache.spark.network.netty.NettyBlockTransferService' on port 46305.
24/12/15 05:35:34 INFO NettyBlockTransferService: Server created on google-vm1.northamerica-northeast2-a.c.ece1724-project.internal:46305
24/12/15 05:35:34 INFO BlockManager: Using org.apache.spark.storage.RandomBlockReplicationPolicy for block replication policy
24/12/15 05:35:34 INFO BlockManagerMaster: Registering BlockManager BlockManagerId(driver, google-vm1.northamerica-northeast2-a.c.ece1724-project.internal, 46305, None)
24/12/15 05:35:34 INFO BlockManagerMasterEndpoint: Registering block manager google-vm1.northamerica-northeast2-a.c.ece1724-project.internal:46305 with 1048.8 MiB RAM, BlockManagerId(driver, google-vm1.northamerica-northeast2-a.c.ece1724-project.internal, 46305, None)
24/12/15 05:35:34 INFO BlockManagerMaster: Registered BlockManager BlockManagerId(driver, google-vm1.northamerica-northeast2-a.c.ece1724-project.internal, 46305, None)
24/12/15 05:35:34 INFO BlockManager: Initialized BlockManager: BlockManagerId(driver, google-vm1.northamerica-northeast2-a.c.ece1724-project.internal, 46305, None)
24/12/15 05:35:35 INFO MemoryStore: Block broadcast_0 stored as values in memory (estimated size 221.5 KiB, free 1048.6 MiB)
24/12/15 05:35:35 INFO MemoryStore: Block broadcast_0_piece0 stored as bytes in memory (estimated size 32.7 KiB, free 1048.6 MiB)
24/12/15 05:35:35 INFO BlockManagerInfo: Added broadcast_0_piece0 in memory on google-vm1.northamerica-northeast2-a.c.ece1724-project.internal:46305 (size: 32.7 KiB, free: 1048.8 MiB)
24/12/15 05:35:35 INFO SparkContext: Created broadcast 0 from textFile at graphxTwitterBFS.scala:25
24/12/15 05:35:36 INFO FileInputFormat: Total input files to process : 1
24/12/15 05:35:36 INFO SparkContext: Starting job: fold at VertexRDDImpl.scala:90
24/12/15 05:35:37 INFO DAGScheduler: Registering RDD 4 (distinct at graphxTwitterBFS.scala:34) as input to shuffle 2
24/12/15 05:35:37 INFO DAGScheduler: Registering RDD 7 (map at graphxTwitterBFS.scala:36) as input to shuffle 0
24/12/15 05:35:37 INFO DAGScheduler: Registering RDD 12 (mapPartitions at VertexRDD.scala:356) as input to shuffle 1
24/12/15 05:35:37 INFO DAGScheduler: Got job 0 (fold at VertexRDDImpl.scala:90) with 3 output partitions
24/12/15 05:35:37 INFO DAGScheduler: Final stage: ResultStage 3 (fold at VertexRDDImpl.scala:90)
24/12/15 05:35:37 INFO DAGScheduler: Parents of final stage: List(ShuffleMapStage 1, ShuffleMapStage 2)
24/12/15 05:35:37 INFO DAGScheduler: Missing parents: List(ShuffleMapStage 1, ShuffleMapStage 2)
24/12/15 05:35:37 INFO DAGScheduler: Submitting ShuffleMapStage 0 (MapPartitionsRDD[4] at distinct at graphxTwitterBFS.scala:34), which has no missing parents
24/12/15 05:35:37 INFO MemoryStore: Block broadcast_1 stored as values in memory (estimated size 7.5 KiB, free 1048.5 MiB)
24/12/15 05:35:37 INFO MemoryStore: Block broadcast_1_piece0 stored as bytes in memory (estimated size 4.3 KiB, free 1048.5 MiB)
24/12/15 05:35:37 INFO BlockManagerInfo: Added broadcast_1_piece0 in memory on google-vm1.northamerica-northeast2-a.c.ece1724-project.internal:46305 (size: 4.3 KiB, free: 1048.8 MiB)
24/12/15 05:35:37 INFO SparkContext: Created broadcast 1 from broadcast at DAGScheduler.scala:1540
24/12/15 05:35:37 INFO DAGScheduler: Submitting 3 missing tasks from ShuffleMapStage 0 (MapPartitionsRDD[4] at distinct at graphxTwitterBFS.scala:34) (first 15 tasks are for partitions Vector(0, 1, 2))
24/12/15 05:35:37 INFO TaskSchedulerImpl: Adding task set 0.0 with 3 tasks resource profile 0
24/12/15 05:35:37 INFO DAGScheduler: Submitting ShuffleMapStage 2 (VertexRDD.createRoutingTables - vid2pid (aggregation) MapPartitionsRDD[12] at mapPartitions at VertexRDD.scala:356), which has no missing parents
24/12/15 05:35:37 INFO MemoryStore: Block broadcast_2 stored as values in memory (estimated size 7.6 KiB, free 1048.5 MiB)
24/12/15 05:35:37 INFO MemoryStore: Block broadcast_2_piece0 stored as bytes in memory (estimated size 4.2 KiB, free 1048.5 MiB)
24/12/15 05:35:37 INFO BlockManagerInfo: Added broadcast_2_piece0 in memory on google-vm1.northamerica-northeast2-a.c.ece1724-project.internal:46305 (size: 4.2 KiB, free: 1048.8 MiB)
24/12/15 05:35:37 INFO SparkContext: Created broadcast 2 from broadcast at DAGScheduler.scala:1540
24/12/15 05:35:37 INFO DAGScheduler: Submitting 3 missing tasks from ShuffleMapStage 2 (VertexRDD.createRoutingTables - vid2pid (aggregation) MapPartitionsRDD[12] at mapPartitions at VertexRDD.scala:356) (first 15 tasks are for partitions Vector(0, 1, 2))
24/12/15 05:35:37 INFO TaskSchedulerImpl: Adding task set 2.0 with 3 tasks resource profile 0
24/12/15 05:35:37 INFO TaskSetManager: Starting task 0.0 in stage 0.0 (TID 0) (google-vm1.northamerica-northeast2-a.c.ece1724-project.internal, executor driver, partition 0, PROCESS_LOCAL, 8844 bytes) 
24/12/15 05:35:37 INFO TaskSetManager: Starting task 1.0 in stage 0.0 (TID 1) (google-vm1.northamerica-northeast2-a.c.ece1724-project.internal, executor driver, partition 1, PROCESS_LOCAL, 8844 bytes) 
24/12/15 05:35:37 INFO TaskSetManager: Starting task 2.0 in stage 0.0 (TID 2) (google-vm1.northamerica-northeast2-a.c.ece1724-project.internal, executor driver, partition 2, PROCESS_LOCAL, 8844 bytes) 
24/12/15 05:35:37 INFO TaskSetManager: Starting task 0.0 in stage 2.0 (TID 3) (google-vm1.northamerica-northeast2-a.c.ece1724-project.internal, executor driver, partition 0, PROCESS_LOCAL, 8844 bytes) 
24/12/15 05:35:37 INFO Executor: Running task 1.0 in stage 0.0 (TID 1)
24/12/15 05:35:37 INFO Executor: Running task 0.0 in stage 2.0 (TID 3)
24/12/15 05:35:37 INFO Executor: Running task 0.0 in stage 0.0 (TID 0)
24/12/15 05:35:37 INFO Executor: Running task 2.0 in stage 0.0 (TID 2)
24/12/15 05:35:37 INFO HadoopRDD: Input split: file:/home/zengyuyang1999/ece1724-group-project-f24/ece1724-project/data/twitter-2010-5m.txt:0+33554432
24/12/15 05:35:37 INFO HadoopRDD: Input split: file:/home/zengyuyang1999/ece1724-group-project-f24/ece1724-project/data/twitter-2010-5m.txt:67108864+17089036
24/12/15 05:35:37 INFO HadoopRDD: Input split: file:/home/zengyuyang1999/ece1724-group-project-f24/ece1724-project/data/twitter-2010-5m.txt:33554432+33554432
24/12/15 05:35:37 INFO HadoopRDD: Input split: file:/home/zengyuyang1999/ece1724-group-project-f24/ece1724-project/data/twitter-2010-5m.txt:0+33554432
24/12/15 05:35:55 INFO Executor: Finished task 2.0 in stage 0.0 (TID 2). 1398 bytes result sent to driver
24/12/15 05:35:55 INFO TaskSetManager: Starting task 1.0 in stage 2.0 (TID 4) (google-vm1.northamerica-northeast2-a.c.ece1724-project.internal, executor driver, partition 1, PROCESS_LOCAL, 8844 bytes) 
24/12/15 05:35:55 INFO Executor: Running task 1.0 in stage 2.0 (TID 4)
24/12/15 05:35:55 INFO TaskSetManager: Finished task 2.0 in stage 0.0 (TID 2) in 17860 ms on google-vm1.northamerica-northeast2-a.c.ece1724-project.internal (executor driver) (1/3)
24/12/15 05:35:55 INFO HadoopRDD: Input split: file:/home/zengyuyang1999/ece1724-group-project-f24/ece1724-project/data/twitter-2010-5m.txt:33554432+33554432
24/12/15 05:36:02 INFO Executor: Finished task 0.0 in stage 2.0 (TID 3). 1269 bytes result sent to driver
24/12/15 05:36:02 INFO TaskSetManager: Starting task 2.0 in stage 2.0 (TID 5) (google-vm1.northamerica-northeast2-a.c.ece1724-project.internal, executor driver, partition 2, PROCESS_LOCAL, 8844 bytes) 
24/12/15 05:36:02 INFO TaskSetManager: Finished task 0.0 in stage 2.0 (TID 3) in 24711 ms on google-vm1.northamerica-northeast2-a.c.ece1724-project.internal (executor driver) (1/3)
24/12/15 05:36:02 INFO Executor: Running task 2.0 in stage 2.0 (TID 5)
24/12/15 05:36:02 INFO HadoopRDD: Input split: file:/home/zengyuyang1999/ece1724-group-project-f24/ece1724-project/data/twitter-2010-5m.txt:67108864+17089036
24/12/15 05:36:03 INFO Executor: Finished task 0.0 in stage 0.0 (TID 0). 1355 bytes result sent to driver
24/12/15 05:36:03 INFO TaskSetManager: Finished task 0.0 in stage 0.0 (TID 0) in 26368 ms on google-vm1.northamerica-northeast2-a.c.ece1724-project.internal (executor driver) (2/3)
24/12/15 05:36:07 INFO Executor: Finished task 1.0 in stage 0.0 (TID 1). 1355 bytes result sent to driver
24/12/15 05:36:07 INFO TaskSetManager: Finished task 1.0 in stage 0.0 (TID 1) in 30093 ms on google-vm1.northamerica-northeast2-a.c.ece1724-project.internal (executor driver) (3/3)
24/12/15 05:36:07 INFO DAGScheduler: ShuffleMapStage 0 (distinct at graphxTwitterBFS.scala:34) finished in 30.339 s
24/12/15 05:36:07 INFO DAGScheduler: looking for newly runnable stages
24/12/15 05:36:07 INFO DAGScheduler: running: Set(ShuffleMapStage 2)
24/12/15 05:36:07 INFO DAGScheduler: waiting: Set(ShuffleMapStage 1, ResultStage 3)
24/12/15 05:36:07 INFO DAGScheduler: failed: Set()
24/12/15 05:36:07 INFO TaskSchedulerImpl: Removed TaskSet 0.0, whose tasks have all completed, from pool 
24/12/15 05:36:07 INFO DAGScheduler: Submitting ShuffleMapStage 1 (MapPartitionsRDD[7] at map at graphxTwitterBFS.scala:36), which has no missing parents
24/12/15 05:36:07 INFO MemoryStore: Block broadcast_3 stored as values in memory (estimated size 6.3 KiB, free 1048.5 MiB)
24/12/15 05:36:07 INFO MemoryStore: Block broadcast_3_piece0 stored as bytes in memory (estimated size 3.5 KiB, free 1048.5 MiB)
24/12/15 05:36:07 INFO BlockManagerInfo: Added broadcast_3_piece0 in memory on google-vm1.northamerica-northeast2-a.c.ece1724-project.internal:46305 (size: 3.5 KiB, free: 1048.8 MiB)
24/12/15 05:36:07 INFO SparkContext: Created broadcast 3 from broadcast at DAGScheduler.scala:1540
24/12/15 05:36:07 INFO DAGScheduler: Submitting 3 missing tasks from ShuffleMapStage 1 (MapPartitionsRDD[7] at map at graphxTwitterBFS.scala:36) (first 15 tasks are for partitions Vector(0, 1, 2))
24/12/15 05:36:07 INFO TaskSchedulerImpl: Adding task set 1.0 with 3 tasks resource profile 0
24/12/15 05:36:07 INFO TaskSetManager: Starting task 0.0 in stage 1.0 (TID 6) (google-vm1.northamerica-northeast2-a.c.ece1724-project.internal, executor driver, partition 0, NODE_LOCAL, 8554 bytes) 
24/12/15 05:36:07 INFO TaskSetManager: Starting task 1.0 in stage 1.0 (TID 7) (google-vm1.northamerica-northeast2-a.c.ece1724-project.internal, executor driver, partition 1, NODE_LOCAL, 8554 bytes) 
24/12/15 05:36:07 INFO Executor: Running task 0.0 in stage 1.0 (TID 6)
24/12/15 05:36:07 INFO Executor: Running task 1.0 in stage 1.0 (TID 7)
24/12/15 05:36:07 INFO ShuffleBlockFetcherIterator: Getting 3 (7.9 MiB) non-empty blocks including 3 (7.9 MiB) local and 0 (0.0 B) host-local and 0 (0.0 B) push-merged-local and 0 (0.0 B) remote blocks
24/12/15 05:36:07 INFO ShuffleBlockFetcherIterator: Started 0 remote fetches in 26 ms
24/12/15 05:36:07 INFO ShuffleBlockFetcherIterator: Getting 3 (8.5 MiB) non-empty blocks including 3 (8.5 MiB) local and 0 (0.0 B) host-local and 0 (0.0 B) push-merged-local and 0 (0.0 B) remote blocks
24/12/15 05:36:07 INFO ShuffleBlockFetcherIterator: Started 0 remote fetches in 47 ms
24/12/15 05:36:09 INFO Executor: Finished task 2.0 in stage 2.0 (TID 5). 1226 bytes result sent to driver
24/12/15 05:36:09 INFO TaskSetManager: Starting task 2.0 in stage 1.0 (TID 8) (google-vm1.northamerica-northeast2-a.c.ece1724-project.internal, executor driver, partition 2, NODE_LOCAL, 8554 bytes) 
24/12/15 05:36:09 INFO TaskSetManager: Finished task 2.0 in stage 2.0 (TID 5) in 6931 ms on google-vm1.northamerica-northeast2-a.c.ece1724-project.internal (executor driver) (2/3)
24/12/15 05:36:09 INFO Executor: Running task 2.0 in stage 1.0 (TID 8)
24/12/15 05:36:09 INFO ShuffleBlockFetcherIterator: Getting 3 (8.5 MiB) non-empty blocks including 3 (8.5 MiB) local and 0 (0.0 B) host-local and 0 (0.0 B) push-merged-local and 0 (0.0 B) remote blocks
24/12/15 05:36:09 INFO ShuffleBlockFetcherIterator: Started 0 remote fetches in 1 ms
24/12/15 05:36:11 INFO Executor: Finished task 1.0 in stage 2.0 (TID 4). 1226 bytes result sent to driver
24/12/15 05:36:11 INFO TaskSetManager: Finished task 1.0 in stage 2.0 (TID 4) in 16393 ms on google-vm1.northamerica-northeast2-a.c.ece1724-project.internal (executor driver) (3/3)
24/12/15 05:36:11 INFO TaskSchedulerImpl: Removed TaskSet 2.0, whose tasks have all completed, from pool 
24/12/15 05:36:11 INFO DAGScheduler: ShuffleMapStage 2 (mapPartitions at VertexRDD.scala:356) finished in 34.289 s
24/12/15 05:36:11 INFO DAGScheduler: looking for newly runnable stages
24/12/15 05:36:11 INFO DAGScheduler: running: Set(ShuffleMapStage 1)
24/12/15 05:36:11 INFO DAGScheduler: waiting: Set(ResultStage 3)
24/12/15 05:36:11 INFO DAGScheduler: failed: Set()
24/12/15 05:36:14 INFO Executor: Finished task 0.0 in stage 1.0 (TID 6). 2000 bytes result sent to driver
24/12/15 05:36:14 INFO TaskSetManager: Finished task 0.0 in stage 1.0 (TID 6) in 6552 ms on google-vm1.northamerica-northeast2-a.c.ece1724-project.internal (executor driver) (1/3)
24/12/15 05:36:14 INFO Executor: Finished task 1.0 in stage 1.0 (TID 7). 2000 bytes result sent to driver
24/12/15 05:36:14 INFO TaskSetManager: Finished task 1.0 in stage 1.0 (TID 7) in 6779 ms on google-vm1.northamerica-northeast2-a.c.ece1724-project.internal (executor driver) (2/3)
24/12/15 05:36:14 INFO Executor: Finished task 2.0 in stage 1.0 (TID 8). 2000 bytes result sent to driver
24/12/15 05:36:14 INFO TaskSetManager: Finished task 2.0 in stage 1.0 (TID 8) in 5309 ms on google-vm1.northamerica-northeast2-a.c.ece1724-project.internal (executor driver) (3/3)
24/12/15 05:36:14 INFO TaskSchedulerImpl: Removed TaskSet 1.0, whose tasks have all completed, from pool 
24/12/15 05:36:14 INFO DAGScheduler: ShuffleMapStage 1 (map at graphxTwitterBFS.scala:36) finished in 6.835 s
24/12/15 05:36:14 INFO DAGScheduler: looking for newly runnable stages
24/12/15 05:36:14 INFO DAGScheduler: running: Set()
24/12/15 05:36:14 INFO DAGScheduler: waiting: Set(ResultStage 3)
24/12/15 05:36:14 INFO DAGScheduler: failed: Set()
24/12/15 05:36:14 INFO DAGScheduler: Submitting ResultStage 3 (MapPartitionsRDD[20] at map at VertexRDDImpl.scala:90), which has no missing parents
24/12/15 05:36:14 INFO MemoryStore: Block broadcast_4 stored as values in memory (estimated size 7.8 KiB, free 1048.5 MiB)
24/12/15 05:36:14 INFO MemoryStore: Block broadcast_4_piece0 stored as bytes in memory (estimated size 4.1 KiB, free 1048.5 MiB)
24/12/15 05:36:14 INFO BlockManagerInfo: Added broadcast_4_piece0 in memory on google-vm1.northamerica-northeast2-a.c.ece1724-project.internal:46305 (size: 4.1 KiB, free: 1048.8 MiB)
24/12/15 05:36:14 INFO SparkContext: Created broadcast 4 from broadcast at DAGScheduler.scala:1540
24/12/15 05:36:14 INFO DAGScheduler: Submitting 3 missing tasks from ResultStage 3 (MapPartitionsRDD[20] at map at VertexRDDImpl.scala:90) (first 15 tasks are for partitions Vector(0, 1, 2))
24/12/15 05:36:14 INFO TaskSchedulerImpl: Adding task set 3.0 with 3 tasks resource profile 0
24/12/15 05:36:14 INFO TaskSetManager: Starting task 0.0 in stage 3.0 (TID 9) (google-vm1.northamerica-northeast2-a.c.ece1724-project.internal, executor driver, partition 0, NODE_LOCAL, 8837 bytes) 
24/12/15 05:36:14 INFO TaskSetManager: Starting task 1.0 in stage 3.0 (TID 10) (google-vm1.northamerica-northeast2-a.c.ece1724-project.internal, executor driver, partition 1, NODE_LOCAL, 8837 bytes) 
24/12/15 05:36:14 INFO TaskSetManager: Starting task 2.0 in stage 3.0 (TID 11) (google-vm1.northamerica-northeast2-a.c.ece1724-project.internal, executor driver, partition 2, NODE_LOCAL, 8837 bytes) 
24/12/15 05:36:14 INFO Executor: Running task 0.0 in stage 3.0 (TID 9)
24/12/15 05:36:14 INFO Executor: Running task 1.0 in stage 3.0 (TID 10)
24/12/15 05:36:14 INFO Executor: Running task 2.0 in stage 3.0 (TID 11)
24/12/15 05:36:14 INFO ShuffleBlockFetcherIterator: Getting 1 (18.4 MiB) non-empty blocks including 1 (18.4 MiB) local and 0 (0.0 B) host-local and 0 (0.0 B) push-merged-local and 0 (0.0 B) remote blocks
24/12/15 05:36:14 INFO ShuffleBlockFetcherIterator: Started 0 remote fetches in 1 ms
24/12/15 05:36:14 INFO ShuffleBlockFetcherIterator: Getting 1 (18.4 MiB) non-empty blocks including 1 (18.4 MiB) local and 0 (0.0 B) host-local and 0 (0.0 B) push-merged-local and 0 (0.0 B) remote blocks
24/12/15 05:36:14 INFO ShuffleBlockFetcherIterator: Getting 1 (18.4 MiB) non-empty blocks including 1 (18.4 MiB) local and 0 (0.0 B) host-local and 0 (0.0 B) push-merged-local and 0 (0.0 B) remote blocks
24/12/15 05:36:14 INFO ShuffleBlockFetcherIterator: Started 0 remote fetches in 1 ms
24/12/15 05:36:14 INFO ShuffleBlockFetcherIterator: Started 0 remote fetches in 1 ms
24/12/15 05:36:14 INFO ShuffleBlockFetcherIterator: Getting 3 (11.3 MiB) non-empty blocks including 3 (11.3 MiB) local and 0 (0.0 B) host-local and 0 (0.0 B) push-merged-local and 0 (0.0 B) remote blocks
24/12/15 05:36:14 INFO ShuffleBlockFetcherIterator: Started 0 remote fetches in 1 ms
24/12/15 05:36:14 INFO ShuffleBlockFetcherIterator: Getting 3 (11.3 MiB) non-empty blocks including 3 (11.3 MiB) local and 0 (0.0 B) host-local and 0 (0.0 B) push-merged-local and 0 (0.0 B) remote blocks
24/12/15 05:36:14 INFO ShuffleBlockFetcherIterator: Getting 3 (11.3 MiB) non-empty blocks including 3 (11.3 MiB) local and 0 (0.0 B) host-local and 0 (0.0 B) push-merged-local and 0 (0.0 B) remote blocks
24/12/15 05:36:14 INFO ShuffleBlockFetcherIterator: Started 0 remote fetches in 2 ms
24/12/15 05:36:14 INFO ShuffleBlockFetcherIterator: Started 0 remote fetches in 2 ms
24/12/15 05:36:14 INFO BlockManagerInfo: Removed broadcast_2_piece0 on google-vm1.northamerica-northeast2-a.c.ece1724-project.internal:46305 in memory (size: 4.2 KiB, free: 1048.8 MiB)
24/12/15 05:36:14 INFO BlockManagerInfo: Removed broadcast_1_piece0 on google-vm1.northamerica-northeast2-a.c.ece1724-project.internal:46305 in memory (size: 4.3 KiB, free: 1048.8 MiB)
24/12/15 05:36:18 INFO MemoryStore: Block rdd_15_1 stored as values in memory (estimated size 137.6 MiB, free 910.9 MiB)
24/12/15 05:36:18 INFO BlockManagerInfo: Added rdd_15_1 in memory on google-vm1.northamerica-northeast2-a.c.ece1724-project.internal:46305 (size: 137.6 MiB, free: 911.2 MiB)
24/12/15 05:36:18 INFO MemoryStore: Block rdd_15_2 stored as values in memory (estimated size 148.8 MiB, free 762.1 MiB)
24/12/15 05:36:18 INFO BlockManagerInfo: Added rdd_15_2 in memory on google-vm1.northamerica-northeast2-a.c.ece1724-project.internal:46305 (size: 148.8 MiB, free: 762.4 MiB)
24/12/15 05:36:18 INFO Executor: Finished task 2.0 in stage 3.0 (TID 11). 1661 bytes result sent to driver
24/12/15 05:36:18 INFO TaskSetManager: Finished task 2.0 in stage 3.0 (TID 11) in 3842 ms on google-vm1.northamerica-northeast2-a.c.ece1724-project.internal (executor driver) (1/3)
24/12/15 05:36:18 INFO Executor: Finished task 1.0 in stage 3.0 (TID 10). 1704 bytes result sent to driver
24/12/15 05:36:18 INFO TaskSetManager: Finished task 1.0 in stage 3.0 (TID 10) in 3845 ms on google-vm1.northamerica-northeast2-a.c.ece1724-project.internal (executor driver) (2/3)
24/12/15 05:36:18 INFO MemoryStore: Block rdd_15_0 stored as values in memory (estimated size 137.6 MiB, free 624.5 MiB)
24/12/15 05:36:18 INFO BlockManagerInfo: Added rdd_15_0 in memory on google-vm1.northamerica-northeast2-a.c.ece1724-project.internal:46305 (size: 137.6 MiB, free: 624.8 MiB)
24/12/15 05:36:18 INFO Executor: Finished task 0.0 in stage 3.0 (TID 9). 1661 bytes result sent to driver
24/12/15 05:36:18 INFO TaskSetManager: Finished task 0.0 in stage 3.0 (TID 9) in 4055 ms on google-vm1.northamerica-northeast2-a.c.ece1724-project.internal (executor driver) (3/3)
24/12/15 05:36:18 INFO TaskSchedulerImpl: Removed TaskSet 3.0, whose tasks have all completed, from pool 
24/12/15 05:36:18 INFO DAGScheduler: ResultStage 3 (fold at VertexRDDImpl.scala:90) finished in 4.083 s
24/12/15 05:36:18 INFO DAGScheduler: Job 0 is finished. Cancelling potential speculative or zombie tasks for this job
24/12/15 05:36:18 INFO TaskSchedulerImpl: Killing all running tasks in stage 3: Stage finished
24/12/15 05:36:18 INFO DAGScheduler: Job 0 finished: fold at VertexRDDImpl.scala:90, took 41.773451 s
Number of vertices: 4711927
24/12/15 05:36:18 INFO SparkContext: Starting job: fold at EdgeRDDImpl.scala:90
24/12/15 05:36:18 INFO DAGScheduler: Got job 1 (fold at EdgeRDDImpl.scala:90) with 3 output partitions
24/12/15 05:36:18 INFO DAGScheduler: Final stage: ResultStage 4 (fold at EdgeRDDImpl.scala:90)
24/12/15 05:36:18 INFO DAGScheduler: Parents of final stage: List()
24/12/15 05:36:18 INFO DAGScheduler: Missing parents: List()
24/12/15 05:36:18 INFO DAGScheduler: Submitting ResultStage 4 (MapPartitionsRDD[21] at map at EdgeRDDImpl.scala:90), which has no missing parents
24/12/15 05:36:18 INFO MemoryStore: Block broadcast_5 stored as values in memory (estimated size 7.6 KiB, free 624.5 MiB)
24/12/15 05:36:18 INFO MemoryStore: Block broadcast_5_piece0 stored as bytes in memory (estimated size 3.8 KiB, free 624.5 MiB)
24/12/15 05:36:18 INFO BlockManagerInfo: Added broadcast_5_piece0 in memory on google-vm1.northamerica-northeast2-a.c.ece1724-project.internal:46305 (size: 3.8 KiB, free: 624.8 MiB)
24/12/15 05:36:18 INFO SparkContext: Created broadcast 5 from broadcast at DAGScheduler.scala:1540
24/12/15 05:36:18 INFO DAGScheduler: Submitting 3 missing tasks from ResultStage 4 (MapPartitionsRDD[21] at map at EdgeRDDImpl.scala:90) (first 15 tasks are for partitions Vector(0, 1, 2))
24/12/15 05:36:18 INFO TaskSchedulerImpl: Adding task set 4.0 with 3 tasks resource profile 0
24/12/15 05:36:18 INFO TaskSetManager: Starting task 0.0 in stage 4.0 (TID 12) (google-vm1.northamerica-northeast2-a.c.ece1724-project.internal, executor driver, partition 0, PROCESS_LOCAL, 8855 bytes) 
24/12/15 05:36:18 INFO TaskSetManager: Starting task 1.0 in stage 4.0 (TID 13) (google-vm1.northamerica-northeast2-a.c.ece1724-project.internal, executor driver, partition 1, PROCESS_LOCAL, 8855 bytes) 
24/12/15 05:36:18 INFO TaskSetManager: Starting task 2.0 in stage 4.0 (TID 14) (google-vm1.northamerica-northeast2-a.c.ece1724-project.internal, executor driver, partition 2, PROCESS_LOCAL, 8855 bytes) 
24/12/15 05:36:18 INFO Executor: Running task 0.0 in stage 4.0 (TID 12)
24/12/15 05:36:18 INFO Executor: Running task 1.0 in stage 4.0 (TID 13)
24/12/15 05:36:18 INFO Executor: Running task 2.0 in stage 4.0 (TID 14)
24/12/15 05:36:18 INFO HadoopRDD: Input split: file:/home/zengyuyang1999/ece1724-group-project-f24/ece1724-project/data/twitter-2010-5m.txt:67108864+17089036
24/12/15 05:36:18 INFO HadoopRDD: Input split: file:/home/zengyuyang1999/ece1724-group-project-f24/ece1724-project/data/twitter-2010-5m.txt:33554432+33554432
24/12/15 05:36:18 INFO HadoopRDD: Input split: file:/home/zengyuyang1999/ece1724-group-project-f24/ece1724-project/data/twitter-2010-5m.txt:0+33554432
24/12/15 05:36:23 INFO MemoryStore: Block rdd_18_2 stored as values in memory (estimated size 66.6 MiB, free 558.0 MiB)
24/12/15 05:36:23 INFO BlockManagerInfo: Added rdd_18_2 in memory on google-vm1.northamerica-northeast2-a.c.ece1724-project.internal:46305 (size: 66.6 MiB, free: 558.2 MiB)
24/12/15 05:36:23 INFO Executor: Finished task 2.0 in stage 4.0 (TID 14). 1016 bytes result sent to driver
24/12/15 05:36:23 INFO TaskSetManager: Finished task 2.0 in stage 4.0 (TID 14) in 4659 ms on google-vm1.northamerica-northeast2-a.c.ece1724-project.internal (executor driver) (1/3)
24/12/15 05:36:24 INFO BlockManagerInfo: Removed broadcast_4_piece0 on google-vm1.northamerica-northeast2-a.c.ece1724-project.internal:46305 in memory (size: 4.1 KiB, free: 558.2 MiB)
24/12/15 05:36:24 INFO BlockManagerInfo: Removed broadcast_3_piece0 on google-vm1.northamerica-northeast2-a.c.ece1724-project.internal:46305 in memory (size: 3.5 KiB, free: 558.2 MiB)
24/12/15 05:36:26 INFO MemoryStore: Block rdd_18_0 stored as values in memory (estimated size 129.4 MiB, free 428.6 MiB)
24/12/15 05:36:26 INFO BlockManagerInfo: Added rdd_18_0 in memory on google-vm1.northamerica-northeast2-a.c.ece1724-project.internal:46305 (size: 129.4 MiB, free: 428.8 MiB)
24/12/15 05:36:26 INFO Executor: Finished task 0.0 in stage 4.0 (TID 12). 1016 bytes result sent to driver
24/12/15 05:36:26 INFO TaskSetManager: Finished task 0.0 in stage 4.0 (TID 12) in 8081 ms on google-vm1.northamerica-northeast2-a.c.ece1724-project.internal (executor driver) (2/3)
24/12/15 05:36:27 INFO MemoryStore: Block rdd_18_1 stored as values in memory (estimated size 129.4 MiB, free 299.2 MiB)
24/12/15 05:36:27 INFO BlockManagerInfo: Added rdd_18_1 in memory on google-vm1.northamerica-northeast2-a.c.ece1724-project.internal:46305 (size: 129.4 MiB, free: 299.4 MiB)
24/12/15 05:36:27 INFO Executor: Finished task 1.0 in stage 4.0 (TID 13). 1016 bytes result sent to driver
24/12/15 05:36:27 INFO TaskSetManager: Finished task 1.0 in stage 4.0 (TID 13) in 9086 ms on google-vm1.northamerica-northeast2-a.c.ece1724-project.internal (executor driver) (3/3)
24/12/15 05:36:27 INFO TaskSchedulerImpl: Removed TaskSet 4.0, whose tasks have all completed, from pool 
24/12/15 05:36:27 INFO DAGScheduler: ResultStage 4 (fold at EdgeRDDImpl.scala:90) finished in 9.096 s
24/12/15 05:36:27 INFO DAGScheduler: Job 1 is finished. Cancelling potential speculative or zombie tasks for this job
24/12/15 05:36:27 INFO TaskSchedulerImpl: Killing all running tasks in stage 4: Stage finished
24/12/15 05:36:27 INFO DAGScheduler: Job 1 finished: fold at EdgeRDDImpl.scala:90, took 9.104986 s
Number of edges: 5000000
24/12/15 05:36:27 INFO SparkContext: Starting job: isEmpty at Pregel.scala:140
24/12/15 05:36:27 INFO DAGScheduler: Registering RDD 30 (mapPartitions at VertexRDDImpl.scala:247) as input to shuffle 3
24/12/15 05:36:27 INFO DAGScheduler: Registering RDD 34 (mapPartitions at VertexRDDImpl.scala:247) as input to shuffle 4
24/12/15 05:36:27 INFO DAGScheduler: Registering RDD 38 (mapPartitions at GraphImpl.scala:207) as input to shuffle 5
24/12/15 05:36:27 INFO DAGScheduler: Got job 2 (isEmpty at Pregel.scala:140) with 1 output partitions
24/12/15 05:36:27 INFO DAGScheduler: Final stage: ResultStage 11 (isEmpty at Pregel.scala:140)
24/12/15 05:36:27 INFO DAGScheduler: Parents of final stage: List(ShuffleMapStage 6, ShuffleMapStage 10, ShuffleMapStage 7)
24/12/15 05:36:27 INFO DAGScheduler: Missing parents: List(ShuffleMapStage 10)
24/12/15 05:36:27 INFO DAGScheduler: Submitting ShuffleMapStage 8 (ReplicatedVertexView.updateVertices - shippedVerts false false (broadcast) MapPartitionsRDD[30] at mapPartitions at VertexRDDImpl.scala:247), which has no missing parents
24/12/15 05:36:27 INFO MemoryStore: Block broadcast_6 stored as values in memory (estimated size 9.7 KiB, free 299.2 MiB)
24/12/15 05:36:27 INFO MemoryStore: Block broadcast_6_piece0 stored as bytes in memory (estimated size 4.8 KiB, free 299.2 MiB)
24/12/15 05:36:27 INFO BlockManagerInfo: Added broadcast_6_piece0 in memory on google-vm1.northamerica-northeast2-a.c.ece1724-project.internal:46305 (size: 4.8 KiB, free: 299.4 MiB)
24/12/15 05:36:27 INFO SparkContext: Created broadcast 6 from broadcast at DAGScheduler.scala:1540
24/12/15 05:36:27 INFO DAGScheduler: Submitting 3 missing tasks from ShuffleMapStage 8 (ReplicatedVertexView.updateVertices - shippedVerts false false (broadcast) MapPartitionsRDD[30] at mapPartitions at VertexRDDImpl.scala:247) (first 15 tasks are for partitions Vector(0, 1, 2))
24/12/15 05:36:27 INFO TaskSchedulerImpl: Adding task set 8.0 with 3 tasks resource profile 0
24/12/15 05:36:27 INFO DAGScheduler: Submitting ShuffleMapStage 9 (ReplicatedVertexView.upgrade(true, true) - shippedVerts true true (broadcast) MapPartitionsRDD[34] at mapPartitions at VertexRDDImpl.scala:247), which has no missing parents
24/12/15 05:36:27 INFO TaskSetManager: Starting task 0.0 in stage 8.0 (TID 15) (google-vm1.northamerica-northeast2-a.c.ece1724-project.internal, executor driver, partition 0, PROCESS_LOCAL, 8858 bytes) 
24/12/15 05:36:27 INFO TaskSetManager: Starting task 1.0 in stage 8.0 (TID 16) (google-vm1.northamerica-northeast2-a.c.ece1724-project.internal, executor driver, partition 1, PROCESS_LOCAL, 8858 bytes) 
24/12/15 05:36:27 INFO TaskSetManager: Starting task 2.0 in stage 8.0 (TID 17) (google-vm1.northamerica-northeast2-a.c.ece1724-project.internal, executor driver, partition 2, PROCESS_LOCAL, 8858 bytes) 
24/12/15 05:36:27 INFO Executor: Running task 1.0 in stage 8.0 (TID 16)
24/12/15 05:36:27 INFO Executor: Running task 0.0 in stage 8.0 (TID 15)
24/12/15 05:36:27 INFO Executor: Running task 2.0 in stage 8.0 (TID 17)
24/12/15 05:36:27 INFO MemoryStore: Block broadcast_7 stored as values in memory (estimated size 9.4 KiB, free 299.2 MiB)
24/12/15 05:36:27 INFO MemoryStore: Block broadcast_7_piece0 stored as bytes in memory (estimated size 4.7 KiB, free 299.2 MiB)
24/12/15 05:36:27 INFO BlockManagerInfo: Added broadcast_7_piece0 in memory on google-vm1.northamerica-northeast2-a.c.ece1724-project.internal:46305 (size: 4.7 KiB, free: 299.4 MiB)
24/12/15 05:36:27 INFO SparkContext: Created broadcast 7 from broadcast at DAGScheduler.scala:1540
24/12/15 05:36:27 INFO DAGScheduler: Submitting 3 missing tasks from ShuffleMapStage 9 (ReplicatedVertexView.upgrade(true, true) - shippedVerts true true (broadcast) MapPartitionsRDD[34] at mapPartitions at VertexRDDImpl.scala:247) (first 15 tasks are for partitions Vector(0, 1, 2))
24/12/15 05:36:27 INFO TaskSchedulerImpl: Adding task set 9.0 with 3 tasks resource profile 0
24/12/15 05:36:27 INFO TaskSetManager: Starting task 0.0 in stage 9.0 (TID 18) (google-vm1.northamerica-northeast2-a.c.ece1724-project.internal, executor driver, partition 0, PROCESS_LOCAL, 8826 bytes) 
24/12/15 05:36:27 INFO Executor: Running task 0.0 in stage 9.0 (TID 18)
24/12/15 05:36:27 INFO BlockManager: Found block rdd_15_0 locally
24/12/15 05:36:27 INFO BlockManager: Found block rdd_15_2 locally
24/12/15 05:36:27 INFO BlockManager: Found block rdd_15_1 locally
24/12/15 05:36:28 INFO MemoryStore: Block rdd_22_2 stored as values in memory (estimated size 79.7 MiB, free 219.5 MiB)
24/12/15 05:36:28 INFO BlockManagerInfo: Added rdd_22_2 in memory on google-vm1.northamerica-northeast2-a.c.ece1724-project.internal:46305 (size: 79.7 MiB, free: 219.7 MiB)
24/12/15 05:36:28 INFO BlockManager: Found block rdd_22_2 locally
24/12/15 05:36:28 INFO MemoryStore: Block rdd_22_0 stored as values in memory (estimated size 79.7 MiB, free 139.8 MiB)
24/12/15 05:36:28 INFO BlockManagerInfo: Added rdd_22_0 in memory on google-vm1.northamerica-northeast2-a.c.ece1724-project.internal:46305 (size: 79.7 MiB, free: 140.1 MiB)
24/12/15 05:36:28 INFO BlockManager: Found block rdd_22_0 locally
24/12/15 05:36:28 INFO MemoryStore: Block rdd_22_1 stored as values in memory (estimated size 79.7 MiB, free 60.1 MiB)
24/12/15 05:36:28 INFO BlockManagerInfo: Added rdd_22_1 in memory on google-vm1.northamerica-northeast2-a.c.ece1724-project.internal:46305 (size: 79.7 MiB, free: 60.4 MiB)
24/12/15 05:36:28 INFO BlockManager: Found block rdd_22_1 locally
24/12/15 05:36:28 INFO MemoryStore: 5 blocks selected for dropping (66.8 MiB bytes)
24/12/15 05:36:28 INFO BlockManager: Dropping block broadcast_0_piece0 from memory
24/12/15 05:36:28 INFO BlockManager: Writing block broadcast_0_piece0 to disk
24/12/15 05:36:28 INFO BlockManagerInfo: Updated broadcast_0_piece0 on disk on google-vm1.northamerica-northeast2-a.c.ece1724-project.internal:46305 (current size: 32.7 KiB, original size: 0.0 B)
24/12/15 05:36:28 INFO BlockManager: Dropping block broadcast_0 from memory
24/12/15 05:36:28 INFO BlockManager: Writing block broadcast_0 to disk
24/12/15 05:36:28 INFO BlockManager: Dropping block broadcast_5_piece0 from memory
24/12/15 05:36:28 INFO BlockManager: Writing block broadcast_5_piece0 to disk
24/12/15 05:36:28 INFO BlockManagerInfo: Updated broadcast_5_piece0 on disk on google-vm1.northamerica-northeast2-a.c.ece1724-project.internal:46305 (current size: 3.8 KiB, original size: 0.0 B)
24/12/15 05:36:28 INFO BlockManager: Dropping block broadcast_5 from memory
24/12/15 05:36:28 INFO BlockManager: Writing block broadcast_5 to disk
24/12/15 05:36:28 INFO BlockManager: Dropping block rdd_18_2 from memory
24/12/15 05:36:28 INFO BlockManagerInfo: Removed rdd_18_2 on google-vm1.northamerica-northeast2-a.c.ece1724-project.internal:46305 in memory (size: 66.6 MiB, free: 127.0 MiB)
24/12/15 05:36:28 INFO MemoryStore: After dropping 5 blocks, free memory is 127.0 MiB
24/12/15 05:36:28 INFO MemoryStore: 1 blocks selected for dropping (129.4 MiB bytes)
24/12/15 05:36:28 INFO BlockManager: Dropping block rdd_18_0 from memory
24/12/15 05:36:28 INFO BlockManagerInfo: Removed rdd_18_0 on google-vm1.northamerica-northeast2-a.c.ece1724-project.internal:46305 in memory (size: 129.4 MiB, free: 256.4 MiB)
24/12/15 05:36:28 INFO MemoryStore: After dropping 1 blocks, free memory is 256.3 MiB
24/12/15 05:36:28 INFO MemoryStore: 1 blocks selected for dropping (129.4 MiB bytes)
24/12/15 05:36:28 INFO BlockManager: Dropping block rdd_18_1 from memory
24/12/15 05:36:28 INFO BlockManagerInfo: Removed rdd_18_1 on google-vm1.northamerica-northeast2-a.c.ece1724-project.internal:46305 in memory (size: 129.4 MiB, free: 385.8 MiB)
24/12/15 05:36:28 INFO MemoryStore: After dropping 1 blocks, free memory is 385.7 MiB
24/12/15 05:36:28 INFO MemoryStore: Block rdd_26_1 stored as values in memory (estimated size 79.7 MiB, free 226.4 MiB)
24/12/15 05:36:28 INFO MemoryStore: Block rdd_26_2 stored as values in memory (estimated size 79.7 MiB, free 226.4 MiB)
24/12/15 05:36:28 INFO MemoryStore: Block rdd_26_0 stored as values in memory (estimated size 79.7 MiB, free 146.7 MiB)
24/12/15 05:36:28 INFO BlockManagerInfo: Added rdd_26_1 in memory on google-vm1.northamerica-northeast2-a.c.ece1724-project.internal:46305 (size: 79.7 MiB, free: 306.1 MiB)
24/12/15 05:36:28 INFO BlockManagerInfo: Added rdd_26_2 in memory on google-vm1.northamerica-northeast2-a.c.ece1724-project.internal:46305 (size: 79.7 MiB, free: 226.4 MiB)
24/12/15 05:36:28 INFO BlockManagerInfo: Added rdd_26_0 in memory on google-vm1.northamerica-northeast2-a.c.ece1724-project.internal:46305 (size: 79.7 MiB, free: 146.7 MiB)
24/12/15 05:36:28 INFO BlockManager: Found block rdd_26_0 locally
24/12/15 05:36:28 INFO Executor: 2 block locks were not released by task 0.0 in stage 8.0 (TID 15)
[rdd_22_0, rdd_26_0]
24/12/15 05:36:28 INFO Executor: Finished task 0.0 in stage 8.0 (TID 15). 1226 bytes result sent to driver
24/12/15 05:36:28 INFO TaskSetManager: Starting task 1.0 in stage 9.0 (TID 19) (google-vm1.northamerica-northeast2-a.c.ece1724-project.internal, executor driver, partition 1, PROCESS_LOCAL, 8826 bytes) 
24/12/15 05:36:28 INFO TaskSetManager: Finished task 0.0 in stage 8.0 (TID 15) in 1022 ms on google-vm1.northamerica-northeast2-a.c.ece1724-project.internal (executor driver) (1/3)
24/12/15 05:36:28 INFO Executor: 2 block locks were not released by task 1.0 in stage 8.0 (TID 16)
[rdd_22_1, rdd_26_1]
24/12/15 05:36:28 INFO Executor: Finished task 1.0 in stage 8.0 (TID 16). 1226 bytes result sent to driver
24/12/15 05:36:28 INFO TaskSetManager: Starting task 2.0 in stage 9.0 (TID 20) (google-vm1.northamerica-northeast2-a.c.ece1724-project.internal, executor driver, partition 2, PROCESS_LOCAL, 8826 bytes) 
24/12/15 05:36:28 INFO Executor: Running task 2.0 in stage 9.0 (TID 20)
24/12/15 05:36:28 INFO TaskSetManager: Finished task 1.0 in stage 8.0 (TID 16) in 1025 ms on google-vm1.northamerica-northeast2-a.c.ece1724-project.internal (executor driver) (2/3)
24/12/15 05:36:28 INFO Executor: 2 block locks were not released by task 2.0 in stage 8.0 (TID 17)
[rdd_26_2, rdd_22_2]
24/12/15 05:36:28 INFO BlockManager: Found block rdd_26_2 locally
24/12/15 05:36:28 INFO Executor: Finished task 2.0 in stage 8.0 (TID 17). 1226 bytes result sent to driver
24/12/15 05:36:28 INFO Executor: Running task 1.0 in stage 9.0 (TID 19)
24/12/15 05:36:28 INFO TaskSetManager: Finished task 2.0 in stage 8.0 (TID 17) in 1044 ms on google-vm1.northamerica-northeast2-a.c.ece1724-project.internal (executor driver) (3/3)
24/12/15 05:36:28 INFO TaskSchedulerImpl: Removed TaskSet 8.0, whose tasks have all completed, from pool 
24/12/15 05:36:28 INFO DAGScheduler: ShuffleMapStage 8 (mapPartitions at VertexRDDImpl.scala:247) finished in 1.063 s
24/12/15 05:36:28 INFO DAGScheduler: looking for newly runnable stages
24/12/15 05:36:28 INFO DAGScheduler: running: Set(ShuffleMapStage 9)
24/12/15 05:36:28 INFO DAGScheduler: waiting: Set(ShuffleMapStage 10, ResultStage 11)
24/12/15 05:36:28 INFO DAGScheduler: failed: Set()
24/12/15 05:36:28 INFO BlockManager: Found block rdd_26_1 locally
24/12/15 05:36:29 INFO BlockManagerInfo: Removed broadcast_6_piece0 on google-vm1.northamerica-northeast2-a.c.ece1724-project.internal:46305 in memory (size: 4.8 KiB, free: 146.7 MiB)
24/12/15 05:36:29 INFO BlockManagerInfo: Removed broadcast_5_piece0 on google-vm1.northamerica-northeast2-a.c.ece1724-project.internal:46305 on disk (size: 3.8 KiB)
24/12/15 05:36:29 INFO Executor: Finished task 0.0 in stage 9.0 (TID 18). 1226 bytes result sent to driver
24/12/15 05:36:29 INFO TaskSetManager: Finished task 0.0 in stage 9.0 (TID 18) in 1799 ms on google-vm1.northamerica-northeast2-a.c.ece1724-project.internal (executor driver) (1/3)
24/12/15 05:36:29 INFO Executor: Finished task 2.0 in stage 9.0 (TID 20). 1226 bytes result sent to driver
24/12/15 05:36:29 INFO TaskSetManager: Finished task 2.0 in stage 9.0 (TID 20) in 918 ms on google-vm1.northamerica-northeast2-a.c.ece1724-project.internal (executor driver) (2/3)
24/12/15 05:36:29 INFO Executor: Finished task 1.0 in stage 9.0 (TID 19). 1226 bytes result sent to driver
24/12/15 05:36:29 INFO TaskSetManager: Finished task 1.0 in stage 9.0 (TID 19) in 966 ms on google-vm1.northamerica-northeast2-a.c.ece1724-project.internal (executor driver) (3/3)
24/12/15 05:36:29 INFO TaskSchedulerImpl: Removed TaskSet 9.0, whose tasks have all completed, from pool 
24/12/15 05:36:29 INFO DAGScheduler: ShuffleMapStage 9 (mapPartitions at VertexRDDImpl.scala:247) finished in 1.985 s
24/12/15 05:36:29 INFO DAGScheduler: looking for newly runnable stages
24/12/15 05:36:29 INFO DAGScheduler: running: Set()
24/12/15 05:36:29 INFO DAGScheduler: waiting: Set(ShuffleMapStage 10, ResultStage 11)
24/12/15 05:36:29 INFO DAGScheduler: failed: Set()
24/12/15 05:36:29 INFO DAGScheduler: Submitting ShuffleMapStage 10 (GraphImpl.aggregateMessages - preAgg MapPartitionsRDD[38] at mapPartitions at GraphImpl.scala:207), which has no missing parents
24/12/15 05:36:29 INFO MemoryStore: Block broadcast_8 stored as values in memory (estimated size 11.3 KiB, free 146.7 MiB)
24/12/15 05:36:29 INFO MemoryStore: Block broadcast_8_piece0 stored as bytes in memory (estimated size 5.6 KiB, free 146.7 MiB)
24/12/15 05:36:29 INFO BlockManagerInfo: Added broadcast_8_piece0 in memory on google-vm1.northamerica-northeast2-a.c.ece1724-project.internal:46305 (size: 5.6 KiB, free: 146.7 MiB)
24/12/15 05:36:29 INFO SparkContext: Created broadcast 8 from broadcast at DAGScheduler.scala:1540
24/12/15 05:36:29 INFO DAGScheduler: Submitting 3 missing tasks from ShuffleMapStage 10 (GraphImpl.aggregateMessages - preAgg MapPartitionsRDD[38] at mapPartitions at GraphImpl.scala:207) (first 15 tasks are for partitions Vector(0, 1, 2))
24/12/15 05:36:29 INFO TaskSchedulerImpl: Adding task set 10.0 with 3 tasks resource profile 0
24/12/15 05:36:29 INFO TaskSetManager: Starting task 0.0 in stage 10.0 (TID 21) (google-vm1.northamerica-northeast2-a.c.ece1724-project.internal, executor driver, partition 0, NODE_LOCAL, 9223 bytes) 
24/12/15 05:36:29 INFO TaskSetManager: Starting task 1.0 in stage 10.0 (TID 22) (google-vm1.northamerica-northeast2-a.c.ece1724-project.internal, executor driver, partition 1, NODE_LOCAL, 9223 bytes) 
24/12/15 05:36:29 INFO TaskSetManager: Starting task 2.0 in stage 10.0 (TID 23) (google-vm1.northamerica-northeast2-a.c.ece1724-project.internal, executor driver, partition 2, NODE_LOCAL, 9223 bytes) 
24/12/15 05:36:29 INFO Executor: Running task 0.0 in stage 10.0 (TID 21)
24/12/15 05:36:29 INFO Executor: Running task 1.0 in stage 10.0 (TID 22)
24/12/15 05:36:29 INFO Executor: Running task 2.0 in stage 10.0 (TID 23)
24/12/15 05:36:29 INFO HadoopRDD: Input split: file:/home/zengyuyang1999/ece1724-group-project-f24/ece1724-project/data/twitter-2010-5m.txt:33554432+33554432
24/12/15 05:36:29 INFO HadoopRDD: Input split: file:/home/zengyuyang1999/ece1724-group-project-f24/ece1724-project/data/twitter-2010-5m.txt:67108864+17089036
24/12/15 05:36:29 INFO HadoopRDD: Input split: file:/home/zengyuyang1999/ece1724-group-project-f24/ece1724-project/data/twitter-2010-5m.txt:0+33554432
24/12/15 05:36:30 INFO BlockManagerInfo: Removed broadcast_7_piece0 on google-vm1.northamerica-northeast2-a.c.ece1724-project.internal:46305 in memory (size: 4.7 KiB, free: 146.7 MiB)
24/12/15 05:36:34 INFO MemoryStore: Block rdd_18_2 stored as values in memory (estimated size 66.6 MiB, free 80.1 MiB)
24/12/15 05:36:34 INFO BlockManagerInfo: Added rdd_18_2 in memory on google-vm1.northamerica-northeast2-a.c.ece1724-project.internal:46305 (size: 66.6 MiB, free: 80.1 MiB)
24/12/15 05:36:34 INFO MemoryStore: 1 blocks selected for dropping (137.6 MiB bytes)
24/12/15 05:36:34 INFO BlockManager: Dropping block rdd_15_0 from memory
24/12/15 05:36:34 INFO BlockManagerInfo: Removed rdd_15_0 on google-vm1.northamerica-northeast2-a.c.ece1724-project.internal:46305 in memory (size: 137.6 MiB, free: 217.7 MiB)
24/12/15 05:36:34 INFO MemoryStore: After dropping 1 blocks, free memory is 217.7 MiB
24/12/15 05:36:34 INFO MemoryStore: Block rdd_24_2 stored as values in memory (estimated size 71.4 MiB, free 146.3 MiB)
24/12/15 05:36:34 INFO BlockManagerInfo: Added rdd_24_2 in memory on google-vm1.northamerica-northeast2-a.c.ece1724-project.internal:46305 (size: 71.4 MiB, free: 146.3 MiB)
24/12/15 05:36:34 INFO ShuffleBlockFetcherIterator: Getting 3 (828.0 B) non-empty blocks including 3 (828.0 B) local and 0 (0.0 B) host-local and 0 (0.0 B) push-merged-local and 0 (0.0 B) remote blocks
24/12/15 05:36:34 INFO ShuffleBlockFetcherIterator: Started 0 remote fetches in 1 ms
24/12/15 05:36:34 INFO MemoryStore: Block rdd_32_2 stored as values in memory (estimated size 71.4 MiB, free 74.9 MiB)
24/12/15 05:36:34 INFO BlockManagerInfo: Added rdd_32_2 in memory on google-vm1.northamerica-northeast2-a.c.ece1724-project.internal:46305 (size: 71.4 MiB, free: 74.9 MiB)
24/12/15 05:36:34 INFO ShuffleBlockFetcherIterator: Getting 3 (7.2 MiB) non-empty blocks including 3 (7.2 MiB) local and 0 (0.0 B) host-local and 0 (0.0 B) push-merged-local and 0 (0.0 B) remote blocks
24/12/15 05:36:34 INFO ShuffleBlockFetcherIterator: Started 0 remote fetches in 1 ms
24/12/15 05:36:35 INFO Executor: 1 block locks were not released by task 2.0 in stage 10.0 (TID 23)
[rdd_18_2]
24/12/15 05:36:35 INFO Executor: Finished task 2.0 in stage 10.0 (TID 23). 1828 bytes result sent to driver
24/12/15 05:36:35 INFO TaskSetManager: Finished task 2.0 in stage 10.0 (TID 23) in 6179 ms on google-vm1.northamerica-northeast2-a.c.ece1724-project.internal (executor driver) (1/3)
24/12/15 05:36:39 INFO MemoryStore: 1 blocks selected for dropping (148.8 MiB bytes)
24/12/15 05:36:39 INFO BlockManager: Dropping block rdd_15_2 from memory
24/12/15 05:36:39 INFO BlockManagerInfo: Removed rdd_15_2 on google-vm1.northamerica-northeast2-a.c.ece1724-project.internal:46305 in memory (size: 148.8 MiB, free: 223.7 MiB)
24/12/15 05:36:39 INFO MemoryStore: After dropping 1 blocks, free memory is 223.7 MiB
24/12/15 05:36:39 INFO MemoryStore: Block rdd_18_1 stored as values in memory (estimated size 129.4 MiB, free 94.3 MiB)
24/12/15 05:36:39 INFO BlockManagerInfo: Added rdd_18_1 in memory on google-vm1.northamerica-northeast2-a.c.ece1724-project.internal:46305 (size: 129.4 MiB, free: 94.3 MiB)
24/12/15 05:36:39 INFO MemoryStore: 1 blocks selected for dropping (137.6 MiB bytes)
24/12/15 05:36:39 INFO BlockManager: Dropping block rdd_15_1 from memory
24/12/15 05:36:39 INFO BlockManagerInfo: Removed rdd_15_1 on google-vm1.northamerica-northeast2-a.c.ece1724-project.internal:46305 in memory (size: 137.6 MiB, free: 231.9 MiB)
24/12/15 05:36:39 INFO MemoryStore: After dropping 1 blocks, free memory is 231.9 MiB
24/12/15 05:36:39 INFO MemoryStore: Block rdd_24_1 stored as values in memory (estimated size 138.0 MiB, free 93.9 MiB)
24/12/15 05:36:39 INFO BlockManagerInfo: Added rdd_24_1 in memory on google-vm1.northamerica-northeast2-a.c.ece1724-project.internal:46305 (size: 138.0 MiB, free: 93.9 MiB)
24/12/15 05:36:39 INFO ShuffleBlockFetcherIterator: Getting 3 (828.0 B) non-empty blocks including 3 (828.0 B) local and 0 (0.0 B) host-local and 0 (0.0 B) push-merged-local and 0 (0.0 B) remote blocks
24/12/15 05:36:39 INFO ShuffleBlockFetcherIterator: Started 0 remote fetches in 1 ms
24/12/15 05:36:39 INFO MemoryStore: 2 blocks selected for dropping (159.3 MiB bytes)
24/12/15 05:36:39 INFO BlockManager: Dropping block rdd_22_2 from memory
24/12/15 05:36:39 INFO BlockManagerInfo: Removed rdd_22_2 on google-vm1.northamerica-northeast2-a.c.ece1724-project.internal:46305 in memory (size: 79.7 MiB, free: 173.6 MiB)
24/12/15 05:36:39 INFO BlockManager: Dropping block rdd_22_0 from memory
24/12/15 05:36:39 INFO BlockManagerInfo: Removed rdd_22_0 on google-vm1.northamerica-northeast2-a.c.ece1724-project.internal:46305 in memory (size: 79.7 MiB, free: 253.2 MiB)
24/12/15 05:36:39 INFO MemoryStore: After dropping 2 blocks, free memory is 253.2 MiB
24/12/15 05:36:39 INFO MemoryStore: Block rdd_32_1 stored as values in memory (estimated size 138.0 MiB, free 115.2 MiB)
24/12/15 05:36:39 INFO BlockManagerInfo: Added rdd_32_1 in memory on google-vm1.northamerica-northeast2-a.c.ece1724-project.internal:46305 (size: 138.0 MiB, free: 115.2 MiB)
24/12/15 05:36:39 INFO ShuffleBlockFetcherIterator: Getting 3 (13.2 MiB) non-empty blocks including 3 (13.2 MiB) local and 0 (0.0 B) host-local and 0 (0.0 B) push-merged-local and 0 (0.0 B) remote blocks
24/12/15 05:36:39 INFO ShuffleBlockFetcherIterator: Started 0 remote fetches in 1 ms
24/12/15 05:36:39 INFO MemoryStore: 1 blocks selected for dropping (79.7 MiB bytes)
24/12/15 05:36:39 INFO BlockManager: Dropping block rdd_22_1 from memory
24/12/15 05:36:39 INFO BlockManagerInfo: Removed rdd_22_1 on google-vm1.northamerica-northeast2-a.c.ece1724-project.internal:46305 in memory (size: 79.7 MiB, free: 194.9 MiB)
24/12/15 05:36:39 INFO MemoryStore: After dropping 1 blocks, free memory is 194.9 MiB
24/12/15 05:36:39 INFO MemoryStore: Block rdd_18_0 stored as values in memory (estimated size 129.4 MiB, free 65.5 MiB)
24/12/15 05:36:39 INFO BlockManagerInfo: Added rdd_18_0 in memory on google-vm1.northamerica-northeast2-a.c.ece1724-project.internal:46305 (size: 129.4 MiB, free: 65.6 MiB)
24/12/15 05:36:39 INFO MemoryStore: 2 blocks selected for dropping (159.3 MiB bytes)
24/12/15 05:36:39 INFO BlockManager: Dropping block rdd_26_0 from memory
24/12/15 05:36:39 INFO BlockManagerInfo: Removed rdd_26_0 on google-vm1.northamerica-northeast2-a.c.ece1724-project.internal:46305 in memory (size: 79.7 MiB, free: 145.2 MiB)
24/12/15 05:36:39 INFO BlockManager: Dropping block rdd_26_2 from memory
24/12/15 05:36:39 INFO BlockManagerInfo: Removed rdd_26_2 on google-vm1.northamerica-northeast2-a.c.ece1724-project.internal:46305 in memory (size: 79.7 MiB, free: 224.9 MiB)
24/12/15 05:36:39 INFO MemoryStore: After dropping 2 blocks, free memory is 224.9 MiB
24/12/15 05:36:39 INFO MemoryStore: Block rdd_24_0 stored as values in memory (estimated size 138.0 MiB, free 86.9 MiB)
24/12/15 05:36:39 INFO BlockManagerInfo: Added rdd_24_0 in memory on google-vm1.northamerica-northeast2-a.c.ece1724-project.internal:46305 (size: 138.0 MiB, free: 86.9 MiB)
24/12/15 05:36:39 INFO ShuffleBlockFetcherIterator: Getting 3 (828.0 B) non-empty blocks including 3 (828.0 B) local and 0 (0.0 B) host-local and 0 (0.0 B) push-merged-local and 0 (0.0 B) remote blocks
24/12/15 05:36:39 INFO ShuffleBlockFetcherIterator: Started 0 remote fetches in 1 ms
24/12/15 05:36:39 INFO MemoryStore: 3 blocks selected for dropping (146.3 MiB bytes)
24/12/15 05:36:39 INFO BlockManager: Dropping block rdd_26_1 from memory
24/12/15 05:36:39 INFO BlockManagerInfo: Removed rdd_26_1 on google-vm1.northamerica-northeast2-a.c.ece1724-project.internal:46305 in memory (size: 79.7 MiB, free: 166.6 MiB)
24/12/15 05:36:39 INFO BlockManager: Dropping block broadcast_8_piece0 from memory
24/12/15 05:36:39 INFO BlockManager: Writing block broadcast_8_piece0 to disk
24/12/15 05:36:39 INFO BlockManagerInfo: Updated broadcast_8_piece0 on disk on google-vm1.northamerica-northeast2-a.c.ece1724-project.internal:46305 (current size: 5.6 KiB, original size: 0.0 B)
24/12/15 05:36:39 INFO BlockManager: Dropping block rdd_18_2 from memory
24/12/15 05:36:39 INFO BlockManagerInfo: Removed rdd_18_2 on google-vm1.northamerica-northeast2-a.c.ece1724-project.internal:46305 in memory (size: 66.6 MiB, free: 233.2 MiB)
24/12/15 05:36:39 INFO MemoryStore: After dropping 3 blocks, free memory is 233.2 MiB
24/12/15 05:36:39 INFO MemoryStore: Block rdd_32_0 stored as values in memory (estimated size 138.0 MiB, free 95.2 MiB)
24/12/15 05:36:39 INFO BlockManagerInfo: Added rdd_32_0 in memory on google-vm1.northamerica-northeast2-a.c.ece1724-project.internal:46305 (size: 138.0 MiB, free: 95.2 MiB)
24/12/15 05:36:39 INFO ShuffleBlockFetcherIterator: Getting 3 (13.2 MiB) non-empty blocks including 3 (13.2 MiB) local and 0 (0.0 B) host-local and 0 (0.0 B) push-merged-local and 0 (0.0 B) remote blocks
24/12/15 05:36:39 INFO ShuffleBlockFetcherIterator: Started 0 remote fetches in 1 ms
24/12/15 05:36:40 INFO Executor: 1 block locks were not released by task 1.0 in stage 10.0 (TID 22)
[rdd_18_1]
24/12/15 05:36:40 INFO Executor: Finished task 1.0 in stage 10.0 (TID 22). 1871 bytes result sent to driver
24/12/15 05:36:40 INFO TaskSetManager: Finished task 1.0 in stage 10.0 (TID 22) in 10515 ms on google-vm1.northamerica-northeast2-a.c.ece1724-project.internal (executor driver) (2/3)
24/12/15 05:36:40 INFO Executor: 1 block locks were not released by task 0.0 in stage 10.0 (TID 21)
[rdd_18_0]
24/12/15 05:36:40 INFO Executor: Finished task 0.0 in stage 10.0 (TID 21). 1871 bytes result sent to driver
24/12/15 05:36:40 INFO TaskSetManager: Finished task 0.0 in stage 10.0 (TID 21) in 10793 ms on google-vm1.northamerica-northeast2-a.c.ece1724-project.internal (executor driver) (3/3)
24/12/15 05:36:40 INFO TaskSchedulerImpl: Removed TaskSet 10.0, whose tasks have all completed, from pool 
24/12/15 05:36:40 INFO DAGScheduler: ShuffleMapStage 10 (mapPartitions at GraphImpl.scala:207) finished in 10.805 s
24/12/15 05:36:40 INFO DAGScheduler: looking for newly runnable stages
24/12/15 05:36:40 INFO DAGScheduler: running: Set()
24/12/15 05:36:40 INFO DAGScheduler: waiting: Set(ResultStage 11)
24/12/15 05:36:40 INFO DAGScheduler: failed: Set()
24/12/15 05:36:40 INFO DAGScheduler: Submitting ResultStage 11 (VertexRDDImpl[41] at RDD at VertexRDD.scala:57), which has no missing parents
24/12/15 05:36:40 INFO MemoryStore: Block broadcast_9 stored as values in memory (estimated size 10.1 KiB, free 95.2 MiB)
24/12/15 05:36:40 INFO MemoryStore: Block broadcast_9_piece0 stored as bytes in memory (estimated size 4.9 KiB, free 95.2 MiB)
24/12/15 05:36:40 INFO BlockManagerInfo: Added broadcast_9_piece0 in memory on google-vm1.northamerica-northeast2-a.c.ece1724-project.internal:46305 (size: 4.9 KiB, free: 95.2 MiB)
24/12/15 05:36:40 INFO SparkContext: Created broadcast 9 from broadcast at DAGScheduler.scala:1540
24/12/15 05:36:40 INFO DAGScheduler: Submitting 1 missing tasks from ResultStage 11 (VertexRDDImpl[41] at RDD at VertexRDD.scala:57) (first 15 tasks are for partitions Vector(0))
24/12/15 05:36:40 INFO TaskSchedulerImpl: Adding task set 11.0 with 1 tasks resource profile 0
24/12/15 05:36:40 INFO TaskSetManager: Starting task 0.0 in stage 11.0 (TID 24) (google-vm1.northamerica-northeast2-a.c.ece1724-project.internal, executor driver, partition 0, NODE_LOCAL, 8878 bytes) 
24/12/15 05:36:40 INFO Executor: Running task 0.0 in stage 11.0 (TID 24)
24/12/15 05:36:40 INFO ShuffleBlockFetcherIterator: Getting 1 (18.4 MiB) non-empty blocks including 1 (18.4 MiB) local and 0 (0.0 B) host-local and 0 (0.0 B) push-merged-local and 0 (0.0 B) remote blocks
24/12/15 05:36:40 INFO ShuffleBlockFetcherIterator: Started 0 remote fetches in 1 ms
24/12/15 05:36:40 INFO ShuffleBlockFetcherIterator: Getting 3 (11.3 MiB) non-empty blocks including 3 (11.3 MiB) local and 0 (0.0 B) host-local and 0 (0.0 B) push-merged-local and 0 (0.0 B) remote blocks
24/12/15 05:36:40 INFO ShuffleBlockFetcherIterator: Started 0 remote fetches in 1 ms
24/12/15 05:36:41 INFO BlockManagerInfo: Removed broadcast_8_piece0 on google-vm1.northamerica-northeast2-a.c.ece1724-project.internal:46305 on disk (size: 5.6 KiB)
24/12/15 05:36:42 INFO MemoryStore: 2 blocks selected for dropping (142.9 MiB bytes)
24/12/15 05:36:42 INFO BlockManager: Dropping block rdd_24_2 from memory
24/12/15 05:36:42 INFO BlockManagerInfo: Removed rdd_24_2 on google-vm1.northamerica-northeast2-a.c.ece1724-project.internal:46305 in memory (size: 71.4 MiB, free: 166.6 MiB)
24/12/15 05:36:42 INFO BlockManager: Dropping block rdd_32_2 from memory
24/12/15 05:36:42 INFO BlockManagerInfo: Removed rdd_32_2 on google-vm1.northamerica-northeast2-a.c.ece1724-project.internal:46305 in memory (size: 71.4 MiB, free: 238.1 MiB)
24/12/15 05:36:42 INFO MemoryStore: After dropping 2 blocks, free memory is 238.1 MiB
24/12/15 05:36:42 INFO MemoryStore: Block rdd_15_0 stored as values in memory (estimated size 137.6 MiB, free 100.5 MiB)
24/12/15 05:36:42 INFO BlockManagerInfo: Added rdd_15_0 in memory on google-vm1.northamerica-northeast2-a.c.ece1724-project.internal:46305 (size: 137.6 MiB, free: 100.5 MiB)
24/12/15 05:36:43 INFO MemoryStore: 1 blocks selected for dropping (129.4 MiB bytes)
24/12/15 05:36:43 INFO BlockManager: Dropping block rdd_18_1 from memory
24/12/15 05:36:43 INFO BlockManagerInfo: Removed rdd_18_1 on google-vm1.northamerica-northeast2-a.c.ece1724-project.internal:46305 in memory (size: 129.4 MiB, free: 229.9 MiB)
24/12/15 05:36:43 INFO MemoryStore: After dropping 1 blocks, free memory is 229.9 MiB
24/12/15 05:36:43 INFO MemoryStore: Block rdd_22_0 stored as values in memory (estimated size 79.7 MiB, free 150.2 MiB)
24/12/15 05:36:43 INFO BlockManagerInfo: Added rdd_22_0 in memory on google-vm1.northamerica-northeast2-a.c.ece1724-project.internal:46305 (size: 79.7 MiB, free: 150.2 MiB)
24/12/15 05:36:43 INFO MemoryStore: Block rdd_26_0 stored as values in memory (estimated size 79.7 MiB, free 70.5 MiB)
24/12/15 05:36:43 INFO BlockManagerInfo: Added rdd_26_0 in memory on google-vm1.northamerica-northeast2-a.c.ece1724-project.internal:46305 (size: 79.7 MiB, free: 70.5 MiB)
24/12/15 05:36:43 INFO ShuffleBlockFetcherIterator: Getting 0 (0.0 B) non-empty blocks including 0 (0.0 B) local and 0 (0.0 B) host-local and 0 (0.0 B) push-merged-local and 0 (0.0 B) remote blocks
24/12/15 05:36:43 INFO ShuffleBlockFetcherIterator: Started 0 remote fetches in 1 ms
24/12/15 05:36:43 INFO MemoryStore: 1 blocks selected for dropping (138.0 MiB bytes)
24/12/15 05:36:43 INFO BlockManager: Dropping block rdd_24_1 from memory
24/12/15 05:36:43 INFO BlockManagerInfo: Removed rdd_24_1 on google-vm1.northamerica-northeast2-a.c.ece1724-project.internal:46305 in memory (size: 138.0 MiB, free: 208.5 MiB)
24/12/15 05:36:43 INFO MemoryStore: After dropping 1 blocks, free memory is 208.5 MiB
24/12/15 05:36:43 INFO MemoryStore: Block rdd_40_0 stored as values in memory (estimated size 80.2 MiB, free 128.3 MiB)
24/12/15 05:36:43 INFO BlockManagerInfo: Added rdd_40_0 in memory on google-vm1.northamerica-northeast2-a.c.ece1724-project.internal:46305 (size: 80.2 MiB, free: 128.4 MiB)
24/12/15 05:36:43 INFO Executor: 1 block locks were not released by task 0.0 in stage 11.0 (TID 24)
[rdd_40_0]
24/12/15 05:36:43 INFO Executor: Finished task 0.0 in stage 11.0 (TID 24). 1619 bytes result sent to driver
24/12/15 05:36:43 INFO TaskSetManager: Finished task 0.0 in stage 11.0 (TID 24) in 2552 ms on google-vm1.northamerica-northeast2-a.c.ece1724-project.internal (executor driver) (1/1)
24/12/15 05:36:43 INFO TaskSchedulerImpl: Removed TaskSet 11.0, whose tasks have all completed, from pool 
24/12/15 05:36:43 INFO DAGScheduler: ResultStage 11 (isEmpty at Pregel.scala:140) finished in 2.562 s
24/12/15 05:36:43 INFO DAGScheduler: Job 2 is finished. Cancelling potential speculative or zombie tasks for this job
24/12/15 05:36:43 INFO TaskSchedulerImpl: Killing all running tasks in stage 11: Stage finished
24/12/15 05:36:43 INFO DAGScheduler: Job 2 finished: isEmpty at Pregel.scala:140, took 15.416849 s
24/12/15 05:36:43 INFO SparkContext: Starting job: isEmpty at Pregel.scala:140
24/12/15 05:36:43 INFO DAGScheduler: Got job 3 (isEmpty at Pregel.scala:140) with 2 output partitions
24/12/15 05:36:43 INFO DAGScheduler: Final stage: ResultStage 18 (isEmpty at Pregel.scala:140)
24/12/15 05:36:43 INFO DAGScheduler: Parents of final stage: List(ShuffleMapStage 13, ShuffleMapStage 17, ShuffleMapStage 14)
24/12/15 05:36:43 INFO DAGScheduler: Missing parents: List()
24/12/15 05:36:43 INFO DAGScheduler: Submitting ResultStage 18 (VertexRDDImpl[41] at RDD at VertexRDD.scala:57), which has no missing parents
24/12/15 05:36:43 INFO MemoryStore: Block broadcast_10 stored as values in memory (estimated size 10.1 KiB, free 128.3 MiB)
24/12/15 05:36:43 INFO MemoryStore: Block broadcast_10_piece0 stored as bytes in memory (estimated size 4.9 KiB, free 128.3 MiB)
24/12/15 05:36:43 INFO BlockManagerInfo: Added broadcast_10_piece0 in memory on google-vm1.northamerica-northeast2-a.c.ece1724-project.internal:46305 (size: 4.9 KiB, free: 128.4 MiB)
24/12/15 05:36:43 INFO SparkContext: Created broadcast 10 from broadcast at DAGScheduler.scala:1540
24/12/15 05:36:43 INFO DAGScheduler: Submitting 2 missing tasks from ResultStage 18 (VertexRDDImpl[41] at RDD at VertexRDD.scala:57) (first 15 tasks are for partitions Vector(1, 2))
24/12/15 05:36:43 INFO TaskSchedulerImpl: Adding task set 18.0 with 2 tasks resource profile 0
24/12/15 05:36:43 INFO TaskSetManager: Starting task 0.0 in stage 18.0 (TID 25) (google-vm1.northamerica-northeast2-a.c.ece1724-project.internal, executor driver, partition 1, NODE_LOCAL, 8878 bytes) 
24/12/15 05:36:43 INFO TaskSetManager: Starting task 1.0 in stage 18.0 (TID 26) (google-vm1.northamerica-northeast2-a.c.ece1724-project.internal, executor driver, partition 2, NODE_LOCAL, 8878 bytes) 
24/12/15 05:36:43 INFO Executor: Running task 0.0 in stage 18.0 (TID 25)
24/12/15 05:36:43 INFO Executor: Running task 1.0 in stage 18.0 (TID 26)
24/12/15 05:36:43 INFO ShuffleBlockFetcherIterator: Getting 1 (18.4 MiB) non-empty blocks including 1 (18.4 MiB) local and 0 (0.0 B) host-local and 0 (0.0 B) push-merged-local and 0 (0.0 B) remote blocks
24/12/15 05:36:43 INFO ShuffleBlockFetcherIterator: Getting 1 (18.4 MiB) non-empty blocks including 1 (18.4 MiB) local and 0 (0.0 B) host-local and 0 (0.0 B) push-merged-local and 0 (0.0 B) remote blocks
24/12/15 05:36:43 INFO ShuffleBlockFetcherIterator: Started 0 remote fetches in 1 ms
24/12/15 05:36:43 INFO ShuffleBlockFetcherIterator: Getting 3 (11.3 MiB) non-empty blocks including 3 (11.3 MiB) local and 0 (0.0 B) host-local and 0 (0.0 B) push-merged-local and 0 (0.0 B) remote blocks
24/12/15 05:36:43 INFO ShuffleBlockFetcherIterator: Started 0 remote fetches in 2 ms
24/12/15 05:36:43 INFO ShuffleBlockFetcherIterator: Started 0 remote fetches in 1 ms
24/12/15 05:36:43 INFO ShuffleBlockFetcherIterator: Getting 3 (11.3 MiB) non-empty blocks including 3 (11.3 MiB) local and 0 (0.0 B) host-local and 0 (0.0 B) push-merged-local and 0 (0.0 B) remote blocks
24/12/15 05:36:43 INFO ShuffleBlockFetcherIterator: Started 0 remote fetches in 1 ms
24/12/15 05:36:43 INFO BlockManagerInfo: Removed broadcast_9_piece0 on google-vm1.northamerica-northeast2-a.c.ece1724-project.internal:46305 in memory (size: 4.9 KiB, free: 128.4 MiB)
24/12/15 05:36:46 INFO MemoryStore: 1 blocks selected for dropping (138.0 MiB bytes)
24/12/15 05:36:46 INFO BlockManager: Dropping block rdd_32_1 from memory
24/12/15 05:36:46 INFO BlockManagerInfo: Removed rdd_32_1 on google-vm1.northamerica-northeast2-a.c.ece1724-project.internal:46305 in memory (size: 138.0 MiB, free: 266.4 MiB)
24/12/15 05:36:46 INFO MemoryStore: After dropping 1 blocks, free memory is 266.4 MiB
24/12/15 05:36:46 INFO MemoryStore: Block rdd_15_2 stored as values in memory (estimated size 148.8 MiB, free 117.6 MiB)
24/12/15 05:36:46 INFO BlockManagerInfo: Added rdd_15_2 in memory on google-vm1.northamerica-northeast2-a.c.ece1724-project.internal:46305 (size: 148.8 MiB, free: 117.6 MiB)
24/12/15 05:36:46 INFO MemoryStore: 1 blocks selected for dropping (129.4 MiB bytes)
24/12/15 05:36:46 INFO BlockManager: Dropping block rdd_18_0 from memory
24/12/15 05:36:46 INFO BlockManagerInfo: Removed rdd_18_0 on google-vm1.northamerica-northeast2-a.c.ece1724-project.internal:46305 in memory (size: 129.4 MiB, free: 246.9 MiB)
24/12/15 05:36:46 INFO MemoryStore: After dropping 1 blocks, free memory is 246.9 MiB
24/12/15 05:36:46 INFO MemoryStore: Block rdd_22_2 stored as values in memory (estimated size 79.7 MiB, free 167.3 MiB)
24/12/15 05:36:46 INFO BlockManagerInfo: Added rdd_22_2 in memory on google-vm1.northamerica-northeast2-a.c.ece1724-project.internal:46305 (size: 79.7 MiB, free: 167.3 MiB)
24/12/15 05:36:46 INFO MemoryStore: 1 blocks selected for dropping (138.0 MiB bytes)
24/12/15 05:36:46 INFO BlockManager: Dropping block rdd_24_0 from memory
24/12/15 05:36:46 INFO BlockManagerInfo: Removed rdd_24_0 on google-vm1.northamerica-northeast2-a.c.ece1724-project.internal:46305 in memory (size: 138.0 MiB, free: 305.2 MiB)
24/12/15 05:36:46 INFO MemoryStore: After dropping 1 blocks, free memory is 305.2 MiB
24/12/15 05:36:46 INFO MemoryStore: Block rdd_15_1 stored as values in memory (estimated size 137.6 MiB, free 167.6 MiB)
24/12/15 05:36:46 INFO BlockManagerInfo: Added rdd_15_1 in memory on google-vm1.northamerica-northeast2-a.c.ece1724-project.internal:46305 (size: 137.6 MiB, free: 167.6 MiB)
24/12/15 05:36:46 INFO MemoryStore: Block rdd_26_2 stored as values in memory (estimated size 79.7 MiB, free 87.9 MiB)
24/12/15 05:36:46 INFO BlockManagerInfo: Added rdd_26_2 in memory on google-vm1.northamerica-northeast2-a.c.ece1724-project.internal:46305 (size: 79.7 MiB, free: 87.9 MiB)
24/12/15 05:36:46 INFO ShuffleBlockFetcherIterator: Getting 0 (0.0 B) non-empty blocks including 0 (0.0 B) local and 0 (0.0 B) host-local and 0 (0.0 B) push-merged-local and 0 (0.0 B) remote blocks
24/12/15 05:36:46 INFO ShuffleBlockFetcherIterator: Started 0 remote fetches in 0 ms
24/12/15 05:36:46 INFO MemoryStore: 1 blocks selected for dropping (138.0 MiB bytes)
24/12/15 05:36:46 INFO BlockManager: Dropping block rdd_32_0 from memory
24/12/15 05:36:46 INFO BlockManagerInfo: Removed rdd_32_0 on google-vm1.northamerica-northeast2-a.c.ece1724-project.internal:46305 in memory (size: 138.0 MiB, free: 225.9 MiB)
24/12/15 05:36:46 INFO MemoryStore: After dropping 1 blocks, free memory is 225.9 MiB
24/12/15 05:36:46 INFO MemoryStore: Block rdd_40_2 stored as values in memory (estimated size 80.2 MiB, free 145.7 MiB)
24/12/15 05:36:46 INFO BlockManagerInfo: Added rdd_40_2 in memory on google-vm1.northamerica-northeast2-a.c.ece1724-project.internal:46305 (size: 80.2 MiB, free: 145.7 MiB)
24/12/15 05:36:46 INFO Executor: 1 block locks were not released by task 1.0 in stage 18.0 (TID 26)
[rdd_40_2]
24/12/15 05:36:46 INFO Executor: Finished task 1.0 in stage 18.0 (TID 26). 1619 bytes result sent to driver
24/12/15 05:36:46 INFO MemoryStore: Block rdd_22_1 stored as values in memory (estimated size 79.7 MiB, free 66.0 MiB)
24/12/15 05:36:46 INFO TaskSetManager: Finished task 1.0 in stage 18.0 (TID 26) in 3662 ms on google-vm1.northamerica-northeast2-a.c.ece1724-project.internal (executor driver) (1/2)
24/12/15 05:36:46 INFO BlockManagerInfo: Added rdd_22_1 in memory on google-vm1.northamerica-northeast2-a.c.ece1724-project.internal:46305 (size: 79.7 MiB, free: 66.1 MiB)
24/12/15 05:36:46 INFO MemoryStore: 1 blocks selected for dropping (137.6 MiB bytes)
24/12/15 05:36:46 INFO BlockManager: Dropping block rdd_15_0 from memory
24/12/15 05:36:46 INFO BlockManagerInfo: Removed rdd_15_0 on google-vm1.northamerica-northeast2-a.c.ece1724-project.internal:46305 in memory (size: 137.6 MiB, free: 203.7 MiB)
24/12/15 05:36:46 INFO MemoryStore: After dropping 1 blocks, free memory is 203.6 MiB
24/12/15 05:36:46 INFO MemoryStore: Block rdd_26_1 stored as values in memory (estimated size 79.7 MiB, free 124.0 MiB)
24/12/15 05:36:46 INFO BlockManagerInfo: Added rdd_26_1 in memory on google-vm1.northamerica-northeast2-a.c.ece1724-project.internal:46305 (size: 79.7 MiB, free: 124.0 MiB)
24/12/15 05:36:46 INFO ShuffleBlockFetcherIterator: Getting 0 (0.0 B) non-empty blocks including 0 (0.0 B) local and 0 (0.0 B) host-local and 0 (0.0 B) push-merged-local and 0 (0.0 B) remote blocks
24/12/15 05:36:46 INFO ShuffleBlockFetcherIterator: Started 0 remote fetches in 1 ms
24/12/15 05:36:46 INFO MemoryStore: Block rdd_40_1 stored as values in memory (estimated size 80.2 MiB, free 43.8 MiB)
24/12/15 05:36:46 INFO BlockManagerInfo: Added rdd_40_1 in memory on google-vm1.northamerica-northeast2-a.c.ece1724-project.internal:46305 (size: 80.2 MiB, free: 43.8 MiB)
24/12/15 05:36:46 INFO Executor: 1 block locks were not released by task 0.0 in stage 18.0 (TID 25)
[rdd_40_1]
24/12/15 05:36:46 INFO Executor: Finished task 0.0 in stage 18.0 (TID 25). 1619 bytes result sent to driver
24/12/15 05:36:46 INFO TaskSetManager: Finished task 0.0 in stage 18.0 (TID 25) in 3751 ms on google-vm1.northamerica-northeast2-a.c.ece1724-project.internal (executor driver) (2/2)
24/12/15 05:36:46 INFO TaskSchedulerImpl: Removed TaskSet 18.0, whose tasks have all completed, from pool 
24/12/15 05:36:46 INFO DAGScheduler: ResultStage 18 (isEmpty at Pregel.scala:140) finished in 3.760 s
24/12/15 05:36:46 INFO DAGScheduler: Job 3 is finished. Cancelling potential speculative or zombie tasks for this job
24/12/15 05:36:46 INFO TaskSchedulerImpl: Killing all running tasks in stage 18: Stage finished
24/12/15 05:36:46 INFO DAGScheduler: Job 3 finished: isEmpty at Pregel.scala:140, took 3.777470 s
24/12/15 05:36:46 INFO ZippedPartitionsRDD2: Removing RDD 40 from persistence list
Vertices reachable from source vertex 1:
24/12/15 05:36:46 INFO BlockManager: Removing RDD 40
24/12/15 05:36:46 INFO SparkContext: Starting job: collect at graphxTwitterBFS.scala:68
24/12/15 05:36:46 INFO DAGScheduler: Got job 4 (collect at graphxTwitterBFS.scala:68) with 3 output partitions
24/12/15 05:36:46 INFO DAGScheduler: Final stage: ResultStage 22 (collect at graphxTwitterBFS.scala:68)
24/12/15 05:36:46 INFO DAGScheduler: Parents of final stage: List(ShuffleMapStage 20, ShuffleMapStage 21)
24/12/15 05:36:46 INFO DAGScheduler: Missing parents: List()
24/12/15 05:36:46 INFO DAGScheduler: Submitting ResultStage 22 (VertexRDDImpl[43] at RDD at VertexRDD.scala:57), which has no missing parents
24/12/15 05:36:46 INFO MemoryStore: Block broadcast_11 stored as values in memory (estimated size 10.0 KiB, free 284.3 MiB)
24/12/15 05:36:46 INFO MemoryStore: Block broadcast_11_piece0 stored as bytes in memory (estimated size 4.8 KiB, free 284.3 MiB)
24/12/15 05:36:46 INFO BlockManagerInfo: Added broadcast_11_piece0 in memory on google-vm1.northamerica-northeast2-a.c.ece1724-project.internal:46305 (size: 4.8 KiB, free: 284.3 MiB)
24/12/15 05:36:46 INFO SparkContext: Created broadcast 11 from broadcast at DAGScheduler.scala:1540
24/12/15 05:36:46 INFO DAGScheduler: Submitting 3 missing tasks from ResultStage 22 (VertexRDDImpl[43] at RDD at VertexRDD.scala:57) (first 15 tasks are for partitions Vector(0, 1, 2))
24/12/15 05:36:46 INFO TaskSchedulerImpl: Adding task set 22.0 with 3 tasks resource profile 0
24/12/15 05:36:46 INFO TaskSetManager: Starting task 0.0 in stage 22.0 (TID 27) (google-vm1.northamerica-northeast2-a.c.ece1724-project.internal, executor driver, partition 0, PROCESS_LOCAL, 8837 bytes) 
24/12/15 05:36:46 INFO TaskSetManager: Starting task 1.0 in stage 22.0 (TID 28) (google-vm1.northamerica-northeast2-a.c.ece1724-project.internal, executor driver, partition 1, PROCESS_LOCAL, 8837 bytes) 
24/12/15 05:36:46 INFO TaskSetManager: Starting task 2.0 in stage 22.0 (TID 29) (google-vm1.northamerica-northeast2-a.c.ece1724-project.internal, executor driver, partition 2, PROCESS_LOCAL, 8837 bytes) 
24/12/15 05:36:46 INFO Executor: Running task 0.0 in stage 22.0 (TID 27)
24/12/15 05:36:46 INFO Executor: Running task 1.0 in stage 22.0 (TID 28)
24/12/15 05:36:46 INFO Executor: Running task 2.0 in stage 22.0 (TID 29)
24/12/15 05:36:46 INFO BlockManager: Found block rdd_26_0 locally
24/12/15 05:36:46 INFO BlockManager: Found block rdd_26_2 locally
24/12/15 05:36:46 INFO BlockManager: Found block rdd_26_1 locally
24/12/15 05:36:47 INFO Executor: 1 block locks were not released by task 0.0 in stage 22.0 (TID 27)
[rdd_26_0]
24/12/15 05:36:47 INFO Executor: Finished task 0.0 in stage 22.0 (TID 27). 1017 bytes result sent to driver
24/12/15 05:36:47 INFO TaskSetManager: Finished task 0.0 in stage 22.0 (TID 27) in 773 ms on google-vm1.northamerica-northeast2-a.c.ece1724-project.internal (executor driver) (1/3)
24/12/15 05:36:47 INFO Executor: 1 block locks were not released by task 1.0 in stage 22.0 (TID 28)
[rdd_26_1]
24/12/15 05:36:47 INFO Executor: Finished task 1.0 in stage 22.0 (TID 28). 974 bytes result sent to driver
24/12/15 05:36:47 INFO TaskSetManager: Finished task 1.0 in stage 22.0 (TID 28) in 779 ms on google-vm1.northamerica-northeast2-a.c.ece1724-project.internal (executor driver) (2/3)
24/12/15 05:36:47 INFO Executor: 1 block locks were not released by task 2.0 in stage 22.0 (TID 29)
[rdd_26_2]
24/12/15 05:36:47 INFO Executor: Finished task 2.0 in stage 22.0 (TID 29). 974 bytes result sent to driver
24/12/15 05:36:47 INFO TaskSetManager: Finished task 2.0 in stage 22.0 (TID 29) in 812 ms on google-vm1.northamerica-northeast2-a.c.ece1724-project.internal (executor driver) (3/3)
24/12/15 05:36:47 INFO TaskSchedulerImpl: Removed TaskSet 22.0, whose tasks have all completed, from pool 
24/12/15 05:36:47 INFO DAGScheduler: ResultStage 22 (collect at graphxTwitterBFS.scala:68) finished in 0.822 s
24/12/15 05:36:47 INFO DAGScheduler: Job 4 is finished. Cancelling potential speculative or zombie tasks for this job
24/12/15 05:36:47 INFO TaskSchedulerImpl: Killing all running tasks in stage 22: Stage finished
24/12/15 05:36:47 INFO DAGScheduler: Job 4 finished: collect at graphxTwitterBFS.scala:68, took 0.830447 s
24/12/15 05:36:47 INFO SparkContext: SparkContext is stopping with exitCode 0.
24/12/15 05:36:47 INFO SparkUI: Stopped Spark web UI at http://google-vm1.northamerica-northeast2-a.c.ece1724-project.internal:4040
24/12/15 05:36:47 INFO MapOutputTrackerMasterEndpoint: MapOutputTrackerMasterEndpoint stopped!
24/12/15 05:36:47 INFO MemoryStore: MemoryStore cleared
24/12/15 05:36:47 INFO BlockManager: BlockManager stopped
24/12/15 05:36:47 INFO BlockManagerMaster: BlockManagerMaster stopped
24/12/15 05:36:47 INFO OutputCommitCoordinator$OutputCommitCoordinatorEndpoint: OutputCommitCoordinator stopped!
24/12/15 05:36:47 INFO SparkContext: Successfully stopped SparkContext
24/12/15 05:36:47 INFO ShutdownHookManager: Shutdown hook called
24/12/15 05:36:47 INFO ShutdownHookManager: Deleting directory /tmp/spark-cbe81728-72bf-4c49-9033-4607a1ff45da
24/12/15 05:36:47 INFO ShutdownHookManager: Deleting directory /tmp/spark-b1f162a0-bbde-43b2-9ace-1507cca1087e
Execution Time: 79 seconds
Throughput: 101388649.73 bytes/second
