:: loading settings :: url = jar:file:/opt/spark/jars/ivy-2.5.1.jar!/org/apache/ivy/core/settings/ivysettings.xml
Ivy Default Cache set to: /home/zengyuyang1999/.ivy2/cache
The jars for the packages stored in: /home/zengyuyang1999/.ivy2/jars
org.apache.spark#spark-graphx_2.12 added as a dependency
graphframes#graphframes added as a dependency
:: resolving dependencies :: org.apache.spark#spark-submit-parent-4d98fb09-7fb4-4744-a1dc-fd83030f453c;1.0
	confs: [default]
	found graphframes#graphframes;0.8.3-spark3.4-s_2.12 in spark-packages
	found org.slf4j#slf4j-api;1.7.16 in central
:: resolution report :: resolve 217ms :: artifacts dl 10ms
	:: modules in use:
	graphframes#graphframes;0.8.3-spark3.4-s_2.12 from spark-packages in [default]
	org.slf4j#slf4j-api;1.7.16 from central in [default]
	---------------------------------------------------------------------
	|                  |            modules            ||   artifacts   |
	|       conf       | number| search|dwnlded|evicted|| number|dwnlded|
	---------------------------------------------------------------------
	|      default     |   2   |   0   |   0   |   0   ||   2   |   0   |
	---------------------------------------------------------------------
:: retrieving :: org.apache.spark#spark-submit-parent-4d98fb09-7fb4-4744-a1dc-fd83030f453c
	confs: [default]
	0 artifacts copied, 2 already retrieved (0kB/8ms)
24/12/15 05:34:43 WARN NativeCodeLoader: Unable to load native-hadoop library for your platform... using builtin-java classes where applicable
24/12/15 05:34:43 INFO SparkContext: Running Spark version 3.4.4
24/12/15 05:34:43 INFO ResourceUtils: ==============================================================
24/12/15 05:34:43 INFO ResourceUtils: No custom resources configured for spark.driver.
24/12/15 05:34:43 INFO ResourceUtils: ==============================================================
24/12/15 05:34:43 INFO SparkContext: Submitted application: TwitterGraphBFS
24/12/15 05:34:43 INFO ResourceProfile: Default ResourceProfile created, executor resources: Map(cores -> name: cores, amount: 1, script: , vendor: , memory -> name: memory, amount: 1024, script: , vendor: , offHeap -> name: offHeap, amount: 0, script: , vendor: ), task resources: Map(cpus -> name: cpus, amount: 1.0)
24/12/15 05:34:43 INFO ResourceProfile: Limiting resource is cpu
24/12/15 05:34:43 INFO ResourceProfileManager: Added ResourceProfile id: 0
24/12/15 05:34:43 INFO SecurityManager: Changing view acls to: zengyuyang1999
24/12/15 05:34:43 INFO SecurityManager: Changing modify acls to: zengyuyang1999
24/12/15 05:34:43 INFO SecurityManager: Changing view acls groups to: 
24/12/15 05:34:43 INFO SecurityManager: Changing modify acls groups to: 
24/12/15 05:34:43 INFO SecurityManager: SecurityManager: authentication disabled; ui acls disabled; users with view permissions: zengyuyang1999; groups with view permissions: EMPTY; users with modify permissions: zengyuyang1999; groups with modify permissions: EMPTY
24/12/15 05:34:44 INFO Utils: Successfully started service 'sparkDriver' on port 41775.
24/12/15 05:34:44 INFO SparkEnv: Registering MapOutputTracker
24/12/15 05:34:44 INFO SparkEnv: Registering BlockManagerMaster
24/12/15 05:34:44 INFO BlockManagerMasterEndpoint: Using org.apache.spark.storage.DefaultTopologyMapper for getting topology information
24/12/15 05:34:44 INFO BlockManagerMasterEndpoint: BlockManagerMasterEndpoint up
24/12/15 05:34:44 INFO SparkEnv: Registering BlockManagerMasterHeartbeat
24/12/15 05:34:44 INFO DiskBlockManager: Created local directory at /tmp/blockmgr-0ad6c08c-ea75-4033-909e-8fbe55f08c21
24/12/15 05:34:44 INFO MemoryStore: MemoryStore started with capacity 1048.8 MiB
24/12/15 05:34:44 INFO SparkEnv: Registering OutputCommitCoordinator
24/12/15 05:34:44 INFO JettyUtils: Start Jetty 0.0.0.0:4040 for SparkUI
24/12/15 05:34:44 INFO Utils: Successfully started service 'SparkUI' on port 4040.
24/12/15 05:34:44 INFO SparkContext: Added JAR file:///home/zengyuyang1999/.ivy2/jars/graphframes_graphframes-0.8.3-spark3.4-s_2.12.jar at spark://google-vm1.northamerica-northeast2-a.c.ece1724-project.internal:41775/jars/graphframes_graphframes-0.8.3-spark3.4-s_2.12.jar with timestamp 1734240883587
24/12/15 05:34:44 INFO SparkContext: Added JAR file:///home/zengyuyang1999/.ivy2/jars/org.slf4j_slf4j-api-1.7.16.jar at spark://google-vm1.northamerica-northeast2-a.c.ece1724-project.internal:41775/jars/org.slf4j_slf4j-api-1.7.16.jar with timestamp 1734240883587
24/12/15 05:34:44 INFO SparkContext: Added JAR file:/home/zengyuyang1999/ece1724-group-project-f24/ece1724-project/graphxTwitterBFS.jar at spark://google-vm1.northamerica-northeast2-a.c.ece1724-project.internal:41775/jars/graphxTwitterBFS.jar with timestamp 1734240883587
24/12/15 05:34:44 INFO Executor: Starting executor ID driver on host google-vm1.northamerica-northeast2-a.c.ece1724-project.internal
24/12/15 05:34:44 INFO Executor: Starting executor with user classpath (userClassPathFirst = false): ''
24/12/15 05:34:44 INFO Executor: Fetching spark://google-vm1.northamerica-northeast2-a.c.ece1724-project.internal:41775/jars/graphframes_graphframes-0.8.3-spark3.4-s_2.12.jar with timestamp 1734240883587
24/12/15 05:34:45 INFO TransportClientFactory: Successfully created connection to google-vm1.northamerica-northeast2-a.c.ece1724-project.internal/10.188.0.2:41775 after 49 ms (0 ms spent in bootstraps)
24/12/15 05:34:45 INFO Utils: Fetching spark://google-vm1.northamerica-northeast2-a.c.ece1724-project.internal:41775/jars/graphframes_graphframes-0.8.3-spark3.4-s_2.12.jar to /tmp/spark-1b36a5dc-71ee-451e-b97c-2419f8138e18/userFiles-4d079312-a8c8-44f5-9e87-f0d8c29645fa/fetchFileTemp6744738418510298728.tmp
24/12/15 05:34:45 INFO Executor: Adding file:/tmp/spark-1b36a5dc-71ee-451e-b97c-2419f8138e18/userFiles-4d079312-a8c8-44f5-9e87-f0d8c29645fa/graphframes_graphframes-0.8.3-spark3.4-s_2.12.jar to class loader
24/12/15 05:34:45 INFO Executor: Fetching spark://google-vm1.northamerica-northeast2-a.c.ece1724-project.internal:41775/jars/graphxTwitterBFS.jar with timestamp 1734240883587
24/12/15 05:34:45 INFO Utils: Fetching spark://google-vm1.northamerica-northeast2-a.c.ece1724-project.internal:41775/jars/graphxTwitterBFS.jar to /tmp/spark-1b36a5dc-71ee-451e-b97c-2419f8138e18/userFiles-4d079312-a8c8-44f5-9e87-f0d8c29645fa/fetchFileTemp15959040384188476218.tmp
24/12/15 05:34:45 INFO Executor: Adding file:/tmp/spark-1b36a5dc-71ee-451e-b97c-2419f8138e18/userFiles-4d079312-a8c8-44f5-9e87-f0d8c29645fa/graphxTwitterBFS.jar to class loader
24/12/15 05:34:45 INFO Executor: Fetching spark://google-vm1.northamerica-northeast2-a.c.ece1724-project.internal:41775/jars/org.slf4j_slf4j-api-1.7.16.jar with timestamp 1734240883587
24/12/15 05:34:45 INFO Utils: Fetching spark://google-vm1.northamerica-northeast2-a.c.ece1724-project.internal:41775/jars/org.slf4j_slf4j-api-1.7.16.jar to /tmp/spark-1b36a5dc-71ee-451e-b97c-2419f8138e18/userFiles-4d079312-a8c8-44f5-9e87-f0d8c29645fa/fetchFileTemp16265953110992045891.tmp
24/12/15 05:34:45 INFO Executor: Adding file:/tmp/spark-1b36a5dc-71ee-451e-b97c-2419f8138e18/userFiles-4d079312-a8c8-44f5-9e87-f0d8c29645fa/org.slf4j_slf4j-api-1.7.16.jar to class loader
24/12/15 05:34:45 INFO Utils: Successfully started service 'org.apache.spark.network.netty.NettyBlockTransferService' on port 42837.
24/12/15 05:34:45 INFO NettyBlockTransferService: Server created on google-vm1.northamerica-northeast2-a.c.ece1724-project.internal:42837
24/12/15 05:34:45 INFO BlockManager: Using org.apache.spark.storage.RandomBlockReplicationPolicy for block replication policy
24/12/15 05:34:45 INFO BlockManagerMaster: Registering BlockManager BlockManagerId(driver, google-vm1.northamerica-northeast2-a.c.ece1724-project.internal, 42837, None)
24/12/15 05:34:45 INFO BlockManagerMasterEndpoint: Registering block manager google-vm1.northamerica-northeast2-a.c.ece1724-project.internal:42837 with 1048.8 MiB RAM, BlockManagerId(driver, google-vm1.northamerica-northeast2-a.c.ece1724-project.internal, 42837, None)
24/12/15 05:34:45 INFO BlockManagerMaster: Registered BlockManager BlockManagerId(driver, google-vm1.northamerica-northeast2-a.c.ece1724-project.internal, 42837, None)
24/12/15 05:34:45 INFO BlockManager: Initialized BlockManager: BlockManagerId(driver, google-vm1.northamerica-northeast2-a.c.ece1724-project.internal, 42837, None)
24/12/15 05:34:46 INFO MemoryStore: Block broadcast_0 stored as values in memory (estimated size 221.5 KiB, free 1048.6 MiB)
24/12/15 05:34:46 INFO MemoryStore: Block broadcast_0_piece0 stored as bytes in memory (estimated size 32.7 KiB, free 1048.6 MiB)
24/12/15 05:34:46 INFO BlockManagerInfo: Added broadcast_0_piece0 in memory on google-vm1.northamerica-northeast2-a.c.ece1724-project.internal:42837 (size: 32.7 KiB, free: 1048.8 MiB)
24/12/15 05:34:46 INFO SparkContext: Created broadcast 0 from textFile at graphxTwitterBFS.scala:25
24/12/15 05:34:46 INFO FileInputFormat: Total input files to process : 1
24/12/15 05:34:47 INFO SparkContext: Starting job: fold at VertexRDDImpl.scala:90
24/12/15 05:34:47 INFO DAGScheduler: Registering RDD 12 (mapPartitions at VertexRDD.scala:356) as input to shuffle 1
24/12/15 05:34:47 INFO DAGScheduler: Registering RDD 4 (distinct at graphxTwitterBFS.scala:34) as input to shuffle 2
24/12/15 05:34:47 INFO DAGScheduler: Registering RDD 7 (map at graphxTwitterBFS.scala:36) as input to shuffle 0
24/12/15 05:34:47 INFO DAGScheduler: Got job 0 (fold at VertexRDDImpl.scala:90) with 2 output partitions
24/12/15 05:34:47 INFO DAGScheduler: Final stage: ResultStage 3 (fold at VertexRDDImpl.scala:90)
24/12/15 05:34:47 INFO DAGScheduler: Parents of final stage: List(ShuffleMapStage 0, ShuffleMapStage 2)
24/12/15 05:34:47 INFO DAGScheduler: Missing parents: List(ShuffleMapStage 0, ShuffleMapStage 2)
24/12/15 05:34:47 INFO DAGScheduler: Submitting ShuffleMapStage 0 (VertexRDD.createRoutingTables - vid2pid (aggregation) MapPartitionsRDD[12] at mapPartitions at VertexRDD.scala:356), which has no missing parents
24/12/15 05:34:47 INFO MemoryStore: Block broadcast_1 stored as values in memory (estimated size 7.6 KiB, free 1048.5 MiB)
24/12/15 05:34:47 INFO MemoryStore: Block broadcast_1_piece0 stored as bytes in memory (estimated size 4.2 KiB, free 1048.5 MiB)
24/12/15 05:34:47 INFO BlockManagerInfo: Added broadcast_1_piece0 in memory on google-vm1.northamerica-northeast2-a.c.ece1724-project.internal:42837 (size: 4.2 KiB, free: 1048.8 MiB)
24/12/15 05:34:47 INFO SparkContext: Created broadcast 1 from broadcast at DAGScheduler.scala:1540
24/12/15 05:34:47 INFO DAGScheduler: Submitting 2 missing tasks from ShuffleMapStage 0 (VertexRDD.createRoutingTables - vid2pid (aggregation) MapPartitionsRDD[12] at mapPartitions at VertexRDD.scala:356) (first 15 tasks are for partitions Vector(0, 1))
24/12/15 05:34:47 INFO TaskSchedulerImpl: Adding task set 0.0 with 2 tasks resource profile 0
24/12/15 05:34:47 INFO DAGScheduler: Submitting ShuffleMapStage 1 (MapPartitionsRDD[4] at distinct at graphxTwitterBFS.scala:34), which has no missing parents
24/12/15 05:34:47 INFO MemoryStore: Block broadcast_2 stored as values in memory (estimated size 7.5 KiB, free 1048.5 MiB)
24/12/15 05:34:47 INFO MemoryStore: Block broadcast_2_piece0 stored as bytes in memory (estimated size 4.3 KiB, free 1048.5 MiB)
24/12/15 05:34:47 INFO BlockManagerInfo: Added broadcast_2_piece0 in memory on google-vm1.northamerica-northeast2-a.c.ece1724-project.internal:42837 (size: 4.3 KiB, free: 1048.8 MiB)
24/12/15 05:34:47 INFO SparkContext: Created broadcast 2 from broadcast at DAGScheduler.scala:1540
24/12/15 05:34:47 INFO DAGScheduler: Submitting 2 missing tasks from ShuffleMapStage 1 (MapPartitionsRDD[4] at distinct at graphxTwitterBFS.scala:34) (first 15 tasks are for partitions Vector(0, 1))
24/12/15 05:34:47 INFO TaskSchedulerImpl: Adding task set 1.0 with 2 tasks resource profile 0
24/12/15 05:34:47 INFO TaskSetManager: Starting task 0.0 in stage 0.0 (TID 0) (google-vm1.northamerica-northeast2-a.c.ece1724-project.internal, executor driver, partition 0, PROCESS_LOCAL, 8845 bytes) 
24/12/15 05:34:47 INFO TaskSetManager: Starting task 1.0 in stage 0.0 (TID 1) (google-vm1.northamerica-northeast2-a.c.ece1724-project.internal, executor driver, partition 1, PROCESS_LOCAL, 8845 bytes) 
24/12/15 05:34:47 INFO TaskSetManager: Starting task 0.0 in stage 1.0 (TID 2) (google-vm1.northamerica-northeast2-a.c.ece1724-project.internal, executor driver, partition 0, PROCESS_LOCAL, 8845 bytes) 
24/12/15 05:34:47 INFO TaskSetManager: Starting task 1.0 in stage 1.0 (TID 3) (google-vm1.northamerica-northeast2-a.c.ece1724-project.internal, executor driver, partition 1, PROCESS_LOCAL, 8845 bytes) 
24/12/15 05:34:47 INFO Executor: Running task 1.0 in stage 1.0 (TID 3)
24/12/15 05:34:47 INFO Executor: Running task 0.0 in stage 0.0 (TID 0)
24/12/15 05:34:47 INFO Executor: Running task 0.0 in stage 1.0 (TID 2)
24/12/15 05:34:47 INFO Executor: Running task 1.0 in stage 0.0 (TID 1)
24/12/15 05:34:47 INFO HadoopRDD: Input split: file:/home/zengyuyang1999/ece1724-group-project-f24/ece1724-project/data/twitter-2010-10k.txt:0+84221
24/12/15 05:34:47 INFO HadoopRDD: Input split: file:/home/zengyuyang1999/ece1724-group-project-f24/ece1724-project/data/twitter-2010-10k.txt:0+84221
24/12/15 05:34:48 INFO HadoopRDD: Input split: file:/home/zengyuyang1999/ece1724-group-project-f24/ece1724-project/data/twitter-2010-10k.txt:84221+84222
24/12/15 05:34:48 INFO HadoopRDD: Input split: file:/home/zengyuyang1999/ece1724-group-project-f24/ece1724-project/data/twitter-2010-10k.txt:84221+84222
24/12/15 05:34:48 INFO Executor: Finished task 1.0 in stage 0.0 (TID 1). 1225 bytes result sent to driver
24/12/15 05:34:48 INFO Executor: Finished task 0.0 in stage 0.0 (TID 0). 1225 bytes result sent to driver
24/12/15 05:34:48 INFO TaskSetManager: Finished task 1.0 in stage 0.0 (TID 1) in 907 ms on google-vm1.northamerica-northeast2-a.c.ece1724-project.internal (executor driver) (1/2)
24/12/15 05:34:48 INFO Executor: Finished task 1.0 in stage 1.0 (TID 3). 1354 bytes result sent to driver
24/12/15 05:34:48 INFO TaskSetManager: Finished task 0.0 in stage 0.0 (TID 0) in 933 ms on google-vm1.northamerica-northeast2-a.c.ece1724-project.internal (executor driver) (2/2)
24/12/15 05:34:48 INFO TaskSchedulerImpl: Removed TaskSet 0.0, whose tasks have all completed, from pool 
24/12/15 05:34:48 INFO Executor: Finished task 0.0 in stage 1.0 (TID 2). 1354 bytes result sent to driver
24/12/15 05:34:48 INFO DAGScheduler: ShuffleMapStage 0 (mapPartitions at VertexRDD.scala:356) finished in 1.171 s
24/12/15 05:34:48 INFO DAGScheduler: looking for newly runnable stages
24/12/15 05:34:48 INFO DAGScheduler: running: Set(ShuffleMapStage 1)
24/12/15 05:34:48 INFO DAGScheduler: waiting: Set(ShuffleMapStage 2, ResultStage 3)
24/12/15 05:34:48 INFO DAGScheduler: failed: Set()
24/12/15 05:34:48 INFO TaskSetManager: Finished task 0.0 in stage 1.0 (TID 2) in 914 ms on google-vm1.northamerica-northeast2-a.c.ece1724-project.internal (executor driver) (1/2)
24/12/15 05:34:48 INFO TaskSetManager: Finished task 1.0 in stage 1.0 (TID 3) in 914 ms on google-vm1.northamerica-northeast2-a.c.ece1724-project.internal (executor driver) (2/2)
24/12/15 05:34:48 INFO TaskSchedulerImpl: Removed TaskSet 1.0, whose tasks have all completed, from pool 
24/12/15 05:34:48 INFO DAGScheduler: ShuffleMapStage 1 (distinct at graphxTwitterBFS.scala:34) finished in 0.989 s
24/12/15 05:34:48 INFO DAGScheduler: looking for newly runnable stages
24/12/15 05:34:48 INFO DAGScheduler: running: Set()
24/12/15 05:34:48 INFO DAGScheduler: waiting: Set(ShuffleMapStage 2, ResultStage 3)
24/12/15 05:34:48 INFO DAGScheduler: failed: Set()
24/12/15 05:34:48 INFO DAGScheduler: Submitting ShuffleMapStage 2 (MapPartitionsRDD[7] at map at graphxTwitterBFS.scala:36), which has no missing parents
24/12/15 05:34:48 INFO MemoryStore: Block broadcast_3 stored as values in memory (estimated size 6.3 KiB, free 1048.5 MiB)
24/12/15 05:34:48 INFO MemoryStore: Block broadcast_3_piece0 stored as bytes in memory (estimated size 3.5 KiB, free 1048.5 MiB)
24/12/15 05:34:48 INFO BlockManagerInfo: Added broadcast_3_piece0 in memory on google-vm1.northamerica-northeast2-a.c.ece1724-project.internal:42837 (size: 3.5 KiB, free: 1048.8 MiB)
24/12/15 05:34:48 INFO SparkContext: Created broadcast 3 from broadcast at DAGScheduler.scala:1540
24/12/15 05:34:48 INFO DAGScheduler: Submitting 2 missing tasks from ShuffleMapStage 2 (MapPartitionsRDD[7] at map at graphxTwitterBFS.scala:36) (first 15 tasks are for partitions Vector(0, 1))
24/12/15 05:34:48 INFO TaskSchedulerImpl: Adding task set 2.0 with 2 tasks resource profile 0
24/12/15 05:34:48 INFO TaskSetManager: Starting task 0.0 in stage 2.0 (TID 4) (google-vm1.northamerica-northeast2-a.c.ece1724-project.internal, executor driver, partition 0, NODE_LOCAL, 8554 bytes) 
24/12/15 05:34:48 INFO TaskSetManager: Starting task 1.0 in stage 2.0 (TID 5) (google-vm1.northamerica-northeast2-a.c.ece1724-project.internal, executor driver, partition 1, NODE_LOCAL, 8554 bytes) 
24/12/15 05:34:48 INFO Executor: Running task 1.0 in stage 2.0 (TID 5)
24/12/15 05:34:48 INFO Executor: Running task 0.0 in stage 2.0 (TID 4)
24/12/15 05:34:48 INFO ShuffleBlockFetcherIterator: Getting 2 (43.3 KiB) non-empty blocks including 2 (43.3 KiB) local and 0 (0.0 B) host-local and 0 (0.0 B) push-merged-local and 0 (0.0 B) remote blocks
24/12/15 05:34:48 INFO ShuffleBlockFetcherIterator: Started 0 remote fetches in 26 ms
24/12/15 05:34:48 INFO ShuffleBlockFetcherIterator: Getting 2 (43.3 KiB) non-empty blocks including 2 (43.3 KiB) local and 0 (0.0 B) host-local and 0 (0.0 B) push-merged-local and 0 (0.0 B) remote blocks
24/12/15 05:34:48 INFO ShuffleBlockFetcherIterator: Started 0 remote fetches in 28 ms
24/12/15 05:34:49 INFO Executor: Finished task 1.0 in stage 2.0 (TID 5). 1999 bytes result sent to driver
24/12/15 05:34:49 INFO TaskSetManager: Finished task 1.0 in stage 2.0 (TID 5) in 273 ms on google-vm1.northamerica-northeast2-a.c.ece1724-project.internal (executor driver) (1/2)
24/12/15 05:34:49 INFO Executor: Finished task 0.0 in stage 2.0 (TID 4). 1999 bytes result sent to driver
24/12/15 05:34:49 INFO TaskSetManager: Finished task 0.0 in stage 2.0 (TID 4) in 282 ms on google-vm1.northamerica-northeast2-a.c.ece1724-project.internal (executor driver) (2/2)
24/12/15 05:34:49 INFO TaskSchedulerImpl: Removed TaskSet 2.0, whose tasks have all completed, from pool 
24/12/15 05:34:49 INFO DAGScheduler: ShuffleMapStage 2 (map at graphxTwitterBFS.scala:36) finished in 0.325 s
24/12/15 05:34:49 INFO DAGScheduler: looking for newly runnable stages
24/12/15 05:34:49 INFO DAGScheduler: running: Set()
24/12/15 05:34:49 INFO DAGScheduler: waiting: Set(ResultStage 3)
24/12/15 05:34:49 INFO DAGScheduler: failed: Set()
24/12/15 05:34:49 INFO DAGScheduler: Submitting ResultStage 3 (MapPartitionsRDD[20] at map at VertexRDDImpl.scala:90), which has no missing parents
24/12/15 05:34:49 INFO MemoryStore: Block broadcast_4 stored as values in memory (estimated size 7.8 KiB, free 1048.5 MiB)
24/12/15 05:34:49 INFO MemoryStore: Block broadcast_4_piece0 stored as bytes in memory (estimated size 4.1 KiB, free 1048.5 MiB)
24/12/15 05:34:49 INFO BlockManagerInfo: Added broadcast_4_piece0 in memory on google-vm1.northamerica-northeast2-a.c.ece1724-project.internal:42837 (size: 4.1 KiB, free: 1048.8 MiB)
24/12/15 05:34:49 INFO SparkContext: Created broadcast 4 from broadcast at DAGScheduler.scala:1540
24/12/15 05:34:49 INFO DAGScheduler: Submitting 2 missing tasks from ResultStage 3 (MapPartitionsRDD[20] at map at VertexRDDImpl.scala:90) (first 15 tasks are for partitions Vector(0, 1))
24/12/15 05:34:49 INFO TaskSchedulerImpl: Adding task set 3.0 with 2 tasks resource profile 0
24/12/15 05:34:49 INFO TaskSetManager: Starting task 0.0 in stage 3.0 (TID 6) (google-vm1.northamerica-northeast2-a.c.ece1724-project.internal, executor driver, partition 0, NODE_LOCAL, 8837 bytes) 
24/12/15 05:34:49 INFO TaskSetManager: Starting task 1.0 in stage 3.0 (TID 7) (google-vm1.northamerica-northeast2-a.c.ece1724-project.internal, executor driver, partition 1, NODE_LOCAL, 8837 bytes) 
24/12/15 05:34:49 INFO Executor: Running task 1.0 in stage 3.0 (TID 7)
24/12/15 05:34:49 INFO Executor: Running task 0.0 in stage 3.0 (TID 6)
24/12/15 05:34:49 INFO ShuffleBlockFetcherIterator: Getting 1 (99.6 KiB) non-empty blocks including 1 (99.6 KiB) local and 0 (0.0 B) host-local and 0 (0.0 B) push-merged-local and 0 (0.0 B) remote blocks
24/12/15 05:34:49 INFO ShuffleBlockFetcherIterator: Started 0 remote fetches in 2 ms
24/12/15 05:34:49 INFO ShuffleBlockFetcherIterator: Getting 2 (52.4 KiB) non-empty blocks including 2 (52.4 KiB) local and 0 (0.0 B) host-local and 0 (0.0 B) push-merged-local and 0 (0.0 B) remote blocks
24/12/15 05:34:49 INFO ShuffleBlockFetcherIterator: Started 0 remote fetches in 1 ms
24/12/15 05:34:49 INFO ShuffleBlockFetcherIterator: Getting 1 (99.6 KiB) non-empty blocks including 1 (99.6 KiB) local and 0 (0.0 B) host-local and 0 (0.0 B) push-merged-local and 0 (0.0 B) remote blocks
24/12/15 05:34:49 INFO ShuffleBlockFetcherIterator: Started 0 remote fetches in 5 ms
24/12/15 05:34:49 INFO ShuffleBlockFetcherIterator: Getting 2 (50.1 KiB) non-empty blocks including 2 (50.1 KiB) local and 0 (0.0 B) host-local and 0 (0.0 B) push-merged-local and 0 (0.0 B) remote blocks
24/12/15 05:34:49 INFO ShuffleBlockFetcherIterator: Started 0 remote fetches in 1 ms
24/12/15 05:34:49 INFO MemoryStore: Block rdd_15_0 stored as values in memory (estimated size 736.8 KiB, free 1047.8 MiB)
24/12/15 05:34:49 INFO BlockManagerInfo: Added rdd_15_0 in memory on google-vm1.northamerica-northeast2-a.c.ece1724-project.internal:42837 (size: 736.8 KiB, free: 1048.0 MiB)
24/12/15 05:34:49 INFO MemoryStore: Block rdd_15_1 stored as values in memory (estimated size 718.3 KiB, free 1047.1 MiB)
24/12/15 05:34:49 INFO BlockManagerInfo: Added rdd_15_1 in memory on google-vm1.northamerica-northeast2-a.c.ece1724-project.internal:42837 (size: 718.3 KiB, free: 1047.3 MiB)
24/12/15 05:34:49 INFO Executor: Finished task 0.0 in stage 3.0 (TID 6). 1661 bytes result sent to driver
24/12/15 05:34:49 INFO TaskSetManager: Finished task 0.0 in stage 3.0 (TID 6) in 191 ms on google-vm1.northamerica-northeast2-a.c.ece1724-project.internal (executor driver) (1/2)
24/12/15 05:34:49 INFO Executor: Finished task 1.0 in stage 3.0 (TID 7). 1661 bytes result sent to driver
24/12/15 05:34:49 INFO TaskSetManager: Finished task 1.0 in stage 3.0 (TID 7) in 200 ms on google-vm1.northamerica-northeast2-a.c.ece1724-project.internal (executor driver) (2/2)
24/12/15 05:34:49 INFO TaskSchedulerImpl: Removed TaskSet 3.0, whose tasks have all completed, from pool 
24/12/15 05:34:49 INFO DAGScheduler: ResultStage 3 (fold at VertexRDDImpl.scala:90) finished in 0.236 s
24/12/15 05:34:49 INFO DAGScheduler: Job 0 is finished. Cancelling potential speculative or zombie tasks for this job
24/12/15 05:34:49 INFO TaskSchedulerImpl: Killing all running tasks in stage 3: Stage finished
24/12/15 05:34:49 INFO DAGScheduler: Job 0 finished: fold at VertexRDDImpl.scala:90, took 2.214871 s
Number of vertices: 16835
24/12/15 05:34:49 INFO SparkContext: Starting job: fold at EdgeRDDImpl.scala:90
24/12/15 05:34:49 INFO DAGScheduler: Got job 1 (fold at EdgeRDDImpl.scala:90) with 2 output partitions
24/12/15 05:34:49 INFO DAGScheduler: Final stage: ResultStage 4 (fold at EdgeRDDImpl.scala:90)
24/12/15 05:34:49 INFO DAGScheduler: Parents of final stage: List()
24/12/15 05:34:49 INFO DAGScheduler: Missing parents: List()
24/12/15 05:34:49 INFO DAGScheduler: Submitting ResultStage 4 (MapPartitionsRDD[21] at map at EdgeRDDImpl.scala:90), which has no missing parents
24/12/15 05:34:49 INFO MemoryStore: Block broadcast_5 stored as values in memory (estimated size 7.6 KiB, free 1047.1 MiB)
24/12/15 05:34:49 INFO MemoryStore: Block broadcast_5_piece0 stored as bytes in memory (estimated size 3.8 KiB, free 1047.1 MiB)
24/12/15 05:34:49 INFO BlockManagerInfo: Added broadcast_5_piece0 in memory on google-vm1.northamerica-northeast2-a.c.ece1724-project.internal:42837 (size: 3.8 KiB, free: 1047.3 MiB)
24/12/15 05:34:49 INFO SparkContext: Created broadcast 5 from broadcast at DAGScheduler.scala:1540
24/12/15 05:34:49 INFO DAGScheduler: Submitting 2 missing tasks from ResultStage 4 (MapPartitionsRDD[21] at map at EdgeRDDImpl.scala:90) (first 15 tasks are for partitions Vector(0, 1))
24/12/15 05:34:49 INFO TaskSchedulerImpl: Adding task set 4.0 with 2 tasks resource profile 0
24/12/15 05:34:49 INFO TaskSetManager: Starting task 0.0 in stage 4.0 (TID 8) (google-vm1.northamerica-northeast2-a.c.ece1724-project.internal, executor driver, partition 0, PROCESS_LOCAL, 8856 bytes) 
24/12/15 05:34:49 INFO TaskSetManager: Starting task 1.0 in stage 4.0 (TID 9) (google-vm1.northamerica-northeast2-a.c.ece1724-project.internal, executor driver, partition 1, PROCESS_LOCAL, 8856 bytes) 
24/12/15 05:34:49 INFO Executor: Running task 0.0 in stage 4.0 (TID 8)
24/12/15 05:34:49 INFO Executor: Running task 1.0 in stage 4.0 (TID 9)
24/12/15 05:34:49 INFO HadoopRDD: Input split: file:/home/zengyuyang1999/ece1724-group-project-f24/ece1724-project/data/twitter-2010-10k.txt:0+84221
24/12/15 05:34:49 INFO HadoopRDD: Input split: file:/home/zengyuyang1999/ece1724-group-project-f24/ece1724-project/data/twitter-2010-10k.txt:84221+84222
24/12/15 05:34:49 INFO MemoryStore: Block rdd_18_0 stored as values in memory (estimated size 482.9 KiB, free 1046.6 MiB)
24/12/15 05:34:49 INFO BlockManagerInfo: Added rdd_18_0 in memory on google-vm1.northamerica-northeast2-a.c.ece1724-project.internal:42837 (size: 482.9 KiB, free: 1046.9 MiB)
24/12/15 05:34:49 INFO MemoryStore: Block rdd_18_1 stored as values in memory (estimated size 483.2 KiB, free 1046.1 MiB)
24/12/15 05:34:49 INFO BlockManagerInfo: Added rdd_18_1 in memory on google-vm1.northamerica-northeast2-a.c.ece1724-project.internal:42837 (size: 483.2 KiB, free: 1046.4 MiB)
24/12/15 05:34:49 INFO Executor: Finished task 0.0 in stage 4.0 (TID 8). 1016 bytes result sent to driver
24/12/15 05:34:49 INFO TaskSetManager: Finished task 0.0 in stage 4.0 (TID 8) in 148 ms on google-vm1.northamerica-northeast2-a.c.ece1724-project.internal (executor driver) (1/2)
24/12/15 05:34:49 INFO Executor: Finished task 1.0 in stage 4.0 (TID 9). 1016 bytes result sent to driver
24/12/15 05:34:49 INFO TaskSetManager: Finished task 1.0 in stage 4.0 (TID 9) in 156 ms on google-vm1.northamerica-northeast2-a.c.ece1724-project.internal (executor driver) (2/2)
24/12/15 05:34:49 INFO TaskSchedulerImpl: Removed TaskSet 4.0, whose tasks have all completed, from pool 
24/12/15 05:34:49 INFO DAGScheduler: ResultStage 4 (fold at EdgeRDDImpl.scala:90) finished in 0.180 s
24/12/15 05:34:49 INFO DAGScheduler: Job 1 is finished. Cancelling potential speculative or zombie tasks for this job
24/12/15 05:34:49 INFO TaskSchedulerImpl: Killing all running tasks in stage 4: Stage finished
24/12/15 05:34:49 INFO DAGScheduler: Job 1 finished: fold at EdgeRDDImpl.scala:90, took 0.191291 s
Number of edges: 10000
24/12/15 05:34:49 INFO SparkContext: Starting job: isEmpty at Pregel.scala:140
24/12/15 05:34:49 INFO DAGScheduler: Registering RDD 30 (mapPartitions at VertexRDDImpl.scala:247) as input to shuffle 3
24/12/15 05:34:49 INFO DAGScheduler: Registering RDD 34 (mapPartitions at VertexRDDImpl.scala:247) as input to shuffle 4
24/12/15 05:34:49 INFO DAGScheduler: Registering RDD 38 (mapPartitions at GraphImpl.scala:207) as input to shuffle 5
24/12/15 05:34:49 INFO DAGScheduler: Got job 2 (isEmpty at Pregel.scala:140) with 1 output partitions
24/12/15 05:34:49 INFO DAGScheduler: Final stage: ResultStage 11 (isEmpty at Pregel.scala:140)
24/12/15 05:34:49 INFO DAGScheduler: Parents of final stage: List(ShuffleMapStage 5, ShuffleMapStage 10, ShuffleMapStage 7)
24/12/15 05:34:49 INFO DAGScheduler: Missing parents: List(ShuffleMapStage 10)
24/12/15 05:34:49 INFO DAGScheduler: Submitting ShuffleMapStage 8 (ReplicatedVertexView.updateVertices - shippedVerts false false (broadcast) MapPartitionsRDD[30] at mapPartitions at VertexRDDImpl.scala:247), which has no missing parents
24/12/15 05:34:49 INFO MemoryStore: Block broadcast_6 stored as values in memory (estimated size 9.7 KiB, free 1046.1 MiB)
24/12/15 05:34:49 INFO MemoryStore: Block broadcast_6_piece0 stored as bytes in memory (estimated size 4.8 KiB, free 1046.1 MiB)
24/12/15 05:34:49 INFO BlockManagerInfo: Added broadcast_6_piece0 in memory on google-vm1.northamerica-northeast2-a.c.ece1724-project.internal:42837 (size: 4.8 KiB, free: 1046.4 MiB)
24/12/15 05:34:49 INFO SparkContext: Created broadcast 6 from broadcast at DAGScheduler.scala:1540
24/12/15 05:34:49 INFO DAGScheduler: Submitting 2 missing tasks from ShuffleMapStage 8 (ReplicatedVertexView.updateVertices - shippedVerts false false (broadcast) MapPartitionsRDD[30] at mapPartitions at VertexRDDImpl.scala:247) (first 15 tasks are for partitions Vector(0, 1))
24/12/15 05:34:49 INFO TaskSchedulerImpl: Adding task set 8.0 with 2 tasks resource profile 0
24/12/15 05:34:49 INFO TaskSetManager: Starting task 0.0 in stage 8.0 (TID 10) (google-vm1.northamerica-northeast2-a.c.ece1724-project.internal, executor driver, partition 0, PROCESS_LOCAL, 8858 bytes) 
24/12/15 05:34:49 INFO TaskSetManager: Starting task 1.0 in stage 8.0 (TID 11) (google-vm1.northamerica-northeast2-a.c.ece1724-project.internal, executor driver, partition 1, PROCESS_LOCAL, 8858 bytes) 
24/12/15 05:34:49 INFO Executor: Running task 1.0 in stage 8.0 (TID 11)
24/12/15 05:34:49 INFO Executor: Running task 0.0 in stage 8.0 (TID 10)
24/12/15 05:34:49 INFO DAGScheduler: Submitting ShuffleMapStage 9 (ReplicatedVertexView.upgrade(true, true) - shippedVerts true true (broadcast) MapPartitionsRDD[34] at mapPartitions at VertexRDDImpl.scala:247), which has no missing parents
24/12/15 05:34:49 INFO MemoryStore: Block broadcast_7 stored as values in memory (estimated size 9.4 KiB, free 1046.1 MiB)
24/12/15 05:34:49 INFO MemoryStore: Block broadcast_7_piece0 stored as bytes in memory (estimated size 4.7 KiB, free 1046.1 MiB)
24/12/15 05:34:49 INFO BlockManagerInfo: Added broadcast_7_piece0 in memory on google-vm1.northamerica-northeast2-a.c.ece1724-project.internal:42837 (size: 4.7 KiB, free: 1046.4 MiB)
24/12/15 05:34:49 INFO SparkContext: Created broadcast 7 from broadcast at DAGScheduler.scala:1540
24/12/15 05:34:49 INFO DAGScheduler: Submitting 2 missing tasks from ShuffleMapStage 9 (ReplicatedVertexView.upgrade(true, true) - shippedVerts true true (broadcast) MapPartitionsRDD[34] at mapPartitions at VertexRDDImpl.scala:247) (first 15 tasks are for partitions Vector(0, 1))
24/12/15 05:34:49 INFO TaskSchedulerImpl: Adding task set 9.0 with 2 tasks resource profile 0
24/12/15 05:34:49 INFO TaskSetManager: Starting task 0.0 in stage 9.0 (TID 12) (google-vm1.northamerica-northeast2-a.c.ece1724-project.internal, executor driver, partition 0, PROCESS_LOCAL, 8826 bytes) 
24/12/15 05:34:49 INFO TaskSetManager: Starting task 1.0 in stage 9.0 (TID 13) (google-vm1.northamerica-northeast2-a.c.ece1724-project.internal, executor driver, partition 1, PROCESS_LOCAL, 8826 bytes) 
24/12/15 05:34:49 INFO Executor: Running task 0.0 in stage 9.0 (TID 12)
24/12/15 05:34:49 INFO Executor: Running task 1.0 in stage 9.0 (TID 13)
24/12/15 05:34:49 INFO BlockManager: Found block rdd_15_1 locally
24/12/15 05:34:49 INFO BlockManager: Found block rdd_15_0 locally
24/12/15 05:34:49 INFO MemoryStore: Block rdd_22_0 stored as values in memory (estimated size 328.2 KiB, free 1045.8 MiB)
24/12/15 05:34:49 INFO BlockManagerInfo: Added rdd_22_0 in memory on google-vm1.northamerica-northeast2-a.c.ece1724-project.internal:42837 (size: 328.2 KiB, free: 1046.1 MiB)
24/12/15 05:34:49 INFO BlockManager: Found block rdd_22_0 locally
24/12/15 05:34:49 INFO MemoryStore: Block rdd_22_1 stored as values in memory (estimated size 327.4 KiB, free 1045.5 MiB)
24/12/15 05:34:49 INFO BlockManagerInfo: Added rdd_22_1 in memory on google-vm1.northamerica-northeast2-a.c.ece1724-project.internal:42837 (size: 327.4 KiB, free: 1045.7 MiB)
24/12/15 05:34:49 INFO BlockManager: Found block rdd_22_1 locally
24/12/15 05:34:49 INFO MemoryStore: Block rdd_26_1 stored as values in memory (estimated size 327.4 KiB, free 1045.1 MiB)
24/12/15 05:34:49 INFO BlockManagerInfo: Added rdd_26_1 in memory on google-vm1.northamerica-northeast2-a.c.ece1724-project.internal:42837 (size: 327.4 KiB, free: 1045.4 MiB)
24/12/15 05:34:49 INFO BlockManager: Found block rdd_26_1 locally
24/12/15 05:34:49 INFO MemoryStore: Block rdd_26_0 stored as values in memory (estimated size 328.2 KiB, free 1044.8 MiB)
24/12/15 05:34:49 INFO BlockManagerInfo: Added rdd_26_0 in memory on google-vm1.northamerica-northeast2-a.c.ece1724-project.internal:42837 (size: 328.2 KiB, free: 1045.1 MiB)
24/12/15 05:34:49 INFO BlockManager: Found block rdd_26_0 locally
24/12/15 05:34:49 INFO Executor: 2 block locks were not released by task 0.0 in stage 8.0 (TID 10)
[rdd_22_0, rdd_26_0]
24/12/15 05:34:49 INFO Executor: Finished task 0.0 in stage 8.0 (TID 10). 1225 bytes result sent to driver
24/12/15 05:34:49 INFO Executor: 2 block locks were not released by task 1.0 in stage 8.0 (TID 11)
[rdd_22_1, rdd_26_1]
24/12/15 05:34:49 INFO TaskSetManager: Finished task 0.0 in stage 8.0 (TID 10) in 165 ms on google-vm1.northamerica-northeast2-a.c.ece1724-project.internal (executor driver) (1/2)
24/12/15 05:34:49 INFO Executor: Finished task 0.0 in stage 9.0 (TID 12). 1225 bytes result sent to driver
24/12/15 05:34:49 INFO TaskSetManager: Finished task 0.0 in stage 9.0 (TID 12) in 113 ms on google-vm1.northamerica-northeast2-a.c.ece1724-project.internal (executor driver) (1/2)
24/12/15 05:34:49 INFO Executor: Finished task 1.0 in stage 8.0 (TID 11). 1225 bytes result sent to driver
24/12/15 05:34:49 INFO TaskSetManager: Finished task 1.0 in stage 8.0 (TID 11) in 177 ms on google-vm1.northamerica-northeast2-a.c.ece1724-project.internal (executor driver) (2/2)
24/12/15 05:34:49 INFO TaskSchedulerImpl: Removed TaskSet 8.0, whose tasks have all completed, from pool 
24/12/15 05:34:49 INFO DAGScheduler: ShuffleMapStage 8 (mapPartitions at VertexRDDImpl.scala:247) finished in 0.204 s
24/12/15 05:34:49 INFO DAGScheduler: looking for newly runnable stages
24/12/15 05:34:49 INFO DAGScheduler: running: Set(ShuffleMapStage 9)
24/12/15 05:34:49 INFO DAGScheduler: waiting: Set(ShuffleMapStage 10, ResultStage 11)
24/12/15 05:34:49 INFO DAGScheduler: failed: Set()
24/12/15 05:34:49 INFO Executor: Finished task 1.0 in stage 9.0 (TID 13). 1225 bytes result sent to driver
24/12/15 05:34:49 INFO TaskSetManager: Finished task 1.0 in stage 9.0 (TID 13) in 127 ms on google-vm1.northamerica-northeast2-a.c.ece1724-project.internal (executor driver) (2/2)
24/12/15 05:34:49 INFO TaskSchedulerImpl: Removed TaskSet 9.0, whose tasks have all completed, from pool 
24/12/15 05:34:49 INFO DAGScheduler: ShuffleMapStage 9 (mapPartitions at VertexRDDImpl.scala:247) finished in 0.175 s
24/12/15 05:34:49 INFO DAGScheduler: looking for newly runnable stages
24/12/15 05:34:49 INFO DAGScheduler: running: Set()
24/12/15 05:34:49 INFO DAGScheduler: waiting: Set(ShuffleMapStage 10, ResultStage 11)
24/12/15 05:34:49 INFO DAGScheduler: failed: Set()
24/12/15 05:34:49 INFO DAGScheduler: Submitting ShuffleMapStage 10 (GraphImpl.aggregateMessages - preAgg MapPartitionsRDD[38] at mapPartitions at GraphImpl.scala:207), which has no missing parents
24/12/15 05:34:49 INFO MemoryStore: Block broadcast_8 stored as values in memory (estimated size 11.3 KiB, free 1044.8 MiB)
24/12/15 05:34:49 INFO MemoryStore: Block broadcast_8_piece0 stored as bytes in memory (estimated size 5.6 KiB, free 1044.8 MiB)
24/12/15 05:34:49 INFO BlockManagerInfo: Added broadcast_8_piece0 in memory on google-vm1.northamerica-northeast2-a.c.ece1724-project.internal:42837 (size: 5.6 KiB, free: 1045.1 MiB)
24/12/15 05:34:49 INFO SparkContext: Created broadcast 8 from broadcast at DAGScheduler.scala:1540
24/12/15 05:34:49 INFO DAGScheduler: Submitting 2 missing tasks from ShuffleMapStage 10 (GraphImpl.aggregateMessages - preAgg MapPartitionsRDD[38] at mapPartitions at GraphImpl.scala:207) (first 15 tasks are for partitions Vector(0, 1))
24/12/15 05:34:49 INFO TaskSchedulerImpl: Adding task set 10.0 with 2 tasks resource profile 0
24/12/15 05:34:49 INFO TaskSetManager: Starting task 0.0 in stage 10.0 (TID 14) (google-vm1.northamerica-northeast2-a.c.ece1724-project.internal, executor driver, partition 0, PROCESS_LOCAL, 9224 bytes) 
24/12/15 05:34:49 INFO TaskSetManager: Starting task 1.0 in stage 10.0 (TID 15) (google-vm1.northamerica-northeast2-a.c.ece1724-project.internal, executor driver, partition 1, PROCESS_LOCAL, 9224 bytes) 
24/12/15 05:34:49 INFO Executor: Running task 1.0 in stage 10.0 (TID 15)
24/12/15 05:34:49 INFO Executor: Running task 0.0 in stage 10.0 (TID 14)
24/12/15 05:34:49 INFO BlockManager: Found block rdd_18_0 locally
24/12/15 05:34:49 INFO BlockManager: Found block rdd_18_1 locally
24/12/15 05:34:49 INFO MemoryStore: Block rdd_24_0 stored as values in memory (estimated size 516.5 KiB, free 1043.8 MiB)
24/12/15 05:34:49 INFO MemoryStore: Block rdd_24_1 stored as values in memory (estimated size 516.8 KiB, free 1043.8 MiB)
24/12/15 05:34:49 INFO BlockManagerInfo: Added rdd_24_0 in memory on google-vm1.northamerica-northeast2-a.c.ece1724-project.internal:42837 (size: 516.5 KiB, free: 1044.6 MiB)
24/12/15 05:34:49 INFO BlockManagerInfo: Added rdd_24_1 in memory on google-vm1.northamerica-northeast2-a.c.ece1724-project.internal:42837 (size: 516.8 KiB, free: 1044.1 MiB)
24/12/15 05:34:49 INFO ShuffleBlockFetcherIterator: Getting 2 (552.0 B) non-empty blocks including 2 (552.0 B) local and 0 (0.0 B) host-local and 0 (0.0 B) push-merged-local and 0 (0.0 B) remote blocks
24/12/15 05:34:49 INFO ShuffleBlockFetcherIterator: Started 0 remote fetches in 1 ms
24/12/15 05:34:49 INFO ShuffleBlockFetcherIterator: Getting 2 (552.0 B) non-empty blocks including 2 (552.0 B) local and 0 (0.0 B) host-local and 0 (0.0 B) push-merged-local and 0 (0.0 B) remote blocks
24/12/15 05:34:49 INFO ShuffleBlockFetcherIterator: Started 0 remote fetches in 2 ms
24/12/15 05:34:49 INFO MemoryStore: Block rdd_32_0 stored as values in memory (estimated size 516.5 KiB, free 1043.3 MiB)
24/12/15 05:34:49 INFO MemoryStore: Block rdd_32_1 stored as values in memory (estimated size 516.8 KiB, free 1042.8 MiB)
24/12/15 05:34:49 INFO BlockManagerInfo: Added rdd_32_0 in memory on google-vm1.northamerica-northeast2-a.c.ece1724-project.internal:42837 (size: 516.5 KiB, free: 1043.6 MiB)
24/12/15 05:34:49 INFO BlockManagerInfo: Added rdd_32_1 in memory on google-vm1.northamerica-northeast2-a.c.ece1724-project.internal:42837 (size: 516.8 KiB, free: 1043.1 MiB)
24/12/15 05:34:49 INFO ShuffleBlockFetcherIterator: Getting 2 (50.1 KiB) non-empty blocks including 2 (50.1 KiB) local and 0 (0.0 B) host-local and 0 (0.0 B) push-merged-local and 0 (0.0 B) remote blocks
24/12/15 05:34:49 INFO ShuffleBlockFetcherIterator: Started 0 remote fetches in 1 ms
24/12/15 05:34:49 INFO ShuffleBlockFetcherIterator: Getting 2 (47.7 KiB) non-empty blocks including 2 (47.7 KiB) local and 0 (0.0 B) host-local and 0 (0.0 B) push-merged-local and 0 (0.0 B) remote blocks
24/12/15 05:34:49 INFO ShuffleBlockFetcherIterator: Started 0 remote fetches in 1 ms
24/12/15 05:34:49 INFO Executor: 1 block locks were not released by task 1.0 in stage 10.0 (TID 15)
[rdd_18_1]
24/12/15 05:34:49 INFO Executor: 1 block locks were not released by task 0.0 in stage 10.0 (TID 14)
[rdd_18_0]
24/12/15 05:34:50 INFO Executor: Finished task 1.0 in stage 10.0 (TID 15). 1827 bytes result sent to driver
24/12/15 05:34:50 INFO Executor: Finished task 0.0 in stage 10.0 (TID 14). 1827 bytes result sent to driver
24/12/15 05:34:50 INFO TaskSetManager: Finished task 1.0 in stage 10.0 (TID 15) in 98 ms on google-vm1.northamerica-northeast2-a.c.ece1724-project.internal (executor driver) (1/2)
24/12/15 05:34:50 INFO TaskSetManager: Finished task 0.0 in stage 10.0 (TID 14) in 99 ms on google-vm1.northamerica-northeast2-a.c.ece1724-project.internal (executor driver) (2/2)
24/12/15 05:34:50 INFO TaskSchedulerImpl: Removed TaskSet 10.0, whose tasks have all completed, from pool 
24/12/15 05:34:50 INFO DAGScheduler: ShuffleMapStage 10 (mapPartitions at GraphImpl.scala:207) finished in 0.123 s
24/12/15 05:34:50 INFO DAGScheduler: looking for newly runnable stages
24/12/15 05:34:50 INFO DAGScheduler: running: Set()
24/12/15 05:34:50 INFO DAGScheduler: waiting: Set(ResultStage 11)
24/12/15 05:34:50 INFO DAGScheduler: failed: Set()
24/12/15 05:34:50 INFO DAGScheduler: Submitting ResultStage 11 (VertexRDDImpl[41] at RDD at VertexRDD.scala:57), which has no missing parents
24/12/15 05:34:50 INFO MemoryStore: Block broadcast_9 stored as values in memory (estimated size 10.1 KiB, free 1042.8 MiB)
24/12/15 05:34:50 INFO MemoryStore: Block broadcast_9_piece0 stored as bytes in memory (estimated size 5.0 KiB, free 1042.8 MiB)
24/12/15 05:34:50 INFO BlockManagerInfo: Added broadcast_9_piece0 in memory on google-vm1.northamerica-northeast2-a.c.ece1724-project.internal:42837 (size: 5.0 KiB, free: 1043.1 MiB)
24/12/15 05:34:50 INFO SparkContext: Created broadcast 9 from broadcast at DAGScheduler.scala:1540
24/12/15 05:34:50 INFO DAGScheduler: Submitting 1 missing tasks from ResultStage 11 (VertexRDDImpl[41] at RDD at VertexRDD.scala:57) (first 15 tasks are for partitions Vector(0))
24/12/15 05:34:50 INFO TaskSchedulerImpl: Adding task set 11.0 with 1 tasks resource profile 0
24/12/15 05:34:50 INFO TaskSetManager: Starting task 0.0 in stage 11.0 (TID 16) (google-vm1.northamerica-northeast2-a.c.ece1724-project.internal, executor driver, partition 0, PROCESS_LOCAL, 8878 bytes) 
24/12/15 05:34:50 INFO Executor: Running task 0.0 in stage 11.0 (TID 16)
24/12/15 05:34:50 INFO BlockManager: Found block rdd_26_0 locally
24/12/15 05:34:50 INFO ShuffleBlockFetcherIterator: Getting 0 (0.0 B) non-empty blocks including 0 (0.0 B) local and 0 (0.0 B) host-local and 0 (0.0 B) push-merged-local and 0 (0.0 B) remote blocks
24/12/15 05:34:50 INFO ShuffleBlockFetcherIterator: Started 0 remote fetches in 1 ms
24/12/15 05:34:50 INFO MemoryStore: Block rdd_40_0 stored as values in memory (estimated size 330.3 KiB, free 1042.5 MiB)
24/12/15 05:34:50 INFO BlockManagerInfo: Added rdd_40_0 in memory on google-vm1.northamerica-northeast2-a.c.ece1724-project.internal:42837 (size: 330.3 KiB, free: 1042.7 MiB)
24/12/15 05:34:50 INFO Executor: 1 block locks were not released by task 0.0 in stage 11.0 (TID 16)
[rdd_40_0]
24/12/15 05:34:50 INFO Executor: Finished task 0.0 in stage 11.0 (TID 16). 1705 bytes result sent to driver
24/12/15 05:34:50 INFO TaskSetManager: Finished task 0.0 in stage 11.0 (TID 16) in 26 ms on google-vm1.northamerica-northeast2-a.c.ece1724-project.internal (executor driver) (1/1)
24/12/15 05:34:50 INFO TaskSchedulerImpl: Removed TaskSet 11.0, whose tasks have all completed, from pool 
24/12/15 05:34:50 INFO DAGScheduler: ResultStage 11 (isEmpty at Pregel.scala:140) finished in 0.049 s
24/12/15 05:34:50 INFO DAGScheduler: Job 2 is finished. Cancelling potential speculative or zombie tasks for this job
24/12/15 05:34:50 INFO TaskSchedulerImpl: Killing all running tasks in stage 11: Stage finished
24/12/15 05:34:50 INFO DAGScheduler: Job 2 finished: isEmpty at Pregel.scala:140, took 0.430695 s
24/12/15 05:34:50 INFO SparkContext: Starting job: isEmpty at Pregel.scala:140
24/12/15 05:34:50 INFO DAGScheduler: Got job 3 (isEmpty at Pregel.scala:140) with 1 output partitions
24/12/15 05:34:50 INFO DAGScheduler: Final stage: ResultStage 18 (isEmpty at Pregel.scala:140)
24/12/15 05:34:50 INFO DAGScheduler: Parents of final stage: List(ShuffleMapStage 12, ShuffleMapStage 17, ShuffleMapStage 14)
24/12/15 05:34:50 INFO DAGScheduler: Missing parents: List()
24/12/15 05:34:50 INFO DAGScheduler: Submitting ResultStage 18 (VertexRDDImpl[41] at RDD at VertexRDD.scala:57), which has no missing parents
24/12/15 05:34:50 INFO MemoryStore: Block broadcast_10 stored as values in memory (estimated size 10.1 KiB, free 1042.4 MiB)
24/12/15 05:34:50 INFO MemoryStore: Block broadcast_10_piece0 stored as bytes in memory (estimated size 5.0 KiB, free 1042.4 MiB)
24/12/15 05:34:50 INFO BlockManagerInfo: Added broadcast_10_piece0 in memory on google-vm1.northamerica-northeast2-a.c.ece1724-project.internal:42837 (size: 5.0 KiB, free: 1042.7 MiB)
24/12/15 05:34:50 INFO SparkContext: Created broadcast 10 from broadcast at DAGScheduler.scala:1540
24/12/15 05:34:50 INFO DAGScheduler: Submitting 1 missing tasks from ResultStage 18 (VertexRDDImpl[41] at RDD at VertexRDD.scala:57) (first 15 tasks are for partitions Vector(1))
24/12/15 05:34:50 INFO TaskSchedulerImpl: Adding task set 18.0 with 1 tasks resource profile 0
24/12/15 05:34:50 INFO TaskSetManager: Starting task 0.0 in stage 18.0 (TID 17) (google-vm1.northamerica-northeast2-a.c.ece1724-project.internal, executor driver, partition 1, PROCESS_LOCAL, 8878 bytes) 
24/12/15 05:34:50 INFO Executor: Running task 0.0 in stage 18.0 (TID 17)
24/12/15 05:34:50 INFO BlockManager: Found block rdd_26_1 locally
24/12/15 05:34:50 INFO ShuffleBlockFetcherIterator: Getting 0 (0.0 B) non-empty blocks including 0 (0.0 B) local and 0 (0.0 B) host-local and 0 (0.0 B) push-merged-local and 0 (0.0 B) remote blocks
24/12/15 05:34:50 INFO ShuffleBlockFetcherIterator: Started 0 remote fetches in 1 ms
24/12/15 05:34:50 INFO MemoryStore: Block rdd_40_1 stored as values in memory (estimated size 329.5 KiB, free 1042.1 MiB)
24/12/15 05:34:50 INFO BlockManagerInfo: Added rdd_40_1 in memory on google-vm1.northamerica-northeast2-a.c.ece1724-project.internal:42837 (size: 329.5 KiB, free: 1042.4 MiB)
24/12/15 05:34:50 INFO Executor: 1 block locks were not released by task 0.0 in stage 18.0 (TID 17)
[rdd_40_1]
24/12/15 05:34:50 INFO Executor: Finished task 0.0 in stage 18.0 (TID 17). 1705 bytes result sent to driver
24/12/15 05:34:50 INFO TaskSetManager: Finished task 0.0 in stage 18.0 (TID 17) in 23 ms on google-vm1.northamerica-northeast2-a.c.ece1724-project.internal (executor driver) (1/1)
24/12/15 05:34:50 INFO TaskSchedulerImpl: Removed TaskSet 18.0, whose tasks have all completed, from pool 
24/12/15 05:34:50 INFO DAGScheduler: ResultStage 18 (isEmpty at Pregel.scala:140) finished in 0.045 s
24/12/15 05:34:50 INFO DAGScheduler: Job 3 is finished. Cancelling potential speculative or zombie tasks for this job
24/12/15 05:34:50 INFO TaskSchedulerImpl: Killing all running tasks in stage 18: Stage finished
24/12/15 05:34:50 INFO DAGScheduler: Job 3 finished: isEmpty at Pregel.scala:140, took 0.056892 s
24/12/15 05:34:50 INFO ZippedPartitionsRDD2: Removing RDD 40 from persistence list
24/12/15 05:34:50 INFO BlockManager: Removing RDD 40
Vertices reachable from source vertex 1:
24/12/15 05:34:50 INFO SparkContext: Starting job: collect at graphxTwitterBFS.scala:68
24/12/15 05:34:50 INFO DAGScheduler: Got job 4 (collect at graphxTwitterBFS.scala:68) with 2 output partitions
24/12/15 05:34:50 INFO DAGScheduler: Final stage: ResultStage 22 (collect at graphxTwitterBFS.scala:68)
24/12/15 05:34:50 INFO DAGScheduler: Parents of final stage: List(ShuffleMapStage 19, ShuffleMapStage 21)
24/12/15 05:34:50 INFO DAGScheduler: Missing parents: List()
24/12/15 05:34:50 INFO DAGScheduler: Submitting ResultStage 22 (VertexRDDImpl[43] at RDD at VertexRDD.scala:57), which has no missing parents
24/12/15 05:34:50 INFO MemoryStore: Block broadcast_11 stored as values in memory (estimated size 10.0 KiB, free 1042.7 MiB)
24/12/15 05:34:50 INFO MemoryStore: Block broadcast_11_piece0 stored as bytes in memory (estimated size 4.8 KiB, free 1042.7 MiB)
24/12/15 05:34:50 INFO BlockManagerInfo: Added broadcast_11_piece0 in memory on google-vm1.northamerica-northeast2-a.c.ece1724-project.internal:42837 (size: 4.8 KiB, free: 1043.1 MiB)
24/12/15 05:34:50 INFO SparkContext: Created broadcast 11 from broadcast at DAGScheduler.scala:1540
24/12/15 05:34:50 INFO DAGScheduler: Submitting 2 missing tasks from ResultStage 22 (VertexRDDImpl[43] at RDD at VertexRDD.scala:57) (first 15 tasks are for partitions Vector(0, 1))
24/12/15 05:34:50 INFO TaskSchedulerImpl: Adding task set 22.0 with 2 tasks resource profile 0
24/12/15 05:34:50 INFO TaskSetManager: Starting task 0.0 in stage 22.0 (TID 18) (google-vm1.northamerica-northeast2-a.c.ece1724-project.internal, executor driver, partition 0, PROCESS_LOCAL, 8837 bytes) 
24/12/15 05:34:50 INFO TaskSetManager: Starting task 1.0 in stage 22.0 (TID 19) (google-vm1.northamerica-northeast2-a.c.ece1724-project.internal, executor driver, partition 1, PROCESS_LOCAL, 8837 bytes) 
24/12/15 05:34:50 INFO Executor: Running task 1.0 in stage 22.0 (TID 19)
24/12/15 05:34:50 INFO Executor: Running task 0.0 in stage 22.0 (TID 18)
24/12/15 05:34:50 INFO BlockManager: Found block rdd_26_0 locally
24/12/15 05:34:50 INFO BlockManager: Found block rdd_26_1 locally
24/12/15 05:34:50 INFO BlockManagerInfo: Removed broadcast_6_piece0 on google-vm1.northamerica-northeast2-a.c.ece1724-project.internal:42837 in memory (size: 4.8 KiB, free: 1043.1 MiB)
24/12/15 05:34:50 INFO Executor: 1 block locks were not released by task 1.0 in stage 22.0 (TID 19)
[rdd_26_1]
24/12/15 05:34:50 INFO Executor: Finished task 1.0 in stage 22.0 (TID 19). 974 bytes result sent to driver
24/12/15 05:34:50 INFO Executor: 1 block locks were not released by task 0.0 in stage 22.0 (TID 18)
[rdd_26_0]
24/12/15 05:34:50 INFO TaskSetManager: Finished task 1.0 in stage 22.0 (TID 19) in 93 ms on google-vm1.northamerica-northeast2-a.c.ece1724-project.internal (executor driver) (1/2)
24/12/15 05:34:50 INFO Executor: Finished task 0.0 in stage 22.0 (TID 18). 974 bytes result sent to driver
24/12/15 05:34:50 INFO TaskSetManager: Finished task 0.0 in stage 22.0 (TID 18) in 105 ms on google-vm1.northamerica-northeast2-a.c.ece1724-project.internal (executor driver) (2/2)
24/12/15 05:34:50 INFO TaskSchedulerImpl: Removed TaskSet 22.0, whose tasks have all completed, from pool 
24/12/15 05:34:50 INFO DAGScheduler: ResultStage 22 (collect at graphxTwitterBFS.scala:68) finished in 0.126 s
24/12/15 05:34:50 INFO DAGScheduler: Job 4 is finished. Cancelling potential speculative or zombie tasks for this job
24/12/15 05:34:50 INFO TaskSchedulerImpl: Killing all running tasks in stage 22: Stage finished
24/12/15 05:34:50 INFO DAGScheduler: Job 4 finished: collect at graphxTwitterBFS.scala:68, took 0.136092 s
24/12/15 05:34:50 INFO BlockManagerInfo: Removed broadcast_9_piece0 on google-vm1.northamerica-northeast2-a.c.ece1724-project.internal:42837 in memory (size: 5.0 KiB, free: 1043.1 MiB)
24/12/15 05:34:50 INFO SparkContext: SparkContext is stopping with exitCode 0.
24/12/15 05:34:50 INFO BlockManagerInfo: Removed broadcast_3_piece0 on google-vm1.northamerica-northeast2-a.c.ece1724-project.internal:42837 in memory (size: 3.5 KiB, free: 1043.1 MiB)
24/12/15 05:34:50 INFO SparkUI: Stopped Spark web UI at http://google-vm1.northamerica-northeast2-a.c.ece1724-project.internal:4040
24/12/15 05:34:50 INFO BlockManagerInfo: Removed broadcast_4_piece0 on google-vm1.northamerica-northeast2-a.c.ece1724-project.internal:42837 in memory (size: 4.1 KiB, free: 1043.1 MiB)
24/12/15 05:34:50 INFO MapOutputTrackerMasterEndpoint: MapOutputTrackerMasterEndpoint stopped!
24/12/15 05:34:50 INFO MemoryStore: MemoryStore cleared
24/12/15 05:34:50 INFO BlockManager: BlockManager stopped
24/12/15 05:34:50 INFO BlockManagerMaster: BlockManagerMaster stopped
24/12/15 05:34:50 INFO OutputCommitCoordinator$OutputCommitCoordinatorEndpoint: OutputCommitCoordinator stopped!
24/12/15 05:34:50 INFO SparkContext: Successfully stopped SparkContext
24/12/15 05:34:50 INFO ShutdownHookManager: Shutdown hook called
24/12/15 05:34:50 INFO ShutdownHookManager: Deleting directory /tmp/spark-c3982fea-70a2-4da0-a6db-65d43e4a94ed
24/12/15 05:34:50 INFO ShutdownHookManager: Deleting directory /tmp/spark-1b36a5dc-71ee-451e-b97c-2419f8138e18
Execution Time: 11 seconds
Throughput: 1237714.19 bytes/second
