:: loading settings :: url = jar:file:/opt/spark/jars/ivy-2.5.1.jar!/org/apache/ivy/core/settings/ivysettings.xml
Ivy Default Cache set to: /home/zengyuyang1999/.ivy2/cache
The jars for the packages stored in: /home/zengyuyang1999/.ivy2/jars
org.apache.spark#spark-graphx_2.12 added as a dependency
graphframes#graphframes added as a dependency
:: resolving dependencies :: org.apache.spark#spark-submit-parent-ee8c967f-6f54-448a-9784-5a07fe013b92;1.0
	confs: [default]
	found graphframes#graphframes;0.8.3-spark3.4-s_2.12 in spark-packages
	found org.slf4j#slf4j-api;1.7.16 in central
:: resolution report :: resolve 191ms :: artifacts dl 9ms
	:: modules in use:
	graphframes#graphframes;0.8.3-spark3.4-s_2.12 from spark-packages in [default]
	org.slf4j#slf4j-api;1.7.16 from central in [default]
	---------------------------------------------------------------------
	|                  |            modules            ||   artifacts   |
	|       conf       | number| search|dwnlded|evicted|| number|dwnlded|
	---------------------------------------------------------------------
	|      default     |   2   |   0   |   0   |   0   ||   2   |   0   |
	---------------------------------------------------------------------
:: retrieving :: org.apache.spark#spark-submit-parent-ee8c967f-6f54-448a-9784-5a07fe013b92
	confs: [default]
	0 artifacts copied, 2 already retrieved (0kB/9ms)
24/12/15 07:08:01 WARN NativeCodeLoader: Unable to load native-hadoop library for your platform... using builtin-java classes where applicable
24/12/15 07:08:01 INFO SparkContext: Running Spark version 3.4.4
24/12/15 07:08:01 INFO ResourceUtils: ==============================================================
24/12/15 07:08:01 INFO ResourceUtils: No custom resources configured for spark.driver.
24/12/15 07:08:01 INFO ResourceUtils: ==============================================================
24/12/15 07:08:01 INFO SparkContext: Submitted application: TwitterGraphProcessing
24/12/15 07:08:01 INFO ResourceProfile: Default ResourceProfile created, executor resources: Map(cores -> name: cores, amount: 1, script: , vendor: , memory -> name: memory, amount: 1024, script: , vendor: , offHeap -> name: offHeap, amount: 0, script: , vendor: ), task resources: Map(cpus -> name: cpus, amount: 1.0)
24/12/15 07:08:01 INFO ResourceProfile: Limiting resource is cpu
24/12/15 07:08:01 INFO ResourceProfileManager: Added ResourceProfile id: 0
24/12/15 07:08:01 INFO SecurityManager: Changing view acls to: zengyuyang1999
24/12/15 07:08:01 INFO SecurityManager: Changing modify acls to: zengyuyang1999
24/12/15 07:08:01 INFO SecurityManager: Changing view acls groups to: 
24/12/15 07:08:01 INFO SecurityManager: Changing modify acls groups to: 
24/12/15 07:08:01 INFO SecurityManager: SecurityManager: authentication disabled; ui acls disabled; users with view permissions: zengyuyang1999; groups with view permissions: EMPTY; users with modify permissions: zengyuyang1999; groups with modify permissions: EMPTY
24/12/15 07:08:02 INFO Utils: Successfully started service 'sparkDriver' on port 37835.
24/12/15 07:08:02 INFO SparkEnv: Registering MapOutputTracker
24/12/15 07:08:02 INFO SparkEnv: Registering BlockManagerMaster
24/12/15 07:08:02 INFO BlockManagerMasterEndpoint: Using org.apache.spark.storage.DefaultTopologyMapper for getting topology information
24/12/15 07:08:02 INFO BlockManagerMasterEndpoint: BlockManagerMasterEndpoint up
24/12/15 07:08:02 INFO SparkEnv: Registering BlockManagerMasterHeartbeat
24/12/15 07:08:02 INFO DiskBlockManager: Created local directory at /tmp/blockmgr-5e096b10-d42f-4c63-97c6-9c6e401c052d
24/12/15 07:08:02 INFO MemoryStore: MemoryStore started with capacity 4.6 GiB
24/12/15 07:08:02 INFO SparkEnv: Registering OutputCommitCoordinator
24/12/15 07:08:02 INFO JettyUtils: Start Jetty 0.0.0.0:4040 for SparkUI
24/12/15 07:08:02 INFO Utils: Successfully started service 'SparkUI' on port 4040.
24/12/15 07:08:02 INFO SparkContext: Added JAR file:///home/zengyuyang1999/.ivy2/jars/graphframes_graphframes-0.8.3-spark3.4-s_2.12.jar at spark://google-vm1.northamerica-northeast2-a.c.ece1724-project.internal:37835/jars/graphframes_graphframes-0.8.3-spark3.4-s_2.12.jar with timestamp 1734246481642
24/12/15 07:08:02 INFO SparkContext: Added JAR file:///home/zengyuyang1999/.ivy2/jars/org.slf4j_slf4j-api-1.7.16.jar at spark://google-vm1.northamerica-northeast2-a.c.ece1724-project.internal:37835/jars/org.slf4j_slf4j-api-1.7.16.jar with timestamp 1734246481642
24/12/15 07:08:02 INFO SparkContext: Added JAR file:/home/zengyuyang1999/ece1724-group-project-f24/ece1724-project/graphXtwitterPR.jar at spark://google-vm1.northamerica-northeast2-a.c.ece1724-project.internal:37835/jars/graphXtwitterPR.jar with timestamp 1734246481642
24/12/15 07:08:02 INFO Executor: Starting executor ID driver on host google-vm1.northamerica-northeast2-a.c.ece1724-project.internal
24/12/15 07:08:03 INFO Executor: Starting executor with user classpath (userClassPathFirst = false): ''
24/12/15 07:08:03 INFO Executor: Fetching spark://google-vm1.northamerica-northeast2-a.c.ece1724-project.internal:37835/jars/graphXtwitterPR.jar with timestamp 1734246481642
24/12/15 07:08:03 INFO TransportClientFactory: Successfully created connection to google-vm1.northamerica-northeast2-a.c.ece1724-project.internal/10.188.0.2:37835 after 46 ms (0 ms spent in bootstraps)
24/12/15 07:08:03 INFO Utils: Fetching spark://google-vm1.northamerica-northeast2-a.c.ece1724-project.internal:37835/jars/graphXtwitterPR.jar to /tmp/spark-4ae850d1-30f5-4d65-a563-302943bf4b01/userFiles-54da92c2-72bb-40a3-bbfa-65d1f083c21c/fetchFileTemp13303813677622197792.tmp
24/12/15 07:08:03 INFO Executor: Adding file:/tmp/spark-4ae850d1-30f5-4d65-a563-302943bf4b01/userFiles-54da92c2-72bb-40a3-bbfa-65d1f083c21c/graphXtwitterPR.jar to class loader
24/12/15 07:08:03 INFO Executor: Fetching spark://google-vm1.northamerica-northeast2-a.c.ece1724-project.internal:37835/jars/graphframes_graphframes-0.8.3-spark3.4-s_2.12.jar with timestamp 1734246481642
24/12/15 07:08:03 INFO Utils: Fetching spark://google-vm1.northamerica-northeast2-a.c.ece1724-project.internal:37835/jars/graphframes_graphframes-0.8.3-spark3.4-s_2.12.jar to /tmp/spark-4ae850d1-30f5-4d65-a563-302943bf4b01/userFiles-54da92c2-72bb-40a3-bbfa-65d1f083c21c/fetchFileTemp11627863662679419267.tmp
24/12/15 07:08:03 INFO Executor: Adding file:/tmp/spark-4ae850d1-30f5-4d65-a563-302943bf4b01/userFiles-54da92c2-72bb-40a3-bbfa-65d1f083c21c/graphframes_graphframes-0.8.3-spark3.4-s_2.12.jar to class loader
24/12/15 07:08:03 INFO Executor: Fetching spark://google-vm1.northamerica-northeast2-a.c.ece1724-project.internal:37835/jars/org.slf4j_slf4j-api-1.7.16.jar with timestamp 1734246481642
24/12/15 07:08:03 INFO Utils: Fetching spark://google-vm1.northamerica-northeast2-a.c.ece1724-project.internal:37835/jars/org.slf4j_slf4j-api-1.7.16.jar to /tmp/spark-4ae850d1-30f5-4d65-a563-302943bf4b01/userFiles-54da92c2-72bb-40a3-bbfa-65d1f083c21c/fetchFileTemp6971769275200107688.tmp
24/12/15 07:08:03 INFO Executor: Adding file:/tmp/spark-4ae850d1-30f5-4d65-a563-302943bf4b01/userFiles-54da92c2-72bb-40a3-bbfa-65d1f083c21c/org.slf4j_slf4j-api-1.7.16.jar to class loader
24/12/15 07:08:03 INFO Utils: Successfully started service 'org.apache.spark.network.netty.NettyBlockTransferService' on port 37153.
24/12/15 07:08:03 INFO NettyBlockTransferService: Server created on google-vm1.northamerica-northeast2-a.c.ece1724-project.internal:37153
24/12/15 07:08:03 INFO BlockManager: Using org.apache.spark.storage.RandomBlockReplicationPolicy for block replication policy
24/12/15 07:08:03 INFO BlockManagerMaster: Registering BlockManager BlockManagerId(driver, google-vm1.northamerica-northeast2-a.c.ece1724-project.internal, 37153, None)
24/12/15 07:08:03 INFO BlockManagerMasterEndpoint: Registering block manager google-vm1.northamerica-northeast2-a.c.ece1724-project.internal:37153 with 4.6 GiB RAM, BlockManagerId(driver, google-vm1.northamerica-northeast2-a.c.ece1724-project.internal, 37153, None)
24/12/15 07:08:03 INFO BlockManagerMaster: Registered BlockManager BlockManagerId(driver, google-vm1.northamerica-northeast2-a.c.ece1724-project.internal, 37153, None)
24/12/15 07:08:03 INFO BlockManager: Initialized BlockManager: BlockManagerId(driver, google-vm1.northamerica-northeast2-a.c.ece1724-project.internal, 37153, None)
24/12/15 07:08:04 INFO MemoryStore: Block broadcast_0 stored as values in memory (estimated size 221.5 KiB, free 4.6 GiB)
24/12/15 07:08:04 INFO MemoryStore: Block broadcast_0_piece0 stored as bytes in memory (estimated size 32.7 KiB, free 4.6 GiB)
24/12/15 07:08:04 INFO BlockManagerInfo: Added broadcast_0_piece0 in memory on google-vm1.northamerica-northeast2-a.c.ece1724-project.internal:37153 (size: 32.7 KiB, free: 4.6 GiB)
24/12/15 07:08:04 INFO SparkContext: Created broadcast 0 from textFile at graphx-twitter-PR.scala:25
24/12/15 07:08:04 INFO FileInputFormat: Total input files to process : 1
24/12/15 07:08:05 INFO SparkContext: Starting job: fold at VertexRDDImpl.scala:90
24/12/15 07:08:05 INFO DAGScheduler: Registering RDD 12 (mapPartitions at VertexRDD.scala:356) as input to shuffle 1
24/12/15 07:08:05 INFO DAGScheduler: Registering RDD 4 (distinct at graphx-twitter-PR.scala:34) as input to shuffle 2
24/12/15 07:08:05 INFO DAGScheduler: Registering RDD 7 (map at graphx-twitter-PR.scala:36) as input to shuffle 0
24/12/15 07:08:05 INFO DAGScheduler: Got job 0 (fold at VertexRDDImpl.scala:90) with 3 output partitions
24/12/15 07:08:05 INFO DAGScheduler: Final stage: ResultStage 3 (fold at VertexRDDImpl.scala:90)
24/12/15 07:08:05 INFO DAGScheduler: Parents of final stage: List(ShuffleMapStage 0, ShuffleMapStage 2)
24/12/15 07:08:05 INFO DAGScheduler: Missing parents: List(ShuffleMapStage 0, ShuffleMapStage 2)
24/12/15 07:08:05 INFO DAGScheduler: Submitting ShuffleMapStage 0 (VertexRDD.createRoutingTables - vid2pid (aggregation) MapPartitionsRDD[12] at mapPartitions at VertexRDD.scala:356), which has no missing parents
24/12/15 07:08:05 INFO MemoryStore: Block broadcast_1 stored as values in memory (estimated size 7.6 KiB, free 4.6 GiB)
24/12/15 07:08:05 INFO MemoryStore: Block broadcast_1_piece0 stored as bytes in memory (estimated size 4.2 KiB, free 4.6 GiB)
24/12/15 07:08:05 INFO BlockManagerInfo: Added broadcast_1_piece0 in memory on google-vm1.northamerica-northeast2-a.c.ece1724-project.internal:37153 (size: 4.2 KiB, free: 4.6 GiB)
24/12/15 07:08:05 INFO SparkContext: Created broadcast 1 from broadcast at DAGScheduler.scala:1540
24/12/15 07:08:05 INFO DAGScheduler: Submitting 3 missing tasks from ShuffleMapStage 0 (VertexRDD.createRoutingTables - vid2pid (aggregation) MapPartitionsRDD[12] at mapPartitions at VertexRDD.scala:356) (first 15 tasks are for partitions Vector(0, 1, 2))
24/12/15 07:08:05 INFO TaskSchedulerImpl: Adding task set 0.0 with 3 tasks resource profile 0
24/12/15 07:08:05 INFO DAGScheduler: Submitting ShuffleMapStage 1 (MapPartitionsRDD[4] at distinct at graphx-twitter-PR.scala:34), which has no missing parents
24/12/15 07:08:05 INFO MemoryStore: Block broadcast_2 stored as values in memory (estimated size 7.5 KiB, free 4.6 GiB)
24/12/15 07:08:05 INFO MemoryStore: Block broadcast_2_piece0 stored as bytes in memory (estimated size 4.3 KiB, free 4.6 GiB)
24/12/15 07:08:05 INFO BlockManagerInfo: Added broadcast_2_piece0 in memory on google-vm1.northamerica-northeast2-a.c.ece1724-project.internal:37153 (size: 4.3 KiB, free: 4.6 GiB)
24/12/15 07:08:05 INFO SparkContext: Created broadcast 2 from broadcast at DAGScheduler.scala:1540
24/12/15 07:08:05 INFO DAGScheduler: Submitting 3 missing tasks from ShuffleMapStage 1 (MapPartitionsRDD[4] at distinct at graphx-twitter-PR.scala:34) (first 15 tasks are for partitions Vector(0, 1, 2))
24/12/15 07:08:05 INFO TaskSchedulerImpl: Adding task set 1.0 with 3 tasks resource profile 0
24/12/15 07:08:05 INFO TaskSetManager: Starting task 0.0 in stage 0.0 (TID 0) (google-vm1.northamerica-northeast2-a.c.ece1724-project.internal, executor driver, partition 0, PROCESS_LOCAL, 8844 bytes) 
24/12/15 07:08:05 INFO TaskSetManager: Starting task 1.0 in stage 0.0 (TID 1) (google-vm1.northamerica-northeast2-a.c.ece1724-project.internal, executor driver, partition 1, PROCESS_LOCAL, 8844 bytes) 
24/12/15 07:08:05 INFO TaskSetManager: Starting task 2.0 in stage 0.0 (TID 2) (google-vm1.northamerica-northeast2-a.c.ece1724-project.internal, executor driver, partition 2, PROCESS_LOCAL, 8844 bytes) 
24/12/15 07:08:05 INFO TaskSetManager: Starting task 0.0 in stage 1.0 (TID 3) (google-vm1.northamerica-northeast2-a.c.ece1724-project.internal, executor driver, partition 0, PROCESS_LOCAL, 8844 bytes) 
24/12/15 07:08:05 INFO Executor: Running task 0.0 in stage 0.0 (TID 0)
24/12/15 07:08:05 INFO Executor: Running task 0.0 in stage 1.0 (TID 3)
24/12/15 07:08:05 INFO Executor: Running task 2.0 in stage 0.0 (TID 2)
24/12/15 07:08:05 INFO Executor: Running task 1.0 in stage 0.0 (TID 1)
24/12/15 07:08:06 INFO HadoopRDD: Input split: file:/home/zengyuyang1999/ece1724-group-project-f24/ece1724-project/data/twitter-2010-5m.txt:0+33554432
24/12/15 07:08:06 INFO HadoopRDD: Input split: file:/home/zengyuyang1999/ece1724-group-project-f24/ece1724-project/data/twitter-2010-5m.txt:33554432+33554432
24/12/15 07:08:06 INFO HadoopRDD: Input split: file:/home/zengyuyang1999/ece1724-group-project-f24/ece1724-project/data/twitter-2010-5m.txt:67108864+17089036
24/12/15 07:08:06 INFO HadoopRDD: Input split: file:/home/zengyuyang1999/ece1724-group-project-f24/ece1724-project/data/twitter-2010-5m.txt:0+33554432
24/12/15 07:08:16 INFO Executor: Finished task 2.0 in stage 0.0 (TID 2). 1269 bytes result sent to driver
24/12/15 07:08:16 INFO TaskSetManager: Starting task 1.0 in stage 1.0 (TID 4) (google-vm1.northamerica-northeast2-a.c.ece1724-project.internal, executor driver, partition 1, PROCESS_LOCAL, 8844 bytes) 
24/12/15 07:08:16 INFO Executor: Running task 1.0 in stage 1.0 (TID 4)
24/12/15 07:08:16 INFO HadoopRDD: Input split: file:/home/zengyuyang1999/ece1724-group-project-f24/ece1724-project/data/twitter-2010-5m.txt:33554432+33554432
24/12/15 07:08:16 INFO TaskSetManager: Finished task 2.0 in stage 0.0 (TID 2) in 10776 ms on google-vm1.northamerica-northeast2-a.c.ece1724-project.internal (executor driver) (1/3)
24/12/15 07:08:26 INFO Executor: Finished task 1.0 in stage 0.0 (TID 1). 1226 bytes result sent to driver
24/12/15 07:08:26 INFO TaskSetManager: Starting task 2.0 in stage 1.0 (TID 5) (google-vm1.northamerica-northeast2-a.c.ece1724-project.internal, executor driver, partition 2, PROCESS_LOCAL, 8844 bytes) 
24/12/15 07:08:26 INFO Executor: Running task 2.0 in stage 1.0 (TID 5)
24/12/15 07:08:26 INFO TaskSetManager: Finished task 1.0 in stage 0.0 (TID 1) in 20985 ms on google-vm1.northamerica-northeast2-a.c.ece1724-project.internal (executor driver) (2/3)
24/12/15 07:08:26 INFO HadoopRDD: Input split: file:/home/zengyuyang1999/ece1724-group-project-f24/ece1724-project/data/twitter-2010-5m.txt:67108864+17089036
24/12/15 07:08:27 INFO Executor: Finished task 0.0 in stage 0.0 (TID 0). 1226 bytes result sent to driver
24/12/15 07:08:27 INFO TaskSetManager: Finished task 0.0 in stage 0.0 (TID 0) in 21740 ms on google-vm1.northamerica-northeast2-a.c.ece1724-project.internal (executor driver) (3/3)
24/12/15 07:08:27 INFO DAGScheduler: ShuffleMapStage 0 (mapPartitions at VertexRDD.scala:356) finished in 21.961 s
24/12/15 07:08:27 INFO DAGScheduler: looking for newly runnable stages
24/12/15 07:08:27 INFO DAGScheduler: running: Set(ShuffleMapStage 1)
24/12/15 07:08:27 INFO DAGScheduler: waiting: Set(ShuffleMapStage 2, ResultStage 3)
24/12/15 07:08:27 INFO DAGScheduler: failed: Set()
24/12/15 07:08:27 INFO TaskSchedulerImpl: Removed TaskSet 0.0, whose tasks have all completed, from pool 
24/12/15 07:08:33 INFO Executor: Finished task 0.0 in stage 1.0 (TID 3). 1398 bytes result sent to driver
24/12/15 07:08:33 INFO TaskSetManager: Finished task 0.0 in stage 1.0 (TID 3) in 27769 ms on google-vm1.northamerica-northeast2-a.c.ece1724-project.internal (executor driver) (1/3)
24/12/15 07:08:35 INFO Executor: Finished task 2.0 in stage 1.0 (TID 5). 1398 bytes result sent to driver
24/12/15 07:08:35 INFO TaskSetManager: Finished task 2.0 in stage 1.0 (TID 5) in 8222 ms on google-vm1.northamerica-northeast2-a.c.ece1724-project.internal (executor driver) (2/3)
24/12/15 07:08:36 INFO Executor: Finished task 1.0 in stage 1.0 (TID 4). 1398 bytes result sent to driver
24/12/15 07:08:36 INFO TaskSetManager: Finished task 1.0 in stage 1.0 (TID 4) in 20024 ms on google-vm1.northamerica-northeast2-a.c.ece1724-project.internal (executor driver) (3/3)
24/12/15 07:08:36 INFO TaskSchedulerImpl: Removed TaskSet 1.0, whose tasks have all completed, from pool 
24/12/15 07:08:36 INFO DAGScheduler: ShuffleMapStage 1 (distinct at graphx-twitter-PR.scala:34) finished in 30.832 s
24/12/15 07:08:36 INFO DAGScheduler: looking for newly runnable stages
24/12/15 07:08:36 INFO DAGScheduler: running: Set()
24/12/15 07:08:36 INFO DAGScheduler: waiting: Set(ShuffleMapStage 2, ResultStage 3)
24/12/15 07:08:36 INFO DAGScheduler: failed: Set()
24/12/15 07:08:36 INFO DAGScheduler: Submitting ShuffleMapStage 2 (MapPartitionsRDD[7] at map at graphx-twitter-PR.scala:36), which has no missing parents
24/12/15 07:08:36 INFO MemoryStore: Block broadcast_3 stored as values in memory (estimated size 6.3 KiB, free 4.6 GiB)
24/12/15 07:08:36 INFO MemoryStore: Block broadcast_3_piece0 stored as bytes in memory (estimated size 3.5 KiB, free 4.6 GiB)
24/12/15 07:08:36 INFO BlockManagerInfo: Added broadcast_3_piece0 in memory on google-vm1.northamerica-northeast2-a.c.ece1724-project.internal:37153 (size: 3.5 KiB, free: 4.6 GiB)
24/12/15 07:08:36 INFO SparkContext: Created broadcast 3 from broadcast at DAGScheduler.scala:1540
24/12/15 07:08:36 INFO DAGScheduler: Submitting 3 missing tasks from ShuffleMapStage 2 (MapPartitionsRDD[7] at map at graphx-twitter-PR.scala:36) (first 15 tasks are for partitions Vector(0, 1, 2))
24/12/15 07:08:36 INFO TaskSchedulerImpl: Adding task set 2.0 with 3 tasks resource profile 0
24/12/15 07:08:36 INFO TaskSetManager: Starting task 0.0 in stage 2.0 (TID 6) (google-vm1.northamerica-northeast2-a.c.ece1724-project.internal, executor driver, partition 0, NODE_LOCAL, 8554 bytes) 
24/12/15 07:08:36 INFO TaskSetManager: Starting task 1.0 in stage 2.0 (TID 7) (google-vm1.northamerica-northeast2-a.c.ece1724-project.internal, executor driver, partition 1, NODE_LOCAL, 8554 bytes) 
24/12/15 07:08:36 INFO TaskSetManager: Starting task 2.0 in stage 2.0 (TID 8) (google-vm1.northamerica-northeast2-a.c.ece1724-project.internal, executor driver, partition 2, NODE_LOCAL, 8554 bytes) 
24/12/15 07:08:36 INFO Executor: Running task 1.0 in stage 2.0 (TID 7)
24/12/15 07:08:36 INFO Executor: Running task 0.0 in stage 2.0 (TID 6)
24/12/15 07:08:36 INFO Executor: Running task 2.0 in stage 2.0 (TID 8)
24/12/15 07:08:36 INFO ShuffleBlockFetcherIterator: Getting 3 (8.5 MiB) non-empty blocks including 3 (8.5 MiB) local and 0 (0.0 B) host-local and 0 (0.0 B) push-merged-local and 0 (0.0 B) remote blocks
24/12/15 07:08:36 INFO ShuffleBlockFetcherIterator: Getting 3 (7.9 MiB) non-empty blocks including 3 (7.9 MiB) local and 0 (0.0 B) host-local and 0 (0.0 B) push-merged-local and 0 (0.0 B) remote blocks
24/12/15 07:08:36 INFO ShuffleBlockFetcherIterator: Started 0 remote fetches in 12 ms
24/12/15 07:08:36 INFO ShuffleBlockFetcherIterator: Started 0 remote fetches in 17 ms
24/12/15 07:08:36 INFO ShuffleBlockFetcherIterator: Getting 3 (8.5 MiB) non-empty blocks including 3 (8.5 MiB) local and 0 (0.0 B) host-local and 0 (0.0 B) push-merged-local and 0 (0.0 B) remote blocks
24/12/15 07:08:36 INFO ShuffleBlockFetcherIterator: Started 0 remote fetches in 18 ms
24/12/15 07:08:42 INFO Executor: Finished task 1.0 in stage 2.0 (TID 7). 2043 bytes result sent to driver
24/12/15 07:08:42 INFO TaskSetManager: Finished task 1.0 in stage 2.0 (TID 7) in 5475 ms on google-vm1.northamerica-northeast2-a.c.ece1724-project.internal (executor driver) (1/3)
24/12/15 07:08:42 INFO Executor: Finished task 2.0 in stage 2.0 (TID 8). 2000 bytes result sent to driver
24/12/15 07:08:42 INFO TaskSetManager: Finished task 2.0 in stage 2.0 (TID 8) in 5808 ms on google-vm1.northamerica-northeast2-a.c.ece1724-project.internal (executor driver) (2/3)
24/12/15 07:08:42 INFO Executor: Finished task 0.0 in stage 2.0 (TID 6). 2043 bytes result sent to driver
24/12/15 07:08:42 INFO TaskSetManager: Finished task 0.0 in stage 2.0 (TID 6) in 5819 ms on google-vm1.northamerica-northeast2-a.c.ece1724-project.internal (executor driver) (3/3)
24/12/15 07:08:42 INFO TaskSchedulerImpl: Removed TaskSet 2.0, whose tasks have all completed, from pool 
24/12/15 07:08:42 INFO DAGScheduler: ShuffleMapStage 2 (map at graphx-twitter-PR.scala:36) finished in 5.845 s
24/12/15 07:08:42 INFO DAGScheduler: looking for newly runnable stages
24/12/15 07:08:42 INFO DAGScheduler: running: Set()
24/12/15 07:08:42 INFO DAGScheduler: waiting: Set(ResultStage 3)
24/12/15 07:08:42 INFO DAGScheduler: failed: Set()
24/12/15 07:08:42 INFO DAGScheduler: Submitting ResultStage 3 (MapPartitionsRDD[20] at map at VertexRDDImpl.scala:90), which has no missing parents
24/12/15 07:08:42 INFO MemoryStore: Block broadcast_4 stored as values in memory (estimated size 7.8 KiB, free 4.6 GiB)
24/12/15 07:08:42 INFO MemoryStore: Block broadcast_4_piece0 stored as bytes in memory (estimated size 4.1 KiB, free 4.6 GiB)
24/12/15 07:08:42 INFO BlockManagerInfo: Added broadcast_4_piece0 in memory on google-vm1.northamerica-northeast2-a.c.ece1724-project.internal:37153 (size: 4.1 KiB, free: 4.6 GiB)
24/12/15 07:08:42 INFO SparkContext: Created broadcast 4 from broadcast at DAGScheduler.scala:1540
24/12/15 07:08:42 INFO DAGScheduler: Submitting 3 missing tasks from ResultStage 3 (MapPartitionsRDD[20] at map at VertexRDDImpl.scala:90) (first 15 tasks are for partitions Vector(0, 1, 2))
24/12/15 07:08:42 INFO TaskSchedulerImpl: Adding task set 3.0 with 3 tasks resource profile 0
24/12/15 07:08:42 INFO TaskSetManager: Starting task 0.0 in stage 3.0 (TID 9) (google-vm1.northamerica-northeast2-a.c.ece1724-project.internal, executor driver, partition 0, NODE_LOCAL, 8837 bytes) 
24/12/15 07:08:42 INFO TaskSetManager: Starting task 1.0 in stage 3.0 (TID 10) (google-vm1.northamerica-northeast2-a.c.ece1724-project.internal, executor driver, partition 1, NODE_LOCAL, 8837 bytes) 
24/12/15 07:08:42 INFO TaskSetManager: Starting task 2.0 in stage 3.0 (TID 11) (google-vm1.northamerica-northeast2-a.c.ece1724-project.internal, executor driver, partition 2, NODE_LOCAL, 8837 bytes) 
24/12/15 07:08:42 INFO Executor: Running task 2.0 in stage 3.0 (TID 11)
24/12/15 07:08:42 INFO Executor: Running task 0.0 in stage 3.0 (TID 9)
24/12/15 07:08:42 INFO Executor: Running task 1.0 in stage 3.0 (TID 10)
24/12/15 07:08:42 INFO ShuffleBlockFetcherIterator: Getting 1 (18.4 MiB) non-empty blocks including 1 (18.4 MiB) local and 0 (0.0 B) host-local and 0 (0.0 B) push-merged-local and 0 (0.0 B) remote blocks
24/12/15 07:08:42 INFO ShuffleBlockFetcherIterator: Started 0 remote fetches in 2 ms
24/12/15 07:08:42 INFO ShuffleBlockFetcherIterator: Getting 1 (18.4 MiB) non-empty blocks including 1 (18.4 MiB) local and 0 (0.0 B) host-local and 0 (0.0 B) push-merged-local and 0 (0.0 B) remote blocks
24/12/15 07:08:42 INFO ShuffleBlockFetcherIterator: Started 0 remote fetches in 3 ms
24/12/15 07:08:42 INFO ShuffleBlockFetcherIterator: Getting 3 (11.3 MiB) non-empty blocks including 3 (11.3 MiB) local and 0 (0.0 B) host-local and 0 (0.0 B) push-merged-local and 0 (0.0 B) remote blocks
24/12/15 07:08:42 INFO ShuffleBlockFetcherIterator: Started 0 remote fetches in 1 ms
24/12/15 07:08:42 INFO ShuffleBlockFetcherIterator: Getting 3 (11.3 MiB) non-empty blocks including 3 (11.3 MiB) local and 0 (0.0 B) host-local and 0 (0.0 B) push-merged-local and 0 (0.0 B) remote blocks
24/12/15 07:08:42 INFO ShuffleBlockFetcherIterator: Started 0 remote fetches in 1 ms
24/12/15 07:08:42 INFO ShuffleBlockFetcherIterator: Getting 1 (18.4 MiB) non-empty blocks including 1 (18.4 MiB) local and 0 (0.0 B) host-local and 0 (0.0 B) push-merged-local and 0 (0.0 B) remote blocks
24/12/15 07:08:42 INFO ShuffleBlockFetcherIterator: Started 0 remote fetches in 1 ms
24/12/15 07:08:42 INFO ShuffleBlockFetcherIterator: Getting 3 (11.3 MiB) non-empty blocks including 3 (11.3 MiB) local and 0 (0.0 B) host-local and 0 (0.0 B) push-merged-local and 0 (0.0 B) remote blocks
24/12/15 07:08:42 INFO ShuffleBlockFetcherIterator: Started 0 remote fetches in 1 ms
24/12/15 07:08:46 INFO MemoryStore: Block rdd_15_1 stored as values in memory (estimated size 137.6 MiB, free 4.5 GiB)
24/12/15 07:08:46 INFO BlockManagerInfo: Added rdd_15_1 in memory on google-vm1.northamerica-northeast2-a.c.ece1724-project.internal:37153 (size: 137.6 MiB, free: 4.5 GiB)
24/12/15 07:08:46 INFO Executor: Finished task 1.0 in stage 3.0 (TID 10). 1661 bytes result sent to driver
24/12/15 07:08:46 INFO TaskSetManager: Finished task 1.0 in stage 3.0 (TID 10) in 4116 ms on google-vm1.northamerica-northeast2-a.c.ece1724-project.internal (executor driver) (1/3)
24/12/15 07:08:46 INFO MemoryStore: Block rdd_15_0 stored as values in memory (estimated size 137.6 MiB, free 4.4 GiB)
24/12/15 07:08:46 INFO BlockManagerInfo: Added rdd_15_0 in memory on google-vm1.northamerica-northeast2-a.c.ece1724-project.internal:37153 (size: 137.6 MiB, free: 4.4 GiB)
24/12/15 07:08:46 INFO Executor: Finished task 0.0 in stage 3.0 (TID 9). 1661 bytes result sent to driver
24/12/15 07:08:46 INFO TaskSetManager: Finished task 0.0 in stage 3.0 (TID 9) in 4391 ms on google-vm1.northamerica-northeast2-a.c.ece1724-project.internal (executor driver) (2/3)
24/12/15 07:08:47 INFO MemoryStore: Block rdd_15_2 stored as values in memory (estimated size 148.8 MiB, free 4.2 GiB)
24/12/15 07:08:47 INFO BlockManagerInfo: Added rdd_15_2 in memory on google-vm1.northamerica-northeast2-a.c.ece1724-project.internal:37153 (size: 148.8 MiB, free: 4.2 GiB)
24/12/15 07:08:47 INFO Executor: Finished task 2.0 in stage 3.0 (TID 11). 1661 bytes result sent to driver
24/12/15 07:08:47 INFO TaskSetManager: Finished task 2.0 in stage 3.0 (TID 11) in 4472 ms on google-vm1.northamerica-northeast2-a.c.ece1724-project.internal (executor driver) (3/3)
24/12/15 07:08:47 INFO TaskSchedulerImpl: Removed TaskSet 3.0, whose tasks have all completed, from pool 
24/12/15 07:08:47 INFO DAGScheduler: ResultStage 3 (fold at VertexRDDImpl.scala:90) finished in 4.501 s
24/12/15 07:08:47 INFO DAGScheduler: Job 0 is finished. Cancelling potential speculative or zombie tasks for this job
24/12/15 07:08:47 INFO TaskSchedulerImpl: Killing all running tasks in stage 3: Stage finished
24/12/15 07:08:47 INFO DAGScheduler: Job 0 finished: fold at VertexRDDImpl.scala:90, took 41.804639 s
Number of vertices: 4711927
24/12/15 07:08:47 INFO SparkContext: Starting job: fold at EdgeRDDImpl.scala:90
24/12/15 07:08:47 INFO DAGScheduler: Got job 1 (fold at EdgeRDDImpl.scala:90) with 3 output partitions
24/12/15 07:08:47 INFO DAGScheduler: Final stage: ResultStage 4 (fold at EdgeRDDImpl.scala:90)
24/12/15 07:08:47 INFO DAGScheduler: Parents of final stage: List()
24/12/15 07:08:47 INFO DAGScheduler: Missing parents: List()
24/12/15 07:08:47 INFO DAGScheduler: Submitting ResultStage 4 (MapPartitionsRDD[21] at map at EdgeRDDImpl.scala:90), which has no missing parents
24/12/15 07:08:47 INFO MemoryStore: Block broadcast_5 stored as values in memory (estimated size 7.6 KiB, free 4.2 GiB)
24/12/15 07:08:47 INFO MemoryStore: Block broadcast_5_piece0 stored as bytes in memory (estimated size 3.8 KiB, free 4.2 GiB)
24/12/15 07:08:47 INFO BlockManagerInfo: Added broadcast_5_piece0 in memory on google-vm1.northamerica-northeast2-a.c.ece1724-project.internal:37153 (size: 3.8 KiB, free: 4.2 GiB)
24/12/15 07:08:47 INFO SparkContext: Created broadcast 5 from broadcast at DAGScheduler.scala:1540
24/12/15 07:08:47 INFO DAGScheduler: Submitting 3 missing tasks from ResultStage 4 (MapPartitionsRDD[21] at map at EdgeRDDImpl.scala:90) (first 15 tasks are for partitions Vector(0, 1, 2))
24/12/15 07:08:47 INFO TaskSchedulerImpl: Adding task set 4.0 with 3 tasks resource profile 0
24/12/15 07:08:47 INFO TaskSetManager: Starting task 0.0 in stage 4.0 (TID 12) (google-vm1.northamerica-northeast2-a.c.ece1724-project.internal, executor driver, partition 0, PROCESS_LOCAL, 8855 bytes) 
24/12/15 07:08:47 INFO TaskSetManager: Starting task 1.0 in stage 4.0 (TID 13) (google-vm1.northamerica-northeast2-a.c.ece1724-project.internal, executor driver, partition 1, PROCESS_LOCAL, 8855 bytes) 
24/12/15 07:08:47 INFO TaskSetManager: Starting task 2.0 in stage 4.0 (TID 14) (google-vm1.northamerica-northeast2-a.c.ece1724-project.internal, executor driver, partition 2, PROCESS_LOCAL, 8855 bytes) 
24/12/15 07:08:47 INFO Executor: Running task 1.0 in stage 4.0 (TID 13)
24/12/15 07:08:47 INFO Executor: Running task 0.0 in stage 4.0 (TID 12)
24/12/15 07:08:47 INFO Executor: Running task 2.0 in stage 4.0 (TID 14)
24/12/15 07:08:47 INFO HadoopRDD: Input split: file:/home/zengyuyang1999/ece1724-group-project-f24/ece1724-project/data/twitter-2010-5m.txt:67108864+17089036
24/12/15 07:08:47 INFO HadoopRDD: Input split: file:/home/zengyuyang1999/ece1724-group-project-f24/ece1724-project/data/twitter-2010-5m.txt:33554432+33554432
24/12/15 07:08:47 INFO HadoopRDD: Input split: file:/home/zengyuyang1999/ece1724-group-project-f24/ece1724-project/data/twitter-2010-5m.txt:0+33554432
24/12/15 07:08:51 INFO MemoryStore: Block rdd_18_2 stored as values in memory (estimated size 66.6 MiB, free 4.1 GiB)
24/12/15 07:08:51 INFO BlockManagerInfo: Added rdd_18_2 in memory on google-vm1.northamerica-northeast2-a.c.ece1724-project.internal:37153 (size: 66.6 MiB, free: 4.1 GiB)
24/12/15 07:08:51 INFO Executor: Finished task 2.0 in stage 4.0 (TID 14). 1016 bytes result sent to driver
24/12/15 07:08:51 INFO TaskSetManager: Finished task 2.0 in stage 4.0 (TID 14) in 4477 ms on google-vm1.northamerica-northeast2-a.c.ece1724-project.internal (executor driver) (1/3)
24/12/15 07:08:55 INFO MemoryStore: Block rdd_18_1 stored as values in memory (estimated size 129.4 MiB, free 4.0 GiB)
24/12/15 07:08:55 INFO BlockManagerInfo: Added rdd_18_1 in memory on google-vm1.northamerica-northeast2-a.c.ece1724-project.internal:37153 (size: 129.4 MiB, free: 4.0 GiB)
24/12/15 07:08:55 INFO Executor: Finished task 1.0 in stage 4.0 (TID 13). 1016 bytes result sent to driver
24/12/15 07:08:55 INFO TaskSetManager: Finished task 1.0 in stage 4.0 (TID 13) in 7958 ms on google-vm1.northamerica-northeast2-a.c.ece1724-project.internal (executor driver) (2/3)
24/12/15 07:08:55 INFO MemoryStore: Block rdd_18_0 stored as values in memory (estimated size 129.4 MiB, free 3.9 GiB)
24/12/15 07:08:55 INFO BlockManagerInfo: Added rdd_18_0 in memory on google-vm1.northamerica-northeast2-a.c.ece1724-project.internal:37153 (size: 129.4 MiB, free: 3.9 GiB)
24/12/15 07:08:55 INFO Executor: Finished task 0.0 in stage 4.0 (TID 12). 1016 bytes result sent to driver
24/12/15 07:08:55 INFO TaskSetManager: Finished task 0.0 in stage 4.0 (TID 12) in 8013 ms on google-vm1.northamerica-northeast2-a.c.ece1724-project.internal (executor driver) (3/3)
24/12/15 07:08:55 INFO TaskSchedulerImpl: Removed TaskSet 4.0, whose tasks have all completed, from pool 
24/12/15 07:08:55 INFO DAGScheduler: ResultStage 4 (fold at EdgeRDDImpl.scala:90) finished in 8.026 s
24/12/15 07:08:55 INFO DAGScheduler: Job 1 is finished. Cancelling potential speculative or zombie tasks for this job
24/12/15 07:08:55 INFO TaskSchedulerImpl: Killing all running tasks in stage 4: Stage finished
24/12/15 07:08:55 INFO DAGScheduler: Job 1 finished: fold at EdgeRDDImpl.scala:90, took 8.035019 s
Number of edges: 5000000
24/12/15 07:08:55 INFO SparkContext: Starting job: foreachPartition at PageRank.scala:199
24/12/15 07:08:55 INFO DAGScheduler: Registering RDD 22 (mapPartitions at GraphImpl.scala:207) as input to shuffle 4
24/12/15 07:08:55 INFO DAGScheduler: Registering RDD 30 (mapPartitions at VertexRDDImpl.scala:247) as input to shuffle 3
24/12/15 07:08:55 INFO DAGScheduler: Registering RDD 40 (mapPartitions at VertexRDDImpl.scala:247) as input to shuffle 5
24/12/15 07:08:55 INFO DAGScheduler: Registering RDD 44 (mapPartitions at GraphImpl.scala:207) as input to shuffle 7
24/12/15 07:08:55 INFO DAGScheduler: Registering RDD 52 (mapPartitions at VertexRDDImpl.scala:247) as input to shuffle 6
24/12/15 07:08:55 INFO DAGScheduler: Got job 2 (foreachPartition at PageRank.scala:199) with 3 output partitions
24/12/15 07:08:55 INFO DAGScheduler: Final stage: ResultStage 13 (foreachPartition at PageRank.scala:199)
24/12/15 07:08:55 INFO DAGScheduler: Parents of final stage: List(ShuffleMapStage 12, ShuffleMapStage 9, ShuffleMapStage 10)
24/12/15 07:08:55 INFO DAGScheduler: Missing parents: List(ShuffleMapStage 12, ShuffleMapStage 9, ShuffleMapStage 10)
24/12/15 07:08:55 INFO DAGScheduler: Submitting ShuffleMapStage 7 (GraphImpl.aggregateMessages - preAgg MapPartitionsRDD[22] at mapPartitions at GraphImpl.scala:207), which has no missing parents
24/12/15 07:08:55 INFO MemoryStore: Block broadcast_6 stored as values in memory (estimated size 9.3 KiB, free 3.9 GiB)
24/12/15 07:08:55 INFO MemoryStore: Block broadcast_6_piece0 stored as bytes in memory (estimated size 4.8 KiB, free 3.9 GiB)
24/12/15 07:08:55 INFO BlockManagerInfo: Added broadcast_6_piece0 in memory on google-vm1.northamerica-northeast2-a.c.ece1724-project.internal:37153 (size: 4.8 KiB, free: 3.9 GiB)
24/12/15 07:08:55 INFO SparkContext: Created broadcast 6 from broadcast at DAGScheduler.scala:1540
24/12/15 07:08:55 INFO DAGScheduler: Submitting 3 missing tasks from ShuffleMapStage 7 (GraphImpl.aggregateMessages - preAgg MapPartitionsRDD[22] at mapPartitions at GraphImpl.scala:207) (first 15 tasks are for partitions Vector(0, 1, 2))
24/12/15 07:08:55 INFO TaskSchedulerImpl: Adding task set 7.0 with 3 tasks resource profile 0
24/12/15 07:08:55 INFO TaskSetManager: Starting task 0.0 in stage 7.0 (TID 15) (google-vm1.northamerica-northeast2-a.c.ece1724-project.internal, executor driver, partition 0, PROCESS_LOCAL, 8844 bytes) 
24/12/15 07:08:55 INFO TaskSetManager: Starting task 1.0 in stage 7.0 (TID 16) (google-vm1.northamerica-northeast2-a.c.ece1724-project.internal, executor driver, partition 1, PROCESS_LOCAL, 8844 bytes) 
24/12/15 07:08:55 INFO TaskSetManager: Starting task 2.0 in stage 7.0 (TID 17) (google-vm1.northamerica-northeast2-a.c.ece1724-project.internal, executor driver, partition 2, PROCESS_LOCAL, 8844 bytes) 
24/12/15 07:08:55 INFO Executor: Running task 0.0 in stage 7.0 (TID 15)
24/12/15 07:08:55 INFO Executor: Running task 1.0 in stage 7.0 (TID 16)
24/12/15 07:08:55 INFO Executor: Running task 2.0 in stage 7.0 (TID 17)
24/12/15 07:08:55 INFO BlockManager: Found block rdd_18_1 locally
24/12/15 07:08:55 INFO BlockManager: Found block rdd_18_0 locally
24/12/15 07:08:55 INFO BlockManager: Found block rdd_18_2 locally
24/12/15 07:08:55 INFO Executor: Finished task 2.0 in stage 7.0 (TID 17). 1183 bytes result sent to driver
24/12/15 07:08:55 INFO TaskSetManager: Finished task 2.0 in stage 7.0 (TID 17) in 679 ms on google-vm1.northamerica-northeast2-a.c.ece1724-project.internal (executor driver) (1/3)
24/12/15 07:08:56 INFO Executor: Finished task 1.0 in stage 7.0 (TID 16). 1183 bytes result sent to driver
24/12/15 07:08:56 INFO TaskSetManager: Finished task 1.0 in stage 7.0 (TID 16) in 925 ms on google-vm1.northamerica-northeast2-a.c.ece1724-project.internal (executor driver) (2/3)
24/12/15 07:08:56 INFO Executor: Finished task 0.0 in stage 7.0 (TID 15). 1183 bytes result sent to driver
24/12/15 07:08:56 INFO TaskSetManager: Finished task 0.0 in stage 7.0 (TID 15) in 928 ms on google-vm1.northamerica-northeast2-a.c.ece1724-project.internal (executor driver) (3/3)
24/12/15 07:08:56 INFO TaskSchedulerImpl: Removed TaskSet 7.0, whose tasks have all completed, from pool 
24/12/15 07:08:56 INFO DAGScheduler: ShuffleMapStage 7 (mapPartitions at GraphImpl.scala:207) finished in 0.946 s
24/12/15 07:08:56 INFO DAGScheduler: looking for newly runnable stages
24/12/15 07:08:56 INFO DAGScheduler: running: Set()
24/12/15 07:08:56 INFO DAGScheduler: waiting: Set(ShuffleMapStage 12, ShuffleMapStage 9, ResultStage 13, ShuffleMapStage 10, ShuffleMapStage 11)
24/12/15 07:08:56 INFO DAGScheduler: failed: Set()
24/12/15 07:08:56 INFO DAGScheduler: Submitting ShuffleMapStage 9 (ReplicatedVertexView.upgrade(true, false) - shippedVerts true false (broadcast) MapPartitionsRDD[30] at mapPartitions at VertexRDDImpl.scala:247), which has no missing parents
24/12/15 07:08:56 INFO MemoryStore: Block broadcast_7 stored as values in memory (estimated size 8.8 KiB, free 3.9 GiB)
24/12/15 07:08:56 INFO MemoryStore: Block broadcast_7_piece0 stored as bytes in memory (estimated size 4.5 KiB, free 3.9 GiB)
24/12/15 07:08:56 INFO BlockManagerInfo: Added broadcast_7_piece0 in memory on google-vm1.northamerica-northeast2-a.c.ece1724-project.internal:37153 (size: 4.5 KiB, free: 3.9 GiB)
24/12/15 07:08:56 INFO SparkContext: Created broadcast 7 from broadcast at DAGScheduler.scala:1540
24/12/15 07:08:56 INFO DAGScheduler: Submitting 3 missing tasks from ShuffleMapStage 9 (ReplicatedVertexView.upgrade(true, false) - shippedVerts true false (broadcast) MapPartitionsRDD[30] at mapPartitions at VertexRDDImpl.scala:247) (first 15 tasks are for partitions Vector(0, 1, 2))
24/12/15 07:08:56 INFO TaskSchedulerImpl: Adding task set 9.0 with 3 tasks resource profile 0
24/12/15 07:08:56 INFO DAGScheduler: Submitting ShuffleMapStage 10 (ReplicatedVertexView.upgrade(true, false) - shippedVerts true false (broadcast) MapPartitionsRDD[40] at mapPartitions at VertexRDDImpl.scala:247), which has no missing parents
24/12/15 07:08:56 INFO TaskSetManager: Starting task 0.0 in stage 9.0 (TID 18) (google-vm1.northamerica-northeast2-a.c.ece1724-project.internal, executor driver, partition 0, PROCESS_LOCAL, 8899 bytes) 
24/12/15 07:08:56 INFO TaskSetManager: Starting task 1.0 in stage 9.0 (TID 19) (google-vm1.northamerica-northeast2-a.c.ece1724-project.internal, executor driver, partition 1, PROCESS_LOCAL, 8899 bytes) 
24/12/15 07:08:56 INFO TaskSetManager: Starting task 2.0 in stage 9.0 (TID 20) (google-vm1.northamerica-northeast2-a.c.ece1724-project.internal, executor driver, partition 2, PROCESS_LOCAL, 8899 bytes) 
24/12/15 07:08:56 INFO Executor: Running task 0.0 in stage 9.0 (TID 18)
24/12/15 07:08:56 INFO Executor: Running task 2.0 in stage 9.0 (TID 20)
24/12/15 07:08:56 INFO MemoryStore: Block broadcast_8 stored as values in memory (estimated size 10.0 KiB, free 3.9 GiB)
24/12/15 07:08:56 INFO Executor: Running task 1.0 in stage 9.0 (TID 19)
24/12/15 07:08:56 INFO MemoryStore: Block broadcast_8_piece0 stored as bytes in memory (estimated size 4.9 KiB, free 3.9 GiB)
24/12/15 07:08:56 INFO BlockManagerInfo: Added broadcast_8_piece0 in memory on google-vm1.northamerica-northeast2-a.c.ece1724-project.internal:37153 (size: 4.9 KiB, free: 3.9 GiB)
24/12/15 07:08:56 INFO SparkContext: Created broadcast 8 from broadcast at DAGScheduler.scala:1540
24/12/15 07:08:56 INFO DAGScheduler: Submitting 3 missing tasks from ShuffleMapStage 10 (ReplicatedVertexView.upgrade(true, false) - shippedVerts true false (broadcast) MapPartitionsRDD[40] at mapPartitions at VertexRDDImpl.scala:247) (first 15 tasks are for partitions Vector(0, 1, 2))
24/12/15 07:08:56 INFO TaskSchedulerImpl: Adding task set 10.0 with 3 tasks resource profile 0
24/12/15 07:08:56 INFO TaskSetManager: Starting task 0.0 in stage 10.0 (TID 21) (google-vm1.northamerica-northeast2-a.c.ece1724-project.internal, executor driver, partition 0, PROCESS_LOCAL, 8899 bytes) 
24/12/15 07:08:56 INFO Executor: Running task 0.0 in stage 10.0 (TID 21)
24/12/15 07:08:56 INFO BlockManager: Found block rdd_15_0 locally
24/12/15 07:08:56 INFO BlockManager: Found block rdd_15_0 locally
24/12/15 07:08:56 INFO BlockManager: Found block rdd_15_2 locally
24/12/15 07:08:56 INFO BlockManager: Found block rdd_15_2 locally
24/12/15 07:08:56 INFO BlockManager: Found block rdd_15_1 locally
24/12/15 07:08:56 INFO BlockManager: Found block rdd_15_1 locally
24/12/15 07:08:56 INFO ShuffleBlockFetcherIterator: Getting 3 (4.5 MiB) non-empty blocks including 3 (4.5 MiB) local and 0 (0.0 B) host-local and 0 (0.0 B) push-merged-local and 0 (0.0 B) remote blocks
24/12/15 07:08:56 INFO ShuffleBlockFetcherIterator: Started 0 remote fetches in 2 ms
24/12/15 07:08:56 INFO ShuffleBlockFetcherIterator: Getting 3 (4.7 MiB) non-empty blocks including 3 (4.7 MiB) local and 0 (0.0 B) host-local and 0 (0.0 B) push-merged-local and 0 (0.0 B) remote blocks
24/12/15 07:08:56 INFO ShuffleBlockFetcherIterator: Started 0 remote fetches in 1 ms
24/12/15 07:08:56 INFO ShuffleBlockFetcherIterator: Getting 3 (4.7 MiB) non-empty blocks including 3 (4.7 MiB) local and 0 (0.0 B) host-local and 0 (0.0 B) push-merged-local and 0 (0.0 B) remote blocks
24/12/15 07:08:56 INFO ShuffleBlockFetcherIterator: Started 0 remote fetches in 2 ms
24/12/15 07:08:57 INFO MemoryStore: Block rdd_26_1 stored as values in memory (estimated size 63.7 MiB, free 3.8 GiB)
24/12/15 07:08:57 INFO BlockManagerInfo: Added rdd_26_1 in memory on google-vm1.northamerica-northeast2-a.c.ece1724-project.internal:37153 (size: 63.7 MiB, free: 3.8 GiB)
24/12/15 07:08:57 INFO BlockManagerInfo: Removed broadcast_6_piece0 on google-vm1.northamerica-northeast2-a.c.ece1724-project.internal:37153 in memory (size: 4.8 KiB, free: 3.8 GiB)
24/12/15 07:08:57 INFO MemoryStore: Block rdd_26_2 stored as values in memory (estimated size 63.7 MiB, free 3.8 GiB)
24/12/15 07:08:57 INFO BlockManagerInfo: Added rdd_26_2 in memory on google-vm1.northamerica-northeast2-a.c.ece1724-project.internal:37153 (size: 63.7 MiB, free: 3.8 GiB)
24/12/15 07:08:57 INFO MemoryStore: Block rdd_26_0 stored as values in memory (estimated size 63.7 MiB, free 3.7 GiB)
24/12/15 07:08:57 INFO BlockManagerInfo: Added rdd_26_0 in memory on google-vm1.northamerica-northeast2-a.c.ece1724-project.internal:37153 (size: 63.7 MiB, free: 3.7 GiB)
24/12/15 07:08:57 INFO BlockManager: Found block rdd_26_0 locally
24/12/15 07:08:57 INFO Executor: 1 block locks were not released by task 1.0 in stage 9.0 (TID 19)
[rdd_15_1]
24/12/15 07:08:57 INFO Executor: Finished task 1.0 in stage 9.0 (TID 19). 2000 bytes result sent to driver
24/12/15 07:08:57 INFO TaskSetManager: Starting task 1.0 in stage 10.0 (TID 22) (google-vm1.northamerica-northeast2-a.c.ece1724-project.internal, executor driver, partition 1, PROCESS_LOCAL, 8899 bytes) 
24/12/15 07:08:57 INFO TaskSetManager: Finished task 1.0 in stage 9.0 (TID 19) in 1613 ms on google-vm1.northamerica-northeast2-a.c.ece1724-project.internal (executor driver) (1/3)
24/12/15 07:08:57 INFO Executor: Running task 1.0 in stage 10.0 (TID 22)
24/12/15 07:08:57 INFO MemoryStore: Block rdd_36_0 stored as values in memory (estimated size 79.7 MiB, free 3.6 GiB)
24/12/15 07:08:57 INFO BlockManagerInfo: Added rdd_36_0 in memory on google-vm1.northamerica-northeast2-a.c.ece1724-project.internal:37153 (size: 79.7 MiB, free: 3.6 GiB)
24/12/15 07:08:57 INFO BlockManager: Found block rdd_26_1 locally
24/12/15 07:08:58 INFO MemoryStore: Block rdd_36_1 stored as values in memory (estimated size 79.7 MiB, free 3.5 GiB)
24/12/15 07:08:58 INFO BlockManagerInfo: Added rdd_36_1 in memory on google-vm1.northamerica-northeast2-a.c.ece1724-project.internal:37153 (size: 79.7 MiB, free: 3.6 GiB)
24/12/15 07:08:58 INFO Executor: 1 block locks were not released by task 2.0 in stage 9.0 (TID 20)
[rdd_15_2]
24/12/15 07:08:58 INFO Executor: 1 block locks were not released by task 0.0 in stage 9.0 (TID 18)
[rdd_15_0]
24/12/15 07:08:58 INFO Executor: Finished task 0.0 in stage 9.0 (TID 18). 1957 bytes result sent to driver
24/12/15 07:08:58 INFO Executor: Finished task 2.0 in stage 9.0 (TID 20). 1957 bytes result sent to driver
24/12/15 07:08:58 INFO TaskSetManager: Starting task 2.0 in stage 10.0 (TID 23) (google-vm1.northamerica-northeast2-a.c.ece1724-project.internal, executor driver, partition 2, PROCESS_LOCAL, 8899 bytes) 
24/12/15 07:08:58 INFO Executor: Running task 2.0 in stage 10.0 (TID 23)
24/12/15 07:08:58 INFO TaskSetManager: Finished task 2.0 in stage 9.0 (TID 20) in 2054 ms on google-vm1.northamerica-northeast2-a.c.ece1724-project.internal (executor driver) (2/3)
24/12/15 07:08:58 INFO TaskSetManager: Finished task 0.0 in stage 9.0 (TID 18) in 2058 ms on google-vm1.northamerica-northeast2-a.c.ece1724-project.internal (executor driver) (3/3)
24/12/15 07:08:58 INFO TaskSchedulerImpl: Removed TaskSet 9.0, whose tasks have all completed, from pool 
24/12/15 07:08:58 INFO DAGScheduler: ShuffleMapStage 9 (mapPartitions at VertexRDDImpl.scala:247) finished in 2.077 s
24/12/15 07:08:58 INFO DAGScheduler: looking for newly runnable stages
24/12/15 07:08:58 INFO DAGScheduler: running: Set(ShuffleMapStage 10)
24/12/15 07:08:58 INFO DAGScheduler: waiting: Set(ShuffleMapStage 12, ResultStage 13, ShuffleMapStage 11)
24/12/15 07:08:58 INFO DAGScheduler: failed: Set()
24/12/15 07:08:58 INFO BlockManager: Found block rdd_26_2 locally
24/12/15 07:08:58 INFO MemoryStore: Block rdd_36_2 stored as values in memory (estimated size 79.7 MiB, free 3.5 GiB)
24/12/15 07:08:58 INFO BlockManagerInfo: Added rdd_36_2 in memory on google-vm1.northamerica-northeast2-a.c.ece1724-project.internal:37153 (size: 79.7 MiB, free: 3.5 GiB)
24/12/15 07:08:58 INFO BlockManagerInfo: Removed broadcast_7_piece0 on google-vm1.northamerica-northeast2-a.c.ece1724-project.internal:37153 in memory (size: 4.5 KiB, free: 3.5 GiB)
24/12/15 07:08:58 INFO Executor: Finished task 0.0 in stage 10.0 (TID 21). 1226 bytes result sent to driver
24/12/15 07:08:58 INFO TaskSetManager: Finished task 0.0 in stage 10.0 (TID 21) in 2375 ms on google-vm1.northamerica-northeast2-a.c.ece1724-project.internal (executor driver) (1/3)
24/12/15 07:08:58 INFO Executor: Finished task 1.0 in stage 10.0 (TID 22). 1226 bytes result sent to driver
24/12/15 07:08:58 INFO TaskSetManager: Finished task 1.0 in stage 10.0 (TID 22) in 866 ms on google-vm1.northamerica-northeast2-a.c.ece1724-project.internal (executor driver) (2/3)
24/12/15 07:08:58 INFO Executor: Finished task 2.0 in stage 10.0 (TID 23). 1226 bytes result sent to driver
24/12/15 07:08:58 INFO TaskSetManager: Finished task 2.0 in stage 10.0 (TID 23) in 556 ms on google-vm1.northamerica-northeast2-a.c.ece1724-project.internal (executor driver) (3/3)
24/12/15 07:08:58 INFO TaskSchedulerImpl: Removed TaskSet 10.0, whose tasks have all completed, from pool 
24/12/15 07:08:58 INFO DAGScheduler: ShuffleMapStage 10 (mapPartitions at VertexRDDImpl.scala:247) finished in 2.611 s
24/12/15 07:08:58 INFO DAGScheduler: looking for newly runnable stages
24/12/15 07:08:58 INFO DAGScheduler: running: Set()
24/12/15 07:08:58 INFO DAGScheduler: waiting: Set(ShuffleMapStage 12, ResultStage 13, ShuffleMapStage 11)
24/12/15 07:08:58 INFO DAGScheduler: failed: Set()
24/12/15 07:08:58 INFO DAGScheduler: Submitting ShuffleMapStage 11 (GraphImpl.aggregateMessages - preAgg MapPartitionsRDD[44] at mapPartitions at GraphImpl.scala:207), which has no missing parents
24/12/15 07:08:58 INFO MemoryStore: Block broadcast_9 stored as values in memory (estimated size 12.1 KiB, free 3.5 GiB)
24/12/15 07:08:58 INFO MemoryStore: Block broadcast_9_piece0 stored as bytes in memory (estimated size 5.7 KiB, free 3.5 GiB)
24/12/15 07:08:58 INFO BlockManagerInfo: Added broadcast_9_piece0 in memory on google-vm1.northamerica-northeast2-a.c.ece1724-project.internal:37153 (size: 5.7 KiB, free: 3.5 GiB)
24/12/15 07:08:58 INFO SparkContext: Created broadcast 9 from broadcast at DAGScheduler.scala:1540
24/12/15 07:08:58 INFO DAGScheduler: Submitting 3 missing tasks from ShuffleMapStage 11 (GraphImpl.aggregateMessages - preAgg MapPartitionsRDD[44] at mapPartitions at GraphImpl.scala:207) (first 15 tasks are for partitions Vector(0, 1, 2))
24/12/15 07:08:58 INFO TaskSchedulerImpl: Adding task set 11.0 with 3 tasks resource profile 0
24/12/15 07:08:58 INFO TaskSetManager: Starting task 0.0 in stage 11.0 (TID 24) (google-vm1.northamerica-northeast2-a.c.ece1724-project.internal, executor driver, partition 0, PROCESS_LOCAL, 9223 bytes) 
24/12/15 07:08:58 INFO TaskSetManager: Starting task 1.0 in stage 11.0 (TID 25) (google-vm1.northamerica-northeast2-a.c.ece1724-project.internal, executor driver, partition 1, PROCESS_LOCAL, 9223 bytes) 
24/12/15 07:08:58 INFO TaskSetManager: Starting task 2.0 in stage 11.0 (TID 26) (google-vm1.northamerica-northeast2-a.c.ece1724-project.internal, executor driver, partition 2, PROCESS_LOCAL, 9223 bytes) 
24/12/15 07:08:58 INFO Executor: Running task 0.0 in stage 11.0 (TID 24)
24/12/15 07:08:58 INFO Executor: Running task 1.0 in stage 11.0 (TID 25)
24/12/15 07:08:58 INFO Executor: Running task 2.0 in stage 11.0 (TID 26)
24/12/15 07:08:58 INFO BlockManager: Found block rdd_18_1 locally
24/12/15 07:08:58 INFO MemoryStore: Block rdd_28_1 stored as values in memory (estimated size 129.4 MiB, free 3.3 GiB)
24/12/15 07:08:58 INFO BlockManagerInfo: Added rdd_28_1 in memory on google-vm1.northamerica-northeast2-a.c.ece1724-project.internal:37153 (size: 129.4 MiB, free: 3.3 GiB)
24/12/15 07:08:58 INFO BlockManager: Found block rdd_18_0 locally
24/12/15 07:08:58 INFO BlockManager: Found block rdd_18_2 locally
24/12/15 07:08:58 INFO ShuffleBlockFetcherIterator: Getting 3 (7.5 MiB) non-empty blocks including 3 (7.5 MiB) local and 0 (0.0 B) host-local and 0 (0.0 B) push-merged-local and 0 (0.0 B) remote blocks
24/12/15 07:08:58 INFO ShuffleBlockFetcherIterator: Started 0 remote fetches in 2 ms
24/12/15 07:08:58 INFO MemoryStore: Block rdd_28_2 stored as values in memory (estimated size 66.6 MiB, free 3.3 GiB)
24/12/15 07:08:58 INFO BlockManagerInfo: Added rdd_28_2 in memory on google-vm1.northamerica-northeast2-a.c.ece1724-project.internal:37153 (size: 66.6 MiB, free: 3.3 GiB)
24/12/15 07:08:58 INFO ShuffleBlockFetcherIterator: Getting 3 (4.2 MiB) non-empty blocks including 3 (4.2 MiB) local and 0 (0.0 B) host-local and 0 (0.0 B) push-merged-local and 0 (0.0 B) remote blocks
24/12/15 07:08:58 INFO ShuffleBlockFetcherIterator: Started 0 remote fetches in 1 ms
24/12/15 07:08:58 INFO MemoryStore: Block rdd_28_0 stored as values in memory (estimated size 129.4 MiB, free 3.2 GiB)
24/12/15 07:08:58 INFO BlockManagerInfo: Added rdd_28_0 in memory on google-vm1.northamerica-northeast2-a.c.ece1724-project.internal:37153 (size: 129.4 MiB, free: 3.2 GiB)
24/12/15 07:08:58 INFO ShuffleBlockFetcherIterator: Getting 3 (7.5 MiB) non-empty blocks including 3 (7.5 MiB) local and 0 (0.0 B) host-local and 0 (0.0 B) push-merged-local and 0 (0.0 B) remote blocks
24/12/15 07:08:58 INFO ShuffleBlockFetcherIterator: Started 0 remote fetches in 1 ms
24/12/15 07:08:59 INFO BlockManagerInfo: Removed broadcast_8_piece0 on google-vm1.northamerica-northeast2-a.c.ece1724-project.internal:37153 in memory (size: 4.9 KiB, free: 3.2 GiB)
24/12/15 07:08:59 INFO MemoryStore: Block rdd_38_2 stored as values in memory (estimated size 75.3 MiB, free 3.1 GiB)
24/12/15 07:08:59 INFO BlockManagerInfo: Added rdd_38_2 in memory on google-vm1.northamerica-northeast2-a.c.ece1724-project.internal:37153 (size: 75.3 MiB, free: 3.1 GiB)
24/12/15 07:08:59 INFO ShuffleBlockFetcherIterator: Getting 3 (3.5 MiB) non-empty blocks including 3 (3.5 MiB) local and 0 (0.0 B) host-local and 0 (0.0 B) push-merged-local and 0 (0.0 B) remote blocks
24/12/15 07:08:59 INFO ShuffleBlockFetcherIterator: Started 0 remote fetches in 1 ms
24/12/15 07:08:59 INFO MemoryStore: Block rdd_38_0 stored as values in memory (estimated size 145.6 MiB, free 2.9 GiB)
24/12/15 07:08:59 INFO BlockManagerInfo: Added rdd_38_0 in memory on google-vm1.northamerica-northeast2-a.c.ece1724-project.internal:37153 (size: 145.6 MiB, free: 2.9 GiB)
24/12/15 07:08:59 INFO ShuffleBlockFetcherIterator: Getting 3 (6.8 MiB) non-empty blocks including 3 (6.8 MiB) local and 0 (0.0 B) host-local and 0 (0.0 B) push-merged-local and 0 (0.0 B) remote blocks
24/12/15 07:08:59 INFO ShuffleBlockFetcherIterator: Started 0 remote fetches in 1 ms
24/12/15 07:08:59 INFO MemoryStore: Block rdd_38_1 stored as values in memory (estimated size 145.6 MiB, free 2.8 GiB)
24/12/15 07:08:59 INFO BlockManagerInfo: Added rdd_38_1 in memory on google-vm1.northamerica-northeast2-a.c.ece1724-project.internal:37153 (size: 145.6 MiB, free: 2.8 GiB)
24/12/15 07:08:59 INFO ShuffleBlockFetcherIterator: Getting 3 (6.8 MiB) non-empty blocks including 3 (6.8 MiB) local and 0 (0.0 B) host-local and 0 (0.0 B) push-merged-local and 0 (0.0 B) remote blocks
24/12/15 07:08:59 INFO ShuffleBlockFetcherIterator: Started 0 remote fetches in 1 ms
24/12/15 07:09:00 INFO Executor: 2 block locks were not released by task 2.0 in stage 11.0 (TID 26)
[rdd_28_2, rdd_18_2]
24/12/15 07:09:00 INFO Executor: Finished task 2.0 in stage 11.0 (TID 26). 1957 bytes result sent to driver
24/12/15 07:09:00 INFO TaskSetManager: Finished task 2.0 in stage 11.0 (TID 26) in 1678 ms on google-vm1.northamerica-northeast2-a.c.ece1724-project.internal (executor driver) (1/3)
24/12/15 07:09:01 INFO Executor: 2 block locks were not released by task 0.0 in stage 11.0 (TID 24)
[rdd_18_0, rdd_28_0]
24/12/15 07:09:01 INFO Executor: Finished task 0.0 in stage 11.0 (TID 24). 1957 bytes result sent to driver
24/12/15 07:09:01 INFO TaskSetManager: Finished task 0.0 in stage 11.0 (TID 24) in 2434 ms on google-vm1.northamerica-northeast2-a.c.ece1724-project.internal (executor driver) (2/3)
24/12/15 07:09:01 INFO Executor: 2 block locks were not released by task 1.0 in stage 11.0 (TID 25)
[rdd_18_1, rdd_28_1]
24/12/15 07:09:01 INFO Executor: Finished task 1.0 in stage 11.0 (TID 25). 1957 bytes result sent to driver
24/12/15 07:09:01 INFO TaskSetManager: Finished task 1.0 in stage 11.0 (TID 25) in 2577 ms on google-vm1.northamerica-northeast2-a.c.ece1724-project.internal (executor driver) (3/3)
24/12/15 07:09:01 INFO TaskSchedulerImpl: Removed TaskSet 11.0, whose tasks have all completed, from pool 
24/12/15 07:09:01 INFO DAGScheduler: ShuffleMapStage 11 (mapPartitions at GraphImpl.scala:207) finished in 2.590 s
24/12/15 07:09:01 INFO DAGScheduler: looking for newly runnable stages
24/12/15 07:09:01 INFO DAGScheduler: running: Set()
24/12/15 07:09:01 INFO DAGScheduler: waiting: Set(ShuffleMapStage 12, ResultStage 13)
24/12/15 07:09:01 INFO DAGScheduler: failed: Set()
24/12/15 07:09:01 INFO DAGScheduler: Submitting ShuffleMapStage 12 (ReplicatedVertexView.updateVertices - shippedVerts true false (broadcast) MapPartitionsRDD[52] at mapPartitions at VertexRDDImpl.scala:247), which has no missing parents
24/12/15 07:09:01 INFO MemoryStore: Block broadcast_10 stored as values in memory (estimated size 11.3 KiB, free 2.8 GiB)
24/12/15 07:09:01 INFO MemoryStore: Block broadcast_10_piece0 stored as bytes in memory (estimated size 5.4 KiB, free 2.8 GiB)
24/12/15 07:09:01 INFO BlockManagerInfo: Added broadcast_10_piece0 in memory on google-vm1.northamerica-northeast2-a.c.ece1724-project.internal:37153 (size: 5.4 KiB, free: 2.8 GiB)
24/12/15 07:09:01 INFO SparkContext: Created broadcast 10 from broadcast at DAGScheduler.scala:1540
24/12/15 07:09:01 INFO DAGScheduler: Submitting 3 missing tasks from ShuffleMapStage 12 (ReplicatedVertexView.updateVertices - shippedVerts true false (broadcast) MapPartitionsRDD[52] at mapPartitions at VertexRDDImpl.scala:247) (first 15 tasks are for partitions Vector(0, 1, 2))
24/12/15 07:09:01 INFO TaskSchedulerImpl: Adding task set 12.0 with 3 tasks resource profile 0
24/12/15 07:09:01 INFO TaskSetManager: Starting task 0.0 in stage 12.0 (TID 27) (google-vm1.northamerica-northeast2-a.c.ece1724-project.internal, executor driver, partition 0, PROCESS_LOCAL, 9004 bytes) 
24/12/15 07:09:01 INFO TaskSetManager: Starting task 1.0 in stage 12.0 (TID 28) (google-vm1.northamerica-northeast2-a.c.ece1724-project.internal, executor driver, partition 1, PROCESS_LOCAL, 9004 bytes) 
24/12/15 07:09:01 INFO TaskSetManager: Starting task 2.0 in stage 12.0 (TID 29) (google-vm1.northamerica-northeast2-a.c.ece1724-project.internal, executor driver, partition 2, PROCESS_LOCAL, 9004 bytes) 
24/12/15 07:09:01 INFO Executor: Running task 2.0 in stage 12.0 (TID 29)
24/12/15 07:09:01 INFO Executor: Running task 1.0 in stage 12.0 (TID 28)
24/12/15 07:09:01 INFO Executor: Running task 0.0 in stage 12.0 (TID 27)
24/12/15 07:09:01 INFO BlockManager: Found block rdd_36_2 locally
24/12/15 07:09:01 INFO BlockManager: Found block rdd_36_1 locally
24/12/15 07:09:01 INFO BlockManager: Found block rdd_36_1 locally
24/12/15 07:09:01 INFO BlockManager: Found block rdd_36_1 locally
24/12/15 07:09:01 INFO ShuffleBlockFetcherIterator: Getting 3 (7.7 MiB) non-empty blocks including 3 (7.7 MiB) local and 0 (0.0 B) host-local and 0 (0.0 B) push-merged-local and 0 (0.0 B) remote blocks
24/12/15 07:09:01 INFO ShuffleBlockFetcherIterator: Started 0 remote fetches in 2 ms
24/12/15 07:09:01 INFO BlockManager: Found block rdd_36_2 locally
24/12/15 07:09:01 INFO BlockManager: Found block rdd_36_2 locally
24/12/15 07:09:01 INFO ShuffleBlockFetcherIterator: Getting 3 (7.7 MiB) non-empty blocks including 3 (7.7 MiB) local and 0 (0.0 B) host-local and 0 (0.0 B) push-merged-local and 0 (0.0 B) remote blocks
24/12/15 07:09:01 INFO ShuffleBlockFetcherIterator: Started 0 remote fetches in 1 ms
24/12/15 07:09:01 INFO BlockManager: Found block rdd_36_0 locally
24/12/15 07:09:01 INFO BlockManager: Found block rdd_36_0 locally
24/12/15 07:09:01 INFO BlockManager: Found block rdd_36_0 locally
24/12/15 07:09:01 INFO ShuffleBlockFetcherIterator: Getting 3 (7.7 MiB) non-empty blocks including 3 (7.7 MiB) local and 0 (0.0 B) host-local and 0 (0.0 B) push-merged-local and 0 (0.0 B) remote blocks
24/12/15 07:09:01 INFO ShuffleBlockFetcherIterator: Started 0 remote fetches in 1 ms
24/12/15 07:09:01 INFO BlockManagerInfo: Removed broadcast_9_piece0 on google-vm1.northamerica-northeast2-a.c.ece1724-project.internal:37153 in memory (size: 5.7 KiB, free: 2.8 GiB)
24/12/15 07:09:03 INFO MemoryStore: Block rdd_48_0 stored as values in memory (estimated size 79.7 MiB, free 2.7 GiB)
24/12/15 07:09:03 INFO BlockManagerInfo: Added rdd_48_0 in memory on google-vm1.northamerica-northeast2-a.c.ece1724-project.internal:37153 (size: 79.7 MiB, free: 2.7 GiB)
24/12/15 07:09:03 INFO MemoryStore: Block rdd_48_1 stored as values in memory (estimated size 79.7 MiB, free 2.6 GiB)
24/12/15 07:09:03 INFO BlockManagerInfo: Added rdd_48_1 in memory on google-vm1.northamerica-northeast2-a.c.ece1724-project.internal:37153 (size: 79.7 MiB, free: 2.6 GiB)
24/12/15 07:09:03 INFO MemoryStore: Block rdd_48_2 stored as values in memory (estimated size 79.7 MiB, free 2.6 GiB)
24/12/15 07:09:03 INFO BlockManagerInfo: Added rdd_48_2 in memory on google-vm1.northamerica-northeast2-a.c.ece1724-project.internal:37153 (size: 79.7 MiB, free: 2.6 GiB)
24/12/15 07:09:03 INFO Executor: 2 block locks were not released by task 1.0 in stage 12.0 (TID 28)
[rdd_36_1, rdd_48_1]
24/12/15 07:09:03 INFO Executor: Finished task 1.0 in stage 12.0 (TID 28). 1957 bytes result sent to driver
24/12/15 07:09:03 INFO TaskSetManager: Finished task 1.0 in stage 12.0 (TID 28) in 2152 ms on google-vm1.northamerica-northeast2-a.c.ece1724-project.internal (executor driver) (1/3)
24/12/15 07:09:03 INFO Executor: 2 block locks were not released by task 0.0 in stage 12.0 (TID 27)
[rdd_36_0, rdd_48_0]
24/12/15 07:09:03 INFO Executor: Finished task 0.0 in stage 12.0 (TID 27). 2000 bytes result sent to driver
24/12/15 07:09:03 INFO TaskSetManager: Finished task 0.0 in stage 12.0 (TID 27) in 2204 ms on google-vm1.northamerica-northeast2-a.c.ece1724-project.internal (executor driver) (2/3)
24/12/15 07:09:03 INFO Executor: 2 block locks were not released by task 2.0 in stage 12.0 (TID 29)
[rdd_48_2, rdd_36_2]
24/12/15 07:09:03 INFO Executor: Finished task 2.0 in stage 12.0 (TID 29). 1957 bytes result sent to driver
24/12/15 07:09:03 INFO TaskSetManager: Finished task 2.0 in stage 12.0 (TID 29) in 2262 ms on google-vm1.northamerica-northeast2-a.c.ece1724-project.internal (executor driver) (3/3)
24/12/15 07:09:03 INFO TaskSchedulerImpl: Removed TaskSet 12.0, whose tasks have all completed, from pool 
24/12/15 07:09:03 INFO DAGScheduler: ShuffleMapStage 12 (mapPartitions at VertexRDDImpl.scala:247) finished in 2.274 s
24/12/15 07:09:03 INFO DAGScheduler: looking for newly runnable stages
24/12/15 07:09:03 INFO DAGScheduler: running: Set()
24/12/15 07:09:03 INFO DAGScheduler: waiting: Set(ResultStage 13)
24/12/15 07:09:03 INFO DAGScheduler: failed: Set()
24/12/15 07:09:03 INFO DAGScheduler: Submitting ResultStage 13 (EdgeRDDImpl[55] at RDD at EdgeRDD.scala:41), which has no missing parents
24/12/15 07:09:03 INFO MemoryStore: Block broadcast_11 stored as values in memory (estimated size 11.7 KiB, free 2.6 GiB)
24/12/15 07:09:03 INFO MemoryStore: Block broadcast_11_piece0 stored as bytes in memory (estimated size 5.4 KiB, free 2.6 GiB)
24/12/15 07:09:03 INFO BlockManagerInfo: Added broadcast_11_piece0 in memory on google-vm1.northamerica-northeast2-a.c.ece1724-project.internal:37153 (size: 5.4 KiB, free: 2.6 GiB)
24/12/15 07:09:03 INFO SparkContext: Created broadcast 11 from broadcast at DAGScheduler.scala:1540
24/12/15 07:09:03 INFO DAGScheduler: Submitting 3 missing tasks from ResultStage 13 (EdgeRDDImpl[55] at RDD at EdgeRDD.scala:41) (first 15 tasks are for partitions Vector(0, 1, 2))
24/12/15 07:09:03 INFO TaskSchedulerImpl: Adding task set 13.0 with 3 tasks resource profile 0
24/12/15 07:09:03 INFO TaskSetManager: Starting task 0.0 in stage 13.0 (TID 30) (google-vm1.northamerica-northeast2-a.c.ece1724-project.internal, executor driver, partition 0, PROCESS_LOCAL, 9275 bytes) 
24/12/15 07:09:03 INFO TaskSetManager: Starting task 1.0 in stage 13.0 (TID 31) (google-vm1.northamerica-northeast2-a.c.ece1724-project.internal, executor driver, partition 1, PROCESS_LOCAL, 9275 bytes) 
24/12/15 07:09:03 INFO TaskSetManager: Starting task 2.0 in stage 13.0 (TID 32) (google-vm1.northamerica-northeast2-a.c.ece1724-project.internal, executor driver, partition 2, PROCESS_LOCAL, 9275 bytes) 
24/12/15 07:09:03 INFO Executor: Running task 1.0 in stage 13.0 (TID 31)
24/12/15 07:09:03 INFO Executor: Running task 0.0 in stage 13.0 (TID 30)
24/12/15 07:09:03 INFO Executor: Running task 2.0 in stage 13.0 (TID 32)
24/12/15 07:09:03 INFO BlockManager: Found block rdd_38_0 locally
24/12/15 07:09:03 INFO BlockManager: Found block rdd_38_2 locally
24/12/15 07:09:03 INFO ShuffleBlockFetcherIterator: Getting 3 (3.5 MiB) non-empty blocks including 3 (3.5 MiB) local and 0 (0.0 B) host-local and 0 (0.0 B) push-merged-local and 0 (0.0 B) remote blocks
24/12/15 07:09:03 INFO ShuffleBlockFetcherIterator: Getting 3 (6.8 MiB) non-empty blocks including 3 (6.8 MiB) local and 0 (0.0 B) host-local and 0 (0.0 B) push-merged-local and 0 (0.0 B) remote blocks
24/12/15 07:09:03 INFO ShuffleBlockFetcherIterator: Started 0 remote fetches in 1 ms
24/12/15 07:09:03 INFO ShuffleBlockFetcherIterator: Started 0 remote fetches in 1 ms
24/12/15 07:09:03 INFO ShuffleBlockFetcherIterator: Getting 3 (4.2 MiB) non-empty blocks including 3 (4.2 MiB) local and 0 (0.0 B) host-local and 0 (0.0 B) push-merged-local and 0 (0.0 B) remote blocks
24/12/15 07:09:03 INFO ShuffleBlockFetcherIterator: Getting 3 (7.5 MiB) non-empty blocks including 3 (7.5 MiB) local and 0 (0.0 B) host-local and 0 (0.0 B) push-merged-local and 0 (0.0 B) remote blocks
24/12/15 07:09:03 INFO ShuffleBlockFetcherIterator: Started 0 remote fetches in 1 ms
24/12/15 07:09:03 INFO BlockManager: Found block rdd_38_1 locally
24/12/15 07:09:03 INFO ShuffleBlockFetcherIterator: Getting 3 (6.8 MiB) non-empty blocks including 3 (6.8 MiB) local and 0 (0.0 B) host-local and 0 (0.0 B) push-merged-local and 0 (0.0 B) remote blocks
24/12/15 07:09:03 INFO ShuffleBlockFetcherIterator: Started 0 remote fetches in 2 ms
24/12/15 07:09:03 INFO ShuffleBlockFetcherIterator: Getting 3 (7.5 MiB) non-empty blocks including 3 (7.5 MiB) local and 0 (0.0 B) host-local and 0 (0.0 B) push-merged-local and 0 (0.0 B) remote blocks
24/12/15 07:09:03 INFO ShuffleBlockFetcherIterator: Started 0 remote fetches in 1 ms
24/12/15 07:09:03 INFO ShuffleBlockFetcherIterator: Started 0 remote fetches in 1 ms
24/12/15 07:09:04 INFO BlockManagerInfo: Removed broadcast_10_piece0 on google-vm1.northamerica-northeast2-a.c.ece1724-project.internal:37153 in memory (size: 5.4 KiB, free: 2.6 GiB)
24/12/15 07:09:04 INFO MemoryStore: Block rdd_54_2 stored as values in memory (estimated size 75.3 MiB, free 2.5 GiB)
24/12/15 07:09:04 INFO BlockManagerInfo: Added rdd_54_2 in memory on google-vm1.northamerica-northeast2-a.c.ece1724-project.internal:37153 (size: 75.3 MiB, free: 2.5 GiB)
24/12/15 07:09:04 INFO Executor: 1 block locks were not released by task 2.0 in stage 13.0 (TID 32)
[rdd_54_2]
24/12/15 07:09:04 INFO Executor: Finished task 2.0 in stage 13.0 (TID 32). 1752 bytes result sent to driver
24/12/15 07:09:04 INFO TaskSetManager: Finished task 2.0 in stage 13.0 (TID 32) in 551 ms on google-vm1.northamerica-northeast2-a.c.ece1724-project.internal (executor driver) (1/3)
24/12/15 07:09:04 INFO MemoryStore: Block rdd_54_0 stored as values in memory (estimated size 145.6 MiB, free 2.3 GiB)
24/12/15 07:09:04 INFO BlockManagerInfo: Added rdd_54_0 in memory on google-vm1.northamerica-northeast2-a.c.ece1724-project.internal:37153 (size: 145.6 MiB, free: 2.3 GiB)
24/12/15 07:09:04 INFO Executor: 1 block locks were not released by task 0.0 in stage 13.0 (TID 30)
[rdd_54_0]
24/12/15 07:09:04 INFO Executor: Finished task 0.0 in stage 13.0 (TID 30). 1752 bytes result sent to driver
24/12/15 07:09:04 INFO TaskSetManager: Finished task 0.0 in stage 13.0 (TID 30) in 1007 ms on google-vm1.northamerica-northeast2-a.c.ece1724-project.internal (executor driver) (2/3)
24/12/15 07:09:04 INFO BlockManagerInfo: Removed broadcast_1_piece0 on google-vm1.northamerica-northeast2-a.c.ece1724-project.internal:37153 in memory (size: 4.2 KiB, free: 2.3 GiB)
24/12/15 07:09:04 INFO BlockManagerInfo: Removed broadcast_2_piece0 on google-vm1.northamerica-northeast2-a.c.ece1724-project.internal:37153 in memory (size: 4.3 KiB, free: 2.3 GiB)
24/12/15 07:09:04 INFO BlockManagerInfo: Removed broadcast_3_piece0 on google-vm1.northamerica-northeast2-a.c.ece1724-project.internal:37153 in memory (size: 3.5 KiB, free: 2.3 GiB)
24/12/15 07:09:04 INFO BlockManagerInfo: Removed broadcast_4_piece0 on google-vm1.northamerica-northeast2-a.c.ece1724-project.internal:37153 in memory (size: 4.1 KiB, free: 2.3 GiB)
24/12/15 07:09:04 INFO BlockManagerInfo: Removed broadcast_5_piece0 on google-vm1.northamerica-northeast2-a.c.ece1724-project.internal:37153 in memory (size: 3.8 KiB, free: 2.3 GiB)
24/12/15 07:09:04 INFO MemoryStore: Block rdd_54_1 stored as values in memory (estimated size 145.6 MiB, free 2.2 GiB)
24/12/15 07:09:04 INFO BlockManagerInfo: Added rdd_54_1 in memory on google-vm1.northamerica-northeast2-a.c.ece1724-project.internal:37153 (size: 145.6 MiB, free: 2.2 GiB)
24/12/15 07:09:04 INFO Executor: 1 block locks were not released by task 1.0 in stage 13.0 (TID 31)
[rdd_54_1]
24/12/15 07:09:04 INFO Executor: Finished task 1.0 in stage 13.0 (TID 31). 1709 bytes result sent to driver
24/12/15 07:09:04 INFO TaskSetManager: Finished task 1.0 in stage 13.0 (TID 31) in 1144 ms on google-vm1.northamerica-northeast2-a.c.ece1724-project.internal (executor driver) (3/3)
24/12/15 07:09:04 INFO TaskSchedulerImpl: Removed TaskSet 13.0, whose tasks have all completed, from pool 
24/12/15 07:09:04 INFO DAGScheduler: ResultStage 13 (foreachPartition at PageRank.scala:199) finished in 1.159 s
24/12/15 07:09:04 INFO DAGScheduler: Job 2 is finished. Cancelling potential speculative or zombie tasks for this job
24/12/15 07:09:04 INFO TaskSchedulerImpl: Killing all running tasks in stage 13: Stage finished
24/12/15 07:09:04 INFO DAGScheduler: Job 2 finished: foreachPartition at PageRank.scala:199, took 9.647176 s
24/12/15 07:09:04 INFO PageRank: PageRank finished iteration 0.
24/12/15 07:09:04 INFO MapPartitionsRDD: Removing RDD 36 from persistence list
24/12/15 07:09:04 INFO BlockManager: Removing RDD 36
24/12/15 07:09:04 INFO MapPartitionsRDD: Removing RDD 38 from persistence list
24/12/15 07:09:04 INFO BlockManager: Removing RDD 38
24/12/15 07:09:04 INFO SparkContext: Starting job: sum at PageRank.scala:503
24/12/15 07:09:04 INFO DAGScheduler: Got job 3 (sum at PageRank.scala:503) with 3 output partitions
24/12/15 07:09:04 INFO DAGScheduler: Final stage: ResultStage 21 (sum at PageRank.scala:503)
24/12/15 07:09:04 INFO DAGScheduler: Parents of final stage: List(ShuffleMapStage 15, ShuffleMapStage 20, ShuffleMapStage 17, ShuffleMapStage 14)
24/12/15 07:09:04 INFO DAGScheduler: Missing parents: List()
24/12/15 07:09:04 INFO DAGScheduler: Submitting ResultStage 21 (MapPartitionsRDD[56] at values at PageRank.scala:503), which has no missing parents
24/12/15 07:09:04 INFO MemoryStore: Block broadcast_12 stored as values in memory (estimated size 11.7 KiB, free 2.8 GiB)
24/12/15 07:09:04 INFO MemoryStore: Block broadcast_12_piece0 stored as bytes in memory (estimated size 5.6 KiB, free 2.8 GiB)
24/12/15 07:09:04 INFO BlockManagerInfo: Added broadcast_12_piece0 in memory on google-vm1.northamerica-northeast2-a.c.ece1724-project.internal:37153 (size: 5.6 KiB, free: 2.8 GiB)
24/12/15 07:09:04 INFO SparkContext: Created broadcast 12 from broadcast at DAGScheduler.scala:1540
24/12/15 07:09:04 INFO DAGScheduler: Submitting 3 missing tasks from ResultStage 21 (MapPartitionsRDD[56] at values at PageRank.scala:503) (first 15 tasks are for partitions Vector(0, 1, 2))
24/12/15 07:09:04 INFO TaskSchedulerImpl: Adding task set 21.0 with 3 tasks resource profile 0
24/12/15 07:09:04 INFO TaskSetManager: Starting task 0.0 in stage 21.0 (TID 33) (google-vm1.northamerica-northeast2-a.c.ece1724-project.internal, executor driver, partition 0, PROCESS_LOCAL, 8983 bytes) 
24/12/15 07:09:04 INFO TaskSetManager: Starting task 1.0 in stage 21.0 (TID 34) (google-vm1.northamerica-northeast2-a.c.ece1724-project.internal, executor driver, partition 1, PROCESS_LOCAL, 8983 bytes) 
24/12/15 07:09:04 INFO TaskSetManager: Starting task 2.0 in stage 21.0 (TID 35) (google-vm1.northamerica-northeast2-a.c.ece1724-project.internal, executor driver, partition 2, PROCESS_LOCAL, 8983 bytes) 
24/12/15 07:09:04 INFO Executor: Running task 0.0 in stage 21.0 (TID 33)
24/12/15 07:09:04 INFO Executor: Running task 1.0 in stage 21.0 (TID 34)
24/12/15 07:09:04 INFO Executor: Running task 2.0 in stage 21.0 (TID 35)
24/12/15 07:09:04 INFO BlockManager: Found block rdd_48_2 locally
24/12/15 07:09:04 INFO BlockManager: Found block rdd_48_0 locally
24/12/15 07:09:04 INFO BlockManager: Found block rdd_48_1 locally
24/12/15 07:09:05 INFO BlockManagerInfo: Removed broadcast_11_piece0 on google-vm1.northamerica-northeast2-a.c.ece1724-project.internal:37153 in memory (size: 5.4 KiB, free: 2.8 GiB)
24/12/15 07:09:05 INFO Executor: 1 block locks were not released by task 0.0 in stage 21.0 (TID 33)
[rdd_48_0]
24/12/15 07:09:05 INFO Executor: Finished task 0.0 in stage 21.0 (TID 33). 1018 bytes result sent to driver
24/12/15 07:09:05 INFO TaskSetManager: Finished task 0.0 in stage 21.0 (TID 33) in 775 ms on google-vm1.northamerica-northeast2-a.c.ece1724-project.internal (executor driver) (1/3)
24/12/15 07:09:05 INFO Executor: 1 block locks were not released by task 2.0 in stage 21.0 (TID 35)
[rdd_48_2]
24/12/15 07:09:05 INFO Executor: Finished task 2.0 in stage 21.0 (TID 35). 1018 bytes result sent to driver
24/12/15 07:09:05 INFO TaskSetManager: Finished task 2.0 in stage 21.0 (TID 35) in 823 ms on google-vm1.northamerica-northeast2-a.c.ece1724-project.internal (executor driver) (2/3)
24/12/15 07:09:05 INFO Executor: 1 block locks were not released by task 1.0 in stage 21.0 (TID 34)
[rdd_48_1]
24/12/15 07:09:05 INFO Executor: Finished task 1.0 in stage 21.0 (TID 34). 1018 bytes result sent to driver
24/12/15 07:09:05 INFO TaskSetManager: Finished task 1.0 in stage 21.0 (TID 34) in 859 ms on google-vm1.northamerica-northeast2-a.c.ece1724-project.internal (executor driver) (3/3)
24/12/15 07:09:05 INFO TaskSchedulerImpl: Removed TaskSet 21.0, whose tasks have all completed, from pool 
24/12/15 07:09:05 INFO DAGScheduler: ResultStage 21 (sum at PageRank.scala:503) finished in 0.896 s
24/12/15 07:09:05 INFO DAGScheduler: Job 3 is finished. Cancelling potential speculative or zombie tasks for this job
24/12/15 07:09:05 INFO TaskSchedulerImpl: Killing all running tasks in stage 21: Stage finished
24/12/15 07:09:05 INFO DAGScheduler: Job 3 finished: sum at PageRank.scala:503, took 0.910765 s
24/12/15 07:09:05 INFO SparkContext: Starting job: fold at VertexRDDImpl.scala:90
24/12/15 07:09:05 INFO DAGScheduler: Got job 4 (fold at VertexRDDImpl.scala:90) with 3 output partitions
24/12/15 07:09:05 INFO DAGScheduler: Final stage: ResultStage 29 (fold at VertexRDDImpl.scala:90)
24/12/15 07:09:05 INFO DAGScheduler: Parents of final stage: List(ShuffleMapStage 28, ShuffleMapStage 25, ShuffleMapStage 22, ShuffleMapStage 23)
24/12/15 07:09:05 INFO DAGScheduler: Missing parents: List()
24/12/15 07:09:05 INFO DAGScheduler: Submitting ResultStage 29 (MapPartitionsRDD[57] at map at VertexRDDImpl.scala:90), which has no missing parents
24/12/15 07:09:05 INFO MemoryStore: Block broadcast_13 stored as values in memory (estimated size 11.5 KiB, free 2.8 GiB)
24/12/15 07:09:05 INFO MemoryStore: Block broadcast_13_piece0 stored as bytes in memory (estimated size 5.4 KiB, free 2.8 GiB)
24/12/15 07:09:05 INFO BlockManagerInfo: Added broadcast_13_piece0 in memory on google-vm1.northamerica-northeast2-a.c.ece1724-project.internal:37153 (size: 5.4 KiB, free: 2.8 GiB)
24/12/15 07:09:05 INFO SparkContext: Created broadcast 13 from broadcast at DAGScheduler.scala:1540
24/12/15 07:09:05 INFO DAGScheduler: Submitting 3 missing tasks from ResultStage 29 (MapPartitionsRDD[57] at map at VertexRDDImpl.scala:90) (first 15 tasks are for partitions Vector(0, 1, 2))
24/12/15 07:09:05 INFO TaskSchedulerImpl: Adding task set 29.0 with 3 tasks resource profile 0
24/12/15 07:09:05 INFO TaskSetManager: Starting task 0.0 in stage 29.0 (TID 36) (google-vm1.northamerica-northeast2-a.c.ece1724-project.internal, executor driver, partition 0, PROCESS_LOCAL, 8983 bytes) 
24/12/15 07:09:05 INFO TaskSetManager: Starting task 1.0 in stage 29.0 (TID 37) (google-vm1.northamerica-northeast2-a.c.ece1724-project.internal, executor driver, partition 1, PROCESS_LOCAL, 8983 bytes) 
24/12/15 07:09:05 INFO TaskSetManager: Starting task 2.0 in stage 29.0 (TID 38) (google-vm1.northamerica-northeast2-a.c.ece1724-project.internal, executor driver, partition 2, PROCESS_LOCAL, 8983 bytes) 
24/12/15 07:09:05 INFO Executor: Running task 1.0 in stage 29.0 (TID 37)
24/12/15 07:09:05 INFO Executor: Running task 2.0 in stage 29.0 (TID 38)
24/12/15 07:09:05 INFO Executor: Running task 0.0 in stage 29.0 (TID 36)
24/12/15 07:09:05 INFO BlockManager: Found block rdd_48_1 locally
24/12/15 07:09:05 INFO BlockManager: Found block rdd_48_0 locally
24/12/15 07:09:05 INFO Executor: Finished task 0.0 in stage 29.0 (TID 36). 973 bytes result sent to driver
24/12/15 07:09:05 INFO BlockManager: Found block rdd_48_2 locally
24/12/15 07:09:05 INFO TaskSetManager: Finished task 0.0 in stage 29.0 (TID 36) in 12 ms on google-vm1.northamerica-northeast2-a.c.ece1724-project.internal (executor driver) (1/3)
24/12/15 07:09:05 INFO Executor: Finished task 2.0 in stage 29.0 (TID 38). 1016 bytes result sent to driver
24/12/15 07:09:05 INFO TaskSetManager: Finished task 2.0 in stage 29.0 (TID 38) in 15 ms on google-vm1.northamerica-northeast2-a.c.ece1724-project.internal (executor driver) (2/3)
24/12/15 07:09:05 INFO Executor: Finished task 1.0 in stage 29.0 (TID 37). 1016 bytes result sent to driver
24/12/15 07:09:05 INFO TaskSetManager: Finished task 1.0 in stage 29.0 (TID 37) in 21 ms on google-vm1.northamerica-northeast2-a.c.ece1724-project.internal (executor driver) (3/3)
24/12/15 07:09:05 INFO TaskSchedulerImpl: Removed TaskSet 29.0, whose tasks have all completed, from pool 
24/12/15 07:09:05 INFO DAGScheduler: ResultStage 29 (fold at VertexRDDImpl.scala:90) finished in 0.033 s
24/12/15 07:09:05 INFO DAGScheduler: Job 4 is finished. Cancelling potential speculative or zombie tasks for this job
24/12/15 07:09:05 INFO TaskSchedulerImpl: Killing all running tasks in stage 29: Stage finished
24/12/15 07:09:05 INFO DAGScheduler: Job 4 finished: fold at VertexRDDImpl.scala:90, took 0.049370 s
Top-ranked vertices:
24/12/15 07:09:05 INFO SparkContext: Starting job: sortBy at graphx-twitter-PR.scala:50
24/12/15 07:09:05 INFO DAGScheduler: Got job 5 (sortBy at graphx-twitter-PR.scala:50) with 3 output partitions
24/12/15 07:09:05 INFO DAGScheduler: Final stage: ResultStage 37 (sortBy at graphx-twitter-PR.scala:50)
24/12/15 07:09:05 INFO DAGScheduler: Parents of final stage: List(ShuffleMapStage 33, ShuffleMapStage 30, ShuffleMapStage 31, ShuffleMapStage 36)
24/12/15 07:09:05 INFO DAGScheduler: Missing parents: List()
24/12/15 07:09:05 INFO DAGScheduler: Submitting ResultStage 37 (MapPartitionsRDD[68] at sortBy at graphx-twitter-PR.scala:50), which has no missing parents
24/12/15 07:09:05 INFO MemoryStore: Block broadcast_14 stored as values in memory (estimated size 13.2 KiB, free 2.8 GiB)
24/12/15 07:09:05 INFO MemoryStore: Block broadcast_14_piece0 stored as bytes in memory (estimated size 6.1 KiB, free 2.8 GiB)
24/12/15 07:09:05 INFO BlockManagerInfo: Added broadcast_14_piece0 in memory on google-vm1.northamerica-northeast2-a.c.ece1724-project.internal:37153 (size: 6.1 KiB, free: 2.8 GiB)
24/12/15 07:09:05 INFO SparkContext: Created broadcast 14 from broadcast at DAGScheduler.scala:1540
24/12/15 07:09:06 INFO DAGScheduler: Submitting 3 missing tasks from ResultStage 37 (MapPartitionsRDD[68] at sortBy at graphx-twitter-PR.scala:50) (first 15 tasks are for partitions Vector(0, 1, 2))
24/12/15 07:09:06 INFO TaskSchedulerImpl: Adding task set 37.0 with 3 tasks resource profile 0
24/12/15 07:09:06 INFO TaskSetManager: Starting task 0.0 in stage 37.0 (TID 39) (google-vm1.northamerica-northeast2-a.c.ece1724-project.internal, executor driver, partition 0, PROCESS_LOCAL, 8983 bytes) 
24/12/15 07:09:06 INFO TaskSetManager: Starting task 1.0 in stage 37.0 (TID 40) (google-vm1.northamerica-northeast2-a.c.ece1724-project.internal, executor driver, partition 1, PROCESS_LOCAL, 8983 bytes) 
24/12/15 07:09:06 INFO TaskSetManager: Starting task 2.0 in stage 37.0 (TID 41) (google-vm1.northamerica-northeast2-a.c.ece1724-project.internal, executor driver, partition 2, PROCESS_LOCAL, 8983 bytes) 
24/12/15 07:09:06 INFO Executor: Running task 2.0 in stage 37.0 (TID 41)
24/12/15 07:09:06 INFO Executor: Running task 0.0 in stage 37.0 (TID 39)
24/12/15 07:09:06 INFO Executor: Running task 1.0 in stage 37.0 (TID 40)
24/12/15 07:09:06 INFO BlockManager: Found block rdd_48_2 locally
24/12/15 07:09:06 INFO BlockManager: Found block rdd_48_0 locally
24/12/15 07:09:06 INFO BlockManager: Found block rdd_48_1 locally
24/12/15 07:09:06 INFO MemoryStore: Block rdd_58_0 stored as values in memory (estimated size 79.7 MiB, free 2.7 GiB)
24/12/15 07:09:06 INFO BlockManagerInfo: Added rdd_58_0 in memory on google-vm1.northamerica-northeast2-a.c.ece1724-project.internal:37153 (size: 79.7 MiB, free: 2.7 GiB)
24/12/15 07:09:06 INFO MemoryStore: Block rdd_58_2 stored as values in memory (estimated size 79.7 MiB, free 2.6 GiB)
24/12/15 07:09:06 INFO BlockManagerInfo: Added rdd_58_2 in memory on google-vm1.northamerica-northeast2-a.c.ece1724-project.internal:37153 (size: 79.7 MiB, free: 2.6 GiB)
24/12/15 07:09:06 INFO MemoryStore: Block rdd_58_1 stored as values in memory (estimated size 79.7 MiB, free 2.6 GiB)
24/12/15 07:09:06 INFO BlockManagerInfo: Added rdd_58_1 in memory on google-vm1.northamerica-northeast2-a.c.ece1724-project.internal:37153 (size: 79.7 MiB, free: 2.6 GiB)
24/12/15 07:09:06 INFO BlockManagerInfo: Removed broadcast_12_piece0 on google-vm1.northamerica-northeast2-a.c.ece1724-project.internal:37153 in memory (size: 5.6 KiB, free: 2.6 GiB)
24/12/15 07:09:06 INFO BlockManagerInfo: Removed broadcast_13_piece0 on google-vm1.northamerica-northeast2-a.c.ece1724-project.internal:37153 in memory (size: 5.4 KiB, free: 2.6 GiB)
24/12/15 07:09:06 INFO Executor: 1 block locks were not released by task 0.0 in stage 37.0 (TID 39)
[rdd_58_0]
24/12/15 07:09:06 INFO Executor: Finished task 0.0 in stage 37.0 (TID 39). 1683 bytes result sent to driver
24/12/15 07:09:06 INFO TaskSetManager: Finished task 0.0 in stage 37.0 (TID 39) in 587 ms on google-vm1.northamerica-northeast2-a.c.ece1724-project.internal (executor driver) (1/3)
24/12/15 07:09:06 INFO Executor: 1 block locks were not released by task 1.0 in stage 37.0 (TID 40)
[rdd_58_1]
24/12/15 07:09:06 INFO Executor: Finished task 1.0 in stage 37.0 (TID 40). 1683 bytes result sent to driver
24/12/15 07:09:06 INFO TaskSetManager: Finished task 1.0 in stage 37.0 (TID 40) in 617 ms on google-vm1.northamerica-northeast2-a.c.ece1724-project.internal (executor driver) (2/3)
24/12/15 07:09:06 INFO Executor: 1 block locks were not released by task 2.0 in stage 37.0 (TID 41)
[rdd_58_2]
24/12/15 07:09:06 INFO Executor: Finished task 2.0 in stage 37.0 (TID 41). 1683 bytes result sent to driver
24/12/15 07:09:06 INFO TaskSetManager: Finished task 2.0 in stage 37.0 (TID 41) in 630 ms on google-vm1.northamerica-northeast2-a.c.ece1724-project.internal (executor driver) (3/3)
24/12/15 07:09:06 INFO TaskSchedulerImpl: Removed TaskSet 37.0, whose tasks have all completed, from pool 
24/12/15 07:09:06 INFO DAGScheduler: ResultStage 37 (sortBy at graphx-twitter-PR.scala:50) finished in 0.665 s
24/12/15 07:09:06 INFO DAGScheduler: Job 5 is finished. Cancelling potential speculative or zombie tasks for this job
24/12/15 07:09:06 INFO TaskSchedulerImpl: Killing all running tasks in stage 37: Stage finished
24/12/15 07:09:06 INFO DAGScheduler: Job 5 finished: sortBy at graphx-twitter-PR.scala:50, took 0.675229 s
24/12/15 07:09:06 INFO SparkContext: Starting job: take at graphx-twitter-PR.scala:50
24/12/15 07:09:06 INFO DAGScheduler: Registering RDD 66 (sortBy at graphx-twitter-PR.scala:50) as input to shuffle 9
24/12/15 07:09:06 INFO DAGScheduler: Got job 6 (take at graphx-twitter-PR.scala:50) with 1 output partitions
24/12/15 07:09:06 INFO DAGScheduler: Final stage: ResultStage 46 (take at graphx-twitter-PR.scala:50)
24/12/15 07:09:06 INFO DAGScheduler: Parents of final stage: List(ShuffleMapStage 45)
24/12/15 07:09:06 INFO DAGScheduler: Missing parents: List(ShuffleMapStage 45)
24/12/15 07:09:06 INFO DAGScheduler: Submitting ShuffleMapStage 45 (MapPartitionsRDD[66] at sortBy at graphx-twitter-PR.scala:50), which has no missing parents
24/12/15 07:09:06 INFO MemoryStore: Block broadcast_15 stored as values in memory (estimated size 12.2 KiB, free 2.6 GiB)
24/12/15 07:09:06 INFO MemoryStore: Block broadcast_15_piece0 stored as bytes in memory (estimated size 5.9 KiB, free 2.6 GiB)
24/12/15 07:09:06 INFO BlockManagerInfo: Added broadcast_15_piece0 in memory on google-vm1.northamerica-northeast2-a.c.ece1724-project.internal:37153 (size: 5.9 KiB, free: 2.6 GiB)
24/12/15 07:09:06 INFO SparkContext: Created broadcast 15 from broadcast at DAGScheduler.scala:1540
24/12/15 07:09:06 INFO DAGScheduler: Submitting 3 missing tasks from ShuffleMapStage 45 (MapPartitionsRDD[66] at sortBy at graphx-twitter-PR.scala:50) (first 15 tasks are for partitions Vector(0, 1, 2))
24/12/15 07:09:06 INFO TaskSchedulerImpl: Adding task set 45.0 with 3 tasks resource profile 0
24/12/15 07:09:06 INFO TaskSetManager: Starting task 0.0 in stage 45.0 (TID 42) (google-vm1.northamerica-northeast2-a.c.ece1724-project.internal, executor driver, partition 0, PROCESS_LOCAL, 8972 bytes) 
24/12/15 07:09:06 INFO TaskSetManager: Starting task 1.0 in stage 45.0 (TID 43) (google-vm1.northamerica-northeast2-a.c.ece1724-project.internal, executor driver, partition 1, PROCESS_LOCAL, 8972 bytes) 
24/12/15 07:09:06 INFO TaskSetManager: Starting task 2.0 in stage 45.0 (TID 44) (google-vm1.northamerica-northeast2-a.c.ece1724-project.internal, executor driver, partition 2, PROCESS_LOCAL, 8972 bytes) 
24/12/15 07:09:06 INFO Executor: Running task 0.0 in stage 45.0 (TID 42)
24/12/15 07:09:06 INFO Executor: Running task 2.0 in stage 45.0 (TID 44)
24/12/15 07:09:06 INFO Executor: Running task 1.0 in stage 45.0 (TID 43)
24/12/15 07:09:06 INFO BlockManager: Found block rdd_58_1 locally
24/12/15 07:09:06 INFO BlockManager: Found block rdd_58_2 locally
24/12/15 07:09:06 INFO BlockManager: Found block rdd_58_0 locally
24/12/15 07:09:10 INFO Executor: 1 block locks were not released by task 1.0 in stage 45.0 (TID 43)
[rdd_58_1]
24/12/15 07:09:10 INFO Executor: Finished task 1.0 in stage 45.0 (TID 43). 1183 bytes result sent to driver
24/12/15 07:09:10 INFO TaskSetManager: Finished task 1.0 in stage 45.0 (TID 43) in 3559 ms on google-vm1.northamerica-northeast2-a.c.ece1724-project.internal (executor driver) (1/3)
24/12/15 07:09:10 INFO Executor: 1 block locks were not released by task 0.0 in stage 45.0 (TID 42)
[rdd_58_0]
24/12/15 07:09:10 INFO Executor: Finished task 0.0 in stage 45.0 (TID 42). 1183 bytes result sent to driver
24/12/15 07:09:10 INFO TaskSetManager: Finished task 0.0 in stage 45.0 (TID 42) in 3895 ms on google-vm1.northamerica-northeast2-a.c.ece1724-project.internal (executor driver) (2/3)
24/12/15 07:09:10 INFO Executor: 1 block locks were not released by task 2.0 in stage 45.0 (TID 44)
[rdd_58_2]
24/12/15 07:09:10 INFO Executor: Finished task 2.0 in stage 45.0 (TID 44). 1183 bytes result sent to driver
24/12/15 07:09:10 INFO TaskSetManager: Finished task 2.0 in stage 45.0 (TID 44) in 3898 ms on google-vm1.northamerica-northeast2-a.c.ece1724-project.internal (executor driver) (3/3)
24/12/15 07:09:10 INFO TaskSchedulerImpl: Removed TaskSet 45.0, whose tasks have all completed, from pool 
24/12/15 07:09:10 INFO DAGScheduler: ShuffleMapStage 45 (sortBy at graphx-twitter-PR.scala:50) finished in 3.909 s
24/12/15 07:09:10 INFO DAGScheduler: looking for newly runnable stages
24/12/15 07:09:10 INFO DAGScheduler: running: Set()
24/12/15 07:09:10 INFO DAGScheduler: waiting: Set(ResultStage 46)
24/12/15 07:09:10 INFO DAGScheduler: failed: Set()
24/12/15 07:09:10 INFO DAGScheduler: Submitting ResultStage 46 (MapPartitionsRDD[70] at sortBy at graphx-twitter-PR.scala:50), which has no missing parents
24/12/15 07:09:10 INFO MemoryStore: Block broadcast_16 stored as values in memory (estimated size 5.6 KiB, free 2.6 GiB)
24/12/15 07:09:10 INFO MemoryStore: Block broadcast_16_piece0 stored as bytes in memory (estimated size 3.2 KiB, free 2.6 GiB)
24/12/15 07:09:10 INFO BlockManagerInfo: Added broadcast_16_piece0 in memory on google-vm1.northamerica-northeast2-a.c.ece1724-project.internal:37153 (size: 3.2 KiB, free: 2.6 GiB)
24/12/15 07:09:10 INFO SparkContext: Created broadcast 16 from broadcast at DAGScheduler.scala:1540
24/12/15 07:09:10 INFO DAGScheduler: Submitting 1 missing tasks from ResultStage 46 (MapPartitionsRDD[70] at sortBy at graphx-twitter-PR.scala:50) (first 15 tasks are for partitions Vector(0))
24/12/15 07:09:10 INFO TaskSchedulerImpl: Adding task set 46.0 with 1 tasks resource profile 0
24/12/15 07:09:10 INFO TaskSetManager: Starting task 0.0 in stage 46.0 (TID 45) (google-vm1.northamerica-northeast2-a.c.ece1724-project.internal, executor driver, partition 0, NODE_LOCAL, 8565 bytes) 
24/12/15 07:09:10 INFO Executor: Running task 0.0 in stage 46.0 (TID 45)
24/12/15 07:09:10 INFO ShuffleBlockFetcherIterator: Getting 3 (34.3 MiB) non-empty blocks including 3 (34.3 MiB) local and 0 (0.0 B) host-local and 0 (0.0 B) push-merged-local and 0 (0.0 B) remote blocks
24/12/15 07:09:10 INFO ShuffleBlockFetcherIterator: Started 0 remote fetches in 1 ms
24/12/15 07:09:16 INFO BlockManagerInfo: Removed broadcast_14_piece0 on google-vm1.northamerica-northeast2-a.c.ece1724-project.internal:37153 in memory (size: 6.1 KiB, free: 2.6 GiB)
24/12/15 07:09:16 INFO BlockManagerInfo: Removed broadcast_15_piece0 on google-vm1.northamerica-northeast2-a.c.ece1724-project.internal:37153 in memory (size: 5.9 KiB, free: 2.6 GiB)
24/12/15 07:09:17 INFO Executor: Finished task 0.0 in stage 46.0 (TID 45). 2253 bytes result sent to driver
24/12/15 07:09:17 INFO TaskSetManager: Finished task 0.0 in stage 46.0 (TID 45) in 6744 ms on google-vm1.northamerica-northeast2-a.c.ece1724-project.internal (executor driver) (1/1)
24/12/15 07:09:17 INFO TaskSchedulerImpl: Removed TaskSet 46.0, whose tasks have all completed, from pool 
24/12/15 07:09:17 INFO DAGScheduler: ResultStage 46 (take at graphx-twitter-PR.scala:50) finished in 6.751 s
24/12/15 07:09:17 INFO DAGScheduler: Job 6 is finished. Cancelling potential speculative or zombie tasks for this job
24/12/15 07:09:17 INFO TaskSchedulerImpl: Killing all running tasks in stage 46: Stage finished
24/12/15 07:09:17 INFO DAGScheduler: Job 6 finished: take at graphx-twitter-PR.scala:50, took 10.672109 s
Vertex 1715636 has rank 282.8138457400338
Vertex 4794058 has rank 118.49165181206723
Vertex 7273213 has rank 103.68183286529644
Vertex 2169625 has rank 99.7845120898304
Vertex 10148293 has rank 98.22558377964403
Vertex 600561 has rank 92.88068671614778
Vertex 335451 has rank 92.43527862752309
Vertex 1804845 has rank 89.76283009577497
Vertex 3048780 has rank 89.54012605146264
Vertex 10316468 has rank 89.09471796283795
24/12/15 07:09:17 INFO SparkContext: SparkContext is stopping with exitCode 0.
24/12/15 07:09:17 INFO SparkUI: Stopped Spark web UI at http://google-vm1.northamerica-northeast2-a.c.ece1724-project.internal:4040
24/12/15 07:09:17 INFO MapOutputTrackerMasterEndpoint: MapOutputTrackerMasterEndpoint stopped!
24/12/15 07:09:17 INFO MemoryStore: MemoryStore cleared
24/12/15 07:09:17 INFO BlockManager: BlockManager stopped
24/12/15 07:09:17 INFO BlockManagerMaster: BlockManagerMaster stopped
24/12/15 07:09:17 INFO OutputCommitCoordinator$OutputCommitCoordinatorEndpoint: OutputCommitCoordinator stopped!
24/12/15 07:09:17 INFO SparkContext: Successfully stopped SparkContext
24/12/15 07:09:17 INFO ShutdownHookManager: Shutdown hook called
24/12/15 07:09:17 INFO ShutdownHookManager: Deleting directory /tmp/spark-6033c75c-de62-4aec-86a4-2bab2e7cf441
24/12/15 07:09:17 INFO ShutdownHookManager: Deleting directory /tmp/spark-4ae850d1-30f5-4d65-a563-302943bf4b01
Execution Time: 79 seconds
Throughput: 7889527.74 bytes/second
