:: loading settings :: url = jar:file:/opt/spark/jars/ivy-2.5.1.jar!/org/apache/ivy/core/settings/ivysettings.xml
Ivy Default Cache set to: /home/zengyuyang1999/.ivy2/cache
The jars for the packages stored in: /home/zengyuyang1999/.ivy2/jars
org.apache.spark#spark-graphx_2.12 added as a dependency
graphframes#graphframes added as a dependency
:: resolving dependencies :: org.apache.spark#spark-submit-parent-f59023f1-d2b1-421b-920e-47cd922097b9;1.0
	confs: [default]
	found graphframes#graphframes;0.8.3-spark3.4-s_2.12 in spark-packages
	found org.slf4j#slf4j-api;1.7.16 in central
:: resolution report :: resolve 202ms :: artifacts dl 10ms
	:: modules in use:
	graphframes#graphframes;0.8.3-spark3.4-s_2.12 from spark-packages in [default]
	org.slf4j#slf4j-api;1.7.16 from central in [default]
	---------------------------------------------------------------------
	|                  |            modules            ||   artifacts   |
	|       conf       | number| search|dwnlded|evicted|| number|dwnlded|
	---------------------------------------------------------------------
	|      default     |   2   |   0   |   0   |   0   ||   2   |   0   |
	---------------------------------------------------------------------
:: retrieving :: org.apache.spark#spark-submit-parent-f59023f1-d2b1-421b-920e-47cd922097b9
	confs: [default]
	0 artifacts copied, 2 already retrieved (0kB/8ms)
24/12/15 07:10:30 WARN NativeCodeLoader: Unable to load native-hadoop library for your platform... using builtin-java classes where applicable
24/12/15 07:10:30 INFO SparkContext: Running Spark version 3.4.4
24/12/15 07:10:30 INFO ResourceUtils: ==============================================================
24/12/15 07:10:30 INFO ResourceUtils: No custom resources configured for spark.driver.
24/12/15 07:10:30 INFO ResourceUtils: ==============================================================
24/12/15 07:10:30 INFO SparkContext: Submitted application: TwitterGraphProcessing
24/12/15 07:10:30 INFO ResourceProfile: Default ResourceProfile created, executor resources: Map(cores -> name: cores, amount: 1, script: , vendor: , memory -> name: memory, amount: 1024, script: , vendor: , offHeap -> name: offHeap, amount: 0, script: , vendor: ), task resources: Map(cpus -> name: cpus, amount: 1.0)
24/12/15 07:10:30 INFO ResourceProfile: Limiting resource is cpu
24/12/15 07:10:30 INFO ResourceProfileManager: Added ResourceProfile id: 0
24/12/15 07:10:30 INFO SecurityManager: Changing view acls to: zengyuyang1999
24/12/15 07:10:30 INFO SecurityManager: Changing modify acls to: zengyuyang1999
24/12/15 07:10:30 INFO SecurityManager: Changing view acls groups to: 
24/12/15 07:10:30 INFO SecurityManager: Changing modify acls groups to: 
24/12/15 07:10:30 INFO SecurityManager: SecurityManager: authentication disabled; ui acls disabled; users with view permissions: zengyuyang1999; groups with view permissions: EMPTY; users with modify permissions: zengyuyang1999; groups with modify permissions: EMPTY
24/12/15 07:10:31 INFO Utils: Successfully started service 'sparkDriver' on port 44823.
24/12/15 07:10:31 INFO SparkEnv: Registering MapOutputTracker
24/12/15 07:10:31 INFO SparkEnv: Registering BlockManagerMaster
24/12/15 07:10:31 INFO BlockManagerMasterEndpoint: Using org.apache.spark.storage.DefaultTopologyMapper for getting topology information
24/12/15 07:10:31 INFO BlockManagerMasterEndpoint: BlockManagerMasterEndpoint up
24/12/15 07:10:31 INFO SparkEnv: Registering BlockManagerMasterHeartbeat
24/12/15 07:10:31 INFO DiskBlockManager: Created local directory at /tmp/blockmgr-b18e9805-bc67-44db-ab66-7a212d89cbcb
24/12/15 07:10:31 INFO MemoryStore: MemoryStore started with capacity 4.6 GiB
24/12/15 07:10:31 INFO SparkEnv: Registering OutputCommitCoordinator
24/12/15 07:10:31 INFO JettyUtils: Start Jetty 0.0.0.0:4040 for SparkUI
24/12/15 07:10:31 INFO Utils: Successfully started service 'SparkUI' on port 4040.
24/12/15 07:10:31 INFO SparkContext: Added JAR file:///home/zengyuyang1999/.ivy2/jars/graphframes_graphframes-0.8.3-spark3.4-s_2.12.jar at spark://google-vm1.northamerica-northeast2-a.c.ece1724-project.internal:44823/jars/graphframes_graphframes-0.8.3-spark3.4-s_2.12.jar with timestamp 1734246630808
24/12/15 07:10:31 INFO SparkContext: Added JAR file:///home/zengyuyang1999/.ivy2/jars/org.slf4j_slf4j-api-1.7.16.jar at spark://google-vm1.northamerica-northeast2-a.c.ece1724-project.internal:44823/jars/org.slf4j_slf4j-api-1.7.16.jar with timestamp 1734246630808
24/12/15 07:10:31 INFO SparkContext: Added JAR file:/home/zengyuyang1999/ece1724-group-project-f24/ece1724-project/graphXtwitterPR.jar at spark://google-vm1.northamerica-northeast2-a.c.ece1724-project.internal:44823/jars/graphXtwitterPR.jar with timestamp 1734246630808
24/12/15 07:10:32 INFO Executor: Starting executor ID driver on host google-vm1.northamerica-northeast2-a.c.ece1724-project.internal
24/12/15 07:10:32 INFO Executor: Starting executor with user classpath (userClassPathFirst = false): ''
24/12/15 07:10:32 INFO Executor: Fetching spark://google-vm1.northamerica-northeast2-a.c.ece1724-project.internal:44823/jars/graphXtwitterPR.jar with timestamp 1734246630808
24/12/15 07:10:32 INFO TransportClientFactory: Successfully created connection to google-vm1.northamerica-northeast2-a.c.ece1724-project.internal/10.188.0.2:44823 after 49 ms (0 ms spent in bootstraps)
24/12/15 07:10:32 INFO Utils: Fetching spark://google-vm1.northamerica-northeast2-a.c.ece1724-project.internal:44823/jars/graphXtwitterPR.jar to /tmp/spark-32848709-b55e-48ed-b111-1056e6a21241/userFiles-54f90db1-01b9-4e3e-815a-9b3ad23cc281/fetchFileTemp18422890890719895874.tmp
24/12/15 07:10:32 INFO Executor: Adding file:/tmp/spark-32848709-b55e-48ed-b111-1056e6a21241/userFiles-54f90db1-01b9-4e3e-815a-9b3ad23cc281/graphXtwitterPR.jar to class loader
24/12/15 07:10:32 INFO Executor: Fetching spark://google-vm1.northamerica-northeast2-a.c.ece1724-project.internal:44823/jars/org.slf4j_slf4j-api-1.7.16.jar with timestamp 1734246630808
24/12/15 07:10:32 INFO Utils: Fetching spark://google-vm1.northamerica-northeast2-a.c.ece1724-project.internal:44823/jars/org.slf4j_slf4j-api-1.7.16.jar to /tmp/spark-32848709-b55e-48ed-b111-1056e6a21241/userFiles-54f90db1-01b9-4e3e-815a-9b3ad23cc281/fetchFileTemp3495987023085020493.tmp
24/12/15 07:10:32 INFO Executor: Adding file:/tmp/spark-32848709-b55e-48ed-b111-1056e6a21241/userFiles-54f90db1-01b9-4e3e-815a-9b3ad23cc281/org.slf4j_slf4j-api-1.7.16.jar to class loader
24/12/15 07:10:32 INFO Executor: Fetching spark://google-vm1.northamerica-northeast2-a.c.ece1724-project.internal:44823/jars/graphframes_graphframes-0.8.3-spark3.4-s_2.12.jar with timestamp 1734246630808
24/12/15 07:10:32 INFO Utils: Fetching spark://google-vm1.northamerica-northeast2-a.c.ece1724-project.internal:44823/jars/graphframes_graphframes-0.8.3-spark3.4-s_2.12.jar to /tmp/spark-32848709-b55e-48ed-b111-1056e6a21241/userFiles-54f90db1-01b9-4e3e-815a-9b3ad23cc281/fetchFileTemp2513735553954168061.tmp
24/12/15 07:10:32 INFO Executor: Adding file:/tmp/spark-32848709-b55e-48ed-b111-1056e6a21241/userFiles-54f90db1-01b9-4e3e-815a-9b3ad23cc281/graphframes_graphframes-0.8.3-spark3.4-s_2.12.jar to class loader
24/12/15 07:10:32 INFO Utils: Successfully started service 'org.apache.spark.network.netty.NettyBlockTransferService' on port 46719.
24/12/15 07:10:32 INFO NettyBlockTransferService: Server created on google-vm1.northamerica-northeast2-a.c.ece1724-project.internal:46719
24/12/15 07:10:32 INFO BlockManager: Using org.apache.spark.storage.RandomBlockReplicationPolicy for block replication policy
24/12/15 07:10:32 INFO BlockManagerMaster: Registering BlockManager BlockManagerId(driver, google-vm1.northamerica-northeast2-a.c.ece1724-project.internal, 46719, None)
24/12/15 07:10:32 INFO BlockManagerMasterEndpoint: Registering block manager google-vm1.northamerica-northeast2-a.c.ece1724-project.internal:46719 with 4.6 GiB RAM, BlockManagerId(driver, google-vm1.northamerica-northeast2-a.c.ece1724-project.internal, 46719, None)
24/12/15 07:10:32 INFO BlockManagerMaster: Registered BlockManager BlockManagerId(driver, google-vm1.northamerica-northeast2-a.c.ece1724-project.internal, 46719, None)
24/12/15 07:10:32 INFO BlockManager: Initialized BlockManager: BlockManagerId(driver, google-vm1.northamerica-northeast2-a.c.ece1724-project.internal, 46719, None)
24/12/15 07:10:33 INFO MemoryStore: Block broadcast_0 stored as values in memory (estimated size 221.5 KiB, free 4.6 GiB)
24/12/15 07:10:33 INFO MemoryStore: Block broadcast_0_piece0 stored as bytes in memory (estimated size 32.7 KiB, free 4.6 GiB)
24/12/15 07:10:33 INFO BlockManagerInfo: Added broadcast_0_piece0 in memory on google-vm1.northamerica-northeast2-a.c.ece1724-project.internal:46719 (size: 32.7 KiB, free: 4.6 GiB)
24/12/15 07:10:33 INFO SparkContext: Created broadcast 0 from textFile at graphx-twitter-PR.scala:25
24/12/15 07:10:34 INFO FileInputFormat: Total input files to process : 1
24/12/15 07:10:34 INFO SparkContext: Starting job: fold at VertexRDDImpl.scala:90
24/12/15 07:10:34 INFO DAGScheduler: Registering RDD 12 (mapPartitions at VertexRDD.scala:356) as input to shuffle 1
24/12/15 07:10:34 INFO DAGScheduler: Registering RDD 4 (distinct at graphx-twitter-PR.scala:34) as input to shuffle 2
24/12/15 07:10:34 INFO DAGScheduler: Registering RDD 7 (map at graphx-twitter-PR.scala:36) as input to shuffle 0
24/12/15 07:10:34 INFO DAGScheduler: Got job 0 (fold at VertexRDDImpl.scala:90) with 51 output partitions
24/12/15 07:10:34 INFO DAGScheduler: Final stage: ResultStage 3 (fold at VertexRDDImpl.scala:90)
24/12/15 07:10:34 INFO DAGScheduler: Parents of final stage: List(ShuffleMapStage 0, ShuffleMapStage 2)
24/12/15 07:10:34 INFO DAGScheduler: Missing parents: List(ShuffleMapStage 0, ShuffleMapStage 2)
24/12/15 07:10:34 INFO DAGScheduler: Submitting ShuffleMapStage 0 (VertexRDD.createRoutingTables - vid2pid (aggregation) MapPartitionsRDD[12] at mapPartitions at VertexRDD.scala:356), which has no missing parents
24/12/15 07:10:34 INFO MemoryStore: Block broadcast_1 stored as values in memory (estimated size 7.6 KiB, free 4.6 GiB)
24/12/15 07:10:34 INFO MemoryStore: Block broadcast_1_piece0 stored as bytes in memory (estimated size 4.2 KiB, free 4.6 GiB)
24/12/15 07:10:34 INFO BlockManagerInfo: Added broadcast_1_piece0 in memory on google-vm1.northamerica-northeast2-a.c.ece1724-project.internal:46719 (size: 4.2 KiB, free: 4.6 GiB)
24/12/15 07:10:34 INFO SparkContext: Created broadcast 1 from broadcast at DAGScheduler.scala:1540
24/12/15 07:10:35 INFO DAGScheduler: Submitting 51 missing tasks from ShuffleMapStage 0 (VertexRDD.createRoutingTables - vid2pid (aggregation) MapPartitionsRDD[12] at mapPartitions at VertexRDD.scala:356) (first 15 tasks are for partitions Vector(0, 1, 2, 3, 4, 5, 6, 7, 8, 9, 10, 11, 12, 13, 14))
24/12/15 07:10:35 INFO TaskSchedulerImpl: Adding task set 0.0 with 51 tasks resource profile 0
24/12/15 07:10:35 INFO DAGScheduler: Submitting ShuffleMapStage 1 (MapPartitionsRDD[4] at distinct at graphx-twitter-PR.scala:34), which has no missing parents
24/12/15 07:10:35 INFO MemoryStore: Block broadcast_2 stored as values in memory (estimated size 7.5 KiB, free 4.6 GiB)
24/12/15 07:10:35 INFO MemoryStore: Block broadcast_2_piece0 stored as bytes in memory (estimated size 4.3 KiB, free 4.6 GiB)
24/12/15 07:10:35 INFO BlockManagerInfo: Added broadcast_2_piece0 in memory on google-vm1.northamerica-northeast2-a.c.ece1724-project.internal:46719 (size: 4.3 KiB, free: 4.6 GiB)
24/12/15 07:10:35 INFO SparkContext: Created broadcast 2 from broadcast at DAGScheduler.scala:1540
24/12/15 07:10:35 INFO DAGScheduler: Submitting 51 missing tasks from ShuffleMapStage 1 (MapPartitionsRDD[4] at distinct at graphx-twitter-PR.scala:34) (first 15 tasks are for partitions Vector(0, 1, 2, 3, 4, 5, 6, 7, 8, 9, 10, 11, 12, 13, 14))
24/12/15 07:10:35 INFO TaskSchedulerImpl: Adding task set 1.0 with 51 tasks resource profile 0
24/12/15 07:10:35 INFO TaskSetManager: Starting task 0.0 in stage 0.0 (TID 0) (google-vm1.northamerica-northeast2-a.c.ece1724-project.internal, executor driver, partition 0, PROCESS_LOCAL, 8846 bytes) 
24/12/15 07:10:35 INFO TaskSetManager: Starting task 1.0 in stage 0.0 (TID 1) (google-vm1.northamerica-northeast2-a.c.ece1724-project.internal, executor driver, partition 1, PROCESS_LOCAL, 8846 bytes) 
24/12/15 07:10:35 INFO TaskSetManager: Starting task 2.0 in stage 0.0 (TID 2) (google-vm1.northamerica-northeast2-a.c.ece1724-project.internal, executor driver, partition 2, PROCESS_LOCAL, 8846 bytes) 
24/12/15 07:10:35 INFO TaskSetManager: Starting task 3.0 in stage 0.0 (TID 3) (google-vm1.northamerica-northeast2-a.c.ece1724-project.internal, executor driver, partition 3, PROCESS_LOCAL, 8846 bytes) 
24/12/15 07:10:35 INFO Executor: Running task 0.0 in stage 0.0 (TID 0)
24/12/15 07:10:35 INFO Executor: Running task 1.0 in stage 0.0 (TID 1)
24/12/15 07:10:35 INFO Executor: Running task 3.0 in stage 0.0 (TID 3)
24/12/15 07:10:35 INFO Executor: Running task 2.0 in stage 0.0 (TID 2)
24/12/15 07:10:35 INFO HadoopRDD: Input split: file:/home/zengyuyang1999/ece1724-group-project-f24/ece1724-project/data/twitter-2010-100m.txt:67108864+33554432
24/12/15 07:10:35 INFO HadoopRDD: Input split: file:/home/zengyuyang1999/ece1724-group-project-f24/ece1724-project/data/twitter-2010-100m.txt:33554432+33554432
24/12/15 07:10:35 INFO HadoopRDD: Input split: file:/home/zengyuyang1999/ece1724-group-project-f24/ece1724-project/data/twitter-2010-100m.txt:0+33554432
24/12/15 07:10:35 INFO HadoopRDD: Input split: file:/home/zengyuyang1999/ece1724-group-project-f24/ece1724-project/data/twitter-2010-100m.txt:100663296+33554432
24/12/15 07:10:52 INFO Executor: Finished task 0.0 in stage 0.0 (TID 0). 1317 bytes result sent to driver
24/12/15 07:10:52 INFO TaskSetManager: Starting task 4.0 in stage 0.0 (TID 4) (google-vm1.northamerica-northeast2-a.c.ece1724-project.internal, executor driver, partition 4, PROCESS_LOCAL, 8846 bytes) 
24/12/15 07:10:52 INFO Executor: Running task 4.0 in stage 0.0 (TID 4)
24/12/15 07:10:52 INFO HadoopRDD: Input split: file:/home/zengyuyang1999/ece1724-group-project-f24/ece1724-project/data/twitter-2010-100m.txt:134217728+33554432
24/12/15 07:10:52 INFO Executor: Finished task 3.0 in stage 0.0 (TID 3). 1274 bytes result sent to driver
24/12/15 07:10:52 INFO TaskSetManager: Finished task 0.0 in stage 0.0 (TID 0) in 17335 ms on google-vm1.northamerica-northeast2-a.c.ece1724-project.internal (executor driver) (1/51)
24/12/15 07:10:52 INFO TaskSetManager: Starting task 5.0 in stage 0.0 (TID 5) (google-vm1.northamerica-northeast2-a.c.ece1724-project.internal, executor driver, partition 5, PROCESS_LOCAL, 8846 bytes) 
24/12/15 07:10:52 INFO Executor: Running task 5.0 in stage 0.0 (TID 5)
24/12/15 07:10:52 INFO TaskSetManager: Finished task 3.0 in stage 0.0 (TID 3) in 17331 ms on google-vm1.northamerica-northeast2-a.c.ece1724-project.internal (executor driver) (2/51)
24/12/15 07:10:52 INFO HadoopRDD: Input split: file:/home/zengyuyang1999/ece1724-group-project-f24/ece1724-project/data/twitter-2010-100m.txt:167772160+33554432
24/12/15 07:10:52 INFO Executor: Finished task 2.0 in stage 0.0 (TID 2). 1274 bytes result sent to driver
24/12/15 07:10:52 INFO TaskSetManager: Starting task 6.0 in stage 0.0 (TID 6) (google-vm1.northamerica-northeast2-a.c.ece1724-project.internal, executor driver, partition 6, PROCESS_LOCAL, 8846 bytes) 
24/12/15 07:10:52 INFO Executor: Running task 6.0 in stage 0.0 (TID 6)
24/12/15 07:10:52 INFO HadoopRDD: Input split: file:/home/zengyuyang1999/ece1724-group-project-f24/ece1724-project/data/twitter-2010-100m.txt:201326592+33554432
24/12/15 07:10:52 INFO Executor: Finished task 1.0 in stage 0.0 (TID 1). 1274 bytes result sent to driver
24/12/15 07:10:52 INFO TaskSetManager: Finished task 2.0 in stage 0.0 (TID 2) in 17388 ms on google-vm1.northamerica-northeast2-a.c.ece1724-project.internal (executor driver) (3/51)
24/12/15 07:10:52 INFO TaskSetManager: Starting task 7.0 in stage 0.0 (TID 7) (google-vm1.northamerica-northeast2-a.c.ece1724-project.internal, executor driver, partition 7, PROCESS_LOCAL, 8846 bytes) 
24/12/15 07:10:52 INFO Executor: Running task 7.0 in stage 0.0 (TID 7)
24/12/15 07:10:52 INFO TaskSetManager: Finished task 1.0 in stage 0.0 (TID 1) in 17403 ms on google-vm1.northamerica-northeast2-a.c.ece1724-project.internal (executor driver) (4/51)
24/12/15 07:10:52 INFO HadoopRDD: Input split: file:/home/zengyuyang1999/ece1724-group-project-f24/ece1724-project/data/twitter-2010-100m.txt:234881024+33554432
24/12/15 07:11:06 INFO Executor: Finished task 5.0 in stage 0.0 (TID 5). 1274 bytes result sent to driver
24/12/15 07:11:06 INFO TaskSetManager: Starting task 8.0 in stage 0.0 (TID 8) (google-vm1.northamerica-northeast2-a.c.ece1724-project.internal, executor driver, partition 8, PROCESS_LOCAL, 8846 bytes) 
24/12/15 07:11:06 INFO TaskSetManager: Finished task 5.0 in stage 0.0 (TID 5) in 14278 ms on google-vm1.northamerica-northeast2-a.c.ece1724-project.internal (executor driver) (5/51)
24/12/15 07:11:06 INFO Executor: Running task 8.0 in stage 0.0 (TID 8)
24/12/15 07:11:06 INFO HadoopRDD: Input split: file:/home/zengyuyang1999/ece1724-group-project-f24/ece1724-project/data/twitter-2010-100m.txt:268435456+33554432
24/12/15 07:11:06 INFO Executor: Finished task 6.0 in stage 0.0 (TID 6). 1274 bytes result sent to driver
24/12/15 07:11:06 INFO TaskSetManager: Starting task 9.0 in stage 0.0 (TID 9) (google-vm1.northamerica-northeast2-a.c.ece1724-project.internal, executor driver, partition 9, PROCESS_LOCAL, 8846 bytes) 
24/12/15 07:11:06 INFO TaskSetManager: Finished task 6.0 in stage 0.0 (TID 6) in 14347 ms on google-vm1.northamerica-northeast2-a.c.ece1724-project.internal (executor driver) (6/51)
24/12/15 07:11:06 INFO Executor: Running task 9.0 in stage 0.0 (TID 9)
24/12/15 07:11:06 INFO HadoopRDD: Input split: file:/home/zengyuyang1999/ece1724-group-project-f24/ece1724-project/data/twitter-2010-100m.txt:301989888+33554432
24/12/15 07:11:06 INFO Executor: Finished task 7.0 in stage 0.0 (TID 7). 1274 bytes result sent to driver
24/12/15 07:11:06 INFO TaskSetManager: Starting task 10.0 in stage 0.0 (TID 10) (google-vm1.northamerica-northeast2-a.c.ece1724-project.internal, executor driver, partition 10, PROCESS_LOCAL, 8846 bytes) 
24/12/15 07:11:06 INFO TaskSetManager: Finished task 7.0 in stage 0.0 (TID 7) in 14372 ms on google-vm1.northamerica-northeast2-a.c.ece1724-project.internal (executor driver) (7/51)
24/12/15 07:11:06 INFO Executor: Running task 10.0 in stage 0.0 (TID 10)
24/12/15 07:11:06 INFO HadoopRDD: Input split: file:/home/zengyuyang1999/ece1724-group-project-f24/ece1724-project/data/twitter-2010-100m.txt:335544320+33554432
24/12/15 07:11:07 INFO Executor: Finished task 4.0 in stage 0.0 (TID 4). 1274 bytes result sent to driver
24/12/15 07:11:07 INFO TaskSetManager: Starting task 11.0 in stage 0.0 (TID 11) (google-vm1.northamerica-northeast2-a.c.ece1724-project.internal, executor driver, partition 11, PROCESS_LOCAL, 8846 bytes) 
24/12/15 07:11:07 INFO TaskSetManager: Finished task 4.0 in stage 0.0 (TID 4) in 14628 ms on google-vm1.northamerica-northeast2-a.c.ece1724-project.internal (executor driver) (8/51)
24/12/15 07:11:07 INFO Executor: Running task 11.0 in stage 0.0 (TID 11)
24/12/15 07:11:07 INFO HadoopRDD: Input split: file:/home/zengyuyang1999/ece1724-group-project-f24/ece1724-project/data/twitter-2010-100m.txt:369098752+33554432
24/12/15 07:11:22 INFO Executor: Finished task 11.0 in stage 0.0 (TID 11). 1274 bytes result sent to driver
24/12/15 07:11:22 INFO TaskSetManager: Starting task 12.0 in stage 0.0 (TID 12) (google-vm1.northamerica-northeast2-a.c.ece1724-project.internal, executor driver, partition 12, PROCESS_LOCAL, 8846 bytes) 
24/12/15 07:11:22 INFO TaskSetManager: Finished task 11.0 in stage 0.0 (TID 11) in 15282 ms on google-vm1.northamerica-northeast2-a.c.ece1724-project.internal (executor driver) (9/51)
24/12/15 07:11:22 INFO Executor: Running task 12.0 in stage 0.0 (TID 12)
24/12/15 07:11:22 INFO HadoopRDD: Input split: file:/home/zengyuyang1999/ece1724-group-project-f24/ece1724-project/data/twitter-2010-100m.txt:402653184+33554432
24/12/15 07:11:22 INFO Executor: Finished task 10.0 in stage 0.0 (TID 10). 1274 bytes result sent to driver
24/12/15 07:11:22 INFO TaskSetManager: Starting task 13.0 in stage 0.0 (TID 13) (google-vm1.northamerica-northeast2-a.c.ece1724-project.internal, executor driver, partition 13, PROCESS_LOCAL, 8846 bytes) 
24/12/15 07:11:22 INFO Executor: Running task 13.0 in stage 0.0 (TID 13)
24/12/15 07:11:22 INFO TaskSetManager: Finished task 10.0 in stage 0.0 (TID 10) in 15433 ms on google-vm1.northamerica-northeast2-a.c.ece1724-project.internal (executor driver) (10/51)
24/12/15 07:11:22 INFO HadoopRDD: Input split: file:/home/zengyuyang1999/ece1724-group-project-f24/ece1724-project/data/twitter-2010-100m.txt:436207616+33554432
24/12/15 07:11:22 INFO Executor: Finished task 9.0 in stage 0.0 (TID 9). 1274 bytes result sent to driver
24/12/15 07:11:22 INFO TaskSetManager: Starting task 14.0 in stage 0.0 (TID 14) (google-vm1.northamerica-northeast2-a.c.ece1724-project.internal, executor driver, partition 14, PROCESS_LOCAL, 8846 bytes) 
24/12/15 07:11:22 INFO TaskSetManager: Finished task 9.0 in stage 0.0 (TID 9) in 15517 ms on google-vm1.northamerica-northeast2-a.c.ece1724-project.internal (executor driver) (11/51)
24/12/15 07:11:22 INFO Executor: Running task 14.0 in stage 0.0 (TID 14)
24/12/15 07:11:22 INFO HadoopRDD: Input split: file:/home/zengyuyang1999/ece1724-group-project-f24/ece1724-project/data/twitter-2010-100m.txt:469762048+33554432
24/12/15 07:11:22 INFO Executor: Finished task 8.0 in stage 0.0 (TID 8). 1274 bytes result sent to driver
24/12/15 07:11:22 INFO TaskSetManager: Starting task 15.0 in stage 0.0 (TID 15) (google-vm1.northamerica-northeast2-a.c.ece1724-project.internal, executor driver, partition 15, PROCESS_LOCAL, 8846 bytes) 
24/12/15 07:11:22 INFO TaskSetManager: Finished task 8.0 in stage 0.0 (TID 8) in 15662 ms on google-vm1.northamerica-northeast2-a.c.ece1724-project.internal (executor driver) (12/51)
24/12/15 07:11:22 INFO Executor: Running task 15.0 in stage 0.0 (TID 15)
24/12/15 07:11:22 INFO HadoopRDD: Input split: file:/home/zengyuyang1999/ece1724-group-project-f24/ece1724-project/data/twitter-2010-100m.txt:503316480+33554432
24/12/15 07:11:22 ERROR Executor: Exception in task 12.0 in stage 0.0 (TID 12)
java.lang.ArrayIndexOutOfBoundsException: Index 1 out of bounds for length 1
	at graphXtwitterPR$.$anonfun$main$1(graphx-twitter-PR.scala:30)
	at scala.collection.Iterator$$anon$10.next(Iterator.scala:461)
	at scala.collection.Iterator.foreach(Iterator.scala:943)
	at scala.collection.Iterator.foreach$(Iterator.scala:943)
	at scala.collection.AbstractIterator.foreach(Iterator.scala:1431)
	at org.apache.spark.graphx.EdgeRDD$.$anonfun$fromEdges$1(EdgeRDD.scala:107)
	at org.apache.spark.graphx.EdgeRDD$.$anonfun$fromEdges$1$adapted(EdgeRDD.scala:105)
	at org.apache.spark.rdd.RDD.$anonfun$mapPartitionsWithIndex$2(RDD.scala:908)
	at org.apache.spark.rdd.RDD.$anonfun$mapPartitionsWithIndex$2$adapted(RDD.scala:908)
	at org.apache.spark.rdd.MapPartitionsRDD.compute(MapPartitionsRDD.scala:52)
	at org.apache.spark.rdd.RDD.computeOrReadCheckpoint(RDD.scala:367)
	at org.apache.spark.rdd.RDD.iterator(RDD.scala:331)
	at org.apache.spark.rdd.MapPartitionsRDD.compute(MapPartitionsRDD.scala:52)
	at org.apache.spark.rdd.RDD.computeOrReadCheckpoint(RDD.scala:367)
	at org.apache.spark.rdd.RDD.iterator(RDD.scala:331)
	at org.apache.spark.shuffle.ShuffleWriteProcessor.write(ShuffleWriteProcessor.scala:59)
	at org.apache.spark.scheduler.ShuffleMapTask.runTask(ShuffleMapTask.scala:101)
	at org.apache.spark.scheduler.ShuffleMapTask.runTask(ShuffleMapTask.scala:53)
	at org.apache.spark.TaskContext.runTaskWithListeners(TaskContext.scala:161)
	at org.apache.spark.scheduler.Task.run(Task.scala:139)
	at org.apache.spark.executor.Executor$TaskRunner.$anonfun$run$3(Executor.scala:554)
	at org.apache.spark.util.Utils$.tryWithSafeFinally(Utils.scala:1529)
	at org.apache.spark.executor.Executor$TaskRunner.run(Executor.scala:557)
	at java.base/java.util.concurrent.ThreadPoolExecutor.runWorker(ThreadPoolExecutor.java:1128)
	at java.base/java.util.concurrent.ThreadPoolExecutor$Worker.run(ThreadPoolExecutor.java:628)
	at java.base/java.lang.Thread.run(Thread.java:829)
24/12/15 07:11:22 INFO TaskSetManager: Starting task 16.0 in stage 0.0 (TID 16) (google-vm1.northamerica-northeast2-a.c.ece1724-project.internal, executor driver, partition 16, PROCESS_LOCAL, 8846 bytes) 
24/12/15 07:11:22 INFO Executor: Running task 16.0 in stage 0.0 (TID 16)
24/12/15 07:11:22 WARN TaskSetManager: Lost task 12.0 in stage 0.0 (TID 12) (google-vm1.northamerica-northeast2-a.c.ece1724-project.internal executor driver): java.lang.ArrayIndexOutOfBoundsException: Index 1 out of bounds for length 1
	at graphXtwitterPR$.$anonfun$main$1(graphx-twitter-PR.scala:30)
	at scala.collection.Iterator$$anon$10.next(Iterator.scala:461)
	at scala.collection.Iterator.foreach(Iterator.scala:943)
	at scala.collection.Iterator.foreach$(Iterator.scala:943)
	at scala.collection.AbstractIterator.foreach(Iterator.scala:1431)
	at org.apache.spark.graphx.EdgeRDD$.$anonfun$fromEdges$1(EdgeRDD.scala:107)
	at org.apache.spark.graphx.EdgeRDD$.$anonfun$fromEdges$1$adapted(EdgeRDD.scala:105)
	at org.apache.spark.rdd.RDD.$anonfun$mapPartitionsWithIndex$2(RDD.scala:908)
	at org.apache.spark.rdd.RDD.$anonfun$mapPartitionsWithIndex$2$adapted(RDD.scala:908)
	at org.apache.spark.rdd.MapPartitionsRDD.compute(MapPartitionsRDD.scala:52)
	at org.apache.spark.rdd.RDD.computeOrReadCheckpoint(RDD.scala:367)
	at org.apache.spark.rdd.RDD.iterator(RDD.scala:331)
	at org.apache.spark.rdd.MapPartitionsRDD.compute(MapPartitionsRDD.scala:52)
	at org.apache.spark.rdd.RDD.computeOrReadCheckpoint(RDD.scala:367)
	at org.apache.spark.rdd.RDD.iterator(RDD.scala:331)
	at org.apache.spark.shuffle.ShuffleWriteProcessor.write(ShuffleWriteProcessor.scala:59)
	at org.apache.spark.scheduler.ShuffleMapTask.runTask(ShuffleMapTask.scala:101)
	at org.apache.spark.scheduler.ShuffleMapTask.runTask(ShuffleMapTask.scala:53)
	at org.apache.spark.TaskContext.runTaskWithListeners(TaskContext.scala:161)
	at org.apache.spark.scheduler.Task.run(Task.scala:139)
	at org.apache.spark.executor.Executor$TaskRunner.$anonfun$run$3(Executor.scala:554)
	at org.apache.spark.util.Utils$.tryWithSafeFinally(Utils.scala:1529)
	at org.apache.spark.executor.Executor$TaskRunner.run(Executor.scala:557)
	at java.base/java.util.concurrent.ThreadPoolExecutor.runWorker(ThreadPoolExecutor.java:1128)
	at java.base/java.util.concurrent.ThreadPoolExecutor$Worker.run(ThreadPoolExecutor.java:628)
	at java.base/java.lang.Thread.run(Thread.java:829)

24/12/15 07:11:22 ERROR TaskSetManager: Task 12 in stage 0.0 failed 1 times; aborting job
24/12/15 07:11:22 INFO HadoopRDD: Input split: file:/home/zengyuyang1999/ece1724-group-project-f24/ece1724-project/data/twitter-2010-100m.txt:536870912+33554432
24/12/15 07:11:22 INFO TaskSchedulerImpl: Cancelling stage 0
24/12/15 07:11:22 INFO TaskSchedulerImpl: Killing all running tasks in stage 0: Stage cancelled
24/12/15 07:11:22 INFO Executor: Executor is trying to kill task 15.0 in stage 0.0 (TID 15), reason: Stage cancelled
24/12/15 07:11:22 INFO Executor: Executor is trying to kill task 16.0 in stage 0.0 (TID 16), reason: Stage cancelled
24/12/15 07:11:22 INFO Executor: Executor is trying to kill task 13.0 in stage 0.0 (TID 13), reason: Stage cancelled
24/12/15 07:11:22 INFO Executor: Executor is trying to kill task 14.0 in stage 0.0 (TID 14), reason: Stage cancelled
24/12/15 07:11:22 INFO Executor: Executor killed task 15.0 in stage 0.0 (TID 15), reason: Stage cancelled
24/12/15 07:11:22 INFO Executor: Executor killed task 13.0 in stage 0.0 (TID 13), reason: Stage cancelled
24/12/15 07:11:22 INFO TaskSchedulerImpl: Stage 0 was cancelled
24/12/15 07:11:22 INFO Executor: Executor killed task 14.0 in stage 0.0 (TID 14), reason: Stage cancelled
24/12/15 07:11:22 INFO Executor: Executor killed task 16.0 in stage 0.0 (TID 16), reason: Stage cancelled
24/12/15 07:11:22 INFO DAGScheduler: ShuffleMapStage 0 (mapPartitions at VertexRDD.scala:356) failed in 47.898 s due to Job aborted due to stage failure: Task 12 in stage 0.0 failed 1 times, most recent failure: Lost task 12.0 in stage 0.0 (TID 12) (google-vm1.northamerica-northeast2-a.c.ece1724-project.internal executor driver): java.lang.ArrayIndexOutOfBoundsException: Index 1 out of bounds for length 1
	at graphXtwitterPR$.$anonfun$main$1(graphx-twitter-PR.scala:30)
	at scala.collection.Iterator$$anon$10.next(Iterator.scala:461)
	at scala.collection.Iterator.foreach(Iterator.scala:943)
	at scala.collection.Iterator.foreach$(Iterator.scala:943)
	at scala.collection.AbstractIterator.foreach(Iterator.scala:1431)
	at org.apache.spark.graphx.EdgeRDD$.$anonfun$fromEdges$1(EdgeRDD.scala:107)
	at org.apache.spark.graphx.EdgeRDD$.$anonfun$fromEdges$1$adapted(EdgeRDD.scala:105)
	at org.apache.spark.rdd.RDD.$anonfun$mapPartitionsWithIndex$2(RDD.scala:908)
	at org.apache.spark.rdd.RDD.$anonfun$mapPartitionsWithIndex$2$adapted(RDD.scala:908)
	at org.apache.spark.rdd.MapPartitionsRDD.compute(MapPartitionsRDD.scala:52)
	at org.apache.spark.rdd.RDD.computeOrReadCheckpoint(RDD.scala:367)
	at org.apache.spark.rdd.RDD.iterator(RDD.scala:331)
	at org.apache.spark.rdd.MapPartitionsRDD.compute(MapPartitionsRDD.scala:52)
	at org.apache.spark.rdd.RDD.computeOrReadCheckpoint(RDD.scala:367)
	at org.apache.spark.rdd.RDD.iterator(RDD.scala:331)
	at org.apache.spark.shuffle.ShuffleWriteProcessor.write(ShuffleWriteProcessor.scala:59)
	at org.apache.spark.scheduler.ShuffleMapTask.runTask(ShuffleMapTask.scala:101)
	at org.apache.spark.scheduler.ShuffleMapTask.runTask(ShuffleMapTask.scala:53)
	at org.apache.spark.TaskContext.runTaskWithListeners(TaskContext.scala:161)
	at org.apache.spark.scheduler.Task.run(Task.scala:139)
	at org.apache.spark.executor.Executor$TaskRunner.$anonfun$run$3(Executor.scala:554)
	at org.apache.spark.util.Utils$.tryWithSafeFinally(Utils.scala:1529)
	at org.apache.spark.executor.Executor$TaskRunner.run(Executor.scala:557)
	at java.base/java.util.concurrent.ThreadPoolExecutor.runWorker(ThreadPoolExecutor.java:1128)
	at java.base/java.util.concurrent.ThreadPoolExecutor$Worker.run(ThreadPoolExecutor.java:628)
	at java.base/java.lang.Thread.run(Thread.java:829)

Driver stacktrace:
24/12/15 07:11:22 INFO TaskSetManager: Starting task 0.0 in stage 1.0 (TID 17) (google-vm1.northamerica-northeast2-a.c.ece1724-project.internal, executor driver, partition 0, PROCESS_LOCAL, 8846 bytes) 
24/12/15 07:11:22 INFO TaskSchedulerImpl: Cancelling stage 1
24/12/15 07:11:22 INFO TaskSchedulerImpl: Killing all running tasks in stage 1: Stage cancelled
24/12/15 07:11:22 INFO Executor: Executor is trying to kill task 0.0 in stage 1.0 (TID 17), reason: Stage cancelled
24/12/15 07:11:22 INFO TaskSchedulerImpl: Stage 1 was cancelled
24/12/15 07:11:22 INFO DAGScheduler: ShuffleMapStage 1 (distinct at graphx-twitter-PR.scala:34) failed in 47.713 s due to Job aborted due to stage failure: Task 12 in stage 0.0 failed 1 times, most recent failure: Lost task 12.0 in stage 0.0 (TID 12) (google-vm1.northamerica-northeast2-a.c.ece1724-project.internal executor driver): java.lang.ArrayIndexOutOfBoundsException: Index 1 out of bounds for length 1
	at graphXtwitterPR$.$anonfun$main$1(graphx-twitter-PR.scala:30)
	at scala.collection.Iterator$$anon$10.next(Iterator.scala:461)
	at scala.collection.Iterator.foreach(Iterator.scala:943)
	at scala.collection.Iterator.foreach$(Iterator.scala:943)
	at scala.collection.AbstractIterator.foreach(Iterator.scala:1431)
	at org.apache.spark.graphx.EdgeRDD$.$anonfun$fromEdges$1(EdgeRDD.scala:107)
	at org.apache.spark.graphx.EdgeRDD$.$anonfun$fromEdges$1$adapted(EdgeRDD.scala:105)
	at org.apache.spark.rdd.RDD.$anonfun$mapPartitionsWithIndex$2(RDD.scala:908)
	at org.apache.spark.rdd.RDD.$anonfun$mapPartitionsWithIndex$2$adapted(RDD.scala:908)
	at org.apache.spark.rdd.MapPartitionsRDD.compute(MapPartitionsRDD.scala:52)
	at org.apache.spark.rdd.RDD.computeOrReadCheckpoint(RDD.scala:367)
	at org.apache.spark.rdd.RDD.iterator(RDD.scala:331)
	at org.apache.spark.rdd.MapPartitionsRDD.compute(MapPartitionsRDD.scala:52)
	at org.apache.spark.rdd.RDD.computeOrReadCheckpoint(RDD.scala:367)
	at org.apache.spark.rdd.RDD.iterator(RDD.scala:331)
	at org.apache.spark.shuffle.ShuffleWriteProcessor.write(ShuffleWriteProcessor.scala:59)
	at org.apache.spark.scheduler.ShuffleMapTask.runTask(ShuffleMapTask.scala:101)
	at org.apache.spark.scheduler.ShuffleMapTask.runTask(ShuffleMapTask.scala:53)
	at org.apache.spark.TaskContext.runTaskWithListeners(TaskContext.scala:161)
	at org.apache.spark.scheduler.Task.run(Task.scala:139)
	at org.apache.spark.executor.Executor$TaskRunner.$anonfun$run$3(Executor.scala:554)
	at org.apache.spark.util.Utils$.tryWithSafeFinally(Utils.scala:1529)
	at org.apache.spark.executor.Executor$TaskRunner.run(Executor.scala:557)
	at java.base/java.util.concurrent.ThreadPoolExecutor.runWorker(ThreadPoolExecutor.java:1128)
	at java.base/java.util.concurrent.ThreadPoolExecutor$Worker.run(ThreadPoolExecutor.java:628)
	at java.base/java.lang.Thread.run(Thread.java:829)

Driver stacktrace:
24/12/15 07:11:22 WARN TaskSetManager: Lost task 15.0 in stage 0.0 (TID 15) (google-vm1.northamerica-northeast2-a.c.ece1724-project.internal executor driver): TaskKilled (Stage cancelled)
24/12/15 07:11:22 INFO Executor: Running task 0.0 in stage 1.0 (TID 17)
24/12/15 07:11:22 INFO Executor: Executor killed task 0.0 in stage 1.0 (TID 17), reason: Stage cancelled
24/12/15 07:11:22 WARN TaskSetManager: Lost task 0.0 in stage 1.0 (TID 17) (google-vm1.northamerica-northeast2-a.c.ece1724-project.internal executor driver): TaskKilled (Stage cancelled)
24/12/15 07:11:22 INFO TaskSchedulerImpl: Removed TaskSet 1.0, whose tasks have all completed, from pool 
24/12/15 07:11:22 WARN TaskSetManager: Lost task 14.0 in stage 0.0 (TID 14) (google-vm1.northamerica-northeast2-a.c.ece1724-project.internal executor driver): TaskKilled (Stage cancelled)
24/12/15 07:11:22 WARN TaskSetManager: Lost task 16.0 in stage 0.0 (TID 16) (google-vm1.northamerica-northeast2-a.c.ece1724-project.internal executor driver): TaskKilled (Stage cancelled)
24/12/15 07:11:22 INFO TaskSchedulerImpl: Removed TaskSet 0.0, whose tasks have all completed, from pool 
24/12/15 07:11:22 WARN TaskSetManager: Lost task 13.0 in stage 0.0 (TID 13) (google-vm1.northamerica-northeast2-a.c.ece1724-project.internal executor driver): TaskKilled (Stage cancelled)
24/12/15 07:11:22 INFO TaskSchedulerImpl: Removed TaskSet 0.0, whose tasks have all completed, from pool 
24/12/15 07:11:22 INFO DAGScheduler: Job 0 failed: fold at VertexRDDImpl.scala:90, took 48.449512 s
Exception in thread "main" org.apache.spark.SparkException: Job aborted due to stage failure: Task 12 in stage 0.0 failed 1 times, most recent failure: Lost task 12.0 in stage 0.0 (TID 12) (google-vm1.northamerica-northeast2-a.c.ece1724-project.internal executor driver): java.lang.ArrayIndexOutOfBoundsException: Index 1 out of bounds for length 1
	at graphXtwitterPR$.$anonfun$main$1(graphx-twitter-PR.scala:30)
	at scala.collection.Iterator$$anon$10.next(Iterator.scala:461)
	at scala.collection.Iterator.foreach(Iterator.scala:943)
	at scala.collection.Iterator.foreach$(Iterator.scala:943)
	at scala.collection.AbstractIterator.foreach(Iterator.scala:1431)
	at org.apache.spark.graphx.EdgeRDD$.$anonfun$fromEdges$1(EdgeRDD.scala:107)
	at org.apache.spark.graphx.EdgeRDD$.$anonfun$fromEdges$1$adapted(EdgeRDD.scala:105)
	at org.apache.spark.rdd.RDD.$anonfun$mapPartitionsWithIndex$2(RDD.scala:908)
	at org.apache.spark.rdd.RDD.$anonfun$mapPartitionsWithIndex$2$adapted(RDD.scala:908)
	at org.apache.spark.rdd.MapPartitionsRDD.compute(MapPartitionsRDD.scala:52)
	at org.apache.spark.rdd.RDD.computeOrReadCheckpoint(RDD.scala:367)
	at org.apache.spark.rdd.RDD.iterator(RDD.scala:331)
	at org.apache.spark.rdd.MapPartitionsRDD.compute(MapPartitionsRDD.scala:52)
	at org.apache.spark.rdd.RDD.computeOrReadCheckpoint(RDD.scala:367)
	at org.apache.spark.rdd.RDD.iterator(RDD.scala:331)
	at org.apache.spark.shuffle.ShuffleWriteProcessor.write(ShuffleWriteProcessor.scala:59)
	at org.apache.spark.scheduler.ShuffleMapTask.runTask(ShuffleMapTask.scala:101)
	at org.apache.spark.scheduler.ShuffleMapTask.runTask(ShuffleMapTask.scala:53)
	at org.apache.spark.TaskContext.runTaskWithListeners(TaskContext.scala:161)
	at org.apache.spark.scheduler.Task.run(Task.scala:139)
	at org.apache.spark.executor.Executor$TaskRunner.$anonfun$run$3(Executor.scala:554)
	at org.apache.spark.util.Utils$.tryWithSafeFinally(Utils.scala:1529)
	at org.apache.spark.executor.Executor$TaskRunner.run(Executor.scala:557)
	at java.base/java.util.concurrent.ThreadPoolExecutor.runWorker(ThreadPoolExecutor.java:1128)
	at java.base/java.util.concurrent.ThreadPoolExecutor$Worker.run(ThreadPoolExecutor.java:628)
	at java.base/java.lang.Thread.run(Thread.java:829)

Driver stacktrace:
	at org.apache.spark.scheduler.DAGScheduler.failJobAndIndependentStages(DAGScheduler.scala:2790)
	at org.apache.spark.scheduler.DAGScheduler.$anonfun$abortStage$2(DAGScheduler.scala:2726)
	at org.apache.spark.scheduler.DAGScheduler.$anonfun$abortStage$2$adapted(DAGScheduler.scala:2725)
	at scala.collection.mutable.ResizableArray.foreach(ResizableArray.scala:62)
	at scala.collection.mutable.ResizableArray.foreach$(ResizableArray.scala:55)
	at scala.collection.mutable.ArrayBuffer.foreach(ArrayBuffer.scala:49)
	at org.apache.spark.scheduler.DAGScheduler.abortStage(DAGScheduler.scala:2725)
	at org.apache.spark.scheduler.DAGScheduler.$anonfun$handleTaskSetFailed$1(DAGScheduler.scala:1211)
	at org.apache.spark.scheduler.DAGScheduler.$anonfun$handleTaskSetFailed$1$adapted(DAGScheduler.scala:1211)
	at scala.Option.foreach(Option.scala:407)
	at org.apache.spark.scheduler.DAGScheduler.handleTaskSetFailed(DAGScheduler.scala:1211)
	at org.apache.spark.scheduler.DAGSchedulerEventProcessLoop.doOnReceive(DAGScheduler.scala:2989)
	at org.apache.spark.scheduler.DAGSchedulerEventProcessLoop.onReceive(DAGScheduler.scala:2928)
	at org.apache.spark.scheduler.DAGSchedulerEventProcessLoop.onReceive(DAGScheduler.scala:2917)
	at org.apache.spark.util.EventLoop$$anon$1.run(EventLoop.scala:49)
	at org.apache.spark.scheduler.DAGScheduler.runJob(DAGScheduler.scala:976)
	at org.apache.spark.SparkContext.runJob(SparkContext.scala:2258)
	at org.apache.spark.SparkContext.runJob(SparkContext.scala:2353)
	at org.apache.spark.rdd.RDD.$anonfun$fold$1(RDD.scala:1175)
	at org.apache.spark.rdd.RDDOperationScope$.withScope(RDDOperationScope.scala:151)
	at org.apache.spark.rdd.RDDOperationScope$.withScope(RDDOperationScope.scala:112)
	at org.apache.spark.rdd.RDD.withScope(RDD.scala:408)
	at org.apache.spark.rdd.RDD.fold(RDD.scala:1169)
	at org.apache.spark.graphx.impl.VertexRDDImpl.count(VertexRDDImpl.scala:90)
	at graphXtwitterPR$.main(graphx-twitter-PR.scala:42)
	at graphXtwitterPR.main(graphx-twitter-PR.scala)
	at java.base/jdk.internal.reflect.NativeMethodAccessorImpl.invoke0(Native Method)
	at java.base/jdk.internal.reflect.NativeMethodAccessorImpl.invoke(NativeMethodAccessorImpl.java:62)
	at java.base/jdk.internal.reflect.DelegatingMethodAccessorImpl.invoke(DelegatingMethodAccessorImpl.java:43)
	at java.base/java.lang.reflect.Method.invoke(Method.java:566)
	at org.apache.spark.deploy.JavaMainApplication.start(SparkApplication.scala:52)
	at org.apache.spark.deploy.SparkSubmit.org$apache$spark$deploy$SparkSubmit$$runMain(SparkSubmit.scala:1020)
	at org.apache.spark.deploy.SparkSubmit.doRunMain$1(SparkSubmit.scala:192)
	at org.apache.spark.deploy.SparkSubmit.submit(SparkSubmit.scala:215)
	at org.apache.spark.deploy.SparkSubmit.doSubmit(SparkSubmit.scala:91)
	at org.apache.spark.deploy.SparkSubmit$$anon$2.doSubmit(SparkSubmit.scala:1111)
	at org.apache.spark.deploy.SparkSubmit$.main(SparkSubmit.scala:1120)
	at org.apache.spark.deploy.SparkSubmit.main(SparkSubmit.scala)
Caused by: java.lang.ArrayIndexOutOfBoundsException: Index 1 out of bounds for length 1
	at graphXtwitterPR$.$anonfun$main$1(graphx-twitter-PR.scala:30)
	at scala.collection.Iterator$$anon$10.next(Iterator.scala:461)
	at scala.collection.Iterator.foreach(Iterator.scala:943)
	at scala.collection.Iterator.foreach$(Iterator.scala:943)
	at scala.collection.AbstractIterator.foreach(Iterator.scala:1431)
	at org.apache.spark.graphx.EdgeRDD$.$anonfun$fromEdges$1(EdgeRDD.scala:107)
	at org.apache.spark.graphx.EdgeRDD$.$anonfun$fromEdges$1$adapted(EdgeRDD.scala:105)
	at org.apache.spark.rdd.RDD.$anonfun$mapPartitionsWithIndex$2(RDD.scala:908)
	at org.apache.spark.rdd.RDD.$anonfun$mapPartitionsWithIndex$2$adapted(RDD.scala:908)
	at org.apache.spark.rdd.MapPartitionsRDD.compute(MapPartitionsRDD.scala:52)
	at org.apache.spark.rdd.RDD.computeOrReadCheckpoint(RDD.scala:367)
	at org.apache.spark.rdd.RDD.iterator(RDD.scala:331)
	at org.apache.spark.rdd.MapPartitionsRDD.compute(MapPartitionsRDD.scala:52)
	at org.apache.spark.rdd.RDD.computeOrReadCheckpoint(RDD.scala:367)
	at org.apache.spark.rdd.RDD.iterator(RDD.scala:331)
	at org.apache.spark.shuffle.ShuffleWriteProcessor.write(ShuffleWriteProcessor.scala:59)
	at org.apache.spark.scheduler.ShuffleMapTask.runTask(ShuffleMapTask.scala:101)
	at org.apache.spark.scheduler.ShuffleMapTask.runTask(ShuffleMapTask.scala:53)
	at org.apache.spark.TaskContext.runTaskWithListeners(TaskContext.scala:161)
	at org.apache.spark.scheduler.Task.run(Task.scala:139)
	at org.apache.spark.executor.Executor$TaskRunner.$anonfun$run$3(Executor.scala:554)
	at org.apache.spark.util.Utils$.tryWithSafeFinally(Utils.scala:1529)
	at org.apache.spark.executor.Executor$TaskRunner.run(Executor.scala:557)
	at java.base/java.util.concurrent.ThreadPoolExecutor.runWorker(ThreadPoolExecutor.java:1128)
	at java.base/java.util.concurrent.ThreadPoolExecutor$Worker.run(ThreadPoolExecutor.java:628)
	at java.base/java.lang.Thread.run(Thread.java:829)
24/12/15 07:11:22 INFO SparkContext: Invoking stop() from shutdown hook
24/12/15 07:11:22 INFO SparkContext: SparkContext is stopping with exitCode 0.
24/12/15 07:11:22 INFO SparkUI: Stopped Spark web UI at http://google-vm1.northamerica-northeast2-a.c.ece1724-project.internal:4040
24/12/15 07:11:22 INFO MapOutputTrackerMasterEndpoint: MapOutputTrackerMasterEndpoint stopped!
24/12/15 07:11:22 INFO MemoryStore: MemoryStore cleared
24/12/15 07:11:22 INFO BlockManager: BlockManager stopped
24/12/15 07:11:22 INFO BlockManagerMaster: BlockManagerMaster stopped
24/12/15 07:11:22 INFO OutputCommitCoordinator$OutputCommitCoordinatorEndpoint: OutputCommitCoordinator stopped!
24/12/15 07:11:22 INFO SparkContext: Successfully stopped SparkContext
24/12/15 07:11:22 INFO ShutdownHookManager: Shutdown hook called
24/12/15 07:11:22 INFO ShutdownHookManager: Deleting directory /tmp/spark-32848709-b55e-48ed-b111-1056e6a21241
24/12/15 07:11:22 INFO ShutdownHookManager: Deleting directory /tmp/spark-6b9a5b11-a9fb-4991-b947-61d326ab6f8b
Execution Time: 56 seconds
Throughput: 34757648.04 bytes/second
