:: loading settings :: url = jar:file:/opt/spark/jars/ivy-2.5.1.jar!/org/apache/ivy/core/settings/ivysettings.xml
Ivy Default Cache set to: /home/zengyuyang1999/.ivy2/cache
The jars for the packages stored in: /home/zengyuyang1999/.ivy2/jars
org.apache.spark#spark-graphx_2.12 added as a dependency
graphframes#graphframes added as a dependency
:: resolving dependencies :: org.apache.spark#spark-submit-parent-f0a2cb81-1811-4353-b021-3c337092fca6;1.0
	confs: [default]
	found graphframes#graphframes;0.8.3-spark3.4-s_2.12 in spark-packages
	found org.slf4j#slf4j-api;1.7.16 in central
:: resolution report :: resolve 214ms :: artifacts dl 10ms
	:: modules in use:
	graphframes#graphframes;0.8.3-spark3.4-s_2.12 from spark-packages in [default]
	org.slf4j#slf4j-api;1.7.16 from central in [default]
	---------------------------------------------------------------------
	|                  |            modules            ||   artifacts   |
	|       conf       | number| search|dwnlded|evicted|| number|dwnlded|
	---------------------------------------------------------------------
	|      default     |   2   |   0   |   0   |   0   ||   2   |   0   |
	---------------------------------------------------------------------
:: retrieving :: org.apache.spark#spark-submit-parent-f0a2cb81-1811-4353-b021-3c337092fca6
	confs: [default]
	0 artifacts copied, 2 already retrieved (0kB/8ms)
24/12/15 04:36:50 WARN NativeCodeLoader: Unable to load native-hadoop library for your platform... using builtin-java classes where applicable
24/12/15 04:36:50 INFO SparkContext: Running Spark version 3.4.4
24/12/15 04:36:51 INFO ResourceUtils: ==============================================================
24/12/15 04:36:51 INFO ResourceUtils: No custom resources configured for spark.driver.
24/12/15 04:36:51 INFO ResourceUtils: ==============================================================
24/12/15 04:36:51 INFO SparkContext: Submitted application: BrockGraphPageRank
24/12/15 04:36:51 INFO ResourceProfile: Default ResourceProfile created, executor resources: Map(cores -> name: cores, amount: 1, script: , vendor: , memory -> name: memory, amount: 1024, script: , vendor: , offHeap -> name: offHeap, amount: 0, script: , vendor: ), task resources: Map(cpus -> name: cpus, amount: 1.0)
24/12/15 04:36:51 INFO ResourceProfile: Limiting resource is cpu
24/12/15 04:36:51 INFO ResourceProfileManager: Added ResourceProfile id: 0
24/12/15 04:36:51 INFO SecurityManager: Changing view acls to: zengyuyang1999
24/12/15 04:36:51 INFO SecurityManager: Changing modify acls to: zengyuyang1999
24/12/15 04:36:51 INFO SecurityManager: Changing view acls groups to: 
24/12/15 04:36:51 INFO SecurityManager: Changing modify acls groups to: 
24/12/15 04:36:51 INFO SecurityManager: SecurityManager: authentication disabled; ui acls disabled; users with view permissions: zengyuyang1999; groups with view permissions: EMPTY; users with modify permissions: zengyuyang1999; groups with modify permissions: EMPTY
24/12/15 04:36:51 INFO Utils: Successfully started service 'sparkDriver' on port 43071.
24/12/15 04:36:51 INFO SparkEnv: Registering MapOutputTracker
24/12/15 04:36:51 INFO SparkEnv: Registering BlockManagerMaster
24/12/15 04:36:51 INFO BlockManagerMasterEndpoint: Using org.apache.spark.storage.DefaultTopologyMapper for getting topology information
24/12/15 04:36:51 INFO BlockManagerMasterEndpoint: BlockManagerMasterEndpoint up
24/12/15 04:36:51 INFO SparkEnv: Registering BlockManagerMasterHeartbeat
24/12/15 04:36:51 INFO DiskBlockManager: Created local directory at /tmp/blockmgr-c2ea3133-7cfd-4b2c-aec4-a9fa18817ec2
24/12/15 04:36:51 INFO MemoryStore: MemoryStore started with capacity 1048.8 MiB
24/12/15 04:36:51 INFO SparkEnv: Registering OutputCommitCoordinator
24/12/15 04:36:51 INFO JettyUtils: Start Jetty 0.0.0.0:4040 for SparkUI
24/12/15 04:36:52 INFO Utils: Successfully started service 'SparkUI' on port 4040.
24/12/15 04:36:52 INFO SparkContext: Added JAR file:///home/zengyuyang1999/.ivy2/jars/graphframes_graphframes-0.8.3-spark3.4-s_2.12.jar at spark://google-vm1.northamerica-northeast2-a.c.ece1724-project.internal:43071/jars/graphframes_graphframes-0.8.3-spark3.4-s_2.12.jar with timestamp 1734237410956
24/12/15 04:36:52 INFO SparkContext: Added JAR file:///home/zengyuyang1999/.ivy2/jars/org.slf4j_slf4j-api-1.7.16.jar at spark://google-vm1.northamerica-northeast2-a.c.ece1724-project.internal:43071/jars/org.slf4j_slf4j-api-1.7.16.jar with timestamp 1734237410956
24/12/15 04:36:52 INFO SparkContext: Added JAR file:/home/zengyuyang1999/ece1724-group-project-f24/ece1724-project/graphxBrockPR.jar at spark://google-vm1.northamerica-northeast2-a.c.ece1724-project.internal:43071/jars/graphxBrockPR.jar with timestamp 1734237410956
24/12/15 04:36:52 INFO Executor: Starting executor ID driver on host google-vm1.northamerica-northeast2-a.c.ece1724-project.internal
24/12/15 04:36:52 INFO Executor: Starting executor with user classpath (userClassPathFirst = false): ''
24/12/15 04:36:52 INFO Executor: Fetching spark://google-vm1.northamerica-northeast2-a.c.ece1724-project.internal:43071/jars/graphframes_graphframes-0.8.3-spark3.4-s_2.12.jar with timestamp 1734237410956
24/12/15 04:36:52 INFO TransportClientFactory: Successfully created connection to google-vm1.northamerica-northeast2-a.c.ece1724-project.internal/10.188.0.2:43071 after 51 ms (0 ms spent in bootstraps)
24/12/15 04:36:52 INFO Utils: Fetching spark://google-vm1.northamerica-northeast2-a.c.ece1724-project.internal:43071/jars/graphframes_graphframes-0.8.3-spark3.4-s_2.12.jar to /tmp/spark-a99a98c9-0e2f-40e5-a2a5-aa0264279179/userFiles-635dced5-5017-48ed-85b1-c9d114e0ae0b/fetchFileTemp6967315079873561919.tmp
24/12/15 04:36:52 INFO Executor: Adding file:/tmp/spark-a99a98c9-0e2f-40e5-a2a5-aa0264279179/userFiles-635dced5-5017-48ed-85b1-c9d114e0ae0b/graphframes_graphframes-0.8.3-spark3.4-s_2.12.jar to class loader
24/12/15 04:36:52 INFO Executor: Fetching spark://google-vm1.northamerica-northeast2-a.c.ece1724-project.internal:43071/jars/org.slf4j_slf4j-api-1.7.16.jar with timestamp 1734237410956
24/12/15 04:36:52 INFO Utils: Fetching spark://google-vm1.northamerica-northeast2-a.c.ece1724-project.internal:43071/jars/org.slf4j_slf4j-api-1.7.16.jar to /tmp/spark-a99a98c9-0e2f-40e5-a2a5-aa0264279179/userFiles-635dced5-5017-48ed-85b1-c9d114e0ae0b/fetchFileTemp732555872810568103.tmp
24/12/15 04:36:52 INFO Executor: Adding file:/tmp/spark-a99a98c9-0e2f-40e5-a2a5-aa0264279179/userFiles-635dced5-5017-48ed-85b1-c9d114e0ae0b/org.slf4j_slf4j-api-1.7.16.jar to class loader
24/12/15 04:36:52 INFO Executor: Fetching spark://google-vm1.northamerica-northeast2-a.c.ece1724-project.internal:43071/jars/graphxBrockPR.jar with timestamp 1734237410956
24/12/15 04:36:52 INFO Utils: Fetching spark://google-vm1.northamerica-northeast2-a.c.ece1724-project.internal:43071/jars/graphxBrockPR.jar to /tmp/spark-a99a98c9-0e2f-40e5-a2a5-aa0264279179/userFiles-635dced5-5017-48ed-85b1-c9d114e0ae0b/fetchFileTemp761208134017302406.tmp
24/12/15 04:36:52 INFO Executor: Adding file:/tmp/spark-a99a98c9-0e2f-40e5-a2a5-aa0264279179/userFiles-635dced5-5017-48ed-85b1-c9d114e0ae0b/graphxBrockPR.jar to class loader
24/12/15 04:36:52 INFO Utils: Successfully started service 'org.apache.spark.network.netty.NettyBlockTransferService' on port 42399.
24/12/15 04:36:52 INFO NettyBlockTransferService: Server created on google-vm1.northamerica-northeast2-a.c.ece1724-project.internal:42399
24/12/15 04:36:52 INFO BlockManager: Using org.apache.spark.storage.RandomBlockReplicationPolicy for block replication policy
24/12/15 04:36:52 INFO BlockManagerMaster: Registering BlockManager BlockManagerId(driver, google-vm1.northamerica-northeast2-a.c.ece1724-project.internal, 42399, None)
24/12/15 04:36:52 INFO BlockManagerMasterEndpoint: Registering block manager google-vm1.northamerica-northeast2-a.c.ece1724-project.internal:42399 with 1048.8 MiB RAM, BlockManagerId(driver, google-vm1.northamerica-northeast2-a.c.ece1724-project.internal, 42399, None)
24/12/15 04:36:52 INFO BlockManagerMaster: Registered BlockManager BlockManagerId(driver, google-vm1.northamerica-northeast2-a.c.ece1724-project.internal, 42399, None)
24/12/15 04:36:52 INFO BlockManager: Initialized BlockManager: BlockManagerId(driver, google-vm1.northamerica-northeast2-a.c.ece1724-project.internal, 42399, None)
24/12/15 04:36:53 INFO MemoryStore: Block broadcast_0 stored as values in memory (estimated size 221.5 KiB, free 1048.6 MiB)
24/12/15 04:36:53 INFO MemoryStore: Block broadcast_0_piece0 stored as bytes in memory (estimated size 32.7 KiB, free 1048.6 MiB)
24/12/15 04:36:53 INFO BlockManagerInfo: Added broadcast_0_piece0 in memory on google-vm1.northamerica-northeast2-a.c.ece1724-project.internal:42399 (size: 32.7 KiB, free: 1048.8 MiB)
24/12/15 04:36:53 INFO SparkContext: Created broadcast 0 from textFile at graphxBrockPR.scala:25
24/12/15 04:36:54 INFO FileInputFormat: Total input files to process : 1
24/12/15 04:36:54 INFO SparkContext: Starting job: fold at VertexRDDImpl.scala:90
24/12/15 04:36:54 INFO DAGScheduler: Registering RDD 5 (distinct at graphxBrockPR.scala:38) as input to shuffle 2
24/12/15 04:36:54 INFO DAGScheduler: Registering RDD 8 (map at graphxBrockPR.scala:40) as input to shuffle 0
24/12/15 04:36:54 INFO DAGScheduler: Registering RDD 13 (mapPartitions at VertexRDD.scala:356) as input to shuffle 1
24/12/15 04:36:54 INFO DAGScheduler: Got job 0 (fold at VertexRDDImpl.scala:90) with 2 output partitions
24/12/15 04:36:54 INFO DAGScheduler: Final stage: ResultStage 3 (fold at VertexRDDImpl.scala:90)
24/12/15 04:36:54 INFO DAGScheduler: Parents of final stage: List(ShuffleMapStage 1, ShuffleMapStage 2)
24/12/15 04:36:54 INFO DAGScheduler: Missing parents: List(ShuffleMapStage 1, ShuffleMapStage 2)
24/12/15 04:36:54 INFO DAGScheduler: Submitting ShuffleMapStage 0 (MapPartitionsRDD[5] at distinct at graphxBrockPR.scala:38), which has no missing parents
24/12/15 04:36:54 INFO MemoryStore: Block broadcast_1 stored as values in memory (estimated size 7.8 KiB, free 1048.5 MiB)
24/12/15 04:36:54 INFO MemoryStore: Block broadcast_1_piece0 stored as bytes in memory (estimated size 4.3 KiB, free 1048.5 MiB)
24/12/15 04:36:54 INFO BlockManagerInfo: Added broadcast_1_piece0 in memory on google-vm1.northamerica-northeast2-a.c.ece1724-project.internal:42399 (size: 4.3 KiB, free: 1048.8 MiB)
24/12/15 04:36:54 INFO SparkContext: Created broadcast 1 from broadcast at DAGScheduler.scala:1540
24/12/15 04:36:54 INFO DAGScheduler: Submitting 2 missing tasks from ShuffleMapStage 0 (MapPartitionsRDD[5] at distinct at graphxBrockPR.scala:38) (first 15 tasks are for partitions Vector(0, 1))
24/12/15 04:36:54 INFO TaskSchedulerImpl: Adding task set 0.0 with 2 tasks resource profile 0
24/12/15 04:36:55 INFO DAGScheduler: Submitting ShuffleMapStage 2 (VertexRDD.createRoutingTables - vid2pid (aggregation) MapPartitionsRDD[13] at mapPartitions at VertexRDD.scala:356), which has no missing parents
24/12/15 04:36:55 INFO MemoryStore: Block broadcast_2 stored as values in memory (estimated size 7.8 KiB, free 1048.5 MiB)
24/12/15 04:36:55 INFO MemoryStore: Block broadcast_2_piece0 stored as bytes in memory (estimated size 4.3 KiB, free 1048.5 MiB)
24/12/15 04:36:55 INFO BlockManagerInfo: Added broadcast_2_piece0 in memory on google-vm1.northamerica-northeast2-a.c.ece1724-project.internal:42399 (size: 4.3 KiB, free: 1048.8 MiB)
24/12/15 04:36:55 INFO SparkContext: Created broadcast 2 from broadcast at DAGScheduler.scala:1540
24/12/15 04:36:55 INFO DAGScheduler: Submitting 2 missing tasks from ShuffleMapStage 2 (VertexRDD.createRoutingTables - vid2pid (aggregation) MapPartitionsRDD[13] at mapPartitions at VertexRDD.scala:356) (first 15 tasks are for partitions Vector(0, 1))
24/12/15 04:36:55 INFO TaskSchedulerImpl: Adding task set 2.0 with 2 tasks resource profile 0
24/12/15 04:36:55 INFO TaskSetManager: Starting task 0.0 in stage 0.0 (TID 0) (google-vm1.northamerica-northeast2-a.c.ece1724-project.internal, executor driver, partition 0, PROCESS_LOCAL, 8839 bytes) 
24/12/15 04:36:55 INFO TaskSetManager: Starting task 1.0 in stage 0.0 (TID 1) (google-vm1.northamerica-northeast2-a.c.ece1724-project.internal, executor driver, partition 1, PROCESS_LOCAL, 8839 bytes) 
24/12/15 04:36:55 INFO TaskSetManager: Starting task 0.0 in stage 2.0 (TID 2) (google-vm1.northamerica-northeast2-a.c.ece1724-project.internal, executor driver, partition 0, PROCESS_LOCAL, 8839 bytes) 
24/12/15 04:36:55 INFO TaskSetManager: Starting task 1.0 in stage 2.0 (TID 3) (google-vm1.northamerica-northeast2-a.c.ece1724-project.internal, executor driver, partition 1, PROCESS_LOCAL, 8839 bytes) 
24/12/15 04:36:55 INFO Executor: Running task 0.0 in stage 0.0 (TID 0)
24/12/15 04:36:55 INFO Executor: Running task 0.0 in stage 2.0 (TID 2)
24/12/15 04:36:55 INFO Executor: Running task 1.0 in stage 2.0 (TID 3)
24/12/15 04:36:55 INFO Executor: Running task 1.0 in stage 0.0 (TID 1)
24/12/15 04:36:55 INFO HadoopRDD: Input split: file:/home/zengyuyang1999/ece1724-group-project-f24/ece1724-project/data/brock400_4.clq:0+282953
24/12/15 04:36:55 INFO HadoopRDD: Input split: file:/home/zengyuyang1999/ece1724-group-project-f24/ece1724-project/data/brock400_4.clq:282953+282953
24/12/15 04:36:55 INFO HadoopRDD: Input split: file:/home/zengyuyang1999/ece1724-group-project-f24/ece1724-project/data/brock400_4.clq:282953+282953
24/12/15 04:36:55 INFO HadoopRDD: Input split: file:/home/zengyuyang1999/ece1724-group-project-f24/ece1724-project/data/brock400_4.clq:0+282953
24/12/15 04:36:56 INFO Executor: Finished task 0.0 in stage 2.0 (TID 2). 1225 bytes result sent to driver
24/12/15 04:36:56 INFO Executor: Finished task 1.0 in stage 2.0 (TID 3). 1268 bytes result sent to driver
24/12/15 04:36:56 INFO TaskSetManager: Finished task 0.0 in stage 2.0 (TID 2) in 1227 ms on google-vm1.northamerica-northeast2-a.c.ece1724-project.internal (executor driver) (1/2)
24/12/15 04:36:56 INFO TaskSetManager: Finished task 1.0 in stage 2.0 (TID 3) in 1241 ms on google-vm1.northamerica-northeast2-a.c.ece1724-project.internal (executor driver) (2/2)
24/12/15 04:36:56 INFO TaskSchedulerImpl: Removed TaskSet 2.0, whose tasks have all completed, from pool 
24/12/15 04:36:56 INFO DAGScheduler: ShuffleMapStage 2 (mapPartitions at VertexRDD.scala:356) finished in 1.335 s
24/12/15 04:36:56 INFO DAGScheduler: looking for newly runnable stages
24/12/15 04:36:56 INFO DAGScheduler: running: Set(ShuffleMapStage 0)
24/12/15 04:36:56 INFO DAGScheduler: waiting: Set(ShuffleMapStage 1, ResultStage 3)
24/12/15 04:36:56 INFO DAGScheduler: failed: Set()
24/12/15 04:36:56 INFO Executor: Finished task 0.0 in stage 0.0 (TID 0). 1397 bytes result sent to driver
24/12/15 04:36:56 INFO Executor: Finished task 1.0 in stage 0.0 (TID 1). 1354 bytes result sent to driver
24/12/15 04:36:56 INFO TaskSetManager: Finished task 0.0 in stage 0.0 (TID 0) in 1336 ms on google-vm1.northamerica-northeast2-a.c.ece1724-project.internal (executor driver) (1/2)
24/12/15 04:36:56 INFO TaskSetManager: Finished task 1.0 in stage 0.0 (TID 1) in 1310 ms on google-vm1.northamerica-northeast2-a.c.ece1724-project.internal (executor driver) (2/2)
24/12/15 04:36:56 INFO TaskSchedulerImpl: Removed TaskSet 0.0, whose tasks have all completed, from pool 
24/12/15 04:36:56 INFO DAGScheduler: ShuffleMapStage 0 (distinct at graphxBrockPR.scala:38) finished in 1.549 s
24/12/15 04:36:56 INFO DAGScheduler: looking for newly runnable stages
24/12/15 04:36:56 INFO DAGScheduler: running: Set()
24/12/15 04:36:56 INFO DAGScheduler: waiting: Set(ShuffleMapStage 1, ResultStage 3)
24/12/15 04:36:56 INFO DAGScheduler: failed: Set()
24/12/15 04:36:56 INFO DAGScheduler: Submitting ShuffleMapStage 1 (MapPartitionsRDD[8] at map at graphxBrockPR.scala:40), which has no missing parents
24/12/15 04:36:56 INFO MemoryStore: Block broadcast_3 stored as values in memory (estimated size 6.2 KiB, free 1048.5 MiB)
24/12/15 04:36:56 INFO MemoryStore: Block broadcast_3_piece0 stored as bytes in memory (estimated size 3.5 KiB, free 1048.5 MiB)
24/12/15 04:36:56 INFO BlockManagerInfo: Added broadcast_3_piece0 in memory on google-vm1.northamerica-northeast2-a.c.ece1724-project.internal:42399 (size: 3.5 KiB, free: 1048.8 MiB)
24/12/15 04:36:56 INFO SparkContext: Created broadcast 3 from broadcast at DAGScheduler.scala:1540
24/12/15 04:36:56 INFO DAGScheduler: Submitting 2 missing tasks from ShuffleMapStage 1 (MapPartitionsRDD[8] at map at graphxBrockPR.scala:40) (first 15 tasks are for partitions Vector(0, 1))
24/12/15 04:36:56 INFO TaskSchedulerImpl: Adding task set 1.0 with 2 tasks resource profile 0
24/12/15 04:36:56 INFO TaskSetManager: Starting task 0.0 in stage 1.0 (TID 4) (google-vm1.northamerica-northeast2-a.c.ece1724-project.internal, executor driver, partition 0, NODE_LOCAL, 8554 bytes) 
24/12/15 04:36:56 INFO TaskSetManager: Starting task 1.0 in stage 1.0 (TID 5) (google-vm1.northamerica-northeast2-a.c.ece1724-project.internal, executor driver, partition 1, NODE_LOCAL, 8554 bytes) 
24/12/15 04:36:56 INFO Executor: Running task 1.0 in stage 1.0 (TID 5)
24/12/15 04:36:56 INFO Executor: Running task 0.0 in stage 1.0 (TID 4)
24/12/15 04:36:56 INFO ShuffleBlockFetcherIterator: Getting 2 (1520.0 B) non-empty blocks including 2 (1520.0 B) local and 0 (0.0 B) host-local and 0 (0.0 B) push-merged-local and 0 (0.0 B) remote blocks
24/12/15 04:36:56 INFO ShuffleBlockFetcherIterator: Started 0 remote fetches in 19 ms
24/12/15 04:36:56 INFO ShuffleBlockFetcherIterator: Getting 2 (1520.0 B) non-empty blocks including 2 (1520.0 B) local and 0 (0.0 B) host-local and 0 (0.0 B) push-merged-local and 0 (0.0 B) remote blocks
24/12/15 04:36:56 INFO ShuffleBlockFetcherIterator: Started 0 remote fetches in 21 ms
24/12/15 04:36:56 INFO Executor: Finished task 1.0 in stage 1.0 (TID 5). 1999 bytes result sent to driver
24/12/15 04:36:56 INFO TaskSetManager: Finished task 1.0 in stage 1.0 (TID 5) in 134 ms on google-vm1.northamerica-northeast2-a.c.ece1724-project.internal (executor driver) (1/2)
24/12/15 04:36:56 INFO Executor: Finished task 0.0 in stage 1.0 (TID 4). 1999 bytes result sent to driver
24/12/15 04:36:56 INFO TaskSetManager: Finished task 0.0 in stage 1.0 (TID 4) in 156 ms on google-vm1.northamerica-northeast2-a.c.ece1724-project.internal (executor driver) (2/2)
24/12/15 04:36:56 INFO TaskSchedulerImpl: Removed TaskSet 1.0, whose tasks have all completed, from pool 
24/12/15 04:36:56 INFO DAGScheduler: ShuffleMapStage 1 (map at graphxBrockPR.scala:40) finished in 0.183 s
24/12/15 04:36:56 INFO DAGScheduler: looking for newly runnable stages
24/12/15 04:36:56 INFO DAGScheduler: running: Set()
24/12/15 04:36:56 INFO DAGScheduler: waiting: Set(ResultStage 3)
24/12/15 04:36:56 INFO DAGScheduler: failed: Set()
24/12/15 04:36:56 INFO DAGScheduler: Submitting ResultStage 3 (MapPartitionsRDD[21] at map at VertexRDDImpl.scala:90), which has no missing parents
24/12/15 04:36:56 INFO MemoryStore: Block broadcast_4 stored as values in memory (estimated size 7.8 KiB, free 1048.5 MiB)
24/12/15 04:36:56 INFO MemoryStore: Block broadcast_4_piece0 stored as bytes in memory (estimated size 4.1 KiB, free 1048.5 MiB)
24/12/15 04:36:56 INFO BlockManagerInfo: Added broadcast_4_piece0 in memory on google-vm1.northamerica-northeast2-a.c.ece1724-project.internal:42399 (size: 4.1 KiB, free: 1048.8 MiB)
24/12/15 04:36:56 INFO SparkContext: Created broadcast 4 from broadcast at DAGScheduler.scala:1540
24/12/15 04:36:56 INFO DAGScheduler: Submitting 2 missing tasks from ResultStage 3 (MapPartitionsRDD[21] at map at VertexRDDImpl.scala:90) (first 15 tasks are for partitions Vector(0, 1))
24/12/15 04:36:56 INFO TaskSchedulerImpl: Adding task set 3.0 with 2 tasks resource profile 0
24/12/15 04:36:56 INFO TaskSetManager: Starting task 0.0 in stage 3.0 (TID 6) (google-vm1.northamerica-northeast2-a.c.ece1724-project.internal, executor driver, partition 0, NODE_LOCAL, 8837 bytes) 
24/12/15 04:36:56 INFO TaskSetManager: Starting task 1.0 in stage 3.0 (TID 7) (google-vm1.northamerica-northeast2-a.c.ece1724-project.internal, executor driver, partition 1, NODE_LOCAL, 8837 bytes) 
24/12/15 04:36:56 INFO Executor: Running task 0.0 in stage 3.0 (TID 6)
24/12/15 04:36:56 INFO Executor: Running task 1.0 in stage 3.0 (TID 7)
24/12/15 04:36:56 INFO ShuffleBlockFetcherIterator: Getting 1 (2.0 KiB) non-empty blocks including 1 (2.0 KiB) local and 0 (0.0 B) host-local and 0 (0.0 B) push-merged-local and 0 (0.0 B) remote blocks
24/12/15 04:36:56 INFO ShuffleBlockFetcherIterator: Getting 1 (1538.0 B) non-empty blocks including 1 (1538.0 B) local and 0 (0.0 B) host-local and 0 (0.0 B) push-merged-local and 0 (0.0 B) remote blocks
24/12/15 04:36:56 INFO ShuffleBlockFetcherIterator: Started 0 remote fetches in 2 ms
24/12/15 04:36:56 INFO ShuffleBlockFetcherIterator: Started 0 remote fetches in 2 ms
24/12/15 04:36:56 INFO ShuffleBlockFetcherIterator: Getting 2 (2.1 KiB) non-empty blocks including 2 (2.1 KiB) local and 0 (0.0 B) host-local and 0 (0.0 B) push-merged-local and 0 (0.0 B) remote blocks
24/12/15 04:36:56 INFO ShuffleBlockFetcherIterator: Getting 2 (1607.0 B) non-empty blocks including 2 (1607.0 B) local and 0 (0.0 B) host-local and 0 (0.0 B) push-merged-local and 0 (0.0 B) remote blocks
24/12/15 04:36:56 INFO ShuffleBlockFetcherIterator: Started 0 remote fetches in 1 ms
24/12/15 04:36:56 INFO ShuffleBlockFetcherIterator: Started 0 remote fetches in 1 ms
24/12/15 04:36:56 INFO MemoryStore: Block rdd_16_0 stored as values in memory (estimated size 19.1 KiB, free 1048.5 MiB)
24/12/15 04:36:56 INFO BlockManagerInfo: Added rdd_16_0 in memory on google-vm1.northamerica-northeast2-a.c.ece1724-project.internal:42399 (size: 19.1 KiB, free: 1048.7 MiB)
24/12/15 04:36:56 INFO MemoryStore: Block rdd_16_1 stored as values in memory (estimated size 17.8 KiB, free 1048.5 MiB)
24/12/15 04:36:56 INFO BlockManagerInfo: Added rdd_16_1 in memory on google-vm1.northamerica-northeast2-a.c.ece1724-project.internal:42399 (size: 17.8 KiB, free: 1048.7 MiB)
24/12/15 04:36:56 INFO Executor: Finished task 0.0 in stage 3.0 (TID 6). 1661 bytes result sent to driver
24/12/15 04:36:56 INFO TaskSetManager: Finished task 0.0 in stage 3.0 (TID 6) in 100 ms on google-vm1.northamerica-northeast2-a.c.ece1724-project.internal (executor driver) (1/2)
24/12/15 04:36:56 INFO Executor: Finished task 1.0 in stage 3.0 (TID 7). 1661 bytes result sent to driver
24/12/15 04:36:56 INFO TaskSetManager: Finished task 1.0 in stage 3.0 (TID 7) in 102 ms on google-vm1.northamerica-northeast2-a.c.ece1724-project.internal (executor driver) (2/2)
24/12/15 04:36:56 INFO TaskSchedulerImpl: Removed TaskSet 3.0, whose tasks have all completed, from pool 
24/12/15 04:36:56 INFO DAGScheduler: ResultStage 3 (fold at VertexRDDImpl.scala:90) finished in 0.135 s
24/12/15 04:36:56 INFO DAGScheduler: Job 0 is finished. Cancelling potential speculative or zombie tasks for this job
24/12/15 04:36:56 INFO TaskSchedulerImpl: Killing all running tasks in stage 3: Stage finished
24/12/15 04:36:56 INFO DAGScheduler: Job 0 finished: fold at VertexRDDImpl.scala:90, took 2.312270 s
Number of vertices: 400
24/12/15 04:36:56 INFO SparkContext: Starting job: fold at EdgeRDDImpl.scala:90
24/12/15 04:36:56 INFO DAGScheduler: Got job 1 (fold at EdgeRDDImpl.scala:90) with 2 output partitions
24/12/15 04:36:56 INFO DAGScheduler: Final stage: ResultStage 4 (fold at EdgeRDDImpl.scala:90)
24/12/15 04:36:56 INFO DAGScheduler: Parents of final stage: List()
24/12/15 04:36:56 INFO DAGScheduler: Missing parents: List()
24/12/15 04:36:56 INFO DAGScheduler: Submitting ResultStage 4 (MapPartitionsRDD[22] at map at EdgeRDDImpl.scala:90), which has no missing parents
24/12/15 04:36:56 INFO MemoryStore: Block broadcast_5 stored as values in memory (estimated size 7.8 KiB, free 1048.5 MiB)
24/12/15 04:36:56 INFO MemoryStore: Block broadcast_5_piece0 stored as bytes in memory (estimated size 3.9 KiB, free 1048.5 MiB)
24/12/15 04:36:56 INFO BlockManagerInfo: Added broadcast_5_piece0 in memory on google-vm1.northamerica-northeast2-a.c.ece1724-project.internal:42399 (size: 3.9 KiB, free: 1048.7 MiB)
24/12/15 04:36:56 INFO SparkContext: Created broadcast 5 from broadcast at DAGScheduler.scala:1540
24/12/15 04:36:56 INFO DAGScheduler: Submitting 2 missing tasks from ResultStage 4 (MapPartitionsRDD[22] at map at EdgeRDDImpl.scala:90) (first 15 tasks are for partitions Vector(0, 1))
24/12/15 04:36:56 INFO TaskSchedulerImpl: Adding task set 4.0 with 2 tasks resource profile 0
24/12/15 04:36:56 INFO TaskSetManager: Starting task 0.0 in stage 4.0 (TID 8) (google-vm1.northamerica-northeast2-a.c.ece1724-project.internal, executor driver, partition 0, PROCESS_LOCAL, 8850 bytes) 
24/12/15 04:36:56 INFO TaskSetManager: Starting task 1.0 in stage 4.0 (TID 9) (google-vm1.northamerica-northeast2-a.c.ece1724-project.internal, executor driver, partition 1, PROCESS_LOCAL, 8850 bytes) 
24/12/15 04:36:56 INFO Executor: Running task 0.0 in stage 4.0 (TID 8)
24/12/15 04:36:56 INFO Executor: Running task 1.0 in stage 4.0 (TID 9)
24/12/15 04:36:56 INFO HadoopRDD: Input split: file:/home/zengyuyang1999/ece1724-group-project-f24/ece1724-project/data/brock400_4.clq:282953+282953
24/12/15 04:36:56 INFO HadoopRDD: Input split: file:/home/zengyuyang1999/ece1724-group-project-f24/ece1724-project/data/brock400_4.clq:0+282953
24/12/15 04:36:56 INFO BlockManagerInfo: Removed broadcast_3_piece0 on google-vm1.northamerica-northeast2-a.c.ece1724-project.internal:42399 in memory (size: 3.5 KiB, free: 1048.7 MiB)
24/12/15 04:36:56 INFO MemoryStore: Block rdd_19_1 stored as values in memory (estimated size 364.8 KiB, free 1048.1 MiB)
24/12/15 04:36:56 INFO MemoryStore: Block rdd_19_0 stored as values in memory (estimated size 375.1 KiB, free 1047.7 MiB)
24/12/15 04:36:56 INFO BlockManagerInfo: Added rdd_19_1 in memory on google-vm1.northamerica-northeast2-a.c.ece1724-project.internal:42399 (size: 364.8 KiB, free: 1048.4 MiB)
24/12/15 04:36:56 INFO BlockManagerInfo: Added rdd_19_0 in memory on google-vm1.northamerica-northeast2-a.c.ece1724-project.internal:42399 (size: 375.1 KiB, free: 1048.0 MiB)
24/12/15 04:36:56 INFO Executor: Finished task 0.0 in stage 4.0 (TID 8). 1016 bytes result sent to driver
24/12/15 04:36:56 INFO TaskSetManager: Finished task 0.0 in stage 4.0 (TID 8) in 173 ms on google-vm1.northamerica-northeast2-a.c.ece1724-project.internal (executor driver) (1/2)
24/12/15 04:36:56 INFO Executor: Finished task 1.0 in stage 4.0 (TID 9). 1016 bytes result sent to driver
24/12/15 04:36:56 INFO BlockManagerInfo: Removed broadcast_2_piece0 on google-vm1.northamerica-northeast2-a.c.ece1724-project.internal:42399 in memory (size: 4.3 KiB, free: 1048.0 MiB)
24/12/15 04:36:56 INFO TaskSetManager: Finished task 1.0 in stage 4.0 (TID 9) in 176 ms on google-vm1.northamerica-northeast2-a.c.ece1724-project.internal (executor driver) (2/2)
24/12/15 04:36:56 INFO TaskSchedulerImpl: Removed TaskSet 4.0, whose tasks have all completed, from pool 
24/12/15 04:36:56 INFO DAGScheduler: ResultStage 4 (fold at EdgeRDDImpl.scala:90) finished in 0.194 s
24/12/15 04:36:56 INFO DAGScheduler: Job 1 is finished. Cancelling potential speculative or zombie tasks for this job
24/12/15 04:36:56 INFO TaskSchedulerImpl: Killing all running tasks in stage 4: Stage finished
24/12/15 04:36:56 INFO DAGScheduler: Job 1 finished: fold at EdgeRDDImpl.scala:90, took 0.206503 s
Number of edges: 59765
24/12/15 04:36:56 INFO BlockManagerInfo: Removed broadcast_1_piece0 on google-vm1.northamerica-northeast2-a.c.ece1724-project.internal:42399 in memory (size: 4.3 KiB, free: 1048.0 MiB)
24/12/15 04:36:56 INFO BlockManagerInfo: Removed broadcast_4_piece0 on google-vm1.northamerica-northeast2-a.c.ece1724-project.internal:42399 in memory (size: 4.1 KiB, free: 1048.0 MiB)
24/12/15 04:36:57 INFO SparkContext: Starting job: foreachPartition at PageRank.scala:199
24/12/15 04:36:57 INFO DAGScheduler: Registering RDD 23 (mapPartitions at GraphImpl.scala:207) as input to shuffle 4
24/12/15 04:36:57 INFO DAGScheduler: Registering RDD 31 (mapPartitions at VertexRDDImpl.scala:247) as input to shuffle 3
24/12/15 04:36:57 INFO DAGScheduler: Registering RDD 41 (mapPartitions at VertexRDDImpl.scala:247) as input to shuffle 5
24/12/15 04:36:57 INFO DAGScheduler: Registering RDD 45 (mapPartitions at GraphImpl.scala:207) as input to shuffle 7
24/12/15 04:36:57 INFO DAGScheduler: Registering RDD 53 (mapPartitions at VertexRDDImpl.scala:247) as input to shuffle 6
24/12/15 04:36:57 INFO DAGScheduler: Got job 2 (foreachPartition at PageRank.scala:199) with 2 output partitions
24/12/15 04:36:57 INFO DAGScheduler: Final stage: ResultStage 13 (foreachPartition at PageRank.scala:199)
24/12/15 04:36:57 INFO DAGScheduler: Parents of final stage: List(ShuffleMapStage 12, ShuffleMapStage 9, ShuffleMapStage 10)
24/12/15 04:36:57 INFO DAGScheduler: Missing parents: List(ShuffleMapStage 12, ShuffleMapStage 9, ShuffleMapStage 10)
24/12/15 04:36:57 INFO DAGScheduler: Submitting ShuffleMapStage 7 (GraphImpl.aggregateMessages - preAgg MapPartitionsRDD[23] at mapPartitions at GraphImpl.scala:207), which has no missing parents
24/12/15 04:36:57 INFO MemoryStore: Block broadcast_6 stored as values in memory (estimated size 9.6 KiB, free 1047.8 MiB)
24/12/15 04:36:57 INFO MemoryStore: Block broadcast_6_piece0 stored as bytes in memory (estimated size 4.9 KiB, free 1047.8 MiB)
24/12/15 04:36:57 INFO BlockManagerInfo: Added broadcast_6_piece0 in memory on google-vm1.northamerica-northeast2-a.c.ece1724-project.internal:42399 (size: 4.9 KiB, free: 1048.0 MiB)
24/12/15 04:36:57 INFO SparkContext: Created broadcast 6 from broadcast at DAGScheduler.scala:1540
24/12/15 04:36:57 INFO DAGScheduler: Submitting 2 missing tasks from ShuffleMapStage 7 (GraphImpl.aggregateMessages - preAgg MapPartitionsRDD[23] at mapPartitions at GraphImpl.scala:207) (first 15 tasks are for partitions Vector(0, 1))
24/12/15 04:36:57 INFO TaskSchedulerImpl: Adding task set 7.0 with 2 tasks resource profile 0
24/12/15 04:36:57 INFO TaskSetManager: Starting task 0.0 in stage 7.0 (TID 10) (google-vm1.northamerica-northeast2-a.c.ece1724-project.internal, executor driver, partition 0, PROCESS_LOCAL, 8839 bytes) 
24/12/15 04:36:57 INFO TaskSetManager: Starting task 1.0 in stage 7.0 (TID 11) (google-vm1.northamerica-northeast2-a.c.ece1724-project.internal, executor driver, partition 1, PROCESS_LOCAL, 8839 bytes) 
24/12/15 04:36:57 INFO Executor: Running task 1.0 in stage 7.0 (TID 11)
24/12/15 04:36:57 INFO Executor: Running task 0.0 in stage 7.0 (TID 10)
24/12/15 04:36:57 INFO BlockManager: Found block rdd_19_0 locally
24/12/15 04:36:57 INFO BlockManager: Found block rdd_19_1 locally
24/12/15 04:36:57 INFO Executor: Finished task 1.0 in stage 7.0 (TID 11). 1182 bytes result sent to driver
24/12/15 04:36:57 INFO TaskSetManager: Finished task 1.0 in stage 7.0 (TID 11) in 116 ms on google-vm1.northamerica-northeast2-a.c.ece1724-project.internal (executor driver) (1/2)
24/12/15 04:36:57 INFO Executor: Finished task 0.0 in stage 7.0 (TID 10). 1182 bytes result sent to driver
24/12/15 04:36:57 INFO TaskSetManager: Finished task 0.0 in stage 7.0 (TID 10) in 127 ms on google-vm1.northamerica-northeast2-a.c.ece1724-project.internal (executor driver) (2/2)
24/12/15 04:36:57 INFO TaskSchedulerImpl: Removed TaskSet 7.0, whose tasks have all completed, from pool 
24/12/15 04:36:57 INFO DAGScheduler: ShuffleMapStage 7 (mapPartitions at GraphImpl.scala:207) finished in 0.141 s
24/12/15 04:36:57 INFO DAGScheduler: looking for newly runnable stages
24/12/15 04:36:57 INFO DAGScheduler: running: Set()
24/12/15 04:36:57 INFO DAGScheduler: waiting: Set(ShuffleMapStage 12, ShuffleMapStage 9, ResultStage 13, ShuffleMapStage 10, ShuffleMapStage 11)
24/12/15 04:36:57 INFO DAGScheduler: failed: Set()
24/12/15 04:36:57 INFO DAGScheduler: Submitting ShuffleMapStage 9 (ReplicatedVertexView.upgrade(true, false) - shippedVerts true false (broadcast) MapPartitionsRDD[31] at mapPartitions at VertexRDDImpl.scala:247), which has no missing parents
24/12/15 04:36:57 INFO MemoryStore: Block broadcast_7 stored as values in memory (estimated size 8.8 KiB, free 1047.8 MiB)
24/12/15 04:36:57 INFO MemoryStore: Block broadcast_7_piece0 stored as bytes in memory (estimated size 4.5 KiB, free 1047.8 MiB)
24/12/15 04:36:57 INFO BlockManagerInfo: Added broadcast_7_piece0 in memory on google-vm1.northamerica-northeast2-a.c.ece1724-project.internal:42399 (size: 4.5 KiB, free: 1048.0 MiB)
24/12/15 04:36:57 INFO SparkContext: Created broadcast 7 from broadcast at DAGScheduler.scala:1540
24/12/15 04:36:57 INFO DAGScheduler: Submitting 2 missing tasks from ShuffleMapStage 9 (ReplicatedVertexView.upgrade(true, false) - shippedVerts true false (broadcast) MapPartitionsRDD[31] at mapPartitions at VertexRDDImpl.scala:247) (first 15 tasks are for partitions Vector(0, 1))
24/12/15 04:36:57 INFO TaskSchedulerImpl: Adding task set 9.0 with 2 tasks resource profile 0
24/12/15 04:36:57 INFO TaskSetManager: Starting task 0.0 in stage 9.0 (TID 12) (google-vm1.northamerica-northeast2-a.c.ece1724-project.internal, executor driver, partition 0, PROCESS_LOCAL, 8899 bytes) 
24/12/15 04:36:57 INFO TaskSetManager: Starting task 1.0 in stage 9.0 (TID 13) (google-vm1.northamerica-northeast2-a.c.ece1724-project.internal, executor driver, partition 1, PROCESS_LOCAL, 8899 bytes) 
24/12/15 04:36:57 INFO DAGScheduler: Submitting ShuffleMapStage 10 (ReplicatedVertexView.upgrade(true, false) - shippedVerts true false (broadcast) MapPartitionsRDD[41] at mapPartitions at VertexRDDImpl.scala:247), which has no missing parents
24/12/15 04:36:57 INFO Executor: Running task 1.0 in stage 9.0 (TID 13)
24/12/15 04:36:57 INFO Executor: Running task 0.0 in stage 9.0 (TID 12)
24/12/15 04:36:57 INFO MemoryStore: Block broadcast_8 stored as values in memory (estimated size 10.0 KiB, free 1047.7 MiB)
24/12/15 04:36:57 INFO MemoryStore: Block broadcast_8_piece0 stored as bytes in memory (estimated size 4.9 KiB, free 1047.7 MiB)
24/12/15 04:36:57 INFO BlockManagerInfo: Added broadcast_8_piece0 in memory on google-vm1.northamerica-northeast2-a.c.ece1724-project.internal:42399 (size: 4.9 KiB, free: 1048.0 MiB)
24/12/15 04:36:57 INFO SparkContext: Created broadcast 8 from broadcast at DAGScheduler.scala:1540
24/12/15 04:36:57 INFO DAGScheduler: Submitting 2 missing tasks from ShuffleMapStage 10 (ReplicatedVertexView.upgrade(true, false) - shippedVerts true false (broadcast) MapPartitionsRDD[41] at mapPartitions at VertexRDDImpl.scala:247) (first 15 tasks are for partitions Vector(0, 1))
24/12/15 04:36:57 INFO TaskSchedulerImpl: Adding task set 10.0 with 2 tasks resource profile 0
24/12/15 04:36:57 INFO TaskSetManager: Starting task 0.0 in stage 10.0 (TID 14) (google-vm1.northamerica-northeast2-a.c.ece1724-project.internal, executor driver, partition 0, PROCESS_LOCAL, 8899 bytes) 
24/12/15 04:36:57 INFO TaskSetManager: Starting task 1.0 in stage 10.0 (TID 15) (google-vm1.northamerica-northeast2-a.c.ece1724-project.internal, executor driver, partition 1, PROCESS_LOCAL, 8899 bytes) 
24/12/15 04:36:57 INFO Executor: Running task 0.0 in stage 10.0 (TID 14)
24/12/15 04:36:57 INFO Executor: Running task 1.0 in stage 10.0 (TID 15)
24/12/15 04:36:57 INFO BlockManager: Found block rdd_16_0 locally
24/12/15 04:36:57 INFO BlockManager: Found block rdd_16_0 locally
24/12/15 04:36:57 INFO ShuffleBlockFetcherIterator: Getting 2 (1646.0 B) non-empty blocks including 2 (1646.0 B) local and 0 (0.0 B) host-local and 0 (0.0 B) push-merged-local and 0 (0.0 B) remote blocks
24/12/15 04:36:57 INFO ShuffleBlockFetcherIterator: Started 0 remote fetches in 1 ms
24/12/15 04:36:57 INFO BlockManager: Found block rdd_16_1 locally
24/12/15 04:36:57 INFO BlockManager: Found block rdd_16_1 locally
24/12/15 04:36:57 INFO ShuffleBlockFetcherIterator: Getting 2 (1695.0 B) non-empty blocks including 2 (1695.0 B) local and 0 (0.0 B) host-local and 0 (0.0 B) push-merged-local and 0 (0.0 B) remote blocks
24/12/15 04:36:57 INFO ShuffleBlockFetcherIterator: Started 0 remote fetches in 1 ms
24/12/15 04:36:57 INFO MemoryStore: Block rdd_27_1 stored as values in memory (estimated size 9.3 KiB, free 1047.7 MiB)
24/12/15 04:36:57 INFO BlockManagerInfo: Added rdd_27_1 in memory on google-vm1.northamerica-northeast2-a.c.ece1724-project.internal:42399 (size: 9.3 KiB, free: 1048.0 MiB)
24/12/15 04:36:57 WARN BlockManager: Block rdd_27_1 already exists on this machine; not re-adding it
24/12/15 04:36:57 INFO MemoryStore: Block rdd_27_0 stored as values in memory (estimated size 9.3 KiB, free 1047.7 MiB)
24/12/15 04:36:57 INFO BlockManagerInfo: Added rdd_27_0 in memory on google-vm1.northamerica-northeast2-a.c.ece1724-project.internal:42399 (size: 9.3 KiB, free: 1048.0 MiB)
24/12/15 04:36:57 INFO BlockManager: Found block rdd_27_0 locally
24/12/15 04:36:57 INFO MemoryStore: Block rdd_37_0 stored as values in memory (estimated size 11.3 KiB, free 1047.7 MiB)
24/12/15 04:36:57 INFO MemoryStore: Block rdd_37_1 stored as values in memory (estimated size 11.3 KiB, free 1047.7 MiB)
24/12/15 04:36:57 INFO BlockManagerInfo: Added rdd_37_0 in memory on google-vm1.northamerica-northeast2-a.c.ece1724-project.internal:42399 (size: 11.3 KiB, free: 1048.0 MiB)
24/12/15 04:36:57 INFO BlockManagerInfo: Added rdd_37_1 in memory on google-vm1.northamerica-northeast2-a.c.ece1724-project.internal:42399 (size: 11.3 KiB, free: 1048.0 MiB)
24/12/15 04:36:57 INFO Executor: Finished task 1.0 in stage 9.0 (TID 13). 1225 bytes result sent to driver
24/12/15 04:36:57 INFO TaskSetManager: Finished task 1.0 in stage 9.0 (TID 13) in 104 ms on google-vm1.northamerica-northeast2-a.c.ece1724-project.internal (executor driver) (1/2)
24/12/15 04:36:57 INFO Executor: 1 block locks were not released by task 0.0 in stage 9.0 (TID 12)
[rdd_16_0]
24/12/15 04:36:57 INFO Executor: Finished task 0.0 in stage 10.0 (TID 14). 1225 bytes result sent to driver
24/12/15 04:36:57 INFO Executor: 1 block locks were not released by task 1.0 in stage 10.0 (TID 15)
[rdd_16_1]
24/12/15 04:36:57 INFO Executor: Finished task 0.0 in stage 9.0 (TID 12). 1913 bytes result sent to driver
24/12/15 04:36:57 INFO TaskSetManager: Finished task 0.0 in stage 10.0 (TID 14) in 99 ms on google-vm1.northamerica-northeast2-a.c.ece1724-project.internal (executor driver) (1/2)
24/12/15 04:36:57 INFO TaskSetManager: Finished task 0.0 in stage 9.0 (TID 12) in 124 ms on google-vm1.northamerica-northeast2-a.c.ece1724-project.internal (executor driver) (2/2)
24/12/15 04:36:57 INFO TaskSchedulerImpl: Removed TaskSet 9.0, whose tasks have all completed, from pool 
24/12/15 04:36:57 INFO Executor: Finished task 1.0 in stage 10.0 (TID 15). 1913 bytes result sent to driver
24/12/15 04:36:57 INFO DAGScheduler: ShuffleMapStage 9 (mapPartitions at VertexRDDImpl.scala:247) finished in 0.139 s
24/12/15 04:36:57 INFO DAGScheduler: looking for newly runnable stages
24/12/15 04:36:57 INFO DAGScheduler: running: Set(ShuffleMapStage 10)
24/12/15 04:36:57 INFO DAGScheduler: waiting: Set(ShuffleMapStage 12, ResultStage 13, ShuffleMapStage 11)
24/12/15 04:36:57 INFO DAGScheduler: failed: Set()
24/12/15 04:36:57 INFO TaskSetManager: Finished task 1.0 in stage 10.0 (TID 15) in 102 ms on google-vm1.northamerica-northeast2-a.c.ece1724-project.internal (executor driver) (2/2)
24/12/15 04:36:57 INFO TaskSchedulerImpl: Removed TaskSet 10.0, whose tasks have all completed, from pool 
24/12/15 04:36:57 INFO DAGScheduler: ShuffleMapStage 10 (mapPartitions at VertexRDDImpl.scala:247) finished in 0.125 s
24/12/15 04:36:57 INFO DAGScheduler: looking for newly runnable stages
24/12/15 04:36:57 INFO DAGScheduler: running: Set()
24/12/15 04:36:57 INFO DAGScheduler: waiting: Set(ShuffleMapStage 12, ResultStage 13, ShuffleMapStage 11)
24/12/15 04:36:57 INFO DAGScheduler: failed: Set()
24/12/15 04:36:57 INFO DAGScheduler: Submitting ShuffleMapStage 11 (GraphImpl.aggregateMessages - preAgg MapPartitionsRDD[45] at mapPartitions at GraphImpl.scala:207), which has no missing parents
24/12/15 04:36:57 INFO MemoryStore: Block broadcast_9 stored as values in memory (estimated size 12.3 KiB, free 1047.7 MiB)
24/12/15 04:36:57 INFO MemoryStore: Block broadcast_9_piece0 stored as bytes in memory (estimated size 5.8 KiB, free 1047.7 MiB)
24/12/15 04:36:57 INFO BlockManagerInfo: Added broadcast_9_piece0 in memory on google-vm1.northamerica-northeast2-a.c.ece1724-project.internal:42399 (size: 5.8 KiB, free: 1047.9 MiB)
24/12/15 04:36:57 INFO SparkContext: Created broadcast 9 from broadcast at DAGScheduler.scala:1540
24/12/15 04:36:57 INFO DAGScheduler: Submitting 2 missing tasks from ShuffleMapStage 11 (GraphImpl.aggregateMessages - preAgg MapPartitionsRDD[45] at mapPartitions at GraphImpl.scala:207) (first 15 tasks are for partitions Vector(0, 1))
24/12/15 04:36:57 INFO TaskSchedulerImpl: Adding task set 11.0 with 2 tasks resource profile 0
24/12/15 04:36:57 INFO TaskSetManager: Starting task 0.0 in stage 11.0 (TID 16) (google-vm1.northamerica-northeast2-a.c.ece1724-project.internal, executor driver, partition 0, PROCESS_LOCAL, 9218 bytes) 
24/12/15 04:36:57 INFO TaskSetManager: Starting task 1.0 in stage 11.0 (TID 17) (google-vm1.northamerica-northeast2-a.c.ece1724-project.internal, executor driver, partition 1, PROCESS_LOCAL, 9218 bytes) 
24/12/15 04:36:57 INFO Executor: Running task 0.0 in stage 11.0 (TID 16)
24/12/15 04:36:57 INFO Executor: Running task 1.0 in stage 11.0 (TID 17)
24/12/15 04:36:57 INFO BlockManager: Found block rdd_19_1 locally
24/12/15 04:36:57 INFO BlockManager: Found block rdd_19_0 locally
24/12/15 04:36:57 INFO MemoryStore: Block rdd_29_1 stored as values in memory (estimated size 364.8 KiB, free 1047.0 MiB)
24/12/15 04:36:57 INFO BlockManagerInfo: Added rdd_29_1 in memory on google-vm1.northamerica-northeast2-a.c.ece1724-project.internal:42399 (size: 364.8 KiB, free: 1047.6 MiB)
24/12/15 04:36:57 INFO MemoryStore: Block rdd_29_0 stored as values in memory (estimated size 375.1 KiB, free 1047.0 MiB)
24/12/15 04:36:57 INFO BlockManagerInfo: Added rdd_29_0 in memory on google-vm1.northamerica-northeast2-a.c.ece1724-project.internal:42399 (size: 375.1 KiB, free: 1047.2 MiB)
24/12/15 04:36:57 INFO ShuffleBlockFetcherIterator: Getting 2 (1578.0 B) non-empty blocks including 2 (1578.0 B) local and 0 (0.0 B) host-local and 0 (0.0 B) push-merged-local and 0 (0.0 B) remote blocks
24/12/15 04:36:57 INFO ShuffleBlockFetcherIterator: Started 0 remote fetches in 1 ms
24/12/15 04:36:57 INFO ShuffleBlockFetcherIterator: Getting 2 (3.2 KiB) non-empty blocks including 2 (3.2 KiB) local and 0 (0.0 B) host-local and 0 (0.0 B) push-merged-local and 0 (0.0 B) remote blocks
24/12/15 04:36:57 INFO ShuffleBlockFetcherIterator: Started 0 remote fetches in 1 ms
24/12/15 04:36:57 INFO MemoryStore: Block rdd_39_0 stored as values in memory (estimated size 495.6 KiB, free 1046.5 MiB)
24/12/15 04:36:57 INFO BlockManagerInfo: Added rdd_39_0 in memory on google-vm1.northamerica-northeast2-a.c.ece1724-project.internal:42399 (size: 495.6 KiB, free: 1046.7 MiB)
24/12/15 04:36:57 INFO ShuffleBlockFetcherIterator: Getting 2 (2006.0 B) non-empty blocks including 2 (2006.0 B) local and 0 (0.0 B) host-local and 0 (0.0 B) push-merged-local and 0 (0.0 B) remote blocks
24/12/15 04:36:57 INFO ShuffleBlockFetcherIterator: Started 0 remote fetches in 1 ms
24/12/15 04:36:57 INFO MemoryStore: Block rdd_39_1 stored as values in memory (estimated size 480.5 KiB, free 1046.0 MiB)
24/12/15 04:36:57 INFO BlockManagerInfo: Added rdd_39_1 in memory on google-vm1.northamerica-northeast2-a.c.ece1724-project.internal:42399 (size: 480.5 KiB, free: 1046.3 MiB)
24/12/15 04:36:57 INFO ShuffleBlockFetcherIterator: Getting 2 (1078.0 B) non-empty blocks including 2 (1078.0 B) local and 0 (0.0 B) host-local and 0 (0.0 B) push-merged-local and 0 (0.0 B) remote blocks
24/12/15 04:36:57 INFO ShuffleBlockFetcherIterator: Started 0 remote fetches in 1 ms
24/12/15 04:36:57 INFO Executor: 2 block locks were not released by task 0.0 in stage 11.0 (TID 16)
[rdd_19_0, rdd_29_0]
24/12/15 04:36:57 INFO Executor: Finished task 0.0 in stage 11.0 (TID 16). 1956 bytes result sent to driver
24/12/15 04:36:57 INFO TaskSetManager: Finished task 0.0 in stage 11.0 (TID 16) in 109 ms on google-vm1.northamerica-northeast2-a.c.ece1724-project.internal (executor driver) (1/2)
24/12/15 04:36:57 INFO Executor: 2 block locks were not released by task 1.0 in stage 11.0 (TID 17)
[rdd_19_1, rdd_29_1]
24/12/15 04:36:57 INFO Executor: Finished task 1.0 in stage 11.0 (TID 17). 1956 bytes result sent to driver
24/12/15 04:36:57 INFO TaskSetManager: Finished task 1.0 in stage 11.0 (TID 17) in 123 ms on google-vm1.northamerica-northeast2-a.c.ece1724-project.internal (executor driver) (2/2)
24/12/15 04:36:57 INFO TaskSchedulerImpl: Removed TaskSet 11.0, whose tasks have all completed, from pool 
24/12/15 04:36:57 INFO DAGScheduler: ShuffleMapStage 11 (mapPartitions at GraphImpl.scala:207) finished in 0.139 s
24/12/15 04:36:57 INFO DAGScheduler: looking for newly runnable stages
24/12/15 04:36:57 INFO DAGScheduler: running: Set()
24/12/15 04:36:57 INFO DAGScheduler: waiting: Set(ShuffleMapStage 12, ResultStage 13)
24/12/15 04:36:57 INFO DAGScheduler: failed: Set()
24/12/15 04:36:57 INFO DAGScheduler: Submitting ShuffleMapStage 12 (ReplicatedVertexView.updateVertices - shippedVerts true false (broadcast) MapPartitionsRDD[53] at mapPartitions at VertexRDDImpl.scala:247), which has no missing parents
24/12/15 04:36:57 INFO MemoryStore: Block broadcast_10 stored as values in memory (estimated size 11.3 KiB, free 1046.0 MiB)
24/12/15 04:36:57 INFO MemoryStore: Block broadcast_10_piece0 stored as bytes in memory (estimated size 5.4 KiB, free 1046.0 MiB)
24/12/15 04:36:57 INFO BlockManagerInfo: Added broadcast_10_piece0 in memory on google-vm1.northamerica-northeast2-a.c.ece1724-project.internal:42399 (size: 5.4 KiB, free: 1046.3 MiB)
24/12/15 04:36:57 INFO SparkContext: Created broadcast 10 from broadcast at DAGScheduler.scala:1540
24/12/15 04:36:57 INFO DAGScheduler: Submitting 2 missing tasks from ShuffleMapStage 12 (ReplicatedVertexView.updateVertices - shippedVerts true false (broadcast) MapPartitionsRDD[53] at mapPartitions at VertexRDDImpl.scala:247) (first 15 tasks are for partitions Vector(0, 1))
24/12/15 04:36:57 INFO TaskSchedulerImpl: Adding task set 12.0 with 2 tasks resource profile 0
24/12/15 04:36:57 INFO TaskSetManager: Starting task 0.0 in stage 12.0 (TID 18) (google-vm1.northamerica-northeast2-a.c.ece1724-project.internal, executor driver, partition 0, PROCESS_LOCAL, 9004 bytes) 
24/12/15 04:36:57 INFO TaskSetManager: Starting task 1.0 in stage 12.0 (TID 19) (google-vm1.northamerica-northeast2-a.c.ece1724-project.internal, executor driver, partition 1, PROCESS_LOCAL, 9004 bytes) 
24/12/15 04:36:57 INFO Executor: Running task 1.0 in stage 12.0 (TID 19)
24/12/15 04:36:57 INFO Executor: Running task 0.0 in stage 12.0 (TID 18)
24/12/15 04:36:57 INFO BlockManager: Found block rdd_37_1 locally
24/12/15 04:36:57 INFO BlockManager: Found block rdd_37_0 locally
24/12/15 04:36:57 INFO BlockManager: Found block rdd_37_1 locally
24/12/15 04:36:57 INFO BlockManager: Found block rdd_37_1 locally
24/12/15 04:36:57 INFO ShuffleBlockFetcherIterator: Getting 2 (4.9 KiB) non-empty blocks including 2 (4.9 KiB) local and 0 (0.0 B) host-local and 0 (0.0 B) push-merged-local and 0 (0.0 B) remote blocks
24/12/15 04:36:57 INFO ShuffleBlockFetcherIterator: Started 0 remote fetches in 1 ms
24/12/15 04:36:57 INFO BlockManager: Found block rdd_37_0 locally
24/12/15 04:36:57 INFO BlockManager: Found block rdd_37_0 locally
24/12/15 04:36:57 INFO ShuffleBlockFetcherIterator: Getting 2 (4.7 KiB) non-empty blocks including 2 (4.7 KiB) local and 0 (0.0 B) host-local and 0 (0.0 B) push-merged-local and 0 (0.0 B) remote blocks
24/12/15 04:36:57 INFO ShuffleBlockFetcherIterator: Started 0 remote fetches in 1 ms
24/12/15 04:36:57 INFO MemoryStore: Block rdd_49_1 stored as values in memory (estimated size 11.3 KiB, free 1046.0 MiB)
24/12/15 04:36:57 INFO BlockManagerInfo: Added rdd_49_1 in memory on google-vm1.northamerica-northeast2-a.c.ece1724-project.internal:42399 (size: 11.3 KiB, free: 1046.3 MiB)
24/12/15 04:36:57 INFO Executor: 2 block locks were not released by task 1.0 in stage 12.0 (TID 19)
[rdd_37_1, rdd_49_1]
24/12/15 04:36:57 INFO Executor: Finished task 1.0 in stage 12.0 (TID 19). 1956 bytes result sent to driver
24/12/15 04:36:57 INFO TaskSetManager: Finished task 1.0 in stage 12.0 (TID 19) in 38 ms on google-vm1.northamerica-northeast2-a.c.ece1724-project.internal (executor driver) (1/2)
24/12/15 04:36:57 INFO MemoryStore: Block rdd_49_0 stored as values in memory (estimated size 11.3 KiB, free 1046.0 MiB)
24/12/15 04:36:57 INFO BlockManagerInfo: Added rdd_49_0 in memory on google-vm1.northamerica-northeast2-a.c.ece1724-project.internal:42399 (size: 11.3 KiB, free: 1046.2 MiB)
24/12/15 04:36:57 INFO Executor: 2 block locks were not released by task 0.0 in stage 12.0 (TID 18)
[rdd_49_0, rdd_37_0]
24/12/15 04:36:57 INFO Executor: Finished task 0.0 in stage 12.0 (TID 18). 1956 bytes result sent to driver
24/12/15 04:36:57 INFO TaskSetManager: Finished task 0.0 in stage 12.0 (TID 18) in 54 ms on google-vm1.northamerica-northeast2-a.c.ece1724-project.internal (executor driver) (2/2)
24/12/15 04:36:57 INFO TaskSchedulerImpl: Removed TaskSet 12.0, whose tasks have all completed, from pool 
24/12/15 04:36:57 INFO DAGScheduler: ShuffleMapStage 12 (mapPartitions at VertexRDDImpl.scala:247) finished in 0.070 s
24/12/15 04:36:57 INFO DAGScheduler: looking for newly runnable stages
24/12/15 04:36:57 INFO DAGScheduler: running: Set()
24/12/15 04:36:57 INFO DAGScheduler: waiting: Set(ResultStage 13)
24/12/15 04:36:57 INFO DAGScheduler: failed: Set()
24/12/15 04:36:57 INFO DAGScheduler: Submitting ResultStage 13 (EdgeRDDImpl[56] at RDD at EdgeRDD.scala:41), which has no missing parents
24/12/15 04:36:57 INFO MemoryStore: Block broadcast_11 stored as values in memory (estimated size 12.0 KiB, free 1046.0 MiB)
24/12/15 04:36:57 INFO MemoryStore: Block broadcast_11_piece0 stored as bytes in memory (estimated size 5.5 KiB, free 1046.0 MiB)
24/12/15 04:36:57 INFO BlockManagerInfo: Added broadcast_11_piece0 in memory on google-vm1.northamerica-northeast2-a.c.ece1724-project.internal:42399 (size: 5.5 KiB, free: 1046.2 MiB)
24/12/15 04:36:57 INFO SparkContext: Created broadcast 11 from broadcast at DAGScheduler.scala:1540
24/12/15 04:36:57 INFO DAGScheduler: Submitting 2 missing tasks from ResultStage 13 (EdgeRDDImpl[56] at RDD at EdgeRDD.scala:41) (first 15 tasks are for partitions Vector(0, 1))
24/12/15 04:36:57 INFO TaskSchedulerImpl: Adding task set 13.0 with 2 tasks resource profile 0
24/12/15 04:36:57 INFO TaskSetManager: Starting task 0.0 in stage 13.0 (TID 20) (google-vm1.northamerica-northeast2-a.c.ece1724-project.internal, executor driver, partition 0, PROCESS_LOCAL, 9270 bytes) 
24/12/15 04:36:57 INFO TaskSetManager: Starting task 1.0 in stage 13.0 (TID 21) (google-vm1.northamerica-northeast2-a.c.ece1724-project.internal, executor driver, partition 1, PROCESS_LOCAL, 9270 bytes) 
24/12/15 04:36:57 INFO Executor: Running task 1.0 in stage 13.0 (TID 21)
24/12/15 04:36:57 INFO Executor: Running task 0.0 in stage 13.0 (TID 20)
24/12/15 04:36:57 INFO BlockManager: Found block rdd_39_0 locally
24/12/15 04:36:57 INFO ShuffleBlockFetcherIterator: Getting 2 (2006.0 B) non-empty blocks including 2 (2006.0 B) local and 0 (0.0 B) host-local and 0 (0.0 B) push-merged-local and 0 (0.0 B) remote blocks
24/12/15 04:36:57 INFO ShuffleBlockFetcherIterator: Started 0 remote fetches in 1 ms
24/12/15 04:36:57 INFO ShuffleBlockFetcherIterator: Getting 2 (4.4 KiB) non-empty blocks including 2 (4.4 KiB) local and 0 (0.0 B) host-local and 0 (0.0 B) push-merged-local and 0 (0.0 B) remote blocks
24/12/15 04:36:57 INFO ShuffleBlockFetcherIterator: Started 0 remote fetches in 1 ms
24/12/15 04:36:57 INFO BlockManager: Found block rdd_39_1 locally
24/12/15 04:36:57 INFO ShuffleBlockFetcherIterator: Getting 2 (1078.0 B) non-empty blocks including 2 (1078.0 B) local and 0 (0.0 B) host-local and 0 (0.0 B) push-merged-local and 0 (0.0 B) remote blocks
24/12/15 04:36:57 INFO ShuffleBlockFetcherIterator: Started 0 remote fetches in 1 ms
24/12/15 04:36:57 INFO ShuffleBlockFetcherIterator: Getting 2 (2.1 KiB) non-empty blocks including 2 (2.1 KiB) local and 0 (0.0 B) host-local and 0 (0.0 B) push-merged-local and 0 (0.0 B) remote blocks
24/12/15 04:36:57 INFO ShuffleBlockFetcherIterator: Started 0 remote fetches in 1 ms
24/12/15 04:36:57 INFO MemoryStore: Block rdd_55_1 stored as values in memory (estimated size 480.5 KiB, free 1045.5 MiB)
24/12/15 04:36:57 INFO BlockManagerInfo: Added rdd_55_1 in memory on google-vm1.northamerica-northeast2-a.c.ece1724-project.internal:42399 (size: 480.5 KiB, free: 1045.8 MiB)
24/12/15 04:36:57 INFO MemoryStore: Block rdd_55_0 stored as values in memory (estimated size 495.6 KiB, free 1045.0 MiB)
24/12/15 04:36:57 INFO BlockManagerInfo: Added rdd_55_0 in memory on google-vm1.northamerica-northeast2-a.c.ece1724-project.internal:42399 (size: 495.6 KiB, free: 1045.3 MiB)
24/12/15 04:36:57 INFO Executor: 1 block locks were not released by task 1.0 in stage 13.0 (TID 21)
[rdd_55_1]
24/12/15 04:36:57 INFO Executor: 1 block locks were not released by task 0.0 in stage 13.0 (TID 20)
[rdd_55_0]
24/12/15 04:36:57 INFO Executor: Finished task 1.0 in stage 13.0 (TID 21). 1709 bytes result sent to driver
24/12/15 04:36:57 INFO Executor: Finished task 0.0 in stage 13.0 (TID 20). 1709 bytes result sent to driver
24/12/15 04:36:57 INFO TaskSetManager: Finished task 1.0 in stage 13.0 (TID 21) in 38 ms on google-vm1.northamerica-northeast2-a.c.ece1724-project.internal (executor driver) (1/2)
24/12/15 04:36:57 INFO TaskSetManager: Finished task 0.0 in stage 13.0 (TID 20) in 41 ms on google-vm1.northamerica-northeast2-a.c.ece1724-project.internal (executor driver) (2/2)
24/12/15 04:36:57 INFO TaskSchedulerImpl: Removed TaskSet 13.0, whose tasks have all completed, from pool 
24/12/15 04:36:57 INFO DAGScheduler: ResultStage 13 (foreachPartition at PageRank.scala:199) finished in 0.054 s
24/12/15 04:36:57 INFO DAGScheduler: Job 2 is finished. Cancelling potential speculative or zombie tasks for this job
24/12/15 04:36:57 INFO TaskSchedulerImpl: Killing all running tasks in stage 13: Stage finished
24/12/15 04:36:57 INFO DAGScheduler: Job 2 finished: foreachPartition at PageRank.scala:199, took 0.606648 s
24/12/15 04:36:57 INFO PageRank: PageRank finished iteration 0.
24/12/15 04:36:57 INFO MapPartitionsRDD: Removing RDD 37 from persistence list
24/12/15 04:36:57 INFO BlockManager: Removing RDD 37
24/12/15 04:36:57 INFO MapPartitionsRDD: Removing RDD 39 from persistence list
24/12/15 04:36:57 INFO BlockManager: Removing RDD 39
24/12/15 04:36:57 INFO SparkContext: Starting job: sum at PageRank.scala:503
24/12/15 04:36:57 INFO DAGScheduler: Got job 3 (sum at PageRank.scala:503) with 2 output partitions
24/12/15 04:36:57 INFO DAGScheduler: Final stage: ResultStage 21 (sum at PageRank.scala:503)
24/12/15 04:36:57 INFO DAGScheduler: Parents of final stage: List(ShuffleMapStage 15, ShuffleMapStage 16, ShuffleMapStage 20, ShuffleMapStage 17)
24/12/15 04:36:57 INFO DAGScheduler: Missing parents: List()
24/12/15 04:36:57 INFO DAGScheduler: Submitting ResultStage 21 (MapPartitionsRDD[57] at values at PageRank.scala:503), which has no missing parents
24/12/15 04:36:57 INFO MemoryStore: Block broadcast_12 stored as values in memory (estimated size 11.7 KiB, free 1046.0 MiB)
24/12/15 04:36:57 INFO MemoryStore: Block broadcast_12_piece0 stored as bytes in memory (estimated size 5.6 KiB, free 1046.0 MiB)
24/12/15 04:36:57 INFO BlockManagerInfo: Added broadcast_12_piece0 in memory on google-vm1.northamerica-northeast2-a.c.ece1724-project.internal:42399 (size: 5.6 KiB, free: 1046.3 MiB)
24/12/15 04:36:57 INFO SparkContext: Created broadcast 12 from broadcast at DAGScheduler.scala:1540
24/12/15 04:36:57 INFO DAGScheduler: Submitting 2 missing tasks from ResultStage 21 (MapPartitionsRDD[57] at values at PageRank.scala:503) (first 15 tasks are for partitions Vector(0, 1))
24/12/15 04:36:57 INFO TaskSchedulerImpl: Adding task set 21.0 with 2 tasks resource profile 0
24/12/15 04:36:57 INFO TaskSetManager: Starting task 0.0 in stage 21.0 (TID 22) (google-vm1.northamerica-northeast2-a.c.ece1724-project.internal, executor driver, partition 0, PROCESS_LOCAL, 8983 bytes) 
24/12/15 04:36:57 INFO TaskSetManager: Starting task 1.0 in stage 21.0 (TID 23) (google-vm1.northamerica-northeast2-a.c.ece1724-project.internal, executor driver, partition 1, PROCESS_LOCAL, 8983 bytes) 
24/12/15 04:36:57 INFO Executor: Running task 0.0 in stage 21.0 (TID 22)
24/12/15 04:36:57 INFO Executor: Running task 1.0 in stage 21.0 (TID 23)
24/12/15 04:36:57 INFO BlockManager: Found block rdd_49_0 locally
24/12/15 04:36:57 INFO BlockManager: Found block rdd_49_1 locally
24/12/15 04:36:57 INFO Executor: 1 block locks were not released by task 0.0 in stage 21.0 (TID 22)
[rdd_49_0]
24/12/15 04:36:57 INFO Executor: 1 block locks were not released by task 1.0 in stage 21.0 (TID 23)
[rdd_49_1]
24/12/15 04:36:57 INFO Executor: Finished task 0.0 in stage 21.0 (TID 22). 1018 bytes result sent to driver
24/12/15 04:36:57 INFO TaskSetManager: Finished task 0.0 in stage 21.0 (TID 22) in 32 ms on google-vm1.northamerica-northeast2-a.c.ece1724-project.internal (executor driver) (1/2)
24/12/15 04:36:57 INFO Executor: Finished task 1.0 in stage 21.0 (TID 23). 1018 bytes result sent to driver
24/12/15 04:36:57 INFO TaskSetManager: Finished task 1.0 in stage 21.0 (TID 23) in 34 ms on google-vm1.northamerica-northeast2-a.c.ece1724-project.internal (executor driver) (2/2)
24/12/15 04:36:57 INFO TaskSchedulerImpl: Removed TaskSet 21.0, whose tasks have all completed, from pool 
24/12/15 04:36:57 INFO DAGScheduler: ResultStage 21 (sum at PageRank.scala:503) finished in 0.048 s
24/12/15 04:36:57 INFO DAGScheduler: Job 3 is finished. Cancelling potential speculative or zombie tasks for this job
24/12/15 04:36:57 INFO TaskSchedulerImpl: Killing all running tasks in stage 21: Stage finished
24/12/15 04:36:57 INFO DAGScheduler: Job 3 finished: sum at PageRank.scala:503, took 0.059371 s
24/12/15 04:36:57 INFO SparkContext: Starting job: fold at VertexRDDImpl.scala:90
24/12/15 04:36:57 INFO DAGScheduler: Got job 4 (fold at VertexRDDImpl.scala:90) with 2 output partitions
24/12/15 04:36:57 INFO DAGScheduler: Final stage: ResultStage 29 (fold at VertexRDDImpl.scala:90)
24/12/15 04:36:57 INFO DAGScheduler: Parents of final stage: List(ShuffleMapStage 24, ShuffleMapStage 28, ShuffleMapStage 25, ShuffleMapStage 23)
24/12/15 04:36:57 INFO DAGScheduler: Missing parents: List()
24/12/15 04:36:57 INFO DAGScheduler: Submitting ResultStage 29 (MapPartitionsRDD[58] at map at VertexRDDImpl.scala:90), which has no missing parents
24/12/15 04:36:57 INFO MemoryStore: Block broadcast_13 stored as values in memory (estimated size 11.5 KiB, free 1045.9 MiB)
24/12/15 04:36:57 INFO MemoryStore: Block broadcast_13_piece0 stored as bytes in memory (estimated size 5.4 KiB, free 1045.9 MiB)
24/12/15 04:36:57 INFO BlockManagerInfo: Added broadcast_13_piece0 in memory on google-vm1.northamerica-northeast2-a.c.ece1724-project.internal:42399 (size: 5.4 KiB, free: 1046.2 MiB)
24/12/15 04:36:57 INFO SparkContext: Created broadcast 13 from broadcast at DAGScheduler.scala:1540
24/12/15 04:36:57 INFO DAGScheduler: Submitting 2 missing tasks from ResultStage 29 (MapPartitionsRDD[58] at map at VertexRDDImpl.scala:90) (first 15 tasks are for partitions Vector(0, 1))
24/12/15 04:36:57 INFO TaskSchedulerImpl: Adding task set 29.0 with 2 tasks resource profile 0
24/12/15 04:36:57 INFO TaskSetManager: Starting task 0.0 in stage 29.0 (TID 24) (google-vm1.northamerica-northeast2-a.c.ece1724-project.internal, executor driver, partition 0, PROCESS_LOCAL, 8983 bytes) 
24/12/15 04:36:57 INFO TaskSetManager: Starting task 1.0 in stage 29.0 (TID 25) (google-vm1.northamerica-northeast2-a.c.ece1724-project.internal, executor driver, partition 1, PROCESS_LOCAL, 8983 bytes) 
24/12/15 04:36:57 INFO Executor: Running task 0.0 in stage 29.0 (TID 24)
24/12/15 04:36:57 INFO BlockManager: Found block rdd_49_0 locally
24/12/15 04:36:57 INFO Executor: Running task 1.0 in stage 29.0 (TID 25)
24/12/15 04:36:57 INFO Executor: Finished task 0.0 in stage 29.0 (TID 24). 1016 bytes result sent to driver
24/12/15 04:36:57 INFO TaskSetManager: Finished task 0.0 in stage 29.0 (TID 24) in 12 ms on google-vm1.northamerica-northeast2-a.c.ece1724-project.internal (executor driver) (1/2)
24/12/15 04:36:57 INFO BlockManager: Found block rdd_49_1 locally
24/12/15 04:36:57 INFO Executor: Finished task 1.0 in stage 29.0 (TID 25). 1016 bytes result sent to driver
24/12/15 04:36:57 INFO TaskSetManager: Finished task 1.0 in stage 29.0 (TID 25) in 16 ms on google-vm1.northamerica-northeast2-a.c.ece1724-project.internal (executor driver) (2/2)
24/12/15 04:36:57 INFO TaskSchedulerImpl: Removed TaskSet 29.0, whose tasks have all completed, from pool 
24/12/15 04:36:57 INFO DAGScheduler: ResultStage 29 (fold at VertexRDDImpl.scala:90) finished in 0.031 s
24/12/15 04:36:57 INFO DAGScheduler: Job 4 is finished. Cancelling potential speculative or zombie tasks for this job
24/12/15 04:36:57 INFO TaskSchedulerImpl: Killing all running tasks in stage 29: Stage finished
24/12/15 04:36:57 INFO DAGScheduler: Job 4 finished: fold at VertexRDDImpl.scala:90, took 0.041027 s
Top-ranked vertices:
24/12/15 04:36:57 INFO SparkContext: Starting job: sortBy at graphxBrockPR.scala:54
24/12/15 04:36:57 INFO DAGScheduler: Got job 5 (sortBy at graphxBrockPR.scala:54) with 2 output partitions
24/12/15 04:36:57 INFO DAGScheduler: Final stage: ResultStage 37 (sortBy at graphxBrockPR.scala:54)
24/12/15 04:36:57 INFO DAGScheduler: Parents of final stage: List(ShuffleMapStage 33, ShuffleMapStage 31, ShuffleMapStage 32, ShuffleMapStage 36)
24/12/15 04:36:57 INFO DAGScheduler: Missing parents: List()
24/12/15 04:36:57 INFO DAGScheduler: Submitting ResultStage 37 (MapPartitionsRDD[69] at sortBy at graphxBrockPR.scala:54), which has no missing parents
24/12/15 04:36:57 INFO MemoryStore: Block broadcast_14 stored as values in memory (estimated size 13.2 KiB, free 1045.9 MiB)
24/12/15 04:36:57 INFO MemoryStore: Block broadcast_14_piece0 stored as bytes in memory (estimated size 6.1 KiB, free 1045.9 MiB)
24/12/15 04:36:57 INFO BlockManagerInfo: Added broadcast_14_piece0 in memory on google-vm1.northamerica-northeast2-a.c.ece1724-project.internal:42399 (size: 6.1 KiB, free: 1046.2 MiB)
24/12/15 04:36:57 INFO SparkContext: Created broadcast 14 from broadcast at DAGScheduler.scala:1540
24/12/15 04:36:57 INFO DAGScheduler: Submitting 2 missing tasks from ResultStage 37 (MapPartitionsRDD[69] at sortBy at graphxBrockPR.scala:54) (first 15 tasks are for partitions Vector(0, 1))
24/12/15 04:36:57 INFO TaskSchedulerImpl: Adding task set 37.0 with 2 tasks resource profile 0
24/12/15 04:36:57 INFO TaskSetManager: Starting task 0.0 in stage 37.0 (TID 26) (google-vm1.northamerica-northeast2-a.c.ece1724-project.internal, executor driver, partition 0, PROCESS_LOCAL, 8983 bytes) 
24/12/15 04:36:57 INFO TaskSetManager: Starting task 1.0 in stage 37.0 (TID 27) (google-vm1.northamerica-northeast2-a.c.ece1724-project.internal, executor driver, partition 1, PROCESS_LOCAL, 8983 bytes) 
24/12/15 04:36:57 INFO Executor: Running task 1.0 in stage 37.0 (TID 27)
24/12/15 04:36:57 INFO Executor: Running task 0.0 in stage 37.0 (TID 26)
24/12/15 04:36:57 INFO BlockManager: Found block rdd_49_1 locally
24/12/15 04:36:57 INFO MemoryStore: Block rdd_59_1 stored as values in memory (estimated size 11.3 KiB, free 1045.9 MiB)
24/12/15 04:36:57 INFO BlockManager: Found block rdd_49_0 locally
24/12/15 04:36:57 INFO BlockManagerInfo: Added rdd_59_1 in memory on google-vm1.northamerica-northeast2-a.c.ece1724-project.internal:42399 (size: 11.3 KiB, free: 1046.2 MiB)
24/12/15 04:36:57 INFO MemoryStore: Block rdd_59_0 stored as values in memory (estimated size 11.3 KiB, free 1045.9 MiB)
24/12/15 04:36:57 INFO BlockManagerInfo: Added rdd_59_0 in memory on google-vm1.northamerica-northeast2-a.c.ece1724-project.internal:42399 (size: 11.3 KiB, free: 1046.2 MiB)
24/12/15 04:36:57 INFO Executor: 1 block locks were not released by task 1.0 in stage 37.0 (TID 27)
[rdd_59_1]
24/12/15 04:36:57 INFO Executor: 1 block locks were not released by task 0.0 in stage 37.0 (TID 26)
[rdd_59_0]
24/12/15 04:36:57 INFO Executor: Finished task 0.0 in stage 37.0 (TID 26). 1683 bytes result sent to driver
24/12/15 04:36:57 INFO Executor: Finished task 1.0 in stage 37.0 (TID 27). 1683 bytes result sent to driver
24/12/15 04:36:57 INFO TaskSetManager: Finished task 0.0 in stage 37.0 (TID 26) in 47 ms on google-vm1.northamerica-northeast2-a.c.ece1724-project.internal (executor driver) (1/2)
24/12/15 04:36:57 INFO TaskSetManager: Finished task 1.0 in stage 37.0 (TID 27) in 47 ms on google-vm1.northamerica-northeast2-a.c.ece1724-project.internal (executor driver) (2/2)
24/12/15 04:36:57 INFO TaskSchedulerImpl: Removed TaskSet 37.0, whose tasks have all completed, from pool 
24/12/15 04:36:57 INFO DAGScheduler: ResultStage 37 (sortBy at graphxBrockPR.scala:54) finished in 0.061 s
24/12/15 04:36:57 INFO DAGScheduler: Job 5 is finished. Cancelling potential speculative or zombie tasks for this job
24/12/15 04:36:57 INFO TaskSchedulerImpl: Killing all running tasks in stage 37: Stage finished
24/12/15 04:36:57 INFO DAGScheduler: Job 5 finished: sortBy at graphxBrockPR.scala:54, took 0.072273 s
24/12/15 04:36:58 INFO SparkContext: Starting job: take at graphxBrockPR.scala:54
24/12/15 04:36:58 INFO DAGScheduler: Registering RDD 67 (sortBy at graphxBrockPR.scala:54) as input to shuffle 9
24/12/15 04:36:58 INFO DAGScheduler: Got job 6 (take at graphxBrockPR.scala:54) with 1 output partitions
24/12/15 04:36:58 INFO DAGScheduler: Final stage: ResultStage 46 (take at graphxBrockPR.scala:54)
24/12/15 04:36:58 INFO DAGScheduler: Parents of final stage: List(ShuffleMapStage 45)
24/12/15 04:36:58 INFO DAGScheduler: Missing parents: List(ShuffleMapStage 45)
24/12/15 04:36:58 INFO DAGScheduler: Submitting ShuffleMapStage 45 (MapPartitionsRDD[67] at sortBy at graphxBrockPR.scala:54), which has no missing parents
24/12/15 04:36:58 INFO MemoryStore: Block broadcast_15 stored as values in memory (estimated size 12.2 KiB, free 1045.9 MiB)
24/12/15 04:36:58 INFO MemoryStore: Block broadcast_15_piece0 stored as bytes in memory (estimated size 5.8 KiB, free 1045.9 MiB)
24/12/15 04:36:58 INFO BlockManagerInfo: Added broadcast_15_piece0 in memory on google-vm1.northamerica-northeast2-a.c.ece1724-project.internal:42399 (size: 5.8 KiB, free: 1046.2 MiB)
24/12/15 04:36:58 INFO SparkContext: Created broadcast 15 from broadcast at DAGScheduler.scala:1540
24/12/15 04:36:58 INFO DAGScheduler: Submitting 2 missing tasks from ShuffleMapStage 45 (MapPartitionsRDD[67] at sortBy at graphxBrockPR.scala:54) (first 15 tasks are for partitions Vector(0, 1))
24/12/15 04:36:58 INFO TaskSchedulerImpl: Adding task set 45.0 with 2 tasks resource profile 0
24/12/15 04:36:58 INFO TaskSetManager: Starting task 0.0 in stage 45.0 (TID 28) (google-vm1.northamerica-northeast2-a.c.ece1724-project.internal, executor driver, partition 0, PROCESS_LOCAL, 8972 bytes) 
24/12/15 04:36:58 INFO TaskSetManager: Starting task 1.0 in stage 45.0 (TID 29) (google-vm1.northamerica-northeast2-a.c.ece1724-project.internal, executor driver, partition 1, PROCESS_LOCAL, 8972 bytes) 
24/12/15 04:36:58 INFO Executor: Running task 0.0 in stage 45.0 (TID 28)
24/12/15 04:36:58 INFO Executor: Running task 1.0 in stage 45.0 (TID 29)
24/12/15 04:36:58 INFO BlockManager: Found block rdd_59_0 locally
24/12/15 04:36:58 INFO BlockManager: Found block rdd_59_1 locally
24/12/15 04:36:58 INFO Executor: 1 block locks were not released by task 0.0 in stage 45.0 (TID 28)
[rdd_59_0]
24/12/15 04:36:58 INFO Executor: Finished task 0.0 in stage 45.0 (TID 28). 1225 bytes result sent to driver
24/12/15 04:36:58 INFO TaskSetManager: Finished task 0.0 in stage 45.0 (TID 28) in 27 ms on google-vm1.northamerica-northeast2-a.c.ece1724-project.internal (executor driver) (1/2)
24/12/15 04:36:58 INFO Executor: 1 block locks were not released by task 1.0 in stage 45.0 (TID 29)
[rdd_59_1]
24/12/15 04:36:58 INFO Executor: Finished task 1.0 in stage 45.0 (TID 29). 1225 bytes result sent to driver
24/12/15 04:36:58 INFO TaskSetManager: Finished task 1.0 in stage 45.0 (TID 29) in 31 ms on google-vm1.northamerica-northeast2-a.c.ece1724-project.internal (executor driver) (2/2)
24/12/15 04:36:58 INFO TaskSchedulerImpl: Removed TaskSet 45.0, whose tasks have all completed, from pool 
24/12/15 04:36:58 INFO DAGScheduler: ShuffleMapStage 45 (sortBy at graphxBrockPR.scala:54) finished in 0.045 s
24/12/15 04:36:58 INFO DAGScheduler: looking for newly runnable stages
24/12/15 04:36:58 INFO DAGScheduler: running: Set()
24/12/15 04:36:58 INFO DAGScheduler: waiting: Set(ResultStage 46)
24/12/15 04:36:58 INFO DAGScheduler: failed: Set()
24/12/15 04:36:58 INFO DAGScheduler: Submitting ResultStage 46 (MapPartitionsRDD[71] at sortBy at graphxBrockPR.scala:54), which has no missing parents
24/12/15 04:36:58 INFO MemoryStore: Block broadcast_16 stored as values in memory (estimated size 5.6 KiB, free 1045.9 MiB)
24/12/15 04:36:58 INFO MemoryStore: Block broadcast_16_piece0 stored as bytes in memory (estimated size 3.2 KiB, free 1045.9 MiB)
24/12/15 04:36:58 INFO BlockManagerInfo: Added broadcast_16_piece0 in memory on google-vm1.northamerica-northeast2-a.c.ece1724-project.internal:42399 (size: 3.2 KiB, free: 1046.2 MiB)
24/12/15 04:36:58 INFO SparkContext: Created broadcast 16 from broadcast at DAGScheduler.scala:1540
24/12/15 04:36:58 INFO DAGScheduler: Submitting 1 missing tasks from ResultStage 46 (MapPartitionsRDD[71] at sortBy at graphxBrockPR.scala:54) (first 15 tasks are for partitions Vector(0))
24/12/15 04:36:58 INFO TaskSchedulerImpl: Adding task set 46.0 with 1 tasks resource profile 0
24/12/15 04:36:58 INFO TaskSetManager: Starting task 0.0 in stage 46.0 (TID 30) (google-vm1.northamerica-northeast2-a.c.ece1724-project.internal, executor driver, partition 0, NODE_LOCAL, 8565 bytes) 
24/12/15 04:36:58 INFO Executor: Running task 0.0 in stage 46.0 (TID 30)
24/12/15 04:36:58 INFO ShuffleBlockFetcherIterator: Getting 2 (4.8 KiB) non-empty blocks including 2 (4.8 KiB) local and 0 (0.0 B) host-local and 0 (0.0 B) push-merged-local and 0 (0.0 B) remote blocks
24/12/15 04:36:58 INFO ShuffleBlockFetcherIterator: Started 0 remote fetches in 1 ms
24/12/15 04:36:58 INFO Executor: Finished task 0.0 in stage 46.0 (TID 30). 2253 bytes result sent to driver
24/12/15 04:36:58 INFO TaskSetManager: Finished task 0.0 in stage 46.0 (TID 30) in 44 ms on google-vm1.northamerica-northeast2-a.c.ece1724-project.internal (executor driver) (1/1)
24/12/15 04:36:58 INFO TaskSchedulerImpl: Removed TaskSet 46.0, whose tasks have all completed, from pool 
24/12/15 04:36:58 INFO DAGScheduler: ResultStage 46 (take at graphxBrockPR.scala:54) finished in 0.058 s
24/12/15 04:36:58 INFO DAGScheduler: Job 6 is finished. Cancelling potential speculative or zombie tasks for this job
24/12/15 04:36:58 INFO TaskSchedulerImpl: Killing all running tasks in stage 46: Stage finished
24/12/15 04:36:58 INFO DAGScheduler: Job 6 finished: take at graphxBrockPR.scala:54, took 0.114406 s
Vertex 1 has rank 5.865832834339155
Vertex 2 has rank 4.780503502139949
Vertex 3 has rank 4.542551736768107
Vertex 4 has rank 4.051585479448976
Vertex 5 has rank 3.834680948069782
Vertex 7 has rank 3.700546077007798
Vertex 6 has rank 3.582743758635889
Vertex 8 has rank 3.541232517858071
Vertex 9 has rank 3.356882999531562
Vertex 10 has rank 3.3072024077709825
24/12/15 04:36:58 INFO SparkContext: SparkContext is stopping with exitCode 0.
24/12/15 04:36:58 INFO SparkUI: Stopped Spark web UI at http://google-vm1.northamerica-northeast2-a.c.ece1724-project.internal:4040
24/12/15 04:36:58 INFO MapOutputTrackerMasterEndpoint: MapOutputTrackerMasterEndpoint stopped!
24/12/15 04:36:58 INFO MemoryStore: MemoryStore cleared
24/12/15 04:36:58 INFO BlockManager: BlockManager stopped
24/12/15 04:36:58 INFO BlockManagerMaster: BlockManagerMaster stopped
24/12/15 04:36:58 INFO OutputCommitCoordinator$OutputCommitCoordinatorEndpoint: OutputCommitCoordinator stopped!
24/12/15 04:36:58 INFO SparkContext: Successfully stopped SparkContext
24/12/15 04:36:58 INFO ShutdownHookManager: Shutdown hook called
24/12/15 04:36:58 INFO ShutdownHookManager: Deleting directory /tmp/spark-8ddc715f-a5d3-4ccc-8b19-866e1e812497
24/12/15 04:36:58 INFO ShutdownHookManager: Deleting directory /tmp/spark-a99a98c9-0e2f-40e5-a2a5-aa0264279179
Execution Time: 11 seconds
Throughput: 4946471.34 bytes/second
