:: loading settings :: url = jar:file:/opt/spark/jars/ivy-2.5.1.jar!/org/apache/ivy/core/settings/ivysettings.xml
Ivy Default Cache set to: /home/zengyuyang1999/.ivy2/cache
The jars for the packages stored in: /home/zengyuyang1999/.ivy2/jars
org.apache.spark#spark-graphx_2.12 added as a dependency
graphframes#graphframes added as a dependency
:: resolving dependencies :: org.apache.spark#spark-submit-parent-e823c5cc-406f-4c36-97c9-54dbfb8adffe;1.0
	confs: [default]
	found graphframes#graphframes;0.8.3-spark3.4-s_2.12 in spark-packages
	found org.slf4j#slf4j-api;1.7.16 in central
:: resolution report :: resolve 197ms :: artifacts dl 10ms
	:: modules in use:
	graphframes#graphframes;0.8.3-spark3.4-s_2.12 from spark-packages in [default]
	org.slf4j#slf4j-api;1.7.16 from central in [default]
	---------------------------------------------------------------------
	|                  |            modules            ||   artifacts   |
	|       conf       | number| search|dwnlded|evicted|| number|dwnlded|
	---------------------------------------------------------------------
	|      default     |   2   |   0   |   0   |   0   ||   2   |   0   |
	---------------------------------------------------------------------
:: retrieving :: org.apache.spark#spark-submit-parent-e823c5cc-406f-4c36-97c9-54dbfb8adffe
	confs: [default]
	0 artifacts copied, 2 already retrieved (0kB/8ms)
24/12/15 06:54:32 WARN NativeCodeLoader: Unable to load native-hadoop library for your platform... using builtin-java classes where applicable
24/12/15 06:54:32 INFO SparkContext: Running Spark version 3.4.4
24/12/15 06:54:32 INFO ResourceUtils: ==============================================================
24/12/15 06:54:32 INFO ResourceUtils: No custom resources configured for spark.driver.
24/12/15 06:54:32 INFO ResourceUtils: ==============================================================
24/12/15 06:54:32 INFO SparkContext: Submitted application: BrockGraphBFS
24/12/15 06:54:33 INFO ResourceProfile: Default ResourceProfile created, executor resources: Map(cores -> name: cores, amount: 1, script: , vendor: , memory -> name: memory, amount: 1024, script: , vendor: , offHeap -> name: offHeap, amount: 0, script: , vendor: ), task resources: Map(cpus -> name: cpus, amount: 1.0)
24/12/15 06:54:33 INFO ResourceProfile: Limiting resource is cpu
24/12/15 06:54:33 INFO ResourceProfileManager: Added ResourceProfile id: 0
24/12/15 06:54:33 INFO SecurityManager: Changing view acls to: zengyuyang1999
24/12/15 06:54:33 INFO SecurityManager: Changing modify acls to: zengyuyang1999
24/12/15 06:54:33 INFO SecurityManager: Changing view acls groups to: 
24/12/15 06:54:33 INFO SecurityManager: Changing modify acls groups to: 
24/12/15 06:54:33 INFO SecurityManager: SecurityManager: authentication disabled; ui acls disabled; users with view permissions: zengyuyang1999; groups with view permissions: EMPTY; users with modify permissions: zengyuyang1999; groups with modify permissions: EMPTY
24/12/15 06:54:33 INFO Utils: Successfully started service 'sparkDriver' on port 43375.
24/12/15 06:54:33 INFO SparkEnv: Registering MapOutputTracker
24/12/15 06:54:33 INFO SparkEnv: Registering BlockManagerMaster
24/12/15 06:54:33 INFO BlockManagerMasterEndpoint: Using org.apache.spark.storage.DefaultTopologyMapper for getting topology information
24/12/15 06:54:33 INFO BlockManagerMasterEndpoint: BlockManagerMasterEndpoint up
24/12/15 06:54:33 INFO SparkEnv: Registering BlockManagerMasterHeartbeat
24/12/15 06:54:33 INFO DiskBlockManager: Created local directory at /tmp/blockmgr-18436ab4-9309-4508-83ce-5102ba712034
24/12/15 06:54:33 INFO MemoryStore: MemoryStore started with capacity 2.2 GiB
24/12/15 06:54:33 INFO SparkEnv: Registering OutputCommitCoordinator
24/12/15 06:54:34 INFO JettyUtils: Start Jetty 0.0.0.0:4040 for SparkUI
24/12/15 06:54:34 INFO Utils: Successfully started service 'SparkUI' on port 4040.
24/12/15 06:54:34 INFO SparkContext: Added JAR file:///home/zengyuyang1999/.ivy2/jars/graphframes_graphframes-0.8.3-spark3.4-s_2.12.jar at spark://google-vm1.northamerica-northeast2-a.c.ece1724-project.internal:43375/jars/graphframes_graphframes-0.8.3-spark3.4-s_2.12.jar with timestamp 1734245672932
24/12/15 06:54:34 INFO SparkContext: Added JAR file:///home/zengyuyang1999/.ivy2/jars/org.slf4j_slf4j-api-1.7.16.jar at spark://google-vm1.northamerica-northeast2-a.c.ece1724-project.internal:43375/jars/org.slf4j_slf4j-api-1.7.16.jar with timestamp 1734245672932
24/12/15 06:54:34 INFO SparkContext: Added JAR file:/home/zengyuyang1999/ece1724-group-project-f24/ece1724-project/graphxBrockBFS.jar at spark://google-vm1.northamerica-northeast2-a.c.ece1724-project.internal:43375/jars/graphxBrockBFS.jar with timestamp 1734245672932
24/12/15 06:54:34 INFO Executor: Starting executor ID driver on host google-vm1.northamerica-northeast2-a.c.ece1724-project.internal
24/12/15 06:54:34 INFO Executor: Starting executor with user classpath (userClassPathFirst = false): ''
24/12/15 06:54:34 INFO Executor: Fetching spark://google-vm1.northamerica-northeast2-a.c.ece1724-project.internal:43375/jars/org.slf4j_slf4j-api-1.7.16.jar with timestamp 1734245672932
24/12/15 06:54:34 INFO TransportClientFactory: Successfully created connection to google-vm1.northamerica-northeast2-a.c.ece1724-project.internal/10.188.0.2:43375 after 58 ms (0 ms spent in bootstraps)
24/12/15 06:54:34 INFO Utils: Fetching spark://google-vm1.northamerica-northeast2-a.c.ece1724-project.internal:43375/jars/org.slf4j_slf4j-api-1.7.16.jar to /tmp/spark-4e9359f2-1026-45df-ad05-fc5d5a7aaefa/userFiles-e1acb366-b903-4d35-850a-02b9db843ca1/fetchFileTemp306475827177974814.tmp
24/12/15 06:54:34 INFO Executor: Adding file:/tmp/spark-4e9359f2-1026-45df-ad05-fc5d5a7aaefa/userFiles-e1acb366-b903-4d35-850a-02b9db843ca1/org.slf4j_slf4j-api-1.7.16.jar to class loader
24/12/15 06:54:34 INFO Executor: Fetching spark://google-vm1.northamerica-northeast2-a.c.ece1724-project.internal:43375/jars/graphframes_graphframes-0.8.3-spark3.4-s_2.12.jar with timestamp 1734245672932
24/12/15 06:54:34 INFO Utils: Fetching spark://google-vm1.northamerica-northeast2-a.c.ece1724-project.internal:43375/jars/graphframes_graphframes-0.8.3-spark3.4-s_2.12.jar to /tmp/spark-4e9359f2-1026-45df-ad05-fc5d5a7aaefa/userFiles-e1acb366-b903-4d35-850a-02b9db843ca1/fetchFileTemp9075048621612002683.tmp
24/12/15 06:54:34 INFO Executor: Adding file:/tmp/spark-4e9359f2-1026-45df-ad05-fc5d5a7aaefa/userFiles-e1acb366-b903-4d35-850a-02b9db843ca1/graphframes_graphframes-0.8.3-spark3.4-s_2.12.jar to class loader
24/12/15 06:54:34 INFO Executor: Fetching spark://google-vm1.northamerica-northeast2-a.c.ece1724-project.internal:43375/jars/graphxBrockBFS.jar with timestamp 1734245672932
24/12/15 06:54:34 INFO Utils: Fetching spark://google-vm1.northamerica-northeast2-a.c.ece1724-project.internal:43375/jars/graphxBrockBFS.jar to /tmp/spark-4e9359f2-1026-45df-ad05-fc5d5a7aaefa/userFiles-e1acb366-b903-4d35-850a-02b9db843ca1/fetchFileTemp2074589953799857267.tmp
24/12/15 06:54:34 INFO Executor: Adding file:/tmp/spark-4e9359f2-1026-45df-ad05-fc5d5a7aaefa/userFiles-e1acb366-b903-4d35-850a-02b9db843ca1/graphxBrockBFS.jar to class loader
24/12/15 06:54:34 INFO Utils: Successfully started service 'org.apache.spark.network.netty.NettyBlockTransferService' on port 33703.
24/12/15 06:54:34 INFO NettyBlockTransferService: Server created on google-vm1.northamerica-northeast2-a.c.ece1724-project.internal:33703
24/12/15 06:54:34 INFO BlockManager: Using org.apache.spark.storage.RandomBlockReplicationPolicy for block replication policy
24/12/15 06:54:34 INFO BlockManagerMaster: Registering BlockManager BlockManagerId(driver, google-vm1.northamerica-northeast2-a.c.ece1724-project.internal, 33703, None)
24/12/15 06:54:34 INFO BlockManagerMasterEndpoint: Registering block manager google-vm1.northamerica-northeast2-a.c.ece1724-project.internal:33703 with 2.2 GiB RAM, BlockManagerId(driver, google-vm1.northamerica-northeast2-a.c.ece1724-project.internal, 33703, None)
24/12/15 06:54:34 INFO BlockManagerMaster: Registered BlockManager BlockManagerId(driver, google-vm1.northamerica-northeast2-a.c.ece1724-project.internal, 33703, None)
24/12/15 06:54:34 INFO BlockManager: Initialized BlockManager: BlockManagerId(driver, google-vm1.northamerica-northeast2-a.c.ece1724-project.internal, 33703, None)
24/12/15 06:54:35 INFO MemoryStore: Block broadcast_0 stored as values in memory (estimated size 221.5 KiB, free 2.2 GiB)
24/12/15 06:54:35 INFO MemoryStore: Block broadcast_0_piece0 stored as bytes in memory (estimated size 32.7 KiB, free 2.2 GiB)
24/12/15 06:54:35 INFO BlockManagerInfo: Added broadcast_0_piece0 in memory on google-vm1.northamerica-northeast2-a.c.ece1724-project.internal:33703 (size: 32.7 KiB, free: 2.2 GiB)
24/12/15 06:54:35 INFO SparkContext: Created broadcast 0 from textFile at graphxBrockBFS.scala:25
24/12/15 06:54:36 INFO FileInputFormat: Total input files to process : 1
24/12/15 06:54:36 INFO SparkContext: Starting job: fold at VertexRDDImpl.scala:90
24/12/15 06:54:36 INFO DAGScheduler: Registering RDD 13 (mapPartitions at VertexRDD.scala:356) as input to shuffle 1
24/12/15 06:54:36 INFO DAGScheduler: Registering RDD 5 (distinct at graphxBrockBFS.scala:38) as input to shuffle 2
24/12/15 06:54:36 INFO DAGScheduler: Registering RDD 8 (map at graphxBrockBFS.scala:40) as input to shuffle 0
24/12/15 06:54:36 INFO DAGScheduler: Got job 0 (fold at VertexRDDImpl.scala:90) with 2 output partitions
24/12/15 06:54:36 INFO DAGScheduler: Final stage: ResultStage 3 (fold at VertexRDDImpl.scala:90)
24/12/15 06:54:36 INFO DAGScheduler: Parents of final stage: List(ShuffleMapStage 0, ShuffleMapStage 2)
24/12/15 06:54:36 INFO DAGScheduler: Missing parents: List(ShuffleMapStage 0, ShuffleMapStage 2)
24/12/15 06:54:36 INFO DAGScheduler: Submitting ShuffleMapStage 0 (VertexRDD.createRoutingTables - vid2pid (aggregation) MapPartitionsRDD[13] at mapPartitions at VertexRDD.scala:356), which has no missing parents
24/12/15 06:54:37 INFO MemoryStore: Block broadcast_1 stored as values in memory (estimated size 7.9 KiB, free 2.2 GiB)
24/12/15 06:54:37 INFO MemoryStore: Block broadcast_1_piece0 stored as bytes in memory (estimated size 4.3 KiB, free 2.2 GiB)
24/12/15 06:54:37 INFO BlockManagerInfo: Added broadcast_1_piece0 in memory on google-vm1.northamerica-northeast2-a.c.ece1724-project.internal:33703 (size: 4.3 KiB, free: 2.2 GiB)
24/12/15 06:54:37 INFO SparkContext: Created broadcast 1 from broadcast at DAGScheduler.scala:1540
24/12/15 06:54:37 INFO DAGScheduler: Submitting 2 missing tasks from ShuffleMapStage 0 (VertexRDD.createRoutingTables - vid2pid (aggregation) MapPartitionsRDD[13] at mapPartitions at VertexRDD.scala:356) (first 15 tasks are for partitions Vector(0, 1))
24/12/15 06:54:37 INFO TaskSchedulerImpl: Adding task set 0.0 with 2 tasks resource profile 0
24/12/15 06:54:37 INFO DAGScheduler: Submitting ShuffleMapStage 1 (MapPartitionsRDD[5] at distinct at graphxBrockBFS.scala:38), which has no missing parents
24/12/15 06:54:37 INFO MemoryStore: Block broadcast_2 stored as values in memory (estimated size 7.8 KiB, free 2.2 GiB)
24/12/15 06:54:37 INFO MemoryStore: Block broadcast_2_piece0 stored as bytes in memory (estimated size 4.3 KiB, free 2.2 GiB)
24/12/15 06:54:37 INFO BlockManagerInfo: Added broadcast_2_piece0 in memory on google-vm1.northamerica-northeast2-a.c.ece1724-project.internal:33703 (size: 4.3 KiB, free: 2.2 GiB)
24/12/15 06:54:37 INFO SparkContext: Created broadcast 2 from broadcast at DAGScheduler.scala:1540
24/12/15 06:54:37 INFO DAGScheduler: Submitting 2 missing tasks from ShuffleMapStage 1 (MapPartitionsRDD[5] at distinct at graphxBrockBFS.scala:38) (first 15 tasks are for partitions Vector(0, 1))
24/12/15 06:54:37 INFO TaskSchedulerImpl: Adding task set 1.0 with 2 tasks resource profile 0
24/12/15 06:54:37 INFO TaskSetManager: Starting task 0.0 in stage 0.0 (TID 0) (google-vm1.northamerica-northeast2-a.c.ece1724-project.internal, executor driver, partition 0, PROCESS_LOCAL, 8839 bytes) 
24/12/15 06:54:37 INFO TaskSetManager: Starting task 1.0 in stage 0.0 (TID 1) (google-vm1.northamerica-northeast2-a.c.ece1724-project.internal, executor driver, partition 1, PROCESS_LOCAL, 8839 bytes) 
24/12/15 06:54:37 INFO TaskSetManager: Starting task 0.0 in stage 1.0 (TID 2) (google-vm1.northamerica-northeast2-a.c.ece1724-project.internal, executor driver, partition 0, PROCESS_LOCAL, 8839 bytes) 
24/12/15 06:54:37 INFO TaskSetManager: Starting task 1.0 in stage 1.0 (TID 3) (google-vm1.northamerica-northeast2-a.c.ece1724-project.internal, executor driver, partition 1, PROCESS_LOCAL, 8839 bytes) 
24/12/15 06:54:37 INFO Executor: Running task 1.0 in stage 1.0 (TID 3)
24/12/15 06:54:37 INFO Executor: Running task 0.0 in stage 0.0 (TID 0)
24/12/15 06:54:37 INFO Executor: Running task 1.0 in stage 0.0 (TID 1)
24/12/15 06:54:37 INFO Executor: Running task 0.0 in stage 1.0 (TID 2)
24/12/15 06:54:37 INFO HadoopRDD: Input split: file:/home/zengyuyang1999/ece1724-group-project-f24/ece1724-project/data/brock800_4.clq:1010446+1010446
24/12/15 06:54:37 INFO HadoopRDD: Input split: file:/home/zengyuyang1999/ece1724-group-project-f24/ece1724-project/data/brock800_4.clq:0+1010446
24/12/15 06:54:37 INFO HadoopRDD: Input split: file:/home/zengyuyang1999/ece1724-group-project-f24/ece1724-project/data/brock800_4.clq:1010446+1010446
24/12/15 06:54:37 INFO HadoopRDD: Input split: file:/home/zengyuyang1999/ece1724-group-project-f24/ece1724-project/data/brock800_4.clq:0+1010446
24/12/15 06:54:39 INFO Executor: Finished task 1.0 in stage 1.0 (TID 3). 1354 bytes result sent to driver
24/12/15 06:54:39 INFO Executor: Finished task 0.0 in stage 0.0 (TID 0). 1268 bytes result sent to driver
24/12/15 06:54:39 INFO Executor: Finished task 1.0 in stage 0.0 (TID 1). 1268 bytes result sent to driver
24/12/15 06:54:39 INFO Executor: Finished task 0.0 in stage 1.0 (TID 2). 1397 bytes result sent to driver
24/12/15 06:54:39 INFO TaskSetManager: Finished task 1.0 in stage 0.0 (TID 1) in 2574 ms on google-vm1.northamerica-northeast2-a.c.ece1724-project.internal (executor driver) (1/2)
24/12/15 06:54:39 INFO TaskSetManager: Finished task 0.0 in stage 0.0 (TID 0) in 2604 ms on google-vm1.northamerica-northeast2-a.c.ece1724-project.internal (executor driver) (2/2)
24/12/15 06:54:39 INFO TaskSchedulerImpl: Removed TaskSet 0.0, whose tasks have all completed, from pool 
24/12/15 06:54:39 INFO TaskSetManager: Finished task 0.0 in stage 1.0 (TID 2) in 2566 ms on google-vm1.northamerica-northeast2-a.c.ece1724-project.internal (executor driver) (1/2)
24/12/15 06:54:39 INFO TaskSetManager: Finished task 1.0 in stage 1.0 (TID 3) in 2566 ms on google-vm1.northamerica-northeast2-a.c.ece1724-project.internal (executor driver) (2/2)
24/12/15 06:54:39 INFO TaskSchedulerImpl: Removed TaskSet 1.0, whose tasks have all completed, from pool 
24/12/15 06:54:39 INFO DAGScheduler: ShuffleMapStage 0 (mapPartitions at VertexRDD.scala:356) finished in 2.820 s
24/12/15 06:54:39 INFO DAGScheduler: looking for newly runnable stages
24/12/15 06:54:39 INFO DAGScheduler: running: Set(ShuffleMapStage 1)
24/12/15 06:54:39 INFO DAGScheduler: waiting: Set(ShuffleMapStage 2, ResultStage 3)
24/12/15 06:54:39 INFO DAGScheduler: failed: Set()
24/12/15 06:54:39 INFO DAGScheduler: ShuffleMapStage 1 (distinct at graphxBrockBFS.scala:38) finished in 2.655 s
24/12/15 06:54:39 INFO DAGScheduler: looking for newly runnable stages
24/12/15 06:54:39 INFO DAGScheduler: running: Set()
24/12/15 06:54:39 INFO DAGScheduler: waiting: Set(ShuffleMapStage 2, ResultStage 3)
24/12/15 06:54:39 INFO DAGScheduler: failed: Set()
24/12/15 06:54:39 INFO DAGScheduler: Submitting ShuffleMapStage 2 (MapPartitionsRDD[8] at map at graphxBrockBFS.scala:40), which has no missing parents
24/12/15 06:54:39 INFO MemoryStore: Block broadcast_3 stored as values in memory (estimated size 6.3 KiB, free 2.2 GiB)
24/12/15 06:54:39 INFO MemoryStore: Block broadcast_3_piece0 stored as bytes in memory (estimated size 3.5 KiB, free 2.2 GiB)
24/12/15 06:54:39 INFO BlockManagerInfo: Added broadcast_3_piece0 in memory on google-vm1.northamerica-northeast2-a.c.ece1724-project.internal:33703 (size: 3.5 KiB, free: 2.2 GiB)
24/12/15 06:54:39 INFO SparkContext: Created broadcast 3 from broadcast at DAGScheduler.scala:1540
24/12/15 06:54:39 INFO DAGScheduler: Submitting 2 missing tasks from ShuffleMapStage 2 (MapPartitionsRDD[8] at map at graphxBrockBFS.scala:40) (first 15 tasks are for partitions Vector(0, 1))
24/12/15 06:54:39 INFO TaskSchedulerImpl: Adding task set 2.0 with 2 tasks resource profile 0
24/12/15 06:54:39 INFO TaskSetManager: Starting task 0.0 in stage 2.0 (TID 4) (google-vm1.northamerica-northeast2-a.c.ece1724-project.internal, executor driver, partition 0, NODE_LOCAL, 8554 bytes) 
24/12/15 06:54:39 INFO TaskSetManager: Starting task 1.0 in stage 2.0 (TID 5) (google-vm1.northamerica-northeast2-a.c.ece1724-project.internal, executor driver, partition 1, NODE_LOCAL, 8554 bytes) 
24/12/15 06:54:39 INFO Executor: Running task 0.0 in stage 2.0 (TID 4)
24/12/15 06:54:39 INFO Executor: Running task 1.0 in stage 2.0 (TID 5)
24/12/15 06:54:39 INFO ShuffleBlockFetcherIterator: Getting 2 (2.9 KiB) non-empty blocks including 2 (2.9 KiB) local and 0 (0.0 B) host-local and 0 (0.0 B) push-merged-local and 0 (0.0 B) remote blocks
24/12/15 06:54:39 INFO ShuffleBlockFetcherIterator: Getting 2 (2.9 KiB) non-empty blocks including 2 (2.9 KiB) local and 0 (0.0 B) host-local and 0 (0.0 B) push-merged-local and 0 (0.0 B) remote blocks
24/12/15 06:54:39 INFO ShuffleBlockFetcherIterator: Started 0 remote fetches in 17 ms
24/12/15 06:54:39 INFO ShuffleBlockFetcherIterator: Started 0 remote fetches in 18 ms
24/12/15 06:54:40 INFO Executor: Finished task 1.0 in stage 2.0 (TID 5). 1999 bytes result sent to driver
24/12/15 06:54:40 INFO TaskSetManager: Finished task 1.0 in stage 2.0 (TID 5) in 151 ms on google-vm1.northamerica-northeast2-a.c.ece1724-project.internal (executor driver) (1/2)
24/12/15 06:54:40 INFO Executor: Finished task 0.0 in stage 2.0 (TID 4). 1999 bytes result sent to driver
24/12/15 06:54:40 INFO TaskSetManager: Finished task 0.0 in stage 2.0 (TID 4) in 172 ms on google-vm1.northamerica-northeast2-a.c.ece1724-project.internal (executor driver) (2/2)
24/12/15 06:54:40 INFO TaskSchedulerImpl: Removed TaskSet 2.0, whose tasks have all completed, from pool 
24/12/15 06:54:40 INFO DAGScheduler: ShuffleMapStage 2 (map at graphxBrockBFS.scala:40) finished in 0.208 s
24/12/15 06:54:40 INFO DAGScheduler: looking for newly runnable stages
24/12/15 06:54:40 INFO DAGScheduler: running: Set()
24/12/15 06:54:40 INFO DAGScheduler: waiting: Set(ResultStage 3)
24/12/15 06:54:40 INFO DAGScheduler: failed: Set()
24/12/15 06:54:40 INFO DAGScheduler: Submitting ResultStage 3 (MapPartitionsRDD[21] at map at VertexRDDImpl.scala:90), which has no missing parents
24/12/15 06:54:40 INFO MemoryStore: Block broadcast_4 stored as values in memory (estimated size 7.8 KiB, free 2.2 GiB)
24/12/15 06:54:40 INFO MemoryStore: Block broadcast_4_piece0 stored as bytes in memory (estimated size 4.1 KiB, free 2.2 GiB)
24/12/15 06:54:40 INFO BlockManagerInfo: Added broadcast_4_piece0 in memory on google-vm1.northamerica-northeast2-a.c.ece1724-project.internal:33703 (size: 4.1 KiB, free: 2.2 GiB)
24/12/15 06:54:40 INFO SparkContext: Created broadcast 4 from broadcast at DAGScheduler.scala:1540
24/12/15 06:54:40 INFO DAGScheduler: Submitting 2 missing tasks from ResultStage 3 (MapPartitionsRDD[21] at map at VertexRDDImpl.scala:90) (first 15 tasks are for partitions Vector(0, 1))
24/12/15 06:54:40 INFO TaskSchedulerImpl: Adding task set 3.0 with 2 tasks resource profile 0
24/12/15 06:54:40 INFO TaskSetManager: Starting task 0.0 in stage 3.0 (TID 6) (google-vm1.northamerica-northeast2-a.c.ece1724-project.internal, executor driver, partition 0, NODE_LOCAL, 8837 bytes) 
24/12/15 06:54:40 INFO TaskSetManager: Starting task 1.0 in stage 3.0 (TID 7) (google-vm1.northamerica-northeast2-a.c.ece1724-project.internal, executor driver, partition 1, NODE_LOCAL, 8837 bytes) 
24/12/15 06:54:40 INFO Executor: Running task 0.0 in stage 3.0 (TID 6)
24/12/15 06:54:40 INFO Executor: Running task 1.0 in stage 3.0 (TID 7)
24/12/15 06:54:40 INFO ShuffleBlockFetcherIterator: Getting 1 (3.2 KiB) non-empty blocks including 1 (3.2 KiB) local and 0 (0.0 B) host-local and 0 (0.0 B) push-merged-local and 0 (0.0 B) remote blocks
24/12/15 06:54:40 INFO ShuffleBlockFetcherIterator: Started 0 remote fetches in 2 ms
24/12/15 06:54:40 INFO ShuffleBlockFetcherIterator: Getting 1 (3.2 KiB) non-empty blocks including 1 (3.2 KiB) local and 0 (0.0 B) host-local and 0 (0.0 B) push-merged-local and 0 (0.0 B) remote blocks
24/12/15 06:54:40 INFO ShuffleBlockFetcherIterator: Started 0 remote fetches in 2 ms
24/12/15 06:54:40 INFO ShuffleBlockFetcherIterator: Getting 2 (3.5 KiB) non-empty blocks including 2 (3.5 KiB) local and 0 (0.0 B) host-local and 0 (0.0 B) push-merged-local and 0 (0.0 B) remote blocks
24/12/15 06:54:40 INFO ShuffleBlockFetcherIterator: Getting 2 (3.5 KiB) non-empty blocks including 2 (3.5 KiB) local and 0 (0.0 B) host-local and 0 (0.0 B) push-merged-local and 0 (0.0 B) remote blocks
24/12/15 06:54:40 INFO ShuffleBlockFetcherIterator: Started 0 remote fetches in 1 ms
24/12/15 06:54:40 INFO ShuffleBlockFetcherIterator: Started 0 remote fetches in 2 ms
24/12/15 06:54:40 INFO MemoryStore: Block rdd_16_0 stored as values in memory (estimated size 36.0 KiB, free 2.2 GiB)
24/12/15 06:54:40 INFO BlockManagerInfo: Added rdd_16_0 in memory on google-vm1.northamerica-northeast2-a.c.ece1724-project.internal:33703 (size: 36.0 KiB, free: 2.2 GiB)
24/12/15 06:54:40 INFO Executor: Finished task 0.0 in stage 3.0 (TID 6). 1661 bytes result sent to driver
24/12/15 06:54:40 INFO TaskSetManager: Finished task 0.0 in stage 3.0 (TID 6) in 121 ms on google-vm1.northamerica-northeast2-a.c.ece1724-project.internal (executor driver) (1/2)
24/12/15 06:54:40 INFO MemoryStore: Block rdd_16_1 stored as values in memory (estimated size 35.9 KiB, free 2.2 GiB)
24/12/15 06:54:40 INFO BlockManagerInfo: Added rdd_16_1 in memory on google-vm1.northamerica-northeast2-a.c.ece1724-project.internal:33703 (size: 35.9 KiB, free: 2.2 GiB)
24/12/15 06:54:40 INFO Executor: Finished task 1.0 in stage 3.0 (TID 7). 1661 bytes result sent to driver
24/12/15 06:54:40 INFO TaskSetManager: Finished task 1.0 in stage 3.0 (TID 7) in 135 ms on google-vm1.northamerica-northeast2-a.c.ece1724-project.internal (executor driver) (2/2)
24/12/15 06:54:40 INFO TaskSchedulerImpl: Removed TaskSet 3.0, whose tasks have all completed, from pool 
24/12/15 06:54:40 INFO DAGScheduler: ResultStage 3 (fold at VertexRDDImpl.scala:90) finished in 0.172 s
24/12/15 06:54:40 INFO DAGScheduler: Job 0 is finished. Cancelling potential speculative or zombie tasks for this job
24/12/15 06:54:40 INFO TaskSchedulerImpl: Killing all running tasks in stage 3: Stage finished
24/12/15 06:54:40 INFO DAGScheduler: Job 0 finished: fold at VertexRDDImpl.scala:90, took 3.711140 s
Number of vertices: 800
24/12/15 06:54:40 INFO SparkContext: Starting job: fold at EdgeRDDImpl.scala:90
24/12/15 06:54:40 INFO DAGScheduler: Got job 1 (fold at EdgeRDDImpl.scala:90) with 2 output partitions
24/12/15 06:54:40 INFO DAGScheduler: Final stage: ResultStage 4 (fold at EdgeRDDImpl.scala:90)
24/12/15 06:54:40 INFO DAGScheduler: Parents of final stage: List()
24/12/15 06:54:40 INFO DAGScheduler: Missing parents: List()
24/12/15 06:54:40 INFO DAGScheduler: Submitting ResultStage 4 (MapPartitionsRDD[22] at map at EdgeRDDImpl.scala:90), which has no missing parents
24/12/15 06:54:40 INFO MemoryStore: Block broadcast_5 stored as values in memory (estimated size 7.8 KiB, free 2.2 GiB)
24/12/15 06:54:40 INFO MemoryStore: Block broadcast_5_piece0 stored as bytes in memory (estimated size 3.9 KiB, free 2.2 GiB)
24/12/15 06:54:40 INFO BlockManagerInfo: Added broadcast_5_piece0 in memory on google-vm1.northamerica-northeast2-a.c.ece1724-project.internal:33703 (size: 3.9 KiB, free: 2.2 GiB)
24/12/15 06:54:40 INFO SparkContext: Created broadcast 5 from broadcast at DAGScheduler.scala:1540
24/12/15 06:54:40 INFO DAGScheduler: Submitting 2 missing tasks from ResultStage 4 (MapPartitionsRDD[22] at map at EdgeRDDImpl.scala:90) (first 15 tasks are for partitions Vector(0, 1))
24/12/15 06:54:40 INFO TaskSchedulerImpl: Adding task set 4.0 with 2 tasks resource profile 0
24/12/15 06:54:40 INFO TaskSetManager: Starting task 0.0 in stage 4.0 (TID 8) (google-vm1.northamerica-northeast2-a.c.ece1724-project.internal, executor driver, partition 0, PROCESS_LOCAL, 8850 bytes) 
24/12/15 06:54:40 INFO TaskSetManager: Starting task 1.0 in stage 4.0 (TID 9) (google-vm1.northamerica-northeast2-a.c.ece1724-project.internal, executor driver, partition 1, PROCESS_LOCAL, 8850 bytes) 
24/12/15 06:54:40 INFO Executor: Running task 1.0 in stage 4.0 (TID 9)
24/12/15 06:54:40 INFO Executor: Running task 0.0 in stage 4.0 (TID 8)
24/12/15 06:54:40 INFO HadoopRDD: Input split: file:/home/zengyuyang1999/ece1724-group-project-f24/ece1724-project/data/brock800_4.clq:0+1010446
24/12/15 06:54:40 INFO HadoopRDD: Input split: file:/home/zengyuyang1999/ece1724-group-project-f24/ece1724-project/data/brock800_4.clq:1010446+1010446
24/12/15 06:54:40 INFO BlockManagerInfo: Removed broadcast_4_piece0 on google-vm1.northamerica-northeast2-a.c.ece1724-project.internal:33703 in memory (size: 4.1 KiB, free: 2.2 GiB)
24/12/15 06:54:40 INFO BlockManagerInfo: Removed broadcast_3_piece0 on google-vm1.northamerica-northeast2-a.c.ece1724-project.internal:33703 in memory (size: 3.5 KiB, free: 2.2 GiB)
24/12/15 06:54:40 INFO MemoryStore: Block rdd_19_1 stored as values in memory (estimated size 1247.4 KiB, free 2.2 GiB)
24/12/15 06:54:40 INFO BlockManagerInfo: Added rdd_19_1 in memory on google-vm1.northamerica-northeast2-a.c.ece1724-project.internal:33703 (size: 1247.4 KiB, free: 2.2 GiB)
24/12/15 06:54:40 INFO Executor: Finished task 1.0 in stage 4.0 (TID 9). 1016 bytes result sent to driver
24/12/15 06:54:40 INFO TaskSetManager: Finished task 1.0 in stage 4.0 (TID 9) in 509 ms on google-vm1.northamerica-northeast2-a.c.ece1724-project.internal (executor driver) (1/2)
24/12/15 06:54:40 INFO MemoryStore: Block rdd_19_0 stored as values in memory (estimated size 1263.7 KiB, free 2.2 GiB)
24/12/15 06:54:40 INFO BlockManagerInfo: Added rdd_19_0 in memory on google-vm1.northamerica-northeast2-a.c.ece1724-project.internal:33703 (size: 1263.7 KiB, free: 2.2 GiB)
24/12/15 06:54:40 INFO BlockManagerInfo: Removed broadcast_2_piece0 on google-vm1.northamerica-northeast2-a.c.ece1724-project.internal:33703 in memory (size: 4.3 KiB, free: 2.2 GiB)
24/12/15 06:54:40 INFO Executor: Finished task 0.0 in stage 4.0 (TID 8). 1016 bytes result sent to driver
24/12/15 06:54:40 INFO TaskSetManager: Finished task 0.0 in stage 4.0 (TID 8) in 530 ms on google-vm1.northamerica-northeast2-a.c.ece1724-project.internal (executor driver) (2/2)
24/12/15 06:54:40 INFO TaskSchedulerImpl: Removed TaskSet 4.0, whose tasks have all completed, from pool 
24/12/15 06:54:40 INFO DAGScheduler: ResultStage 4 (fold at EdgeRDDImpl.scala:90) finished in 0.555 s
24/12/15 06:54:40 INFO DAGScheduler: Job 1 is finished. Cancelling potential speculative or zombie tasks for this job
24/12/15 06:54:40 INFO TaskSchedulerImpl: Killing all running tasks in stage 4: Stage finished
24/12/15 06:54:40 INFO DAGScheduler: Job 1 finished: fold at EdgeRDDImpl.scala:90, took 0.565649 s
Number of edges: 207643
24/12/15 06:54:40 INFO BlockManagerInfo: Removed broadcast_1_piece0 on google-vm1.northamerica-northeast2-a.c.ece1724-project.internal:33703 in memory (size: 4.3 KiB, free: 2.2 GiB)
24/12/15 06:54:40 INFO SparkContext: Starting job: isEmpty at Pregel.scala:140
24/12/15 06:54:40 INFO DAGScheduler: Registering RDD 31 (mapPartitions at VertexRDDImpl.scala:247) as input to shuffle 3
24/12/15 06:54:40 INFO DAGScheduler: Registering RDD 35 (mapPartitions at VertexRDDImpl.scala:247) as input to shuffle 4
24/12/15 06:54:40 INFO DAGScheduler: Registering RDD 39 (mapPartitions at GraphImpl.scala:207) as input to shuffle 5
24/12/15 06:54:40 INFO DAGScheduler: Got job 2 (isEmpty at Pregel.scala:140) with 1 output partitions
24/12/15 06:54:40 INFO DAGScheduler: Final stage: ResultStage 11 (isEmpty at Pregel.scala:140)
24/12/15 06:54:40 INFO DAGScheduler: Parents of final stage: List(ShuffleMapStage 5, ShuffleMapStage 10, ShuffleMapStage 7)
24/12/15 06:54:40 INFO DAGScheduler: Missing parents: List(ShuffleMapStage 10)
24/12/15 06:54:40 INFO DAGScheduler: Submitting ShuffleMapStage 8 (ReplicatedVertexView.updateVertices - shippedVerts false false (broadcast) MapPartitionsRDD[31] at mapPartitions at VertexRDDImpl.scala:247), which has no missing parents
24/12/15 06:54:40 INFO MemoryStore: Block broadcast_6 stored as values in memory (estimated size 9.7 KiB, free 2.2 GiB)
24/12/15 06:54:40 INFO MemoryStore: Block broadcast_6_piece0 stored as bytes in memory (estimated size 4.8 KiB, free 2.2 GiB)
24/12/15 06:54:40 INFO BlockManagerInfo: Added broadcast_6_piece0 in memory on google-vm1.northamerica-northeast2-a.c.ece1724-project.internal:33703 (size: 4.8 KiB, free: 2.2 GiB)
24/12/15 06:54:40 INFO SparkContext: Created broadcast 6 from broadcast at DAGScheduler.scala:1540
24/12/15 06:54:41 INFO DAGScheduler: Submitting 2 missing tasks from ShuffleMapStage 8 (ReplicatedVertexView.updateVertices - shippedVerts false false (broadcast) MapPartitionsRDD[31] at mapPartitions at VertexRDDImpl.scala:247) (first 15 tasks are for partitions Vector(0, 1))
24/12/15 06:54:41 INFO TaskSchedulerImpl: Adding task set 8.0 with 2 tasks resource profile 0
24/12/15 06:54:41 INFO TaskSetManager: Starting task 0.0 in stage 8.0 (TID 10) (google-vm1.northamerica-northeast2-a.c.ece1724-project.internal, executor driver, partition 0, PROCESS_LOCAL, 8858 bytes) 
24/12/15 06:54:41 INFO TaskSetManager: Starting task 1.0 in stage 8.0 (TID 11) (google-vm1.northamerica-northeast2-a.c.ece1724-project.internal, executor driver, partition 1, PROCESS_LOCAL, 8858 bytes) 
24/12/15 06:54:41 INFO Executor: Running task 1.0 in stage 8.0 (TID 11)
24/12/15 06:54:41 INFO Executor: Running task 0.0 in stage 8.0 (TID 10)
24/12/15 06:54:41 INFO DAGScheduler: Submitting ShuffleMapStage 9 (ReplicatedVertexView.upgrade(true, true) - shippedVerts true true (broadcast) MapPartitionsRDD[35] at mapPartitions at VertexRDDImpl.scala:247), which has no missing parents
24/12/15 06:54:41 INFO MemoryStore: Block broadcast_7 stored as values in memory (estimated size 9.4 KiB, free 2.2 GiB)
24/12/15 06:54:41 INFO MemoryStore: Block broadcast_7_piece0 stored as bytes in memory (estimated size 4.7 KiB, free 2.2 GiB)
24/12/15 06:54:41 INFO BlockManagerInfo: Added broadcast_7_piece0 in memory on google-vm1.northamerica-northeast2-a.c.ece1724-project.internal:33703 (size: 4.7 KiB, free: 2.2 GiB)
24/12/15 06:54:41 INFO BlockManager: Found block rdd_16_1 locally
24/12/15 06:54:41 INFO SparkContext: Created broadcast 7 from broadcast at DAGScheduler.scala:1540
24/12/15 06:54:41 INFO BlockManager: Found block rdd_16_0 locally
24/12/15 06:54:41 INFO DAGScheduler: Submitting 2 missing tasks from ShuffleMapStage 9 (ReplicatedVertexView.upgrade(true, true) - shippedVerts true true (broadcast) MapPartitionsRDD[35] at mapPartitions at VertexRDDImpl.scala:247) (first 15 tasks are for partitions Vector(0, 1))
24/12/15 06:54:41 INFO TaskSchedulerImpl: Adding task set 9.0 with 2 tasks resource profile 0
24/12/15 06:54:41 INFO MemoryStore: Block rdd_23_0 stored as values in memory (estimated size 22.1 KiB, free 2.2 GiB)
24/12/15 06:54:41 INFO BlockManagerInfo: Added rdd_23_0 in memory on google-vm1.northamerica-northeast2-a.c.ece1724-project.internal:33703 (size: 22.1 KiB, free: 2.2 GiB)
24/12/15 06:54:41 INFO BlockManager: Found block rdd_23_0 locally
24/12/15 06:54:41 INFO MemoryStore: Block rdd_23_1 stored as values in memory (estimated size 22.1 KiB, free 2.2 GiB)
24/12/15 06:54:41 INFO BlockManagerInfo: Added rdd_23_1 in memory on google-vm1.northamerica-northeast2-a.c.ece1724-project.internal:33703 (size: 22.1 KiB, free: 2.2 GiB)
24/12/15 06:54:41 INFO TaskSetManager: Starting task 0.0 in stage 9.0 (TID 12) (google-vm1.northamerica-northeast2-a.c.ece1724-project.internal, executor driver, partition 0, PROCESS_LOCAL, 8826 bytes) 
24/12/15 06:54:41 INFO BlockManager: Found block rdd_23_1 locally
24/12/15 06:54:41 INFO TaskSetManager: Starting task 1.0 in stage 9.0 (TID 13) (google-vm1.northamerica-northeast2-a.c.ece1724-project.internal, executor driver, partition 1, PROCESS_LOCAL, 8826 bytes) 
24/12/15 06:54:41 INFO Executor: Running task 0.0 in stage 9.0 (TID 12)
24/12/15 06:54:41 INFO Executor: Running task 1.0 in stage 9.0 (TID 13)
24/12/15 06:54:41 INFO MemoryStore: Block rdd_27_1 stored as values in memory (estimated size 22.1 KiB, free 2.2 GiB)
24/12/15 06:54:41 INFO BlockManagerInfo: Added rdd_27_1 in memory on google-vm1.northamerica-northeast2-a.c.ece1724-project.internal:33703 (size: 22.1 KiB, free: 2.2 GiB)
24/12/15 06:54:41 INFO BlockManager: Found block rdd_27_1 locally
24/12/15 06:54:41 INFO MemoryStore: Block rdd_27_0 stored as values in memory (estimated size 22.1 KiB, free 2.2 GiB)
24/12/15 06:54:41 INFO BlockManagerInfo: Added rdd_27_0 in memory on google-vm1.northamerica-northeast2-a.c.ece1724-project.internal:33703 (size: 22.1 KiB, free: 2.2 GiB)
24/12/15 06:54:41 INFO BlockManager: Found block rdd_27_0 locally
24/12/15 06:54:41 INFO Executor: Finished task 1.0 in stage 9.0 (TID 13). 1225 bytes result sent to driver
24/12/15 06:54:41 INFO TaskSetManager: Finished task 1.0 in stage 9.0 (TID 13) in 41 ms on google-vm1.northamerica-northeast2-a.c.ece1724-project.internal (executor driver) (1/2)
24/12/15 06:54:41 INFO Executor: Finished task 0.0 in stage 9.0 (TID 12). 1225 bytes result sent to driver
24/12/15 06:54:41 INFO Executor: 2 block locks were not released by task 0.0 in stage 8.0 (TID 10)
[rdd_23_0, rdd_27_0]
24/12/15 06:54:41 INFO Executor: 2 block locks were not released by task 1.0 in stage 8.0 (TID 11)
[rdd_27_1, rdd_23_1]
24/12/15 06:54:41 INFO Executor: Finished task 1.0 in stage 8.0 (TID 11). 1182 bytes result sent to driver
24/12/15 06:54:41 INFO Executor: Finished task 0.0 in stage 8.0 (TID 10). 1182 bytes result sent to driver
24/12/15 06:54:41 INFO TaskSetManager: Finished task 0.0 in stage 9.0 (TID 12) in 56 ms on google-vm1.northamerica-northeast2-a.c.ece1724-project.internal (executor driver) (2/2)
24/12/15 06:54:41 INFO TaskSchedulerImpl: Removed TaskSet 9.0, whose tasks have all completed, from pool 
24/12/15 06:54:41 INFO DAGScheduler: ShuffleMapStage 9 (mapPartitions at VertexRDDImpl.scala:247) finished in 0.105 s
24/12/15 06:54:41 INFO DAGScheduler: looking for newly runnable stages
24/12/15 06:54:41 INFO DAGScheduler: running: Set(ShuffleMapStage 8)
24/12/15 06:54:41 INFO DAGScheduler: waiting: Set(ShuffleMapStage 10, ResultStage 11)
24/12/15 06:54:41 INFO DAGScheduler: failed: Set()
24/12/15 06:54:41 INFO TaskSetManager: Finished task 0.0 in stage 8.0 (TID 10) in 123 ms on google-vm1.northamerica-northeast2-a.c.ece1724-project.internal (executor driver) (1/2)
24/12/15 06:54:41 INFO TaskSetManager: Finished task 1.0 in stage 8.0 (TID 11) in 123 ms on google-vm1.northamerica-northeast2-a.c.ece1724-project.internal (executor driver) (2/2)
24/12/15 06:54:41 INFO TaskSchedulerImpl: Removed TaskSet 8.0, whose tasks have all completed, from pool 
24/12/15 06:54:41 INFO DAGScheduler: ShuffleMapStage 8 (mapPartitions at VertexRDDImpl.scala:247) finished in 0.144 s
24/12/15 06:54:41 INFO DAGScheduler: looking for newly runnable stages
24/12/15 06:54:41 INFO DAGScheduler: running: Set()
24/12/15 06:54:41 INFO DAGScheduler: waiting: Set(ShuffleMapStage 10, ResultStage 11)
24/12/15 06:54:41 INFO DAGScheduler: failed: Set()
24/12/15 06:54:41 INFO DAGScheduler: Submitting ShuffleMapStage 10 (GraphImpl.aggregateMessages - preAgg MapPartitionsRDD[39] at mapPartitions at GraphImpl.scala:207), which has no missing parents
24/12/15 06:54:41 INFO MemoryStore: Block broadcast_8 stored as values in memory (estimated size 11.5 KiB, free 2.2 GiB)
24/12/15 06:54:41 INFO MemoryStore: Block broadcast_8_piece0 stored as bytes in memory (estimated size 5.7 KiB, free 2.2 GiB)
24/12/15 06:54:41 INFO BlockManagerInfo: Added broadcast_8_piece0 in memory on google-vm1.northamerica-northeast2-a.c.ece1724-project.internal:33703 (size: 5.7 KiB, free: 2.2 GiB)
24/12/15 06:54:41 INFO SparkContext: Created broadcast 8 from broadcast at DAGScheduler.scala:1540
24/12/15 06:54:41 INFO DAGScheduler: Submitting 2 missing tasks from ShuffleMapStage 10 (GraphImpl.aggregateMessages - preAgg MapPartitionsRDD[39] at mapPartitions at GraphImpl.scala:207) (first 15 tasks are for partitions Vector(0, 1))
24/12/15 06:54:41 INFO TaskSchedulerImpl: Adding task set 10.0 with 2 tasks resource profile 0
24/12/15 06:54:41 INFO TaskSetManager: Starting task 0.0 in stage 10.0 (TID 14) (google-vm1.northamerica-northeast2-a.c.ece1724-project.internal, executor driver, partition 0, PROCESS_LOCAL, 9218 bytes) 
24/12/15 06:54:41 INFO TaskSetManager: Starting task 1.0 in stage 10.0 (TID 15) (google-vm1.northamerica-northeast2-a.c.ece1724-project.internal, executor driver, partition 1, PROCESS_LOCAL, 9218 bytes) 
24/12/15 06:54:41 INFO Executor: Running task 0.0 in stage 10.0 (TID 14)
24/12/15 06:54:41 INFO Executor: Running task 1.0 in stage 10.0 (TID 15)
24/12/15 06:54:41 INFO BlockManager: Found block rdd_19_0 locally
24/12/15 06:54:41 INFO MemoryStore: Block rdd_25_0 stored as values in memory (estimated size 1265.9 KiB, free 2.2 GiB)
24/12/15 06:54:41 INFO BlockManager: Found block rdd_19_1 locally
24/12/15 06:54:41 INFO MemoryStore: Block rdd_25_1 stored as values in memory (estimated size 1250.6 KiB, free 2.2 GiB)
24/12/15 06:54:41 INFO BlockManagerInfo: Added rdd_25_1 in memory on google-vm1.northamerica-northeast2-a.c.ece1724-project.internal:33703 (size: 1250.6 KiB, free: 2.2 GiB)
24/12/15 06:54:41 INFO BlockManagerInfo: Added rdd_25_0 in memory on google-vm1.northamerica-northeast2-a.c.ece1724-project.internal:33703 (size: 1265.9 KiB, free: 2.2 GiB)
24/12/15 06:54:41 INFO ShuffleBlockFetcherIterator: Getting 2 (552.0 B) non-empty blocks including 2 (552.0 B) local and 0 (0.0 B) host-local and 0 (0.0 B) push-merged-local and 0 (0.0 B) remote blocks
24/12/15 06:54:41 INFO ShuffleBlockFetcherIterator: Started 0 remote fetches in 1 ms
24/12/15 06:54:41 INFO ShuffleBlockFetcherIterator: Getting 2 (552.0 B) non-empty blocks including 2 (552.0 B) local and 0 (0.0 B) host-local and 0 (0.0 B) push-merged-local and 0 (0.0 B) remote blocks
24/12/15 06:54:41 INFO ShuffleBlockFetcherIterator: Started 0 remote fetches in 7 ms
24/12/15 06:54:41 INFO MemoryStore: Block rdd_33_1 stored as values in memory (estimated size 1250.6 KiB, free 2.2 GiB)
24/12/15 06:54:41 INFO BlockManagerInfo: Added rdd_33_1 in memory on google-vm1.northamerica-northeast2-a.c.ece1724-project.internal:33703 (size: 1250.6 KiB, free: 2.2 GiB)
24/12/15 06:54:41 INFO MemoryStore: Block rdd_33_0 stored as values in memory (estimated size 1265.9 KiB, free 2.2 GiB)
24/12/15 06:54:41 INFO BlockManagerInfo: Added rdd_33_0 in memory on google-vm1.northamerica-northeast2-a.c.ece1724-project.internal:33703 (size: 1265.9 KiB, free: 2.2 GiB)
24/12/15 06:54:41 INFO ShuffleBlockFetcherIterator: Getting 2 (3.0 KiB) non-empty blocks including 2 (3.0 KiB) local and 0 (0.0 B) host-local and 0 (0.0 B) push-merged-local and 0 (0.0 B) remote blocks
24/12/15 06:54:41 INFO ShuffleBlockFetcherIterator: Started 0 remote fetches in 1 ms
24/12/15 06:54:41 INFO ShuffleBlockFetcherIterator: Getting 2 (4.0 KiB) non-empty blocks including 2 (4.0 KiB) local and 0 (0.0 B) host-local and 0 (0.0 B) push-merged-local and 0 (0.0 B) remote blocks
24/12/15 06:54:41 INFO ShuffleBlockFetcherIterator: Started 0 remote fetches in 1 ms
24/12/15 06:54:41 INFO Executor: 1 block locks were not released by task 1.0 in stage 10.0 (TID 15)
[rdd_19_1]
24/12/15 06:54:41 INFO Executor: 1 block locks were not released by task 0.0 in stage 10.0 (TID 14)
[rdd_19_0]
24/12/15 06:54:41 INFO Executor: Finished task 1.0 in stage 10.0 (TID 15). 1784 bytes result sent to driver
24/12/15 06:54:41 INFO Executor: Finished task 0.0 in stage 10.0 (TID 14). 1784 bytes result sent to driver
24/12/15 06:54:41 INFO TaskSetManager: Finished task 1.0 in stage 10.0 (TID 15) in 181 ms on google-vm1.northamerica-northeast2-a.c.ece1724-project.internal (executor driver) (1/2)
24/12/15 06:54:41 INFO TaskSetManager: Finished task 0.0 in stage 10.0 (TID 14) in 184 ms on google-vm1.northamerica-northeast2-a.c.ece1724-project.internal (executor driver) (2/2)
24/12/15 06:54:41 INFO TaskSchedulerImpl: Removed TaskSet 10.0, whose tasks have all completed, from pool 
24/12/15 06:54:41 INFO DAGScheduler: ShuffleMapStage 10 (mapPartitions at GraphImpl.scala:207) finished in 0.201 s
24/12/15 06:54:41 INFO DAGScheduler: looking for newly runnable stages
24/12/15 06:54:41 INFO DAGScheduler: running: Set()
24/12/15 06:54:41 INFO DAGScheduler: waiting: Set(ResultStage 11)
24/12/15 06:54:41 INFO DAGScheduler: failed: Set()
24/12/15 06:54:41 INFO DAGScheduler: Submitting ResultStage 11 (VertexRDDImpl[42] at RDD at VertexRDD.scala:57), which has no missing parents
24/12/15 06:54:41 INFO MemoryStore: Block broadcast_9 stored as values in memory (estimated size 10.1 KiB, free 2.2 GiB)
24/12/15 06:54:41 INFO MemoryStore: Block broadcast_9_piece0 stored as bytes in memory (estimated size 5.0 KiB, free 2.2 GiB)
24/12/15 06:54:41 INFO BlockManagerInfo: Added broadcast_9_piece0 in memory on google-vm1.northamerica-northeast2-a.c.ece1724-project.internal:33703 (size: 5.0 KiB, free: 2.2 GiB)
24/12/15 06:54:41 INFO SparkContext: Created broadcast 9 from broadcast at DAGScheduler.scala:1540
24/12/15 06:54:41 INFO DAGScheduler: Submitting 1 missing tasks from ResultStage 11 (VertexRDDImpl[42] at RDD at VertexRDD.scala:57) (first 15 tasks are for partitions Vector(0))
24/12/15 06:54:41 INFO TaskSchedulerImpl: Adding task set 11.0 with 1 tasks resource profile 0
24/12/15 06:54:41 INFO TaskSetManager: Starting task 0.0 in stage 11.0 (TID 16) (google-vm1.northamerica-northeast2-a.c.ece1724-project.internal, executor driver, partition 0, PROCESS_LOCAL, 8878 bytes) 
24/12/15 06:54:41 INFO Executor: Running task 0.0 in stage 11.0 (TID 16)
24/12/15 06:54:41 INFO BlockManager: Found block rdd_27_0 locally
24/12/15 06:54:41 INFO ShuffleBlockFetcherIterator: Getting 0 (0.0 B) non-empty blocks including 0 (0.0 B) local and 0 (0.0 B) host-local and 0 (0.0 B) push-merged-local and 0 (0.0 B) remote blocks
24/12/15 06:54:41 INFO ShuffleBlockFetcherIterator: Started 0 remote fetches in 1 ms
24/12/15 06:54:41 INFO MemoryStore: Block rdd_41_0 stored as values in memory (estimated size 22.3 KiB, free 2.2 GiB)
24/12/15 06:54:41 INFO BlockManagerInfo: Added rdd_41_0 in memory on google-vm1.northamerica-northeast2-a.c.ece1724-project.internal:33703 (size: 22.3 KiB, free: 2.2 GiB)
24/12/15 06:54:41 INFO Executor: 1 block locks were not released by task 0.0 in stage 11.0 (TID 16)
[rdd_41_0]
24/12/15 06:54:41 INFO Executor: Finished task 0.0 in stage 11.0 (TID 16). 1705 bytes result sent to driver
24/12/15 06:54:41 INFO TaskSetManager: Finished task 0.0 in stage 11.0 (TID 16) in 26 ms on google-vm1.northamerica-northeast2-a.c.ece1724-project.internal (executor driver) (1/1)
24/12/15 06:54:41 INFO TaskSchedulerImpl: Removed TaskSet 11.0, whose tasks have all completed, from pool 
24/12/15 06:54:41 INFO DAGScheduler: ResultStage 11 (isEmpty at Pregel.scala:140) finished in 0.045 s
24/12/15 06:54:41 INFO DAGScheduler: Job 2 is finished. Cancelling potential speculative or zombie tasks for this job
24/12/15 06:54:41 INFO TaskSchedulerImpl: Killing all running tasks in stage 11: Stage finished
24/12/15 06:54:41 INFO DAGScheduler: Job 2 finished: isEmpty at Pregel.scala:140, took 0.428823 s
24/12/15 06:54:41 INFO SparkContext: Starting job: isEmpty at Pregel.scala:140
24/12/15 06:54:41 INFO DAGScheduler: Got job 3 (isEmpty at Pregel.scala:140) with 1 output partitions
24/12/15 06:54:41 INFO DAGScheduler: Final stage: ResultStage 18 (isEmpty at Pregel.scala:140)
24/12/15 06:54:41 INFO DAGScheduler: Parents of final stage: List(ShuffleMapStage 12, ShuffleMapStage 17, ShuffleMapStage 14)
24/12/15 06:54:41 INFO DAGScheduler: Missing parents: List()
24/12/15 06:54:41 INFO DAGScheduler: Submitting ResultStage 18 (VertexRDDImpl[42] at RDD at VertexRDD.scala:57), which has no missing parents
24/12/15 06:54:41 INFO MemoryStore: Block broadcast_10 stored as values in memory (estimated size 10.1 KiB, free 2.2 GiB)
24/12/15 06:54:41 INFO MemoryStore: Block broadcast_10_piece0 stored as bytes in memory (estimated size 5.0 KiB, free 2.2 GiB)
24/12/15 06:54:41 INFO BlockManagerInfo: Added broadcast_10_piece0 in memory on google-vm1.northamerica-northeast2-a.c.ece1724-project.internal:33703 (size: 5.0 KiB, free: 2.2 GiB)
24/12/15 06:54:41 INFO SparkContext: Created broadcast 10 from broadcast at DAGScheduler.scala:1540
24/12/15 06:54:41 INFO DAGScheduler: Submitting 1 missing tasks from ResultStage 18 (VertexRDDImpl[42] at RDD at VertexRDD.scala:57) (first 15 tasks are for partitions Vector(1))
24/12/15 06:54:41 INFO TaskSchedulerImpl: Adding task set 18.0 with 1 tasks resource profile 0
24/12/15 06:54:41 INFO TaskSetManager: Starting task 0.0 in stage 18.0 (TID 17) (google-vm1.northamerica-northeast2-a.c.ece1724-project.internal, executor driver, partition 1, PROCESS_LOCAL, 8878 bytes) 
24/12/15 06:54:41 INFO Executor: Running task 0.0 in stage 18.0 (TID 17)
24/12/15 06:54:41 INFO BlockManager: Found block rdd_27_1 locally
24/12/15 06:54:41 INFO ShuffleBlockFetcherIterator: Getting 0 (0.0 B) non-empty blocks including 0 (0.0 B) local and 0 (0.0 B) host-local and 0 (0.0 B) push-merged-local and 0 (0.0 B) remote blocks
24/12/15 06:54:41 INFO ShuffleBlockFetcherIterator: Started 0 remote fetches in 1 ms
24/12/15 06:54:41 INFO MemoryStore: Block rdd_41_1 stored as values in memory (estimated size 22.3 KiB, free 2.2 GiB)
24/12/15 06:54:41 INFO BlockManagerInfo: Added rdd_41_1 in memory on google-vm1.northamerica-northeast2-a.c.ece1724-project.internal:33703 (size: 22.3 KiB, free: 2.2 GiB)
24/12/15 06:54:41 INFO Executor: 1 block locks were not released by task 0.0 in stage 18.0 (TID 17)
[rdd_41_1]
24/12/15 06:54:41 INFO Executor: Finished task 0.0 in stage 18.0 (TID 17). 1705 bytes result sent to driver
24/12/15 06:54:41 INFO TaskSetManager: Finished task 0.0 in stage 18.0 (TID 17) in 21 ms on google-vm1.northamerica-northeast2-a.c.ece1724-project.internal (executor driver) (1/1)
24/12/15 06:54:41 INFO TaskSchedulerImpl: Removed TaskSet 18.0, whose tasks have all completed, from pool 
24/12/15 06:54:41 INFO DAGScheduler: ResultStage 18 (isEmpty at Pregel.scala:140) finished in 0.040 s
24/12/15 06:54:41 INFO DAGScheduler: Job 3 is finished. Cancelling potential speculative or zombie tasks for this job
24/12/15 06:54:41 INFO TaskSchedulerImpl: Killing all running tasks in stage 18: Stage finished
24/12/15 06:54:41 INFO DAGScheduler: Job 3 finished: isEmpty at Pregel.scala:140, took 0.054334 s
24/12/15 06:54:41 INFO ZippedPartitionsRDD2: Removing RDD 41 from persistence list
24/12/15 06:54:41 INFO BlockManager: Removing RDD 41
Vertices reachable from source vertex 1:
24/12/15 06:54:41 INFO SparkContext: Starting job: collect at graphxBrockBFS.scala:75
24/12/15 06:54:41 INFO DAGScheduler: Got job 4 (collect at graphxBrockBFS.scala:75) with 2 output partitions
24/12/15 06:54:41 INFO DAGScheduler: Final stage: ResultStage 22 (collect at graphxBrockBFS.scala:75)
24/12/15 06:54:41 INFO DAGScheduler: Parents of final stage: List(ShuffleMapStage 19, ShuffleMapStage 21)
24/12/15 06:54:41 INFO DAGScheduler: Missing parents: List()
24/12/15 06:54:41 INFO DAGScheduler: Submitting ResultStage 22 (VertexRDDImpl[44] at RDD at VertexRDD.scala:57), which has no missing parents
24/12/15 06:54:41 INFO MemoryStore: Block broadcast_11 stored as values in memory (estimated size 10.0 KiB, free 2.2 GiB)
24/12/15 06:54:41 INFO MemoryStore: Block broadcast_11_piece0 stored as bytes in memory (estimated size 4.8 KiB, free 2.2 GiB)
24/12/15 06:54:41 INFO BlockManagerInfo: Added broadcast_11_piece0 in memory on google-vm1.northamerica-northeast2-a.c.ece1724-project.internal:33703 (size: 4.8 KiB, free: 2.2 GiB)
24/12/15 06:54:41 INFO SparkContext: Created broadcast 11 from broadcast at DAGScheduler.scala:1540
24/12/15 06:54:41 INFO DAGScheduler: Submitting 2 missing tasks from ResultStage 22 (VertexRDDImpl[44] at RDD at VertexRDD.scala:57) (first 15 tasks are for partitions Vector(0, 1))
24/12/15 06:54:41 INFO TaskSchedulerImpl: Adding task set 22.0 with 2 tasks resource profile 0
24/12/15 06:54:41 INFO TaskSetManager: Starting task 0.0 in stage 22.0 (TID 18) (google-vm1.northamerica-northeast2-a.c.ece1724-project.internal, executor driver, partition 0, PROCESS_LOCAL, 8837 bytes) 
24/12/15 06:54:41 INFO TaskSetManager: Starting task 1.0 in stage 22.0 (TID 19) (google-vm1.northamerica-northeast2-a.c.ece1724-project.internal, executor driver, partition 1, PROCESS_LOCAL, 8837 bytes) 
24/12/15 06:54:41 INFO Executor: Running task 1.0 in stage 22.0 (TID 19)
24/12/15 06:54:41 INFO Executor: Running task 0.0 in stage 22.0 (TID 18)
24/12/15 06:54:41 INFO BlockManager: Found block rdd_27_1 locally
24/12/15 06:54:41 INFO BlockManager: Found block rdd_27_0 locally
24/12/15 06:54:41 INFO Executor: 1 block locks were not released by task 1.0 in stage 22.0 (TID 19)
[rdd_27_1]
24/12/15 06:54:41 INFO Executor: 1 block locks were not released by task 0.0 in stage 22.0 (TID 18)
[rdd_27_0]
24/12/15 06:54:41 INFO Executor: Finished task 1.0 in stage 22.0 (TID 19). 1170 bytes result sent to driver
24/12/15 06:54:41 INFO Executor: Finished task 0.0 in stage 22.0 (TID 18). 974 bytes result sent to driver
24/12/15 06:54:41 INFO TaskSetManager: Finished task 0.0 in stage 22.0 (TID 18) in 22 ms on google-vm1.northamerica-northeast2-a.c.ece1724-project.internal (executor driver) (1/2)
24/12/15 06:54:41 INFO TaskSetManager: Finished task 1.0 in stage 22.0 (TID 19) in 22 ms on google-vm1.northamerica-northeast2-a.c.ece1724-project.internal (executor driver) (2/2)
24/12/15 06:54:41 INFO TaskSchedulerImpl: Removed TaskSet 22.0, whose tasks have all completed, from pool 
24/12/15 06:54:41 INFO DAGScheduler: ResultStage 22 (collect at graphxBrockBFS.scala:75) finished in 0.040 s
24/12/15 06:54:41 INFO DAGScheduler: Job 4 is finished. Cancelling potential speculative or zombie tasks for this job
24/12/15 06:54:41 INFO TaskSchedulerImpl: Killing all running tasks in stage 22: Stage finished
24/12/15 06:54:41 INFO DAGScheduler: Job 4 finished: collect at graphxBrockBFS.scala:75, took 0.049849 s
Vertex 1 is reachable with distance 0.0
24/12/15 06:54:41 INFO SparkContext: SparkContext is stopping with exitCode 0.
24/12/15 06:54:41 INFO SparkUI: Stopped Spark web UI at http://google-vm1.northamerica-northeast2-a.c.ece1724-project.internal:4040
24/12/15 06:54:41 INFO MapOutputTrackerMasterEndpoint: MapOutputTrackerMasterEndpoint stopped!
24/12/15 06:54:41 INFO MemoryStore: MemoryStore cleared
24/12/15 06:54:41 INFO BlockManager: BlockManager stopped
24/12/15 06:54:41 INFO BlockManagerMaster: BlockManagerMaster stopped
24/12/15 06:54:41 INFO OutputCommitCoordinator$OutputCommitCoordinatorEndpoint: OutputCommitCoordinator stopped!
24/12/15 06:54:41 INFO SparkContext: Successfully stopped SparkContext
24/12/15 06:54:41 INFO ShutdownHookManager: Shutdown hook called
24/12/15 06:54:41 INFO ShutdownHookManager: Deleting directory /tmp/spark-4e9359f2-1026-45df-ad05-fc5d5a7aaefa
24/12/15 06:54:41 INFO ShutdownHookManager: Deleting directory /tmp/spark-3b951df8-8749-495f-9461-12d41afb8ade
Execution Time: 12 seconds
Throughput: 40540271.62 bytes/second
