:: loading settings :: url = jar:file:/opt/spark/jars/ivy-2.5.1.jar!/org/apache/ivy/core/settings/ivysettings.xml
Ivy Default Cache set to: /home/zengyuyang1999/.ivy2/cache
The jars for the packages stored in: /home/zengyuyang1999/.ivy2/jars
org.apache.spark#spark-graphx_2.12 added as a dependency
graphframes#graphframes added as a dependency
:: resolving dependencies :: org.apache.spark#spark-submit-parent-38ad3d5f-a755-4973-b343-a6ff0aadde48;1.0
	confs: [default]
	found graphframes#graphframes;0.8.3-spark3.4-s_2.12 in spark-packages
	found org.slf4j#slf4j-api;1.7.16 in central
:: resolution report :: resolve 196ms :: artifacts dl 9ms
	:: modules in use:
	graphframes#graphframes;0.8.3-spark3.4-s_2.12 from spark-packages in [default]
	org.slf4j#slf4j-api;1.7.16 from central in [default]
	---------------------------------------------------------------------
	|                  |            modules            ||   artifacts   |
	|       conf       | number| search|dwnlded|evicted|| number|dwnlded|
	---------------------------------------------------------------------
	|      default     |   2   |   0   |   0   |   0   ||   2   |   0   |
	---------------------------------------------------------------------
:: retrieving :: org.apache.spark#spark-submit-parent-38ad3d5f-a755-4973-b343-a6ff0aadde48
	confs: [default]
	0 artifacts copied, 2 already retrieved (0kB/8ms)
24/12/15 04:37:01 WARN NativeCodeLoader: Unable to load native-hadoop library for your platform... using builtin-java classes where applicable
24/12/15 04:37:01 INFO SparkContext: Running Spark version 3.4.4
24/12/15 04:37:01 INFO ResourceUtils: ==============================================================
24/12/15 04:37:01 INFO ResourceUtils: No custom resources configured for spark.driver.
24/12/15 04:37:01 INFO ResourceUtils: ==============================================================
24/12/15 04:37:01 INFO SparkContext: Submitted application: BrockGraphPageRank
24/12/15 04:37:01 INFO ResourceProfile: Default ResourceProfile created, executor resources: Map(cores -> name: cores, amount: 1, script: , vendor: , memory -> name: memory, amount: 1024, script: , vendor: , offHeap -> name: offHeap, amount: 0, script: , vendor: ), task resources: Map(cpus -> name: cpus, amount: 1.0)
24/12/15 04:37:01 INFO ResourceProfile: Limiting resource is cpu
24/12/15 04:37:01 INFO ResourceProfileManager: Added ResourceProfile id: 0
24/12/15 04:37:01 INFO SecurityManager: Changing view acls to: zengyuyang1999
24/12/15 04:37:01 INFO SecurityManager: Changing modify acls to: zengyuyang1999
24/12/15 04:37:01 INFO SecurityManager: Changing view acls groups to: 
24/12/15 04:37:01 INFO SecurityManager: Changing modify acls groups to: 
24/12/15 04:37:01 INFO SecurityManager: SecurityManager: authentication disabled; ui acls disabled; users with view permissions: zengyuyang1999; groups with view permissions: EMPTY; users with modify permissions: zengyuyang1999; groups with modify permissions: EMPTY
24/12/15 04:37:02 INFO Utils: Successfully started service 'sparkDriver' on port 38501.
24/12/15 04:37:02 INFO SparkEnv: Registering MapOutputTracker
24/12/15 04:37:02 INFO SparkEnv: Registering BlockManagerMaster
24/12/15 04:37:02 INFO BlockManagerMasterEndpoint: Using org.apache.spark.storage.DefaultTopologyMapper for getting topology information
24/12/15 04:37:02 INFO BlockManagerMasterEndpoint: BlockManagerMasterEndpoint up
24/12/15 04:37:02 INFO SparkEnv: Registering BlockManagerMasterHeartbeat
24/12/15 04:37:02 INFO DiskBlockManager: Created local directory at /tmp/blockmgr-f3f64fd2-83cb-4e92-8ea8-08e898626073
24/12/15 04:37:02 INFO MemoryStore: MemoryStore started with capacity 1048.8 MiB
24/12/15 04:37:02 INFO SparkEnv: Registering OutputCommitCoordinator
24/12/15 04:37:02 INFO JettyUtils: Start Jetty 0.0.0.0:4040 for SparkUI
24/12/15 04:37:02 INFO Utils: Successfully started service 'SparkUI' on port 4040.
24/12/15 04:37:02 INFO SparkContext: Added JAR file:///home/zengyuyang1999/.ivy2/jars/graphframes_graphframes-0.8.3-spark3.4-s_2.12.jar at spark://google-vm1.northamerica-northeast2-a.c.ece1724-project.internal:38501/jars/graphframes_graphframes-0.8.3-spark3.4-s_2.12.jar with timestamp 1734237421740
24/12/15 04:37:02 INFO SparkContext: Added JAR file:///home/zengyuyang1999/.ivy2/jars/org.slf4j_slf4j-api-1.7.16.jar at spark://google-vm1.northamerica-northeast2-a.c.ece1724-project.internal:38501/jars/org.slf4j_slf4j-api-1.7.16.jar with timestamp 1734237421740
24/12/15 04:37:02 INFO SparkContext: Added JAR file:/home/zengyuyang1999/ece1724-group-project-f24/ece1724-project/graphxBrockPR.jar at spark://google-vm1.northamerica-northeast2-a.c.ece1724-project.internal:38501/jars/graphxBrockPR.jar with timestamp 1734237421740
24/12/15 04:37:03 INFO Executor: Starting executor ID driver on host google-vm1.northamerica-northeast2-a.c.ece1724-project.internal
24/12/15 04:37:03 INFO Executor: Starting executor with user classpath (userClassPathFirst = false): ''
24/12/15 04:37:03 INFO Executor: Fetching spark://google-vm1.northamerica-northeast2-a.c.ece1724-project.internal:38501/jars/graphframes_graphframes-0.8.3-spark3.4-s_2.12.jar with timestamp 1734237421740
24/12/15 04:37:03 INFO TransportClientFactory: Successfully created connection to google-vm1.northamerica-northeast2-a.c.ece1724-project.internal/10.188.0.2:38501 after 41 ms (0 ms spent in bootstraps)
24/12/15 04:37:03 INFO Utils: Fetching spark://google-vm1.northamerica-northeast2-a.c.ece1724-project.internal:38501/jars/graphframes_graphframes-0.8.3-spark3.4-s_2.12.jar to /tmp/spark-5de37127-2a4b-465a-919f-3f6c51bdcb6c/userFiles-0cfce661-1d49-44df-ab09-a35aa1e10733/fetchFileTemp17626069257218171211.tmp
24/12/15 04:37:03 INFO Executor: Adding file:/tmp/spark-5de37127-2a4b-465a-919f-3f6c51bdcb6c/userFiles-0cfce661-1d49-44df-ab09-a35aa1e10733/graphframes_graphframes-0.8.3-spark3.4-s_2.12.jar to class loader
24/12/15 04:37:03 INFO Executor: Fetching spark://google-vm1.northamerica-northeast2-a.c.ece1724-project.internal:38501/jars/org.slf4j_slf4j-api-1.7.16.jar with timestamp 1734237421740
24/12/15 04:37:03 INFO Utils: Fetching spark://google-vm1.northamerica-northeast2-a.c.ece1724-project.internal:38501/jars/org.slf4j_slf4j-api-1.7.16.jar to /tmp/spark-5de37127-2a4b-465a-919f-3f6c51bdcb6c/userFiles-0cfce661-1d49-44df-ab09-a35aa1e10733/fetchFileTemp16192858642940862083.tmp
24/12/15 04:37:03 INFO Executor: Adding file:/tmp/spark-5de37127-2a4b-465a-919f-3f6c51bdcb6c/userFiles-0cfce661-1d49-44df-ab09-a35aa1e10733/org.slf4j_slf4j-api-1.7.16.jar to class loader
24/12/15 04:37:03 INFO Executor: Fetching spark://google-vm1.northamerica-northeast2-a.c.ece1724-project.internal:38501/jars/graphxBrockPR.jar with timestamp 1734237421740
24/12/15 04:37:03 INFO Utils: Fetching spark://google-vm1.northamerica-northeast2-a.c.ece1724-project.internal:38501/jars/graphxBrockPR.jar to /tmp/spark-5de37127-2a4b-465a-919f-3f6c51bdcb6c/userFiles-0cfce661-1d49-44df-ab09-a35aa1e10733/fetchFileTemp6080474321493250933.tmp
24/12/15 04:37:03 INFO Executor: Adding file:/tmp/spark-5de37127-2a4b-465a-919f-3f6c51bdcb6c/userFiles-0cfce661-1d49-44df-ab09-a35aa1e10733/graphxBrockPR.jar to class loader
24/12/15 04:37:03 INFO Utils: Successfully started service 'org.apache.spark.network.netty.NettyBlockTransferService' on port 32827.
24/12/15 04:37:03 INFO NettyBlockTransferService: Server created on google-vm1.northamerica-northeast2-a.c.ece1724-project.internal:32827
24/12/15 04:37:03 INFO BlockManager: Using org.apache.spark.storage.RandomBlockReplicationPolicy for block replication policy
24/12/15 04:37:03 INFO BlockManagerMaster: Registering BlockManager BlockManagerId(driver, google-vm1.northamerica-northeast2-a.c.ece1724-project.internal, 32827, None)
24/12/15 04:37:03 INFO BlockManagerMasterEndpoint: Registering block manager google-vm1.northamerica-northeast2-a.c.ece1724-project.internal:32827 with 1048.8 MiB RAM, BlockManagerId(driver, google-vm1.northamerica-northeast2-a.c.ece1724-project.internal, 32827, None)
24/12/15 04:37:03 INFO BlockManagerMaster: Registered BlockManager BlockManagerId(driver, google-vm1.northamerica-northeast2-a.c.ece1724-project.internal, 32827, None)
24/12/15 04:37:03 INFO BlockManager: Initialized BlockManager: BlockManagerId(driver, google-vm1.northamerica-northeast2-a.c.ece1724-project.internal, 32827, None)
24/12/15 04:37:04 INFO MemoryStore: Block broadcast_0 stored as values in memory (estimated size 221.5 KiB, free 1048.6 MiB)
24/12/15 04:37:04 INFO MemoryStore: Block broadcast_0_piece0 stored as bytes in memory (estimated size 32.7 KiB, free 1048.6 MiB)
24/12/15 04:37:04 INFO BlockManagerInfo: Added broadcast_0_piece0 in memory on google-vm1.northamerica-northeast2-a.c.ece1724-project.internal:32827 (size: 32.7 KiB, free: 1048.8 MiB)
24/12/15 04:37:04 INFO SparkContext: Created broadcast 0 from textFile at graphxBrockPR.scala:25
24/12/15 04:37:04 INFO FileInputFormat: Total input files to process : 1
24/12/15 04:37:05 INFO SparkContext: Starting job: fold at VertexRDDImpl.scala:90
24/12/15 04:37:05 INFO DAGScheduler: Registering RDD 13 (mapPartitions at VertexRDD.scala:356) as input to shuffle 1
24/12/15 04:37:05 INFO DAGScheduler: Registering RDD 5 (distinct at graphxBrockPR.scala:38) as input to shuffle 2
24/12/15 04:37:05 INFO DAGScheduler: Registering RDD 8 (map at graphxBrockPR.scala:40) as input to shuffle 0
24/12/15 04:37:05 INFO DAGScheduler: Got job 0 (fold at VertexRDDImpl.scala:90) with 2 output partitions
24/12/15 04:37:05 INFO DAGScheduler: Final stage: ResultStage 3 (fold at VertexRDDImpl.scala:90)
24/12/15 04:37:05 INFO DAGScheduler: Parents of final stage: List(ShuffleMapStage 0, ShuffleMapStage 2)
24/12/15 04:37:05 INFO DAGScheduler: Missing parents: List(ShuffleMapStage 0, ShuffleMapStage 2)
24/12/15 04:37:05 INFO DAGScheduler: Submitting ShuffleMapStage 0 (VertexRDD.createRoutingTables - vid2pid (aggregation) MapPartitionsRDD[13] at mapPartitions at VertexRDD.scala:356), which has no missing parents
24/12/15 04:37:05 INFO MemoryStore: Block broadcast_1 stored as values in memory (estimated size 7.9 KiB, free 1048.5 MiB)
24/12/15 04:37:05 INFO MemoryStore: Block broadcast_1_piece0 stored as bytes in memory (estimated size 4.3 KiB, free 1048.5 MiB)
24/12/15 04:37:05 INFO BlockManagerInfo: Added broadcast_1_piece0 in memory on google-vm1.northamerica-northeast2-a.c.ece1724-project.internal:32827 (size: 4.3 KiB, free: 1048.8 MiB)
24/12/15 04:37:05 INFO SparkContext: Created broadcast 1 from broadcast at DAGScheduler.scala:1540
24/12/15 04:37:05 INFO DAGScheduler: Submitting 2 missing tasks from ShuffleMapStage 0 (VertexRDD.createRoutingTables - vid2pid (aggregation) MapPartitionsRDD[13] at mapPartitions at VertexRDD.scala:356) (first 15 tasks are for partitions Vector(0, 1))
24/12/15 04:37:05 INFO TaskSchedulerImpl: Adding task set 0.0 with 2 tasks resource profile 0
24/12/15 04:37:05 INFO DAGScheduler: Submitting ShuffleMapStage 1 (MapPartitionsRDD[5] at distinct at graphxBrockPR.scala:38), which has no missing parents
24/12/15 04:37:05 INFO MemoryStore: Block broadcast_2 stored as values in memory (estimated size 7.8 KiB, free 1048.5 MiB)
24/12/15 04:37:05 INFO MemoryStore: Block broadcast_2_piece0 stored as bytes in memory (estimated size 4.3 KiB, free 1048.5 MiB)
24/12/15 04:37:05 INFO BlockManagerInfo: Added broadcast_2_piece0 in memory on google-vm1.northamerica-northeast2-a.c.ece1724-project.internal:32827 (size: 4.3 KiB, free: 1048.8 MiB)
24/12/15 04:37:05 INFO SparkContext: Created broadcast 2 from broadcast at DAGScheduler.scala:1540
24/12/15 04:37:05 INFO DAGScheduler: Submitting 2 missing tasks from ShuffleMapStage 1 (MapPartitionsRDD[5] at distinct at graphxBrockPR.scala:38) (first 15 tasks are for partitions Vector(0, 1))
24/12/15 04:37:05 INFO TaskSchedulerImpl: Adding task set 1.0 with 2 tasks resource profile 0
24/12/15 04:37:05 INFO TaskSetManager: Starting task 0.0 in stage 0.0 (TID 0) (google-vm1.northamerica-northeast2-a.c.ece1724-project.internal, executor driver, partition 0, PROCESS_LOCAL, 8839 bytes) 
24/12/15 04:37:05 INFO TaskSetManager: Starting task 1.0 in stage 0.0 (TID 1) (google-vm1.northamerica-northeast2-a.c.ece1724-project.internal, executor driver, partition 1, PROCESS_LOCAL, 8839 bytes) 
24/12/15 04:37:05 INFO TaskSetManager: Starting task 0.0 in stage 1.0 (TID 2) (google-vm1.northamerica-northeast2-a.c.ece1724-project.internal, executor driver, partition 0, PROCESS_LOCAL, 8839 bytes) 
24/12/15 04:37:05 INFO TaskSetManager: Starting task 1.0 in stage 1.0 (TID 3) (google-vm1.northamerica-northeast2-a.c.ece1724-project.internal, executor driver, partition 1, PROCESS_LOCAL, 8839 bytes) 
24/12/15 04:37:05 INFO Executor: Running task 1.0 in stage 0.0 (TID 1)
24/12/15 04:37:05 INFO Executor: Running task 0.0 in stage 1.0 (TID 2)
24/12/15 04:37:05 INFO Executor: Running task 1.0 in stage 1.0 (TID 3)
24/12/15 04:37:05 INFO Executor: Running task 0.0 in stage 0.0 (TID 0)
24/12/15 04:37:06 INFO HadoopRDD: Input split: file:/home/zengyuyang1999/ece1724-group-project-f24/ece1724-project/data/brock800_4.clq:1010446+1010446
24/12/15 04:37:06 INFO HadoopRDD: Input split: file:/home/zengyuyang1999/ece1724-group-project-f24/ece1724-project/data/brock800_4.clq:0+1010446
24/12/15 04:37:06 INFO HadoopRDD: Input split: file:/home/zengyuyang1999/ece1724-group-project-f24/ece1724-project/data/brock800_4.clq:0+1010446
24/12/15 04:37:06 INFO HadoopRDD: Input split: file:/home/zengyuyang1999/ece1724-group-project-f24/ece1724-project/data/brock800_4.clq:1010446+1010446
24/12/15 04:37:08 INFO Executor: Finished task 1.0 in stage 0.0 (TID 1). 1268 bytes result sent to driver
24/12/15 04:37:08 INFO Executor: Finished task 0.0 in stage 0.0 (TID 0). 1268 bytes result sent to driver
24/12/15 04:37:08 INFO TaskSetManager: Finished task 1.0 in stage 0.0 (TID 1) in 2487 ms on google-vm1.northamerica-northeast2-a.c.ece1724-project.internal (executor driver) (1/2)
24/12/15 04:37:08 INFO TaskSetManager: Finished task 0.0 in stage 0.0 (TID 0) in 2526 ms on google-vm1.northamerica-northeast2-a.c.ece1724-project.internal (executor driver) (2/2)
24/12/15 04:37:08 INFO TaskSchedulerImpl: Removed TaskSet 0.0, whose tasks have all completed, from pool 
24/12/15 04:37:08 INFO Executor: Finished task 1.0 in stage 1.0 (TID 3). 1354 bytes result sent to driver
24/12/15 04:37:08 INFO TaskSetManager: Finished task 1.0 in stage 1.0 (TID 3) in 2487 ms on google-vm1.northamerica-northeast2-a.c.ece1724-project.internal (executor driver) (1/2)
24/12/15 04:37:08 INFO DAGScheduler: ShuffleMapStage 0 (mapPartitions at VertexRDD.scala:356) finished in 2.748 s
24/12/15 04:37:08 INFO DAGScheduler: looking for newly runnable stages
24/12/15 04:37:08 INFO DAGScheduler: running: Set(ShuffleMapStage 1)
24/12/15 04:37:08 INFO DAGScheduler: waiting: Set(ShuffleMapStage 2, ResultStage 3)
24/12/15 04:37:08 INFO DAGScheduler: failed: Set()
24/12/15 04:37:08 INFO Executor: Finished task 0.0 in stage 1.0 (TID 2). 1397 bytes result sent to driver
24/12/15 04:37:08 INFO TaskSetManager: Finished task 0.0 in stage 1.0 (TID 2) in 2519 ms on google-vm1.northamerica-northeast2-a.c.ece1724-project.internal (executor driver) (2/2)
24/12/15 04:37:08 INFO TaskSchedulerImpl: Removed TaskSet 1.0, whose tasks have all completed, from pool 
24/12/15 04:37:08 INFO DAGScheduler: ShuffleMapStage 1 (distinct at graphxBrockPR.scala:38) finished in 2.584 s
24/12/15 04:37:08 INFO DAGScheduler: looking for newly runnable stages
24/12/15 04:37:08 INFO DAGScheduler: running: Set()
24/12/15 04:37:08 INFO DAGScheduler: waiting: Set(ShuffleMapStage 2, ResultStage 3)
24/12/15 04:37:08 INFO DAGScheduler: failed: Set()
24/12/15 04:37:08 INFO DAGScheduler: Submitting ShuffleMapStage 2 (MapPartitionsRDD[8] at map at graphxBrockPR.scala:40), which has no missing parents
24/12/15 04:37:08 INFO MemoryStore: Block broadcast_3 stored as values in memory (estimated size 6.2 KiB, free 1048.5 MiB)
24/12/15 04:37:08 INFO MemoryStore: Block broadcast_3_piece0 stored as bytes in memory (estimated size 3.5 KiB, free 1048.5 MiB)
24/12/15 04:37:08 INFO BlockManagerInfo: Added broadcast_3_piece0 in memory on google-vm1.northamerica-northeast2-a.c.ece1724-project.internal:32827 (size: 3.5 KiB, free: 1048.8 MiB)
24/12/15 04:37:08 INFO SparkContext: Created broadcast 3 from broadcast at DAGScheduler.scala:1540
24/12/15 04:37:08 INFO DAGScheduler: Submitting 2 missing tasks from ShuffleMapStage 2 (MapPartitionsRDD[8] at map at graphxBrockPR.scala:40) (first 15 tasks are for partitions Vector(0, 1))
24/12/15 04:37:08 INFO TaskSchedulerImpl: Adding task set 2.0 with 2 tasks resource profile 0
24/12/15 04:37:08 INFO TaskSetManager: Starting task 0.0 in stage 2.0 (TID 4) (google-vm1.northamerica-northeast2-a.c.ece1724-project.internal, executor driver, partition 0, NODE_LOCAL, 8554 bytes) 
24/12/15 04:37:08 INFO TaskSetManager: Starting task 1.0 in stage 2.0 (TID 5) (google-vm1.northamerica-northeast2-a.c.ece1724-project.internal, executor driver, partition 1, NODE_LOCAL, 8554 bytes) 
24/12/15 04:37:08 INFO Executor: Running task 0.0 in stage 2.0 (TID 4)
24/12/15 04:37:08 INFO Executor: Running task 1.0 in stage 2.0 (TID 5)
24/12/15 04:37:08 INFO ShuffleBlockFetcherIterator: Getting 2 (2.9 KiB) non-empty blocks including 2 (2.9 KiB) local and 0 (0.0 B) host-local and 0 (0.0 B) push-merged-local and 0 (0.0 B) remote blocks
24/12/15 04:37:08 INFO ShuffleBlockFetcherIterator: Getting 2 (2.9 KiB) non-empty blocks including 2 (2.9 KiB) local and 0 (0.0 B) host-local and 0 (0.0 B) push-merged-local and 0 (0.0 B) remote blocks
24/12/15 04:37:08 INFO ShuffleBlockFetcherIterator: Started 0 remote fetches in 16 ms
24/12/15 04:37:08 INFO ShuffleBlockFetcherIterator: Started 0 remote fetches in 20 ms
24/12/15 04:37:08 INFO Executor: Finished task 0.0 in stage 2.0 (TID 4). 1999 bytes result sent to driver
24/12/15 04:37:08 INFO TaskSetManager: Finished task 0.0 in stage 2.0 (TID 4) in 166 ms on google-vm1.northamerica-northeast2-a.c.ece1724-project.internal (executor driver) (1/2)
24/12/15 04:37:08 INFO Executor: Finished task 1.0 in stage 2.0 (TID 5). 1999 bytes result sent to driver
24/12/15 04:37:08 INFO TaskSetManager: Finished task 1.0 in stage 2.0 (TID 5) in 165 ms on google-vm1.northamerica-northeast2-a.c.ece1724-project.internal (executor driver) (2/2)
24/12/15 04:37:08 INFO TaskSchedulerImpl: Removed TaskSet 2.0, whose tasks have all completed, from pool 
24/12/15 04:37:08 INFO DAGScheduler: ShuffleMapStage 2 (map at graphxBrockPR.scala:40) finished in 0.194 s
24/12/15 04:37:08 INFO DAGScheduler: looking for newly runnable stages
24/12/15 04:37:08 INFO DAGScheduler: running: Set()
24/12/15 04:37:08 INFO DAGScheduler: waiting: Set(ResultStage 3)
24/12/15 04:37:08 INFO DAGScheduler: failed: Set()
24/12/15 04:37:08 INFO DAGScheduler: Submitting ResultStage 3 (MapPartitionsRDD[21] at map at VertexRDDImpl.scala:90), which has no missing parents
24/12/15 04:37:08 INFO MemoryStore: Block broadcast_4 stored as values in memory (estimated size 7.8 KiB, free 1048.5 MiB)
24/12/15 04:37:08 INFO MemoryStore: Block broadcast_4_piece0 stored as bytes in memory (estimated size 4.1 KiB, free 1048.5 MiB)
24/12/15 04:37:08 INFO BlockManagerInfo: Added broadcast_4_piece0 in memory on google-vm1.northamerica-northeast2-a.c.ece1724-project.internal:32827 (size: 4.1 KiB, free: 1048.8 MiB)
24/12/15 04:37:08 INFO SparkContext: Created broadcast 4 from broadcast at DAGScheduler.scala:1540
24/12/15 04:37:08 INFO DAGScheduler: Submitting 2 missing tasks from ResultStage 3 (MapPartitionsRDD[21] at map at VertexRDDImpl.scala:90) (first 15 tasks are for partitions Vector(0, 1))
24/12/15 04:37:08 INFO TaskSchedulerImpl: Adding task set 3.0 with 2 tasks resource profile 0
24/12/15 04:37:08 INFO TaskSetManager: Starting task 0.0 in stage 3.0 (TID 6) (google-vm1.northamerica-northeast2-a.c.ece1724-project.internal, executor driver, partition 0, NODE_LOCAL, 8837 bytes) 
24/12/15 04:37:08 INFO TaskSetManager: Starting task 1.0 in stage 3.0 (TID 7) (google-vm1.northamerica-northeast2-a.c.ece1724-project.internal, executor driver, partition 1, NODE_LOCAL, 8837 bytes) 
24/12/15 04:37:08 INFO Executor: Running task 0.0 in stage 3.0 (TID 6)
24/12/15 04:37:08 INFO Executor: Running task 1.0 in stage 3.0 (TID 7)
24/12/15 04:37:08 INFO ShuffleBlockFetcherIterator: Getting 1 (3.2 KiB) non-empty blocks including 1 (3.2 KiB) local and 0 (0.0 B) host-local and 0 (0.0 B) push-merged-local and 0 (0.0 B) remote blocks
24/12/15 04:37:08 INFO ShuffleBlockFetcherIterator: Started 0 remote fetches in 1 ms
24/12/15 04:37:08 INFO ShuffleBlockFetcherIterator: Getting 2 (3.5 KiB) non-empty blocks including 2 (3.5 KiB) local and 0 (0.0 B) host-local and 0 (0.0 B) push-merged-local and 0 (0.0 B) remote blocks
24/12/15 04:37:08 INFO ShuffleBlockFetcherIterator: Started 0 remote fetches in 1 ms
24/12/15 04:37:08 INFO ShuffleBlockFetcherIterator: Getting 1 (3.2 KiB) non-empty blocks including 1 (3.2 KiB) local and 0 (0.0 B) host-local and 0 (0.0 B) push-merged-local and 0 (0.0 B) remote blocks
24/12/15 04:37:08 INFO ShuffleBlockFetcherIterator: Started 0 remote fetches in 12 ms
24/12/15 04:37:08 INFO ShuffleBlockFetcherIterator: Getting 2 (3.5 KiB) non-empty blocks including 2 (3.5 KiB) local and 0 (0.0 B) host-local and 0 (0.0 B) push-merged-local and 0 (0.0 B) remote blocks
24/12/15 04:37:08 INFO ShuffleBlockFetcherIterator: Started 0 remote fetches in 8 ms
24/12/15 04:37:08 INFO MemoryStore: Block rdd_16_0 stored as values in memory (estimated size 36.0 KiB, free 1048.5 MiB)
24/12/15 04:37:08 INFO BlockManagerInfo: Added rdd_16_0 in memory on google-vm1.northamerica-northeast2-a.c.ece1724-project.internal:32827 (size: 36.0 KiB, free: 1048.7 MiB)
24/12/15 04:37:08 INFO MemoryStore: Block rdd_16_1 stored as values in memory (estimated size 35.9 KiB, free 1048.4 MiB)
24/12/15 04:37:08 INFO BlockManagerInfo: Added rdd_16_1 in memory on google-vm1.northamerica-northeast2-a.c.ece1724-project.internal:32827 (size: 35.9 KiB, free: 1048.7 MiB)
24/12/15 04:37:08 INFO Executor: Finished task 1.0 in stage 3.0 (TID 7). 1661 bytes result sent to driver
24/12/15 04:37:08 INFO Executor: Finished task 0.0 in stage 3.0 (TID 6). 1661 bytes result sent to driver
24/12/15 04:37:08 INFO TaskSetManager: Finished task 1.0 in stage 3.0 (TID 7) in 117 ms on google-vm1.northamerica-northeast2-a.c.ece1724-project.internal (executor driver) (1/2)
24/12/15 04:37:08 INFO TaskSetManager: Finished task 0.0 in stage 3.0 (TID 6) in 121 ms on google-vm1.northamerica-northeast2-a.c.ece1724-project.internal (executor driver) (2/2)
24/12/15 04:37:08 INFO TaskSchedulerImpl: Removed TaskSet 3.0, whose tasks have all completed, from pool 
24/12/15 04:37:08 INFO DAGScheduler: ResultStage 3 (fold at VertexRDDImpl.scala:90) finished in 0.147 s
24/12/15 04:37:08 INFO DAGScheduler: Job 0 is finished. Cancelling potential speculative or zombie tasks for this job
24/12/15 04:37:08 INFO TaskSchedulerImpl: Killing all running tasks in stage 3: Stage finished
24/12/15 04:37:08 INFO DAGScheduler: Job 0 finished: fold at VertexRDDImpl.scala:90, took 3.571633 s
Number of vertices: 800
24/12/15 04:37:08 INFO SparkContext: Starting job: fold at EdgeRDDImpl.scala:90
24/12/15 04:37:08 INFO DAGScheduler: Got job 1 (fold at EdgeRDDImpl.scala:90) with 2 output partitions
24/12/15 04:37:08 INFO DAGScheduler: Final stage: ResultStage 4 (fold at EdgeRDDImpl.scala:90)
24/12/15 04:37:08 INFO DAGScheduler: Parents of final stage: List()
24/12/15 04:37:08 INFO DAGScheduler: Missing parents: List()
24/12/15 04:37:08 INFO DAGScheduler: Submitting ResultStage 4 (MapPartitionsRDD[22] at map at EdgeRDDImpl.scala:90), which has no missing parents
24/12/15 04:37:08 INFO MemoryStore: Block broadcast_5 stored as values in memory (estimated size 7.8 KiB, free 1048.4 MiB)
24/12/15 04:37:08 INFO MemoryStore: Block broadcast_5_piece0 stored as bytes in memory (estimated size 3.9 KiB, free 1048.4 MiB)
24/12/15 04:37:08 INFO BlockManagerInfo: Added broadcast_5_piece0 in memory on google-vm1.northamerica-northeast2-a.c.ece1724-project.internal:32827 (size: 3.9 KiB, free: 1048.7 MiB)
24/12/15 04:37:08 INFO SparkContext: Created broadcast 5 from broadcast at DAGScheduler.scala:1540
24/12/15 04:37:08 INFO DAGScheduler: Submitting 2 missing tasks from ResultStage 4 (MapPartitionsRDD[22] at map at EdgeRDDImpl.scala:90) (first 15 tasks are for partitions Vector(0, 1))
24/12/15 04:37:08 INFO TaskSchedulerImpl: Adding task set 4.0 with 2 tasks resource profile 0
24/12/15 04:37:08 INFO TaskSetManager: Starting task 0.0 in stage 4.0 (TID 8) (google-vm1.northamerica-northeast2-a.c.ece1724-project.internal, executor driver, partition 0, PROCESS_LOCAL, 8850 bytes) 
24/12/15 04:37:08 INFO TaskSetManager: Starting task 1.0 in stage 4.0 (TID 9) (google-vm1.northamerica-northeast2-a.c.ece1724-project.internal, executor driver, partition 1, PROCESS_LOCAL, 8850 bytes) 
24/12/15 04:37:08 INFO Executor: Running task 0.0 in stage 4.0 (TID 8)
24/12/15 04:37:08 INFO Executor: Running task 1.0 in stage 4.0 (TID 9)
24/12/15 04:37:08 INFO HadoopRDD: Input split: file:/home/zengyuyang1999/ece1724-group-project-f24/ece1724-project/data/brock800_4.clq:1010446+1010446
24/12/15 04:37:08 INFO HadoopRDD: Input split: file:/home/zengyuyang1999/ece1724-group-project-f24/ece1724-project/data/brock800_4.clq:0+1010446
24/12/15 04:37:08 INFO BlockManagerInfo: Removed broadcast_1_piece0 on google-vm1.northamerica-northeast2-a.c.ece1724-project.internal:32827 in memory (size: 4.3 KiB, free: 1048.7 MiB)
24/12/15 04:37:09 INFO BlockManagerInfo: Removed broadcast_3_piece0 on google-vm1.northamerica-northeast2-a.c.ece1724-project.internal:32827 in memory (size: 3.5 KiB, free: 1048.7 MiB)
24/12/15 04:37:09 INFO BlockManagerInfo: Removed broadcast_2_piece0 on google-vm1.northamerica-northeast2-a.c.ece1724-project.internal:32827 in memory (size: 4.3 KiB, free: 1048.7 MiB)
24/12/15 04:37:09 INFO BlockManagerInfo: Removed broadcast_4_piece0 on google-vm1.northamerica-northeast2-a.c.ece1724-project.internal:32827 in memory (size: 4.1 KiB, free: 1048.7 MiB)
24/12/15 04:37:09 INFO MemoryStore: Block rdd_19_0 stored as values in memory (estimated size 1263.7 KiB, free 1047.2 MiB)
24/12/15 04:37:09 INFO BlockManagerInfo: Added rdd_19_0 in memory on google-vm1.northamerica-northeast2-a.c.ece1724-project.internal:32827 (size: 1263.7 KiB, free: 1047.5 MiB)
24/12/15 04:37:09 INFO MemoryStore: Block rdd_19_1 stored as values in memory (estimated size 1247.4 KiB, free 1046.0 MiB)
24/12/15 04:37:09 INFO BlockManagerInfo: Added rdd_19_1 in memory on google-vm1.northamerica-northeast2-a.c.ece1724-project.internal:32827 (size: 1247.4 KiB, free: 1046.2 MiB)
24/12/15 04:37:09 INFO Executor: Finished task 0.0 in stage 4.0 (TID 8). 1016 bytes result sent to driver
24/12/15 04:37:09 INFO TaskSetManager: Finished task 0.0 in stage 4.0 (TID 8) in 416 ms on google-vm1.northamerica-northeast2-a.c.ece1724-project.internal (executor driver) (1/2)
24/12/15 04:37:09 INFO Executor: Finished task 1.0 in stage 4.0 (TID 9). 1016 bytes result sent to driver
24/12/15 04:37:09 INFO TaskSetManager: Finished task 1.0 in stage 4.0 (TID 9) in 418 ms on google-vm1.northamerica-northeast2-a.c.ece1724-project.internal (executor driver) (2/2)
24/12/15 04:37:09 INFO TaskSchedulerImpl: Removed TaskSet 4.0, whose tasks have all completed, from pool 
24/12/15 04:37:09 INFO DAGScheduler: ResultStage 4 (fold at EdgeRDDImpl.scala:90) finished in 0.437 s
24/12/15 04:37:09 INFO DAGScheduler: Job 1 is finished. Cancelling potential speculative or zombie tasks for this job
24/12/15 04:37:09 INFO TaskSchedulerImpl: Killing all running tasks in stage 4: Stage finished
24/12/15 04:37:09 INFO DAGScheduler: Job 1 finished: fold at EdgeRDDImpl.scala:90, took 0.447674 s
Number of edges: 207643
24/12/15 04:37:09 INFO BlockManagerInfo: Removed broadcast_5_piece0 on google-vm1.northamerica-northeast2-a.c.ece1724-project.internal:32827 in memory (size: 3.9 KiB, free: 1046.2 MiB)
24/12/15 04:37:09 INFO SparkContext: Starting job: foreachPartition at PageRank.scala:199
24/12/15 04:37:09 INFO DAGScheduler: Registering RDD 23 (mapPartitions at GraphImpl.scala:207) as input to shuffle 4
24/12/15 04:37:09 INFO DAGScheduler: Registering RDD 41 (mapPartitions at VertexRDDImpl.scala:247) as input to shuffle 5
24/12/15 04:37:09 INFO DAGScheduler: Registering RDD 31 (mapPartitions at VertexRDDImpl.scala:247) as input to shuffle 3
24/12/15 04:37:09 INFO DAGScheduler: Registering RDD 45 (mapPartitions at GraphImpl.scala:207) as input to shuffle 7
24/12/15 04:37:09 INFO DAGScheduler: Registering RDD 53 (mapPartitions at VertexRDDImpl.scala:247) as input to shuffle 6
24/12/15 04:37:09 INFO DAGScheduler: Got job 2 (foreachPartition at PageRank.scala:199) with 2 output partitions
24/12/15 04:37:09 INFO DAGScheduler: Final stage: ResultStage 13 (foreachPartition at PageRank.scala:199)
24/12/15 04:37:09 INFO DAGScheduler: Parents of final stage: List(ShuffleMapStage 12, ShuffleMapStage 9, ShuffleMapStage 10)
24/12/15 04:37:09 INFO DAGScheduler: Missing parents: List(ShuffleMapStage 12, ShuffleMapStage 9, ShuffleMapStage 10)
24/12/15 04:37:09 INFO DAGScheduler: Submitting ShuffleMapStage 8 (GraphImpl.aggregateMessages - preAgg MapPartitionsRDD[23] at mapPartitions at GraphImpl.scala:207), which has no missing parents
24/12/15 04:37:09 INFO MemoryStore: Block broadcast_6 stored as values in memory (estimated size 9.6 KiB, free 1046.0 MiB)
24/12/15 04:37:09 INFO MemoryStore: Block broadcast_6_piece0 stored as bytes in memory (estimated size 4.9 KiB, free 1046.0 MiB)
24/12/15 04:37:09 INFO BlockManagerInfo: Added broadcast_6_piece0 in memory on google-vm1.northamerica-northeast2-a.c.ece1724-project.internal:32827 (size: 4.9 KiB, free: 1046.2 MiB)
24/12/15 04:37:09 INFO SparkContext: Created broadcast 6 from broadcast at DAGScheduler.scala:1540
24/12/15 04:37:09 INFO DAGScheduler: Submitting 2 missing tasks from ShuffleMapStage 8 (GraphImpl.aggregateMessages - preAgg MapPartitionsRDD[23] at mapPartitions at GraphImpl.scala:207) (first 15 tasks are for partitions Vector(0, 1))
24/12/15 04:37:09 INFO TaskSchedulerImpl: Adding task set 8.0 with 2 tasks resource profile 0
24/12/15 04:37:09 INFO TaskSetManager: Starting task 0.0 in stage 8.0 (TID 10) (google-vm1.northamerica-northeast2-a.c.ece1724-project.internal, executor driver, partition 0, PROCESS_LOCAL, 8839 bytes) 
24/12/15 04:37:09 INFO TaskSetManager: Starting task 1.0 in stage 8.0 (TID 11) (google-vm1.northamerica-northeast2-a.c.ece1724-project.internal, executor driver, partition 1, PROCESS_LOCAL, 8839 bytes) 
24/12/15 04:37:09 INFO Executor: Running task 0.0 in stage 8.0 (TID 10)
24/12/15 04:37:09 INFO Executor: Running task 1.0 in stage 8.0 (TID 11)
24/12/15 04:37:09 INFO BlockManager: Found block rdd_19_0 locally
24/12/15 04:37:09 INFO BlockManager: Found block rdd_19_1 locally
24/12/15 04:37:09 INFO Executor: Finished task 1.0 in stage 8.0 (TID 11). 1182 bytes result sent to driver
24/12/15 04:37:09 INFO TaskSetManager: Finished task 1.0 in stage 8.0 (TID 11) in 159 ms on google-vm1.northamerica-northeast2-a.c.ece1724-project.internal (executor driver) (1/2)
24/12/15 04:37:09 INFO Executor: Finished task 0.0 in stage 8.0 (TID 10). 1182 bytes result sent to driver
24/12/15 04:37:09 INFO TaskSetManager: Finished task 0.0 in stage 8.0 (TID 10) in 180 ms on google-vm1.northamerica-northeast2-a.c.ece1724-project.internal (executor driver) (2/2)
24/12/15 04:37:09 INFO TaskSchedulerImpl: Removed TaskSet 8.0, whose tasks have all completed, from pool 
24/12/15 04:37:09 INFO DAGScheduler: ShuffleMapStage 8 (mapPartitions at GraphImpl.scala:207) finished in 0.194 s
24/12/15 04:37:09 INFO DAGScheduler: looking for newly runnable stages
24/12/15 04:37:09 INFO DAGScheduler: running: Set()
24/12/15 04:37:09 INFO DAGScheduler: waiting: Set(ShuffleMapStage 12, ShuffleMapStage 9, ResultStage 13, ShuffleMapStage 10, ShuffleMapStage 11)
24/12/15 04:37:09 INFO DAGScheduler: failed: Set()
24/12/15 04:37:09 INFO DAGScheduler: Submitting ShuffleMapStage 9 (ReplicatedVertexView.upgrade(true, false) - shippedVerts true false (broadcast) MapPartitionsRDD[41] at mapPartitions at VertexRDDImpl.scala:247), which has no missing parents
24/12/15 04:37:09 INFO MemoryStore: Block broadcast_7 stored as values in memory (estimated size 10.0 KiB, free 1046.0 MiB)
24/12/15 04:37:09 INFO MemoryStore: Block broadcast_7_piece0 stored as bytes in memory (estimated size 4.9 KiB, free 1046.0 MiB)
24/12/15 04:37:09 INFO BlockManagerInfo: Added broadcast_7_piece0 in memory on google-vm1.northamerica-northeast2-a.c.ece1724-project.internal:32827 (size: 4.9 KiB, free: 1046.2 MiB)
24/12/15 04:37:09 INFO SparkContext: Created broadcast 7 from broadcast at DAGScheduler.scala:1540
24/12/15 04:37:09 INFO DAGScheduler: Submitting 2 missing tasks from ShuffleMapStage 9 (ReplicatedVertexView.upgrade(true, false) - shippedVerts true false (broadcast) MapPartitionsRDD[41] at mapPartitions at VertexRDDImpl.scala:247) (first 15 tasks are for partitions Vector(0, 1))
24/12/15 04:37:09 INFO TaskSchedulerImpl: Adding task set 9.0 with 2 tasks resource profile 0
24/12/15 04:37:09 INFO DAGScheduler: Submitting ShuffleMapStage 10 (ReplicatedVertexView.upgrade(true, false) - shippedVerts true false (broadcast) MapPartitionsRDD[31] at mapPartitions at VertexRDDImpl.scala:247), which has no missing parents
24/12/15 04:37:09 INFO TaskSetManager: Starting task 0.0 in stage 9.0 (TID 12) (google-vm1.northamerica-northeast2-a.c.ece1724-project.internal, executor driver, partition 0, PROCESS_LOCAL, 8899 bytes) 
24/12/15 04:37:09 INFO TaskSetManager: Starting task 1.0 in stage 9.0 (TID 13) (google-vm1.northamerica-northeast2-a.c.ece1724-project.internal, executor driver, partition 1, PROCESS_LOCAL, 8899 bytes) 
24/12/15 04:37:09 INFO Executor: Running task 1.0 in stage 9.0 (TID 13)
24/12/15 04:37:09 INFO MemoryStore: Block broadcast_8 stored as values in memory (estimated size 8.8 KiB, free 1046.0 MiB)
24/12/15 04:37:09 INFO MemoryStore: Block broadcast_8_piece0 stored as bytes in memory (estimated size 4.5 KiB, free 1046.0 MiB)
24/12/15 04:37:09 INFO Executor: Running task 0.0 in stage 9.0 (TID 12)
24/12/15 04:37:09 INFO BlockManagerInfo: Added broadcast_8_piece0 in memory on google-vm1.northamerica-northeast2-a.c.ece1724-project.internal:32827 (size: 4.5 KiB, free: 1046.2 MiB)
24/12/15 04:37:09 INFO SparkContext: Created broadcast 8 from broadcast at DAGScheduler.scala:1540
24/12/15 04:37:09 INFO DAGScheduler: Submitting 2 missing tasks from ShuffleMapStage 10 (ReplicatedVertexView.upgrade(true, false) - shippedVerts true false (broadcast) MapPartitionsRDD[31] at mapPartitions at VertexRDDImpl.scala:247) (first 15 tasks are for partitions Vector(0, 1))
24/12/15 04:37:09 INFO TaskSchedulerImpl: Adding task set 10.0 with 2 tasks resource profile 0
24/12/15 04:37:09 INFO TaskSetManager: Starting task 0.0 in stage 10.0 (TID 14) (google-vm1.northamerica-northeast2-a.c.ece1724-project.internal, executor driver, partition 0, PROCESS_LOCAL, 8899 bytes) 
24/12/15 04:37:09 INFO TaskSetManager: Starting task 1.0 in stage 10.0 (TID 15) (google-vm1.northamerica-northeast2-a.c.ece1724-project.internal, executor driver, partition 1, PROCESS_LOCAL, 8899 bytes) 
24/12/15 04:37:09 INFO Executor: Running task 0.0 in stage 10.0 (TID 14)
24/12/15 04:37:09 INFO Executor: Running task 1.0 in stage 10.0 (TID 15)
24/12/15 04:37:09 INFO BlockManager: Found block rdd_16_1 locally
24/12/15 04:37:09 INFO BlockManager: Found block rdd_16_1 locally
24/12/15 04:37:09 INFO ShuffleBlockFetcherIterator: Getting 2 (3.1 KiB) non-empty blocks including 2 (3.1 KiB) local and 0 (0.0 B) host-local and 0 (0.0 B) push-merged-local and 0 (0.0 B) remote blocks
24/12/15 04:37:09 INFO ShuffleBlockFetcherIterator: Started 0 remote fetches in 1 ms
24/12/15 04:37:09 INFO BlockManager: Found block rdd_16_0 locally
24/12/15 04:37:09 INFO BlockManager: Found block rdd_16_0 locally
24/12/15 04:37:09 INFO ShuffleBlockFetcherIterator: Getting 2 (3.1 KiB) non-empty blocks including 2 (3.1 KiB) local and 0 (0.0 B) host-local and 0 (0.0 B) push-merged-local and 0 (0.0 B) remote blocks
24/12/15 04:37:09 INFO ShuffleBlockFetcherIterator: Started 0 remote fetches in 1 ms
24/12/15 04:37:09 INFO MemoryStore: Block rdd_27_0 stored as values in memory (estimated size 18.1 KiB, free 1046.0 MiB)
24/12/15 04:37:09 INFO MemoryStore: Block rdd_27_1 stored as values in memory (estimated size 18.1 KiB, free 1046.0 MiB)
24/12/15 04:37:09 INFO BlockManagerInfo: Added rdd_27_0 in memory on google-vm1.northamerica-northeast2-a.c.ece1724-project.internal:32827 (size: 18.1 KiB, free: 1046.2 MiB)
24/12/15 04:37:09 INFO BlockManagerInfo: Added rdd_27_1 in memory on google-vm1.northamerica-northeast2-a.c.ece1724-project.internal:32827 (size: 18.1 KiB, free: 1046.2 MiB)
24/12/15 04:37:09 INFO BlockManager: Found block rdd_27_1 locally
24/12/15 04:37:09 WARN BlockManager: Block rdd_27_0 already exists on this machine; not re-adding it
24/12/15 04:37:09 INFO MemoryStore: Block rdd_37_1 stored as values in memory (estimated size 22.1 KiB, free 1045.9 MiB)
24/12/15 04:37:09 INFO BlockManagerInfo: Added rdd_37_1 in memory on google-vm1.northamerica-northeast2-a.c.ece1724-project.internal:32827 (size: 22.1 KiB, free: 1046.2 MiB)
24/12/15 04:37:09 INFO MemoryStore: Block rdd_37_0 stored as values in memory (estimated size 22.1 KiB, free 1045.9 MiB)
24/12/15 04:37:09 INFO BlockManagerInfo: Added rdd_37_0 in memory on google-vm1.northamerica-northeast2-a.c.ece1724-project.internal:32827 (size: 22.1 KiB, free: 1046.2 MiB)
24/12/15 04:37:09 INFO Executor: Finished task 0.0 in stage 10.0 (TID 14). 1225 bytes result sent to driver
24/12/15 04:37:09 INFO TaskSetManager: Finished task 0.0 in stage 10.0 (TID 14) in 90 ms on google-vm1.northamerica-northeast2-a.c.ece1724-project.internal (executor driver) (1/2)
24/12/15 04:37:09 INFO Executor: Finished task 1.0 in stage 9.0 (TID 13). 1225 bytes result sent to driver
24/12/15 04:37:09 INFO TaskSetManager: Finished task 1.0 in stage 9.0 (TID 13) in 121 ms on google-vm1.northamerica-northeast2-a.c.ece1724-project.internal (executor driver) (1/2)
24/12/15 04:37:09 INFO Executor: 1 block locks were not released by task 0.0 in stage 9.0 (TID 12)
[rdd_16_0]
24/12/15 04:37:09 INFO Executor: 1 block locks were not released by task 1.0 in stage 10.0 (TID 15)
[rdd_16_1]
24/12/15 04:37:09 INFO Executor: Finished task 0.0 in stage 9.0 (TID 12). 1913 bytes result sent to driver
24/12/15 04:37:09 INFO TaskSetManager: Finished task 0.0 in stage 9.0 (TID 12) in 136 ms on google-vm1.northamerica-northeast2-a.c.ece1724-project.internal (executor driver) (2/2)
24/12/15 04:37:09 INFO TaskSchedulerImpl: Removed TaskSet 9.0, whose tasks have all completed, from pool 
24/12/15 04:37:09 INFO DAGScheduler: ShuffleMapStage 9 (mapPartitions at VertexRDDImpl.scala:247) finished in 0.153 s
24/12/15 04:37:09 INFO DAGScheduler: looking for newly runnable stages
24/12/15 04:37:09 INFO DAGScheduler: running: Set(ShuffleMapStage 10)
24/12/15 04:37:09 INFO DAGScheduler: waiting: Set(ShuffleMapStage 12, ResultStage 13, ShuffleMapStage 11)
24/12/15 04:37:09 INFO DAGScheduler: failed: Set()
24/12/15 04:37:09 INFO Executor: Finished task 1.0 in stage 10.0 (TID 15). 1956 bytes result sent to driver
24/12/15 04:37:09 INFO TaskSetManager: Finished task 1.0 in stage 10.0 (TID 15) in 122 ms on google-vm1.northamerica-northeast2-a.c.ece1724-project.internal (executor driver) (2/2)
24/12/15 04:37:09 INFO TaskSchedulerImpl: Removed TaskSet 10.0, whose tasks have all completed, from pool 
24/12/15 04:37:09 INFO DAGScheduler: ShuffleMapStage 10 (mapPartitions at VertexRDDImpl.scala:247) finished in 0.144 s
24/12/15 04:37:09 INFO DAGScheduler: looking for newly runnable stages
24/12/15 04:37:09 INFO DAGScheduler: running: Set()
24/12/15 04:37:09 INFO DAGScheduler: waiting: Set(ShuffleMapStage 12, ResultStage 13, ShuffleMapStage 11)
24/12/15 04:37:09 INFO DAGScheduler: failed: Set()
24/12/15 04:37:09 INFO DAGScheduler: Submitting ShuffleMapStage 11 (GraphImpl.aggregateMessages - preAgg MapPartitionsRDD[45] at mapPartitions at GraphImpl.scala:207), which has no missing parents
24/12/15 04:37:09 INFO MemoryStore: Block broadcast_9 stored as values in memory (estimated size 12.3 KiB, free 1045.9 MiB)
24/12/15 04:37:09 INFO MemoryStore: Block broadcast_9_piece0 stored as bytes in memory (estimated size 5.8 KiB, free 1045.9 MiB)
24/12/15 04:37:09 INFO BlockManagerInfo: Added broadcast_9_piece0 in memory on google-vm1.northamerica-northeast2-a.c.ece1724-project.internal:32827 (size: 5.8 KiB, free: 1046.1 MiB)
24/12/15 04:37:09 INFO SparkContext: Created broadcast 9 from broadcast at DAGScheduler.scala:1540
24/12/15 04:37:09 INFO DAGScheduler: Submitting 2 missing tasks from ShuffleMapStage 11 (GraphImpl.aggregateMessages - preAgg MapPartitionsRDD[45] at mapPartitions at GraphImpl.scala:207) (first 15 tasks are for partitions Vector(0, 1))
24/12/15 04:37:09 INFO TaskSchedulerImpl: Adding task set 11.0 with 2 tasks resource profile 0
24/12/15 04:37:09 INFO TaskSetManager: Starting task 0.0 in stage 11.0 (TID 16) (google-vm1.northamerica-northeast2-a.c.ece1724-project.internal, executor driver, partition 0, PROCESS_LOCAL, 9218 bytes) 
24/12/15 04:37:09 INFO TaskSetManager: Starting task 1.0 in stage 11.0 (TID 17) (google-vm1.northamerica-northeast2-a.c.ece1724-project.internal, executor driver, partition 1, PROCESS_LOCAL, 9218 bytes) 
24/12/15 04:37:09 INFO Executor: Running task 0.0 in stage 11.0 (TID 16)
24/12/15 04:37:09 INFO Executor: Running task 1.0 in stage 11.0 (TID 17)
24/12/15 04:37:09 INFO BlockManager: Found block rdd_19_1 locally
24/12/15 04:37:09 INFO BlockManager: Found block rdd_19_0 locally
24/12/15 04:37:09 INFO MemoryStore: Block rdd_29_1 stored as values in memory (estimated size 1247.4 KiB, free 1044.7 MiB)
24/12/15 04:37:09 INFO BlockManagerInfo: Added rdd_29_1 in memory on google-vm1.northamerica-northeast2-a.c.ece1724-project.internal:32827 (size: 1247.4 KiB, free: 1044.9 MiB)
24/12/15 04:37:09 INFO MemoryStore: Block rdd_29_0 stored as values in memory (estimated size 1263.7 KiB, free 1043.4 MiB)
24/12/15 04:37:09 INFO BlockManagerInfo: Added rdd_29_0 in memory on google-vm1.northamerica-northeast2-a.c.ece1724-project.internal:32827 (size: 1263.7 KiB, free: 1043.7 MiB)
24/12/15 04:37:09 INFO ShuffleBlockFetcherIterator: Getting 2 (2.7 KiB) non-empty blocks including 2 (2.7 KiB) local and 0 (0.0 B) host-local and 0 (0.0 B) push-merged-local and 0 (0.0 B) remote blocks
24/12/15 04:37:09 INFO ShuffleBlockFetcherIterator: Started 0 remote fetches in 1 ms
24/12/15 04:37:09 INFO ShuffleBlockFetcherIterator: Getting 2 (5.3 KiB) non-empty blocks including 2 (5.3 KiB) local and 0 (0.0 B) host-local and 0 (0.0 B) push-merged-local and 0 (0.0 B) remote blocks
24/12/15 04:37:09 INFO ShuffleBlockFetcherIterator: Started 0 remote fetches in 1 ms
24/12/15 04:37:09 INFO MemoryStore: Block rdd_39_1 stored as values in memory (estimated size 1651.6 KiB, free 1041.8 MiB)
24/12/15 04:37:09 INFO BlockManagerInfo: Added rdd_39_1 in memory on google-vm1.northamerica-northeast2-a.c.ece1724-project.internal:32827 (size: 1651.6 KiB, free: 1042.1 MiB)
24/12/15 04:37:09 INFO ShuffleBlockFetcherIterator: Getting 2 (1578.0 B) non-empty blocks including 2 (1578.0 B) local and 0 (0.0 B) host-local and 0 (0.0 B) push-merged-local and 0 (0.0 B) remote blocks
24/12/15 04:37:09 INFO ShuffleBlockFetcherIterator: Started 0 remote fetches in 1 ms
24/12/15 04:37:09 INFO MemoryStore: Block rdd_39_0 stored as values in memory (estimated size 1676.0 KiB, free 1040.2 MiB)
24/12/15 04:37:09 INFO BlockManagerInfo: Added rdd_39_0 in memory on google-vm1.northamerica-northeast2-a.c.ece1724-project.internal:32827 (size: 1676.0 KiB, free: 1040.4 MiB)
24/12/15 04:37:09 INFO ShuffleBlockFetcherIterator: Getting 2 (3.0 KiB) non-empty blocks including 2 (3.0 KiB) local and 0 (0.0 B) host-local and 0 (0.0 B) push-merged-local and 0 (0.0 B) remote blocks
24/12/15 04:37:09 INFO ShuffleBlockFetcherIterator: Started 0 remote fetches in 2 ms
24/12/15 04:37:10 INFO Executor: 2 block locks were not released by task 1.0 in stage 11.0 (TID 17)
[rdd_19_1, rdd_29_1]
24/12/15 04:37:10 INFO Executor: Finished task 1.0 in stage 11.0 (TID 17). 1956 bytes result sent to driver
24/12/15 04:37:10 INFO Executor: 2 block locks were not released by task 0.0 in stage 11.0 (TID 16)
[rdd_19_0, rdd_29_0]
24/12/15 04:37:10 INFO TaskSetManager: Finished task 1.0 in stage 11.0 (TID 17) in 209 ms on google-vm1.northamerica-northeast2-a.c.ece1724-project.internal (executor driver) (1/2)
24/12/15 04:37:10 INFO Executor: Finished task 0.0 in stage 11.0 (TID 16). 1956 bytes result sent to driver
24/12/15 04:37:10 INFO TaskSetManager: Finished task 0.0 in stage 11.0 (TID 16) in 215 ms on google-vm1.northamerica-northeast2-a.c.ece1724-project.internal (executor driver) (2/2)
24/12/15 04:37:10 INFO TaskSchedulerImpl: Removed TaskSet 11.0, whose tasks have all completed, from pool 
24/12/15 04:37:10 INFO DAGScheduler: ShuffleMapStage 11 (mapPartitions at GraphImpl.scala:207) finished in 0.235 s
24/12/15 04:37:10 INFO DAGScheduler: looking for newly runnable stages
24/12/15 04:37:10 INFO DAGScheduler: running: Set()
24/12/15 04:37:10 INFO DAGScheduler: waiting: Set(ShuffleMapStage 12, ResultStage 13)
24/12/15 04:37:10 INFO DAGScheduler: failed: Set()
24/12/15 04:37:10 INFO DAGScheduler: Submitting ShuffleMapStage 12 (ReplicatedVertexView.updateVertices - shippedVerts true false (broadcast) MapPartitionsRDD[53] at mapPartitions at VertexRDDImpl.scala:247), which has no missing parents
24/12/15 04:37:10 INFO MemoryStore: Block broadcast_10 stored as values in memory (estimated size 11.3 KiB, free 1040.2 MiB)
24/12/15 04:37:10 INFO MemoryStore: Block broadcast_10_piece0 stored as bytes in memory (estimated size 5.4 KiB, free 1040.2 MiB)
24/12/15 04:37:10 INFO BlockManagerInfo: Added broadcast_10_piece0 in memory on google-vm1.northamerica-northeast2-a.c.ece1724-project.internal:32827 (size: 5.4 KiB, free: 1040.4 MiB)
24/12/15 04:37:10 INFO SparkContext: Created broadcast 10 from broadcast at DAGScheduler.scala:1540
24/12/15 04:37:10 INFO DAGScheduler: Submitting 2 missing tasks from ShuffleMapStage 12 (ReplicatedVertexView.updateVertices - shippedVerts true false (broadcast) MapPartitionsRDD[53] at mapPartitions at VertexRDDImpl.scala:247) (first 15 tasks are for partitions Vector(0, 1))
24/12/15 04:37:10 INFO TaskSchedulerImpl: Adding task set 12.0 with 2 tasks resource profile 0
24/12/15 04:37:10 INFO TaskSetManager: Starting task 0.0 in stage 12.0 (TID 18) (google-vm1.northamerica-northeast2-a.c.ece1724-project.internal, executor driver, partition 0, PROCESS_LOCAL, 9004 bytes) 
24/12/15 04:37:10 INFO TaskSetManager: Starting task 1.0 in stage 12.0 (TID 19) (google-vm1.northamerica-northeast2-a.c.ece1724-project.internal, executor driver, partition 1, PROCESS_LOCAL, 9004 bytes) 
24/12/15 04:37:10 INFO Executor: Running task 1.0 in stage 12.0 (TID 19)
24/12/15 04:37:10 INFO Executor: Running task 0.0 in stage 12.0 (TID 18)
24/12/15 04:37:10 INFO BlockManager: Found block rdd_37_1 locally
24/12/15 04:37:10 INFO BlockManager: Found block rdd_37_0 locally
24/12/15 04:37:10 INFO BlockManager: Found block rdd_37_0 locally
24/12/15 04:37:10 INFO BlockManager: Found block rdd_37_0 locally
24/12/15 04:37:10 INFO BlockManager: Found block rdd_37_1 locally
24/12/15 04:37:10 INFO BlockManager: Found block rdd_37_1 locally
24/12/15 04:37:10 INFO ShuffleBlockFetcherIterator: Getting 2 (9.1 KiB) non-empty blocks including 2 (9.1 KiB) local and 0 (0.0 B) host-local and 0 (0.0 B) push-merged-local and 0 (0.0 B) remote blocks
24/12/15 04:37:10 INFO ShuffleBlockFetcherIterator: Started 0 remote fetches in 1 ms
24/12/15 04:37:10 INFO ShuffleBlockFetcherIterator: Getting 2 (9.1 KiB) non-empty blocks including 2 (9.1 KiB) local and 0 (0.0 B) host-local and 0 (0.0 B) push-merged-local and 0 (0.0 B) remote blocks
24/12/15 04:37:10 INFO ShuffleBlockFetcherIterator: Started 0 remote fetches in 1 ms
24/12/15 04:37:10 INFO MemoryStore: Block rdd_49_0 stored as values in memory (estimated size 22.1 KiB, free 1040.2 MiB)
24/12/15 04:37:10 INFO BlockManagerInfo: Added rdd_49_0 in memory on google-vm1.northamerica-northeast2-a.c.ece1724-project.internal:32827 (size: 22.1 KiB, free: 1040.4 MiB)
24/12/15 04:37:10 INFO MemoryStore: Block rdd_49_1 stored as values in memory (estimated size 22.1 KiB, free 1040.1 MiB)
24/12/15 04:37:10 INFO BlockManagerInfo: Added rdd_49_1 in memory on google-vm1.northamerica-northeast2-a.c.ece1724-project.internal:32827 (size: 22.1 KiB, free: 1040.4 MiB)
24/12/15 04:37:10 INFO Executor: 2 block locks were not released by task 0.0 in stage 12.0 (TID 18)
[rdd_49_0, rdd_37_0]
24/12/15 04:37:10 INFO Executor: Finished task 0.0 in stage 12.0 (TID 18). 1956 bytes result sent to driver
24/12/15 04:37:10 INFO TaskSetManager: Finished task 0.0 in stage 12.0 (TID 18) in 46 ms on google-vm1.northamerica-northeast2-a.c.ece1724-project.internal (executor driver) (1/2)
24/12/15 04:37:10 INFO Executor: 2 block locks were not released by task 1.0 in stage 12.0 (TID 19)
[rdd_37_1, rdd_49_1]
24/12/15 04:37:10 INFO Executor: Finished task 1.0 in stage 12.0 (TID 19). 1956 bytes result sent to driver
24/12/15 04:37:10 INFO TaskSetManager: Finished task 1.0 in stage 12.0 (TID 19) in 51 ms on google-vm1.northamerica-northeast2-a.c.ece1724-project.internal (executor driver) (2/2)
24/12/15 04:37:10 INFO TaskSchedulerImpl: Removed TaskSet 12.0, whose tasks have all completed, from pool 
24/12/15 04:37:10 INFO DAGScheduler: ShuffleMapStage 12 (mapPartitions at VertexRDDImpl.scala:247) finished in 0.068 s
24/12/15 04:37:10 INFO DAGScheduler: looking for newly runnable stages
24/12/15 04:37:10 INFO DAGScheduler: running: Set()
24/12/15 04:37:10 INFO DAGScheduler: waiting: Set(ResultStage 13)
24/12/15 04:37:10 INFO DAGScheduler: failed: Set()
24/12/15 04:37:10 INFO DAGScheduler: Submitting ResultStage 13 (EdgeRDDImpl[56] at RDD at EdgeRDD.scala:41), which has no missing parents
24/12/15 04:37:10 INFO MemoryStore: Block broadcast_11 stored as values in memory (estimated size 12.0 KiB, free 1040.1 MiB)
24/12/15 04:37:10 INFO MemoryStore: Block broadcast_11_piece0 stored as bytes in memory (estimated size 5.5 KiB, free 1040.1 MiB)
24/12/15 04:37:10 INFO BlockManagerInfo: Added broadcast_11_piece0 in memory on google-vm1.northamerica-northeast2-a.c.ece1724-project.internal:32827 (size: 5.5 KiB, free: 1040.4 MiB)
24/12/15 04:37:10 INFO SparkContext: Created broadcast 11 from broadcast at DAGScheduler.scala:1540
24/12/15 04:37:10 INFO DAGScheduler: Submitting 2 missing tasks from ResultStage 13 (EdgeRDDImpl[56] at RDD at EdgeRDD.scala:41) (first 15 tasks are for partitions Vector(0, 1))
24/12/15 04:37:10 INFO TaskSchedulerImpl: Adding task set 13.0 with 2 tasks resource profile 0
24/12/15 04:37:10 INFO TaskSetManager: Starting task 0.0 in stage 13.0 (TID 20) (google-vm1.northamerica-northeast2-a.c.ece1724-project.internal, executor driver, partition 0, PROCESS_LOCAL, 9270 bytes) 
24/12/15 04:37:10 INFO TaskSetManager: Starting task 1.0 in stage 13.0 (TID 21) (google-vm1.northamerica-northeast2-a.c.ece1724-project.internal, executor driver, partition 1, PROCESS_LOCAL, 9270 bytes) 
24/12/15 04:37:10 INFO Executor: Running task 1.0 in stage 13.0 (TID 21)
24/12/15 04:37:10 INFO Executor: Running task 0.0 in stage 13.0 (TID 20)
24/12/15 04:37:10 INFO BlockManager: Found block rdd_39_1 locally
24/12/15 04:37:10 INFO ShuffleBlockFetcherIterator: Getting 2 (1578.0 B) non-empty blocks including 2 (1578.0 B) local and 0 (0.0 B) host-local and 0 (0.0 B) push-merged-local and 0 (0.0 B) remote blocks
24/12/15 04:37:10 INFO ShuffleBlockFetcherIterator: Started 0 remote fetches in 1 ms
24/12/15 04:37:10 INFO BlockManager: Found block rdd_39_0 locally
24/12/15 04:37:10 INFO ShuffleBlockFetcherIterator: Getting 2 (3.0 KiB) non-empty blocks including 2 (3.0 KiB) local and 0 (0.0 B) host-local and 0 (0.0 B) push-merged-local and 0 (0.0 B) remote blocks
24/12/15 04:37:10 INFO ShuffleBlockFetcherIterator: Getting 2 (3.5 KiB) non-empty blocks including 2 (3.5 KiB) local and 0 (0.0 B) host-local and 0 (0.0 B) push-merged-local and 0 (0.0 B) remote blocks
24/12/15 04:37:10 INFO ShuffleBlockFetcherIterator: Started 0 remote fetches in 1 ms
24/12/15 04:37:10 INFO ShuffleBlockFetcherIterator: Getting 2 (7.8 KiB) non-empty blocks including 2 (7.8 KiB) local and 0 (0.0 B) host-local and 0 (0.0 B) push-merged-local and 0 (0.0 B) remote blocks
24/12/15 04:37:10 INFO ShuffleBlockFetcherIterator: Started 0 remote fetches in 1 ms
24/12/15 04:37:10 INFO ShuffleBlockFetcherIterator: Started 0 remote fetches in 6 ms
24/12/15 04:37:10 INFO MemoryStore: Block rdd_55_0 stored as values in memory (estimated size 1676.0 KiB, free 1038.5 MiB)
24/12/15 04:37:10 INFO BlockManagerInfo: Added rdd_55_0 in memory on google-vm1.northamerica-northeast2-a.c.ece1724-project.internal:32827 (size: 1676.0 KiB, free: 1038.8 MiB)
24/12/15 04:37:10 INFO Executor: 1 block locks were not released by task 0.0 in stage 13.0 (TID 20)
[rdd_55_0]
24/12/15 04:37:10 INFO MemoryStore: Block rdd_55_1 stored as values in memory (estimated size 1651.6 KiB, free 1036.9 MiB)
24/12/15 04:37:10 INFO BlockManagerInfo: Added rdd_55_1 in memory on google-vm1.northamerica-northeast2-a.c.ece1724-project.internal:32827 (size: 1651.6 KiB, free: 1037.1 MiB)
24/12/15 04:37:10 INFO Executor: 1 block locks were not released by task 1.0 in stage 13.0 (TID 21)
[rdd_55_1]
24/12/15 04:37:10 INFO Executor: Finished task 0.0 in stage 13.0 (TID 20). 1709 bytes result sent to driver
24/12/15 04:37:10 INFO Executor: Finished task 1.0 in stage 13.0 (TID 21). 1709 bytes result sent to driver
24/12/15 04:37:10 INFO TaskSetManager: Finished task 0.0 in stage 13.0 (TID 20) in 36 ms on google-vm1.northamerica-northeast2-a.c.ece1724-project.internal (executor driver) (1/2)
24/12/15 04:37:10 INFO TaskSetManager: Finished task 1.0 in stage 13.0 (TID 21) in 36 ms on google-vm1.northamerica-northeast2-a.c.ece1724-project.internal (executor driver) (2/2)
24/12/15 04:37:10 INFO TaskSchedulerImpl: Removed TaskSet 13.0, whose tasks have all completed, from pool 
24/12/15 04:37:10 INFO DAGScheduler: ResultStage 13 (foreachPartition at PageRank.scala:199) finished in 0.053 s
24/12/15 04:37:10 INFO DAGScheduler: Job 2 is finished. Cancelling potential speculative or zombie tasks for this job
24/12/15 04:37:10 INFO TaskSchedulerImpl: Killing all running tasks in stage 13: Stage finished
24/12/15 04:37:10 INFO DAGScheduler: Job 2 finished: foreachPartition at PageRank.scala:199, took 0.772450 s
24/12/15 04:37:10 INFO PageRank: PageRank finished iteration 0.
24/12/15 04:37:10 INFO MapPartitionsRDD: Removing RDD 37 from persistence list
24/12/15 04:37:10 INFO BlockManager: Removing RDD 37
24/12/15 04:37:10 INFO MapPartitionsRDD: Removing RDD 39 from persistence list
24/12/15 04:37:10 INFO BlockManager: Removing RDD 39
24/12/15 04:37:10 INFO SparkContext: Starting job: sum at PageRank.scala:503
24/12/15 04:37:10 INFO DAGScheduler: Got job 3 (sum at PageRank.scala:503) with 2 output partitions
24/12/15 04:37:10 INFO DAGScheduler: Final stage: ResultStage 21 (sum at PageRank.scala:503)
24/12/15 04:37:10 INFO DAGScheduler: Parents of final stage: List(ShuffleMapStage 15, ShuffleMapStage 20, ShuffleMapStage 17, ShuffleMapStage 14)
24/12/15 04:37:10 INFO DAGScheduler: Missing parents: List()
24/12/15 04:37:10 INFO DAGScheduler: Submitting ResultStage 21 (MapPartitionsRDD[57] at values at PageRank.scala:503), which has no missing parents
24/12/15 04:37:10 INFO MemoryStore: Block broadcast_12 stored as values in memory (estimated size 11.7 KiB, free 1040.1 MiB)
24/12/15 04:37:10 INFO MemoryStore: Block broadcast_12_piece0 stored as bytes in memory (estimated size 5.6 KiB, free 1040.1 MiB)
24/12/15 04:37:10 INFO BlockManagerInfo: Added broadcast_12_piece0 in memory on google-vm1.northamerica-northeast2-a.c.ece1724-project.internal:32827 (size: 5.6 KiB, free: 1040.4 MiB)
24/12/15 04:37:10 INFO SparkContext: Created broadcast 12 from broadcast at DAGScheduler.scala:1540
24/12/15 04:37:10 INFO DAGScheduler: Submitting 2 missing tasks from ResultStage 21 (MapPartitionsRDD[57] at values at PageRank.scala:503) (first 15 tasks are for partitions Vector(0, 1))
24/12/15 04:37:10 INFO TaskSchedulerImpl: Adding task set 21.0 with 2 tasks resource profile 0
24/12/15 04:37:10 INFO TaskSetManager: Starting task 0.0 in stage 21.0 (TID 22) (google-vm1.northamerica-northeast2-a.c.ece1724-project.internal, executor driver, partition 0, PROCESS_LOCAL, 8983 bytes) 
24/12/15 04:37:10 INFO TaskSetManager: Starting task 1.0 in stage 21.0 (TID 23) (google-vm1.northamerica-northeast2-a.c.ece1724-project.internal, executor driver, partition 1, PROCESS_LOCAL, 8983 bytes) 
24/12/15 04:37:10 INFO Executor: Running task 0.0 in stage 21.0 (TID 22)
24/12/15 04:37:10 INFO Executor: Running task 1.0 in stage 21.0 (TID 23)
24/12/15 04:37:10 INFO BlockManager: Found block rdd_49_0 locally
24/12/15 04:37:10 INFO BlockManager: Found block rdd_49_1 locally
24/12/15 04:37:10 INFO Executor: 1 block locks were not released by task 1.0 in stage 21.0 (TID 23)
[rdd_49_1]
24/12/15 04:37:10 INFO Executor: 1 block locks were not released by task 0.0 in stage 21.0 (TID 22)
[rdd_49_0]
24/12/15 04:37:10 INFO Executor: Finished task 1.0 in stage 21.0 (TID 23). 1018 bytes result sent to driver
24/12/15 04:37:10 INFO Executor: Finished task 0.0 in stage 21.0 (TID 22). 1018 bytes result sent to driver
24/12/15 04:37:10 INFO TaskSetManager: Finished task 1.0 in stage 21.0 (TID 23) in 53 ms on google-vm1.northamerica-northeast2-a.c.ece1724-project.internal (executor driver) (1/2)
24/12/15 04:37:10 INFO TaskSetManager: Finished task 0.0 in stage 21.0 (TID 22) in 56 ms on google-vm1.northamerica-northeast2-a.c.ece1724-project.internal (executor driver) (2/2)
24/12/15 04:37:10 INFO TaskSchedulerImpl: Removed TaskSet 21.0, whose tasks have all completed, from pool 
24/12/15 04:37:10 INFO DAGScheduler: ResultStage 21 (sum at PageRank.scala:503) finished in 0.068 s
24/12/15 04:37:10 INFO DAGScheduler: Job 3 is finished. Cancelling potential speculative or zombie tasks for this job
24/12/15 04:37:10 INFO TaskSchedulerImpl: Killing all running tasks in stage 21: Stage finished
24/12/15 04:37:10 INFO DAGScheduler: Job 3 finished: sum at PageRank.scala:503, took 0.079100 s
24/12/15 04:37:10 INFO SparkContext: Starting job: fold at VertexRDDImpl.scala:90
24/12/15 04:37:10 INFO DAGScheduler: Got job 4 (fold at VertexRDDImpl.scala:90) with 2 output partitions
24/12/15 04:37:10 INFO DAGScheduler: Final stage: ResultStage 29 (fold at VertexRDDImpl.scala:90)
24/12/15 04:37:10 INFO DAGScheduler: Parents of final stage: List(ShuffleMapStage 28, ShuffleMapStage 25, ShuffleMapStage 22, ShuffleMapStage 23)
24/12/15 04:37:10 INFO DAGScheduler: Missing parents: List()
24/12/15 04:37:10 INFO DAGScheduler: Submitting ResultStage 29 (MapPartitionsRDD[58] at map at VertexRDDImpl.scala:90), which has no missing parents
24/12/15 04:37:10 INFO MemoryStore: Block broadcast_13 stored as values in memory (estimated size 11.5 KiB, free 1040.1 MiB)
24/12/15 04:37:10 INFO MemoryStore: Block broadcast_13_piece0 stored as bytes in memory (estimated size 5.4 KiB, free 1040.1 MiB)
24/12/15 04:37:10 INFO BlockManagerInfo: Added broadcast_13_piece0 in memory on google-vm1.northamerica-northeast2-a.c.ece1724-project.internal:32827 (size: 5.4 KiB, free: 1040.4 MiB)
24/12/15 04:37:10 INFO SparkContext: Created broadcast 13 from broadcast at DAGScheduler.scala:1540
24/12/15 04:37:10 INFO DAGScheduler: Submitting 2 missing tasks from ResultStage 29 (MapPartitionsRDD[58] at map at VertexRDDImpl.scala:90) (first 15 tasks are for partitions Vector(0, 1))
24/12/15 04:37:10 INFO TaskSchedulerImpl: Adding task set 29.0 with 2 tasks resource profile 0
24/12/15 04:37:10 INFO TaskSetManager: Starting task 0.0 in stage 29.0 (TID 24) (google-vm1.northamerica-northeast2-a.c.ece1724-project.internal, executor driver, partition 0, PROCESS_LOCAL, 8983 bytes) 
24/12/15 04:37:10 INFO TaskSetManager: Starting task 1.0 in stage 29.0 (TID 25) (google-vm1.northamerica-northeast2-a.c.ece1724-project.internal, executor driver, partition 1, PROCESS_LOCAL, 8983 bytes) 
24/12/15 04:37:10 INFO Executor: Running task 0.0 in stage 29.0 (TID 24)
24/12/15 04:37:10 INFO Executor: Running task 1.0 in stage 29.0 (TID 25)
24/12/15 04:37:10 INFO BlockManager: Found block rdd_49_1 locally
24/12/15 04:37:10 INFO BlockManager: Found block rdd_49_0 locally
24/12/15 04:37:10 INFO Executor: Finished task 1.0 in stage 29.0 (TID 25). 1016 bytes result sent to driver
24/12/15 04:37:10 INFO Executor: Finished task 0.0 in stage 29.0 (TID 24). 1016 bytes result sent to driver
24/12/15 04:37:10 INFO TaskSetManager: Finished task 1.0 in stage 29.0 (TID 25) in 17 ms on google-vm1.northamerica-northeast2-a.c.ece1724-project.internal (executor driver) (1/2)
24/12/15 04:37:10 INFO TaskSetManager: Finished task 0.0 in stage 29.0 (TID 24) in 18 ms on google-vm1.northamerica-northeast2-a.c.ece1724-project.internal (executor driver) (2/2)
24/12/15 04:37:10 INFO TaskSchedulerImpl: Removed TaskSet 29.0, whose tasks have all completed, from pool 
24/12/15 04:37:10 INFO DAGScheduler: ResultStage 29 (fold at VertexRDDImpl.scala:90) finished in 0.039 s
24/12/15 04:37:10 INFO DAGScheduler: Job 4 is finished. Cancelling potential speculative or zombie tasks for this job
24/12/15 04:37:10 INFO TaskSchedulerImpl: Killing all running tasks in stage 29: Stage finished
24/12/15 04:37:10 INFO DAGScheduler: Job 4 finished: fold at VertexRDDImpl.scala:90, took 0.049368 s
Top-ranked vertices:
24/12/15 04:37:10 INFO SparkContext: Starting job: sortBy at graphxBrockPR.scala:54
24/12/15 04:37:10 INFO DAGScheduler: Got job 5 (sortBy at graphxBrockPR.scala:54) with 2 output partitions
24/12/15 04:37:10 INFO DAGScheduler: Final stage: ResultStage 37 (sortBy at graphxBrockPR.scala:54)
24/12/15 04:37:10 INFO DAGScheduler: Parents of final stage: List(ShuffleMapStage 33, ShuffleMapStage 30, ShuffleMapStage 31, ShuffleMapStage 36)
24/12/15 04:37:10 INFO DAGScheduler: Missing parents: List()
24/12/15 04:37:10 INFO DAGScheduler: Submitting ResultStage 37 (MapPartitionsRDD[69] at sortBy at graphxBrockPR.scala:54), which has no missing parents
24/12/15 04:37:10 INFO MemoryStore: Block broadcast_14 stored as values in memory (estimated size 13.2 KiB, free 1040.1 MiB)
24/12/15 04:37:10 INFO MemoryStore: Block broadcast_14_piece0 stored as bytes in memory (estimated size 6.1 KiB, free 1040.1 MiB)
24/12/15 04:37:10 INFO BlockManagerInfo: Added broadcast_14_piece0 in memory on google-vm1.northamerica-northeast2-a.c.ece1724-project.internal:32827 (size: 6.1 KiB, free: 1040.4 MiB)
24/12/15 04:37:10 INFO SparkContext: Created broadcast 14 from broadcast at DAGScheduler.scala:1540
24/12/15 04:37:10 INFO DAGScheduler: Submitting 2 missing tasks from ResultStage 37 (MapPartitionsRDD[69] at sortBy at graphxBrockPR.scala:54) (first 15 tasks are for partitions Vector(0, 1))
24/12/15 04:37:10 INFO TaskSchedulerImpl: Adding task set 37.0 with 2 tasks resource profile 0
24/12/15 04:37:10 INFO TaskSetManager: Starting task 0.0 in stage 37.0 (TID 26) (google-vm1.northamerica-northeast2-a.c.ece1724-project.internal, executor driver, partition 0, PROCESS_LOCAL, 8983 bytes) 
24/12/15 04:37:10 INFO TaskSetManager: Starting task 1.0 in stage 37.0 (TID 27) (google-vm1.northamerica-northeast2-a.c.ece1724-project.internal, executor driver, partition 1, PROCESS_LOCAL, 8983 bytes) 
24/12/15 04:37:10 INFO Executor: Running task 0.0 in stage 37.0 (TID 26)
24/12/15 04:37:10 INFO Executor: Running task 1.0 in stage 37.0 (TID 27)
24/12/15 04:37:10 INFO BlockManager: Found block rdd_49_0 locally
24/12/15 04:37:10 INFO MemoryStore: Block rdd_59_0 stored as values in memory (estimated size 22.1 KiB, free 1040.1 MiB)
24/12/15 04:37:10 INFO BlockManager: Found block rdd_49_1 locally
24/12/15 04:37:10 INFO BlockManagerInfo: Added rdd_59_0 in memory on google-vm1.northamerica-northeast2-a.c.ece1724-project.internal:32827 (size: 22.1 KiB, free: 1040.4 MiB)
24/12/15 04:37:10 INFO MemoryStore: Block rdd_59_1 stored as values in memory (estimated size 22.1 KiB, free 1040.1 MiB)
24/12/15 04:37:10 INFO BlockManagerInfo: Added rdd_59_1 in memory on google-vm1.northamerica-northeast2-a.c.ece1724-project.internal:32827 (size: 22.1 KiB, free: 1040.4 MiB)
24/12/15 04:37:10 INFO Executor: 1 block locks were not released by task 1.0 in stage 37.0 (TID 27)
[rdd_59_1]
24/12/15 04:37:10 INFO Executor: 1 block locks were not released by task 0.0 in stage 37.0 (TID 26)
[rdd_59_0]
24/12/15 04:37:10 INFO Executor: Finished task 1.0 in stage 37.0 (TID 27). 1683 bytes result sent to driver
24/12/15 04:37:10 INFO Executor: Finished task 0.0 in stage 37.0 (TID 26). 1683 bytes result sent to driver
24/12/15 04:37:10 INFO TaskSetManager: Finished task 0.0 in stage 37.0 (TID 26) in 50 ms on google-vm1.northamerica-northeast2-a.c.ece1724-project.internal (executor driver) (1/2)
24/12/15 04:37:10 INFO TaskSetManager: Finished task 1.0 in stage 37.0 (TID 27) in 52 ms on google-vm1.northamerica-northeast2-a.c.ece1724-project.internal (executor driver) (2/2)
24/12/15 04:37:10 INFO TaskSchedulerImpl: Removed TaskSet 37.0, whose tasks have all completed, from pool 
24/12/15 04:37:10 INFO DAGScheduler: ResultStage 37 (sortBy at graphxBrockPR.scala:54) finished in 0.074 s
24/12/15 04:37:10 INFO DAGScheduler: Job 5 is finished. Cancelling potential speculative or zombie tasks for this job
24/12/15 04:37:10 INFO TaskSchedulerImpl: Killing all running tasks in stage 37: Stage finished
24/12/15 04:37:10 INFO DAGScheduler: Job 5 finished: sortBy at graphxBrockPR.scala:54, took 0.091454 s
24/12/15 04:37:10 INFO SparkContext: Starting job: take at graphxBrockPR.scala:54
24/12/15 04:37:10 INFO DAGScheduler: Registering RDD 67 (sortBy at graphxBrockPR.scala:54) as input to shuffle 9
24/12/15 04:37:10 INFO DAGScheduler: Got job 6 (take at graphxBrockPR.scala:54) with 1 output partitions
24/12/15 04:37:10 INFO DAGScheduler: Final stage: ResultStage 46 (take at graphxBrockPR.scala:54)
24/12/15 04:37:10 INFO DAGScheduler: Parents of final stage: List(ShuffleMapStage 45)
24/12/15 04:37:10 INFO DAGScheduler: Missing parents: List(ShuffleMapStage 45)
24/12/15 04:37:10 INFO DAGScheduler: Submitting ShuffleMapStage 45 (MapPartitionsRDD[67] at sortBy at graphxBrockPR.scala:54), which has no missing parents
24/12/15 04:37:10 INFO MemoryStore: Block broadcast_15 stored as values in memory (estimated size 12.2 KiB, free 1040.0 MiB)
24/12/15 04:37:10 INFO MemoryStore: Block broadcast_15_piece0 stored as bytes in memory (estimated size 5.8 KiB, free 1040.0 MiB)
24/12/15 04:37:10 INFO BlockManagerInfo: Added broadcast_15_piece0 in memory on google-vm1.northamerica-northeast2-a.c.ece1724-project.internal:32827 (size: 5.8 KiB, free: 1040.4 MiB)
24/12/15 04:37:10 INFO SparkContext: Created broadcast 15 from broadcast at DAGScheduler.scala:1540
24/12/15 04:37:10 INFO DAGScheduler: Submitting 2 missing tasks from ShuffleMapStage 45 (MapPartitionsRDD[67] at sortBy at graphxBrockPR.scala:54) (first 15 tasks are for partitions Vector(0, 1))
24/12/15 04:37:10 INFO TaskSchedulerImpl: Adding task set 45.0 with 2 tasks resource profile 0
24/12/15 04:37:10 INFO TaskSetManager: Starting task 0.0 in stage 45.0 (TID 28) (google-vm1.northamerica-northeast2-a.c.ece1724-project.internal, executor driver, partition 0, PROCESS_LOCAL, 8972 bytes) 
24/12/15 04:37:10 INFO TaskSetManager: Starting task 1.0 in stage 45.0 (TID 29) (google-vm1.northamerica-northeast2-a.c.ece1724-project.internal, executor driver, partition 1, PROCESS_LOCAL, 8972 bytes) 
24/12/15 04:37:10 INFO Executor: Running task 0.0 in stage 45.0 (TID 28)
24/12/15 04:37:10 INFO Executor: Running task 1.0 in stage 45.0 (TID 29)
24/12/15 04:37:10 INFO BlockManager: Found block rdd_59_1 locally
24/12/15 04:37:10 INFO BlockManager: Found block rdd_59_0 locally
24/12/15 04:37:10 INFO Executor: 1 block locks were not released by task 1.0 in stage 45.0 (TID 29)
[rdd_59_1]
24/12/15 04:37:10 INFO Executor: 1 block locks were not released by task 0.0 in stage 45.0 (TID 28)
[rdd_59_0]
24/12/15 04:37:10 INFO Executor: Finished task 0.0 in stage 45.0 (TID 28). 1225 bytes result sent to driver
24/12/15 04:37:10 INFO Executor: Finished task 1.0 in stage 45.0 (TID 29). 1225 bytes result sent to driver
24/12/15 04:37:10 INFO TaskSetManager: Finished task 0.0 in stage 45.0 (TID 28) in 37 ms on google-vm1.northamerica-northeast2-a.c.ece1724-project.internal (executor driver) (1/2)
24/12/15 04:37:10 INFO TaskSetManager: Finished task 1.0 in stage 45.0 (TID 29) in 37 ms on google-vm1.northamerica-northeast2-a.c.ece1724-project.internal (executor driver) (2/2)
24/12/15 04:37:10 INFO TaskSchedulerImpl: Removed TaskSet 45.0, whose tasks have all completed, from pool 
24/12/15 04:37:10 INFO DAGScheduler: ShuffleMapStage 45 (sortBy at graphxBrockPR.scala:54) finished in 0.058 s
24/12/15 04:37:10 INFO DAGScheduler: looking for newly runnable stages
24/12/15 04:37:10 INFO DAGScheduler: running: Set()
24/12/15 04:37:10 INFO DAGScheduler: waiting: Set(ResultStage 46)
24/12/15 04:37:10 INFO DAGScheduler: failed: Set()
24/12/15 04:37:10 INFO DAGScheduler: Submitting ResultStage 46 (MapPartitionsRDD[71] at sortBy at graphxBrockPR.scala:54), which has no missing parents
24/12/15 04:37:10 INFO MemoryStore: Block broadcast_16 stored as values in memory (estimated size 5.6 KiB, free 1040.0 MiB)
24/12/15 04:37:10 INFO MemoryStore: Block broadcast_16_piece0 stored as bytes in memory (estimated size 3.2 KiB, free 1040.0 MiB)
24/12/15 04:37:10 INFO BlockManagerInfo: Added broadcast_16_piece0 in memory on google-vm1.northamerica-northeast2-a.c.ece1724-project.internal:32827 (size: 3.2 KiB, free: 1040.4 MiB)
24/12/15 04:37:10 INFO SparkContext: Created broadcast 16 from broadcast at DAGScheduler.scala:1540
24/12/15 04:37:10 INFO DAGScheduler: Submitting 1 missing tasks from ResultStage 46 (MapPartitionsRDD[71] at sortBy at graphxBrockPR.scala:54) (first 15 tasks are for partitions Vector(0))
24/12/15 04:37:10 INFO TaskSchedulerImpl: Adding task set 46.0 with 1 tasks resource profile 0
24/12/15 04:37:10 INFO TaskSetManager: Starting task 0.0 in stage 46.0 (TID 30) (google-vm1.northamerica-northeast2-a.c.ece1724-project.internal, executor driver, partition 0, NODE_LOCAL, 8565 bytes) 
24/12/15 04:37:10 INFO Executor: Running task 0.0 in stage 46.0 (TID 30)
24/12/15 04:37:10 INFO ShuffleBlockFetcherIterator: Getting 2 (9.0 KiB) non-empty blocks including 2 (9.0 KiB) local and 0 (0.0 B) host-local and 0 (0.0 B) push-merged-local and 0 (0.0 B) remote blocks
24/12/15 04:37:10 INFO ShuffleBlockFetcherIterator: Started 0 remote fetches in 1 ms
24/12/15 04:37:10 INFO Executor: Finished task 0.0 in stage 46.0 (TID 30). 2253 bytes result sent to driver
24/12/15 04:37:10 INFO TaskSetManager: Finished task 0.0 in stage 46.0 (TID 30) in 48 ms on google-vm1.northamerica-northeast2-a.c.ece1724-project.internal (executor driver) (1/1)
24/12/15 04:37:10 INFO TaskSchedulerImpl: Removed TaskSet 46.0, whose tasks have all completed, from pool 
24/12/15 04:37:10 INFO DAGScheduler: ResultStage 46 (take at graphxBrockPR.scala:54) finished in 0.064 s
24/12/15 04:37:10 INFO DAGScheduler: Job 6 is finished. Cancelling potential speculative or zombie tasks for this job
24/12/15 04:37:10 INFO TaskSchedulerImpl: Killing all running tasks in stage 46: Stage finished
24/12/15 04:37:10 INFO DAGScheduler: Job 6 finished: take at graphxBrockPR.scala:54, took 0.134109 s
Vertex 1 has rank 6.711110093103153
Vertex 5 has rank 5.313133201704457
Vertex 3 has rank 5.051262039369991
Vertex 2 has rank 4.891764746853207
Vertex 6 has rank 4.295187250868993
Vertex 4 has rank 4.179694485935911
Vertex 10 has rank 4.157342574183988
Vertex 8 has rank 4.085206277213322
Vertex 7 has rank 4.006009003501902
Vertex 11 has rank 3.96144652749516
24/12/15 04:37:10 INFO SparkContext: SparkContext is stopping with exitCode 0.
24/12/15 04:37:10 INFO SparkUI: Stopped Spark web UI at http://google-vm1.northamerica-northeast2-a.c.ece1724-project.internal:4040
24/12/15 04:37:10 INFO MapOutputTrackerMasterEndpoint: MapOutputTrackerMasterEndpoint stopped!
24/12/15 04:37:10 INFO MemoryStore: MemoryStore cleared
24/12/15 04:37:10 INFO BlockManager: BlockManager stopped
24/12/15 04:37:10 INFO BlockManagerMaster: BlockManagerMaster stopped
24/12/15 04:37:10 INFO OutputCommitCoordinator$OutputCommitCoordinatorEndpoint: OutputCommitCoordinator stopped!
24/12/15 04:37:10 INFO SparkContext: Successfully stopped SparkContext
24/12/15 04:37:10 INFO ShutdownHookManager: Shutdown hook called
24/12/15 04:37:10 INFO ShutdownHookManager: Deleting directory /tmp/spark-5de37127-2a4b-465a-919f-3f6c51bdcb6c
24/12/15 04:37:10 INFO ShutdownHookManager: Deleting directory /tmp/spark-84fc9650-d056-45c9-abaf-5b9c4c88ac80
Execution Time: 12 seconds
Throughput: 15069025.94 bytes/second
